Line 107: Class JeweledBut.JeweledButton of control BtnSave was not a loaded control class.
Line 132: Class JeweledBut.JeweledButton of control BtnClear was not a loaded control class.
Line 157: Class JeweledBut.JeweledButton of control BtnClose was not a loaded control class.
Line 182: Class SSDataWidgets_B_OLEDB.SSOleDBGrid of control Grid was not a loaded control class.
Line 113: The property name _ExtentX in BtnSave is invalid.
Line 114: The property name _ExtentY in BtnSave is invalid.
Line 115: The property name TX in BtnSave is invalid.
Line 116: The property name ENAB in BtnSave is invalid.
Line 126: The property name FOCUSR in BtnSave is invalid.
Line 127: The property name MPTR in BtnSave is invalid.
Line 128: The property name MICON in BtnSave is invalid.
Line 129: The property name BC in BtnSave is invalid.
Line 130: The property name FC in BtnSave is invalid.
Line 138: The property name _ExtentX in BtnClear is invalid.
Line 139: The property name _ExtentY in BtnClear is invalid.
Line 140: The property name TX in BtnClear is invalid.
Line 141: The property name ENAB in BtnClear is invalid.
Line 151: The property name FOCUSR in BtnClear is invalid.
Line 152: The property name MPTR in BtnClear is invalid.
Line 153: The property name MICON in BtnClear is invalid.
Line 154: The property name BC in BtnClear is invalid.
Line 155: The property name FC in BtnClear is invalid.
Line 163: The property name _ExtentX in BtnClose is invalid.
Line 164: The property name _ExtentY in BtnClose is invalid.
Line 165: The property name TX in BtnClose is invalid.
Line 166: The property name ENAB in BtnClose is invalid.
Line 176: The property name FOCUSR in BtnClose is invalid.
Line 177: The property name MPTR in BtnClose is invalid.
Line 178: The property name MICON in BtnClose is invalid.
Line 179: The property name BC in BtnClose is invalid.
Line 180: The property name FC in BtnClose is invalid.
Line 188: The property name ScrollBars in Grid is invalid.
Line 189: The property name _Version in Grid is invalid.
Line 190: The property name DataMode in Grid is invalid.
Line 191: The property name Col.Count in Grid is invalid.
Line 192: The property name stylesets.count in Grid is invalid.
Line 193: The property name stylesets(0).Name in Grid is invalid.
Line 194: The property name stylesets(0).BackColor in Grid is invalid.
Line 195: The property name stylesets(0).HasFont in Grid is invalid.
Line 204: The property name stylesets(0).Font in Grid is invalid.
Line 205: The property name stylesets(0).Picture in Grid is invalid.
Line 206: The property name stylesets(1).Name in Grid is invalid.
Line 207: The property name stylesets(1).ForeColor in Grid is invalid.
Line 208: The property name stylesets(1).BackColor in Grid is invalid.
Line 209: The property name stylesets(1).HasFont in Grid is invalid.
Line 218: The property name stylesets(1).Font in Grid is invalid.
Line 219: The property name stylesets(1).Picture in Grid is invalid.
Line 220: The property name MultiLine in Grid is invalid.
Line 221: The property name ActiveCellStyleSet in Grid is invalid.
Line 222: The property name AllowRowSizing in Grid is invalid.
Line 223: The property name AllowGroupSizing in Grid is invalid.
Line 224: The property name AllowColumnSizing in Grid is invalid.
Line 225: The property name AllowGroupMoving in Grid is invalid.
Line 226: The property name AllowColumnMoving in Grid is invalid.
Line 227: The property name AllowGroupSwapping in Grid is invalid.
Line 228: The property name AllowColumnSwapping in Grid is invalid.
Line 229: The property name AllowGroupShrinking in Grid is invalid.
Line 230: The property name AllowColumnShrinking in Grid is invalid.
Line 231: The property name AllowDragDrop in Grid is invalid.
Line 232: The property name SelectTypeCol in Grid is invalid.
Line 233: The property name SelectTypeRow in Grid is invalid.
Line 234: The property name ForeColorEven in Grid is invalid.
Line 235: The property name BackColorOdd in Grid is invalid.
Line 236: The property name RowHeight in Grid is invalid.
Line 237: The property name ExtraHeight in Grid is invalid.
Line 238: The property name Columns.Count in Grid is invalid.
Line 239: The property name Columns(0).Width in Grid is invalid.
Line 240: The property name Columns(0).Caption in Grid is invalid.
Line 241: The property name Columns(0).Name in Grid is invalid.
Line 242: The property name Columns(0).CaptionAlignment in Grid is invalid.
Line 243: The property name Columns(0).DataField in Grid is invalid.
Line 244: The property name Columns(0).DataType in Grid is invalid.
Line 245: The property name Columns(0).FieldLen in Grid is invalid.
Line 246: The property name Columns(0).Locked in Grid is invalid.
Line 247: The property name Columns(1).Width in Grid is invalid.
Line 248: The property name Columns(1).Caption in Grid is invalid.
Line 249: The property name Columns(1).Name in Grid is invalid.
Line 250: The property name Columns(1).CaptionAlignment in Grid is invalid.
Line 251: The property name Columns(1).DataField in Grid is invalid.
Line 252: The property name Columns(1).DataType in Grid is invalid.
Line 253: The property name Columns(1).FieldLen in Grid is invalid.
Line 254: The property name Columns(1).Locked in Grid is invalid.
Line 255: The property name Columns(2).Width in Grid is invalid.
Line 256: The property name Columns(2).Caption in Grid is invalid.
Line 257: The property name Columns(2).Name in Grid is invalid.
Line 258: The property name Columns(2).CaptionAlignment in Grid is invalid.
Line 259: The property name Columns(2).DataField in Grid is invalid.
Line 260: The property name Columns(2).DataType in Grid is invalid.
Line 261: The property name Columns(2).FieldLen in Grid is invalid.
Line 262: The property name Columns(2).Locked in Grid is invalid.
Line 263: The property name Columns(2).Style in Grid is invalid.
Line 264: The property name Columns(2).Row.Count in Grid is invalid.
Line 265: The property name Columns(2).Col.Count in Grid is invalid.
Line 266: The property name Columns(2).Row(0).Col(0) in Grid is invalid.
Line 267: The property name Columns(2).Row(1).Col(0) in Grid is invalid.
Line 268: The property name Columns(2).Row(2).Col(0) in Grid is invalid.
Line 269: The property name Columns(3).Width in Grid is invalid.
Line 270: The property name Columns(3).Visible in Grid is invalid.
Line 271: The property name Columns(3).Caption in Grid is invalid.
Line 272: The property name Columns(3).Name in Grid is invalid.
Line 273: The property name Columns(3).DataField in Grid is invalid.
Line 274: The property name Columns(3).DataType in Grid is invalid.
Line 275: The property name Columns(3).FieldLen in Grid is invalid.
Line 276: The property name Columns(4).Width in Grid is invalid.
Line 277: The property name Columns(4).Visible in Grid is invalid.
Line 278: The property name Columns(4).Caption in Grid is invalid.
Line 279: The property name Columns(4).Name in Grid is invalid.
Line 280: The property name Columns(4).DataField in Grid is invalid.
Line 281: The property name Columns(4).DataType in Grid is invalid.
Line 282: The property name Columns(4).FieldLen in Grid is invalid.
Line 283: The property name Columns(5).Width in Grid is invalid.
Line 284: The property name Columns(5).Visible in Grid is invalid.
Line 285: The property name Columns(5).Caption in Grid is invalid.
Line 286: The property name Columns(5).Name in Grid is invalid.
Line 287: The property name Columns(5).DataField in Grid is invalid.
Line 288: The property name Columns(5).DataType in Grid is invalid.
Line 289: The property name Columns(5).FieldLen in Grid is invalid.
Line 290: The property name _ExtentX in Grid is invalid.
Line 291: The property name _ExtentY in Grid is invalid.
Line 292: The property name _StockProps in Grid is invalid.
Line 302: The property name PageFooterFont in Grid is invalid.
Line 311: The property name PageHeaderFont in Grid is invalid.
