Line 82: Class JeweledBut.JeweledButton of control BtnDelete was not a loaded control class.
Line 108: Class JeweledBut.JeweledButton of control BtnSave was not a loaded control class.
Line 133: Class JeweledBut.JeweledButton of control BtnOpen was not a loaded control class.
Line 159: Class JeweledBut.JeweledButton of control BtnClose was not a loaded control class.
Line 185: Class JeweledBut.JeweledButton of control BtnClear was not a loaded control class.
Line 211: Class JeweledBut.JeweledButton of control BtnCustomProduct was not a loaded control class.
Line 237: Class SITextBox.Txt of control TxtCustomProductName was not a loaded control class.
Line 258: Class SITextBox.Txt of control TxtCustomProductCode was not a loaded control class.
Line 560: Class SITextBox.Txt of control TxtOrderID was not a loaded control class.
Line 583: Class SITextBox.Txt of control TxtTotAmount was not a loaded control class.
Line 636: Class SITextBox.Txt of control TxtDescription was not a loaded control class.
Line 656: Class SITextBox.Txt of control TxtQty was not a loaded control class.
Line 681: Class SITextBox.Txt of control TxtPrice was not a loaded control class.
Line 705: Class SITextBox.Txt of control TxtAmount was not a loaded control class.
Line 726: Class SITextBox.Txt of control TxtAdvance was not a loaded control class.
Line 748: Class SITextBox.Txt of control TxtBalance was not a loaded control class.
Line 771: Class JeweledBut.JeweledButton of control BtnPrint was not a loaded control class.
Line 797: Class SITextBox.Txt of control TxtVenderID was not a loaded control class.
Line 818: Class SITextBox.Txt of control TxtVenderName was not a loaded control class.
Line 840: Class JeweledBut.JeweledButton of control BtnVender was not a loaded control class.
Line 866: Class SITextBox.Txt of control TxtOrganizationID was not a loaded control class.
Line 889: Class SITextBox.Txt of control TxtOrganizationName was not a loaded control class.
Line 912: Class JeweledBut.JeweledButton of control BtnOrganization was not a loaded control class.
