Line 136: Class SITextBox.Txt of control TxtReturnID was not a loaded control class.
Line 160: Class JeweledBut.JeweledButton of control BtnDelete was not a loaded control class.
Line 186: Class JeweledBut.JeweledButton of control BtnSave was not a loaded control class.
Line 212: Class JeweledBut.JeweledButton of control BtnOpen was not a loaded control class.
Line 238: Class JeweledBut.JeweledButton of control BtnClose was not a loaded control class.
Line 264: Class JeweledBut.JeweledButton of control BtnClear was not a loaded control class.
Line 290: Class SITextBox.Txt of control TxtRBillDisc was not a loaded control class.
Line 314: Class JeweledBut.JeweledButton of control BtnPrint was not a loaded control class.
Line 340: Class SITextBox.Txt of control TxtActualAmount was not a loaded control class.
Line 362: Class SITextBox.Txt of control TxtStoreID was not a loaded control class.
Line 386: Class SITextBox.Txt of control TxtStoreName was not a loaded control class.
Line 409: Class JeweledBut.JeweledButton of control BtnStore was not a loaded control class.
Line 466: Class SITextBox.Txt of control TxtPID was not a loaded control class.
Line 490: Class SITextBox.Txt of control TxtCost was not a loaded control class.
Line 515: Class SITextBox.Txt of control TxtRBillID was not a loaded control class.
Line 567: Class SITextBox.Txt of control TxtRBillDiscPer was not a loaded control class.
Line 592: Class JeweledBut.JeweledButton of control BtnReturnAll was not a loaded control class.
Line 618: Class JeweledBut.JeweledButton of control BtnSale was not a loaded control class.
Line 645: Class SITextBox.Txt of control TxtRNetAmount was not a loaded control class.
Line 666: Class SITextBox.Txt of control TxtReplaceID was not a loaded control class.
Line 719: Class SITextBox.Txt of control TxtTotReturnQty was not a loaded control class.
Line 745: Class SITextBox.Txt of control TxtBillID was not a loaded control class.
Line 799: Class SITextBox.Txt of control TxtSBillDisc was not a loaded control class.
Line 823: Class SITextBox.Txt of control TxtSBillDiscPer was not a loaded control class.
Line 848: Class SITextBox.Txt of control TxtSNetAmount was not a loaded control class.
Line 869: Class SITextBox.Txt of control TxtTotSaleQty was not a loaded control class.
Line 895: Class SITextBox.Txt of control TxtMemberName was not a loaded control class.
Line 917: Class JeweledBut.JeweledButton of control BtnMember was not a loaded control class.
Line 944: Class SITextBox.Txt of control TxtEmployeeID was not a loaded control class.
Line 964: Class SITextBox.Txt of control TxtEmployeeName was not a loaded control class.
Line 986: Class JeweledBut.JeweledButton of control BtnEmployee was not a loaded control class.
Line 1012: Class SITextBox.Txt of control TxtCommission was not a loaded control class.
Line 1037: Class SITextBox.Txt of control TxtManualBillNo was not a loaded control class.
Line 1061: Class SITextBox.Txt of control TxtOrganizationID was not a loaded control class.
Line 1084: Class SITextBox.Txt of control TxtOrganizationName was not a loaded control class.
Line 1107: Class JeweledBut.JeweledButton of control BtnOrganization was not a loaded control class.
Line 1134: Class SITextBox.Txt of control TxtSEmpComm was not a loaded control class.
Line 1159: Class SITextBox.Txt of control TxtRCode was not a loaded control class.
Line 1181: Class SITextBox.Txt of control TxtRQty was not a loaded control class.
Line 1206: Class SITextBox.Txt of control TxtRPrice was not a loaded control class.
Line 1231: Class SITextBox.Txt of control TxtRAmount was not a loaded control class.
Line 1252: Class JeweledBut.JeweledButton of control BtnRProduct was not a loaded control class.
Line 1497: Class SITextBox.Txt of control TxtRDiscVal was not a loaded control class.
Line 1521: Class SITextBox.Txt of control TxtRDiscPC was not a loaded control class.
Line 1545: Class SITextBox.Txt of control TxtRDiscPer was not a loaded control class.
Line 1569: Class SITextBox.Txt of control TxtRSC was not a loaded control class.
Line 1593: Class SITextBox.Txt of control TxtSCode was not a loaded control class.
Line 1615: Class SITextBox.Txt of control TxtSQty was not a loaded control class.
Line 1640: Class SITextBox.Txt of control TxtSPrice was not a loaded control class.
Line 1665: Class SITextBox.Txt of control TxtSAmount was not a loaded control class.
Line 1686: Class JeweledBut.JeweledButton of control BtnSProduct was not a loaded control class.
Line 1713: Class SITextBox.Txt of control TxtSProductName was not a loaded control class.
Line 1967: Class SITextBox.Txt of control TxtSDiscVal was not a loaded control class.
Line 1991: Class SITextBox.Txt of control TxtSDiscPC was not a loaded control class.
Line 2015: Class SITextBox.Txt of control TxtSDiscPer was not a loaded control class.
Line 2039: Class SITextBox.Txt of control TxtSSC was not a loaded control class.
Line 2063: Class SITextBox.Txt of control TxtRServiceCharges was not a loaded control class.
Line 2087: Class SITextBox.Txt of control TxtSServiceCharges was not a loaded control class.
Line 2111: Class SITextBox.Txt of control TxtRProductName was not a loaded control class.
Line 2132: Class SITextBox.Txt of control TxtMemberID was not a loaded control class.
Line 2153: Class SITextBox.Txt of control TxtMemberBarCode was not a loaded control class.
Line 2175: Class SITextBox.Txt of control TxtRSID was not a loaded control class.
Line 2199: Class SITextBox.Txt of control TxtSSID was not a loaded control class.
Line 2223: Class SITextBox.Txt of control TxtSID was not a loaded control class.
