Line 84: Class SITextBox.Txt of control TxtRecoveryID was not a loaded control class.
Line 107: Class JeweledBut.JeweledButton of control BtnDelete was not a loaded control class.
Line 133: Class JeweledBut.JeweledButton of control BtnSave was not a loaded control class.
Line 158: Class JeweledBut.JeweledButton of control BtnOpen was not a loaded control class.
Line 184: Class JeweledBut.JeweledButton of control BtnClose was not a loaded control class.
Line 210: Class JeweledBut.JeweledButton of control BtnClear was not a loaded control class.
Line 236: Class SITextBox.Txt of control TxtBillID was not a loaded control class.
Line 259: Class JeweledBut.JeweledButton of control BtnSale was not a loaded control class.
Line 285: Class SITextBox.Txt of control TxtCustomerName was not a loaded control class.
Line 467: Class SITextBox.Txt of control TxtAmount was not a loaded control class.
Line 492: Class SITextBox.Txt of control TxtDiscount was not a loaded control class.
Line 515: Class SITextBox.Txt of control TxtFinalDebit was not a loaded control class.
Line 536: Class JeweledBut.JeweledButton of control BtnPrint was not a loaded control class.
Line 592: Class SITextBox.Txt of control TxtSaleValue was not a loaded control class.
Line 617: Class SITextBox.Txt of control TxtReceived was not a loaded control class.
Line 642: Class JeweledBut.JeweledButton of control BtnEmployee was not a loaded control class.
Line 667: Class SITextBox.Txt of control TxtEmployeeName was not a loaded control class.
Line 687: Class SITextBox.Txt of control TxtEmployeeID was not a loaded control class.
Line 708: Class SITextBox.Txt of control TxtOrganizationID was not a loaded control class.
Line 731: Class SITextBox.Txt of control TxtOrganizationName was not a loaded control class.
Line 754: Class JeweledBut.JeweledButton of control BtnOrganization was not a loaded control class.
