Line 144: Class JeweledBut.JeweledButton of control BtnEmployee was not a loaded control class.
Line 169: Class SITextBox.Txt of control TxtRecoveryID was not a loaded control class.
Line 192: Class JeweledBut.JeweledButton of control BtnDelete was not a loaded control class.
Line 218: Class JeweledBut.JeweledButton of control BtnSave was not a loaded control class.
Line 243: Class JeweledBut.JeweledButton of control BtnOpen was not a loaded control class.
Line 269: Class JeweledBut.JeweledButton of control BtnClose was not a loaded control class.
Line 295: Class JeweledBut.JeweledButton of control BtnClear was not a loaded control class.
Line 321: Class SITextBox.Txt of control TxtCustomerID was not a loaded control class.
Line 343: Class JeweledBut.JeweledButton of control BtnCustomer was not a loaded control class.
Line 369: Class SITextBox.Txt of control TxtCustomerName was not a loaded control class.
Line 561: Class SITextBox.Txt of control TxtPreviousReceivable was not a loaded control class.
Line 583: Class SITextBox.Txt of control TxtAmount was not a loaded control class.
Line 608: Class SITextBox.Txt of control TxtDiscount was not a loaded control class.
Line 631: Class SITextBox.Txt of control TxtFinalCredit was not a loaded control class.
Line 652: Class SITextBox.Txt of control TxtEmployeeName was not a loaded control class.
Line 672: Class SITextBox.Txt of control TxtEmployeeID was not a loaded control class.
Line 694: Class JeweledBut.JeweledButton of control BtnPrint was not a loaded control class.
Line 720: Class SITextBox.Txt of control TxtDescription was not a loaded control class.
Line 740: Class SITextBox.Txt of control TxtOrganizationID was not a loaded control class.
Line 763: Class SITextBox.Txt of control TxtOrganizationName was not a loaded control class.
Line 786: Class JeweledBut.JeweledButton of control BtnOrganization was not a loaded control class.
Line 813: Class SITextBox.Txt of control TxtBankMachineID was not a loaded control class.
Line 835: Class SITextBox.Txt of control TxtBankMachineName was not a loaded control class.
Line 857: Class JeweledBut.JeweledButton of control BtnBankMachine was not a loaded control class.
Line 884: Class SITextBox.Txt of control TxtManualNo was not a loaded control class.
