Line 511: Class SITextBox.Txt of control TxtTotalExpense was not a loaded control class.
Line 581: Class SITextBox.Txt of control TxtSerial was not a loaded control class.
Line 750: Class SITextBox.Txt of control TxtReturnID was not a loaded control class.
Line 773: Class JeweledBut.JeweledButton of control BtnDelete was not a loaded control class.
Line 799: Class JeweledBut.JeweledButton of control BtnSave was not a loaded control class.
Line 824: Class JeweledBut.JeweledButton of control BtnOpen was not a loaded control class.
Line 850: Class JeweledBut.JeweledButton of control BtnClose was not a loaded control class.
Line 876: Class JeweledBut.JeweledButton of control BtnClear was not a loaded control class.
Line 902: Class SITextBox.Txt of control TxtTotalAmount was not a loaded control class.
Line 925: Class SITextBox.Txt of control TxtNetAmount was not a loaded control class.
Line 948: Class JeweledBut.JeweledButton of control BtnProduct was not a loaded control class.
Line 1004: Class SITextBox.Txt of control TxtStoreID was not a loaded control class.
Line 1028: Class SITextBox.Txt of control TxtStoreName was not a loaded control class.
Line 1051: Class JeweledBut.JeweledButton of control BtnStore was not a loaded control class.
Line 1078: Class JeweledBut.JeweledButton of control BtnPrint was not a loaded control class.
Line 1104: Class SITextBox.Txt of control TxtBillDisc was not a loaded control class.
Line 1128: Class SITextBox.Txt of control TxtProductID was not a loaded control class.
Line 1152: Class SITextBox.Txt of control TxtTotalItems was not a loaded control class.
Line 1175: Class SITextBox.Txt of control TxtOtherCharges was not a loaded control class.
Line 1199: Class SITextBox.Txt of control TxtProductName was not a loaded control class.
Line 1220: Class SITextBox.Txt of control TxtMultiplier was not a loaded control class.
Line 1242: Class SITextBox.Txt of control TxtQtyLoose was not a loaded control class.
Line 1267: Class SITextBox.Txt of control TxtQtyPack was not a loaded control class.
Line 1292: Class SITextBox.Txt of control TxtDiscVal was not a loaded control class.
Line 1315: Class SITextBox.Txt of control TxtPrice was not a loaded control class.
Line 1339: Class SITextBox.Txt of control TxtDiscPer was not a loaded control class.
Line 1363: Class SITextBox.Txt of control TxtDiscPC was not a loaded control class.
Line 1387: Class SITextBox.Txt of control TxtBonus was not a loaded control class.
Line 1411: Class SITextBox.Txt of control TxtOffer was not a loaded control class.
Line 1435: Class SITextBox.Txt of control TxtSaleTaxVal was not a loaded control class.
Line 1460: Class SITextBox.Txt of control TxtSaleTaxPer was not a loaded control class.
Line 1484: Class SITextBox.Txt of control TxtAmount was not a loaded control class.
Line 1508: Class SITextBox.Txt of control TxtOrganizationID was not a loaded control class.
Line 1531: Class SITextBox.Txt of control TxtOrganizationName was not a loaded control class.
Line 1554: Class JeweledBut.JeweledButton of control BtnOrganization was not a loaded control class.
Line 1581: Class SITextBox.Txt of control TxtMemberID was not a loaded control class.
Line 1603: Class SITextBox.Txt of control TxtMemberName was not a loaded control class.
Line 1625: Class JeweledBut.JeweledButton of control BtnMember was not a loaded control class.
Line 1652: Class SITextBox.Txt of control TxtCost was not a loaded control class.
Line 1677: Class SITextBox.Txt of control TxtCommission was not a loaded control class.
Line 1702: Class SITextBox.Txt of control TxtCode was not a loaded control class.
Line 1724: Class SITextBox.Txt of control TxtRemarks was not a loaded control class.
Line 1746: Class SITextBox.Txt of control TxtManualBillNo was not a loaded control class.
Line 1870: Class SITextBox.Txt of control TxtCustomerID was not a loaded control class.
Line 1891: Class SITextBox.Txt of control TxtCustomerName was not a loaded control class.
Line 1913: Class SITextBox.Txt of control TxtAddress was not a loaded control class.
Line 1935: Class SITextBox.Txt of control TxtCity was not a loaded control class.
Line 1957: Class JeweledBut.JeweledButton of control BtnCustomer was not a loaded control class.
Line 1983: Class SITextBox.Txt of control TxtBillID was not a loaded control class.
Line 2035: Class JeweledBut.JeweledButton of control BtnReturnAll was not a loaded control class.
Line 2061: Class JeweledBut.JeweledButton of control BtnSale was not a loaded control class.
Line 2088: Class SITextBox.Txt of control TxtPaidAmount was not a loaded control class.
Line 2112: Class SITextBox.Txt of control TxtPreviousReceivable was not a loaded control class.
Line 2135: Class SITextBox.Txt of control TxtTotalReceivable was not a loaded control class.
Line 2158: Class SITextBox.Txt of control TxtBillNo was not a loaded control class.
Line 2178: Class SITextBox.Txt of control TxtBiltyNo was not a loaded control class.
Line 2198: Class SITextBox.Txt of control TxtDescription was not a loaded control class.
Line 2219: Class SITextBox.Txt of control TxtEmployeeID was not a loaded control class.
Line 2239: Class SITextBox.Txt of control TxtEmployeeName was not a loaded control class.
Line 2261: Class JeweledBut.JeweledButton of control BtnEmployee was not a loaded control class.
Line 2287: Class SITextBox.Txt of control TxtVehicleNo was not a loaded control class.
Line 2307: Class SITextBox.Txt of control TxtRetailPrice was not a loaded control class.
Line 2589: Class SITextBox.Txt of control TxtTokenVal was not a loaded control class.
Line 2614: Class SITextBox.Txt of control TxtBatchNo was not a loaded control class.
Line 2635: Class SITextBox.Txt of control TxtExpiryDate was not a loaded control class.
Line 2657: Class JeweledBut.JeweledButton of control BtnProductRange was not a loaded control class.
Line 2684: Class SITextBox.Txt of control TxtSID was not a loaded control class.
Line 2708: Class SITextBox.Txt of control TxtBillDiscPer was not a loaded control class.
Line 2732: Class SITextBox.Txt of control TxtServiceCharges was not a loaded control class.
Line 2757: Class SITextBox.Txt of control TxtServiceChargesPer was not a loaded control class.
