Line 90: Class SITextBox.Txt of control TxtSerial was not a loaded control class.
Line 351: Class SITextBox.Txt of control TxtTotalExpense was not a loaded control class.
Line 624: Class SITextBox.Txt of control TxtorderID was not a loaded control class.
Line 647: Class JeweledBut.JeweledButton of control BtnDelete was not a loaded control class.
Line 673: Class JeweledBut.JeweledButton of control BtnSave was not a loaded control class.
Line 698: Class JeweledBut.JeweledButton of control BtnOpen was not a loaded control class.
Line 724: Class JeweledBut.JeweledButton of control BtnClose was not a loaded control class.
Line 750: Class JeweledBut.JeweledButton of control BtnClear was not a loaded control class.
Line 776: Class SITextBox.Txt of control TxtTotalAmount was not a loaded control class.
Line 799: Class SITextBox.Txt of control TxtBillDiscPer was not a loaded control class.
Line 823: Class SITextBox.Txt of control TxtNetAmount was not a loaded control class.
Line 846: Class JeweledBut.JeweledButton of control BtnProduct was not a loaded control class.
Line 902: Class SITextBox.Txt of control TxtStoreID was not a loaded control class.
Line 926: Class SITextBox.Txt of control TxtStoreName was not a loaded control class.
Line 949: Class JeweledBut.JeweledButton of control BtnStore was not a loaded control class.
Line 976: Class JeweledBut.JeweledButton of control BtnPrint was not a loaded control class.
Line 1002: Class SITextBox.Txt of control TxtBillDisc was not a loaded control class.
Line 1026: Class SITextBox.Txt of control TxtProductID was not a loaded control class.
Line 1050: Class SITextBox.Txt of control TxtTotalItems was not a loaded control class.
Line 1073: Class SITextBox.Txt of control TxtOtherCharges was not a loaded control class.
Line 1097: Class SITextBox.Txt of control TxtProductName was not a loaded control class.
Line 1118: Class SITextBox.Txt of control TxtMultiplier was not a loaded control class.
Line 1140: Class SITextBox.Txt of control TxtQtyLoose was not a loaded control class.
Line 1165: Class SITextBox.Txt of control TxtQtyPack was not a loaded control class.
Line 1190: Class SITextBox.Txt of control TxtDiscVal was not a loaded control class.
Line 1213: Class SITextBox.Txt of control TxtPrice was not a loaded control class.
Line 1237: Class SITextBox.Txt of control TxtDiscPer was not a loaded control class.
Line 1261: Class SITextBox.Txt of control TxtDiscPC was not a loaded control class.
Line 1285: Class SITextBox.Txt of control TxtBonus was not a loaded control class.
Line 1309: Class SITextBox.Txt of control TxtOffer was not a loaded control class.
Line 1333: Class SITextBox.Txt of control TxtSaleTaxVal was not a loaded control class.
Line 1358: Class SITextBox.Txt of control TxtSaleTaxPer was not a loaded control class.
Line 1382: Class SITextBox.Txt of control TxtAmount was not a loaded control class.
Line 1407: Class SITextBox.Txt of control TxtOrganizationID was not a loaded control class.
Line 1430: Class SITextBox.Txt of control TxtOrganizationName was not a loaded control class.
Line 1453: Class JeweledBut.JeweledButton of control BtnOrganization was not a loaded control class.
Line 1480: Class SITextBox.Txt of control TxtMemberID was not a loaded control class.
Line 1502: Class SITextBox.Txt of control TxtMemberName was not a loaded control class.
Line 1524: Class JeweledBut.JeweledButton of control BtnMember was not a loaded control class.
Line 1551: Class SITextBox.Txt of control TxtCost was not a loaded control class.
Line 1576: Class SITextBox.Txt of control TxtCommission was not a loaded control class.
Line 1601: Class SITextBox.Txt of control TxtRemarks was not a loaded control class.
Line 1623: Class SITextBox.Txt of control TxtManualBillNo was not a loaded control class.
Line 1747: Class SITextBox.Txt of control TxtCustomerID was not a loaded control class.
Line 1768: Class SITextBox.Txt of control TxtAddress was not a loaded control class.
Line 1790: Class SITextBox.Txt of control TxtReceivedAmount was not a loaded control class.
Line 1815: Class SITextBox.Txt of control TxtPreviousReceivable was not a loaded control class.
Line 1839: Class SITextBox.Txt of control TxtTotalReceivable was not a loaded control class.
Line 1863: Class SITextBox.Txt of control TxtRetailPrice was not a loaded control class.
Line 1888: Class SITextBox.Txt of control TxtCity was not a loaded control class.
Line 1910: Class SITextBox.Txt of control TxtTokenVal was not a loaded control class.
Line 1935: Class SITextBox.Txt of control TxtCustomerName was not a loaded control class.
Line 1957: Class JeweledBut.JeweledButton of control BtnCustomer was not a loaded control class.
Line 1983: Class SITextBox.Txt of control TxtCode was not a loaded control class.
Line 2005: Class SITextBox.Txt of control TxtBillNo was not a loaded control class.
Line 2025: Class SITextBox.Txt of control TxtBiltyNo was not a loaded control class.
Line 2045: Class SITextBox.Txt of control TxtDescription was not a loaded control class.
Line 2066: Class SITextBox.Txt of control TxtEmployeeID was not a loaded control class.
Line 2086: Class SITextBox.Txt of control TxtEmployeeName was not a loaded control class.
Line 2108: Class JeweledBut.JeweledButton of control BtnEmployee was not a loaded control class.
Line 2134: Class SITextBox.Txt of control TxtVehicleNo was not a loaded control class.
Line 2154: Class SITextBox.Txt of control TxtBillID was not a loaded control class.
Line 2208: Class JeweledBut.JeweledButton of control BtnSaleInvoice was not a loaded control class.
