Line 124: Class SITextBox.Txt of control TxtOrderID was not a loaded control class.
Line 147: Class SITextBox.Txt of control TxtDiscVal was not a loaded control class.
Line 171: Class SITextBox.Txt of control TxtCode was not a loaded control class.
Line 193: Class SITextBox.Txt of control TxtQty was not a loaded control class.
Line 218: Class SITextBox.Txt of control TxtPrice was not a loaded control class.
Line 243: Class SITextBox.Txt of control TxtAmount was not a loaded control class.
Line 264: Class JeweledBut.JeweledButton of control BtnProduct was not a loaded control class.
Line 291: Class JeweledBut.JeweledButton of control BtnDelete was not a loaded control class.
Line 317: Class JeweledBut.JeweledButton of control BtnSave was not a loaded control class.
Line 342: Class JeweledBut.JeweledButton of control BtnOpen was not a loaded control class.
Line 368: Class JeweledBut.JeweledButton of control BtnClose was not a loaded control class.
Line 394: Class JeweledBut.JeweledButton of control BtnClear was not a loaded control class.
Line 420: Class SITextBox.Txt of control TxtBillDisc was not a loaded control class.
Line 445: Class SITextBox.Txt of control TxtProductName was not a loaded control class.
Line 658: Class JeweledBut.JeweledButton of control BtnPrint was not a loaded control class.
Line 684: Class SITextBox.Txt of control TxtDiscPC was not a loaded control class.
Line 708: Class SITextBox.Txt of control TxtActualAmount was not a loaded control class.
Line 730: Class SITextBox.Txt of control TxtStoreID was not a loaded control class.
Line 754: Class SITextBox.Txt of control TxtStoreName was not a loaded control class.
Line 777: Class JeweledBut.JeweledButton of control BtnStore was not a loaded control class.
Line 833: Class SITextBox.Txt of control TxtDiscPer was not a loaded control class.
Line 857: Class SITextBox.Txt of control TxtPID was not a loaded control class.
Line 881: Class SITextBox.Txt of control TxtCost was not a loaded control class.
Line 906: Class SITextBox.Txt of control TxtBillDiscPer was not a loaded control class.
Line 931: Class SITextBox.Txt of control TxtEmployeeID was not a loaded control class.
Line 951: Class SITextBox.Txt of control TxtEmployeeName was not a loaded control class.
Line 973: Class JeweledBut.JeweledButton of control BtnEmployee was not a loaded control class.
Line 999: Class SITextBox.Txt of control TxtCommission was not a loaded control class.
Line 1024: Class SITextBox.Txt of control TxtMemberID was not a loaded control class.
Line 1046: Class SITextBox.Txt of control TxtMemberName was not a loaded control class.
Line 1068: Class JeweledBut.JeweledButton of control BtnMember was not a loaded control class.
Line 1095: Class SITextBox.Txt of control TxtManualBillNo was not a loaded control class.
Line 1119: Class SITextBox.Txt of control TxtRemarks was not a loaded control class.
Line 1140: Class SITextBox.Txt of control TxtServiceCharges was not a loaded control class.
Line 1165: Class SITextBox.Txt of control TxtServiceChargesPer was not a loaded control class.
Line 1190: Class SITextBox.Txt of control TxtSTax was not a loaded control class.
Line 1215: Class SITextBox.Txt of control TxtSTaxPer was not a loaded control class.
Line 1240: Class SITextBox.Txt of control TxtEmpComm was not a loaded control class.
Line 1265: Class SITextBox.Txt of control TxtTableID was not a loaded control class.
Line 1285: Class SITextBox.Txt of control TxtTableName was not a loaded control class.
Line 1307: Class JeweledBut.JeweledButton of control BtnTable was not a loaded control class.
Line 1333: Class SITextBox.Txt of control TxtOrganizationID was not a loaded control class.
Line 1356: Class SITextBox.Txt of control TxtOrganizationName was not a loaded control class.
Line 1379: Class JeweledBut.JeweledButton of control BtnOrganization was not a loaded control class.
Line 1449: Class SITextBox.Txt of control TxtStampID was not a loaded control class.
Line 1473: Class SITextBox.Txt of control TxtBillID was not a loaded control class.
Line 1527: Class JeweledBut.JeweledButton of control BtnSaleInvoice was not a loaded control class.
