Line 76: Class JeweledBut.JeweledButton of control BtnCancel was not a loaded control class.
Line 102: Class JeweledBut.JeweledButton of control BtnOk was not a loaded control class.
Line 146: Class SITextBox.Txt of control TxtCustomerID was not a loaded control class.
Line 169: Class SITextBox.Txt of control TxtCustomerName was not a loaded control class.
Line 192: Class JeweledBut.JeweledButton of control BtnCustomer was not a loaded control class.
Line 220: Class SITextBox.Txt of control TxtCashReceivedCredit was not a loaded control class.
Line 242: Class JeweledBut.JeweledButton of control BtnAddCustomer was not a loaded control class.
Line 270: Class SITextBox.Txt of control TxtPreviousReceivable was not a loaded control class.
Line 294: Class SITextBox.Txt of control TxtRefID was not a loaded control class.
Line 317: Class SITextBox.Txt of control TxtRefComm was not a loaded control class.
Line 340: Class SITextBox.Txt of control TxtBankMachineCreditID was not a loaded control class.
Line 364: Class SITextBox.Txt of control TxtBankMachineCreditName was not a loaded control class.
Line 387: Class JeweledBut.JeweledButton of control BtnBankMachineCredit was not a loaded control class.
Line 415: Class SITextBox.Txt of control TxtBankAmount was not a loaded control class.
Line 640: Class SITextBox.Txt of control TxtBankMachineID was not a loaded control class.
Line 664: Class SITextBox.Txt of control TxtBankMachineName was not a loaded control class.
Line 687: Class JeweledBut.JeweledButton of control BtnBankMachine was not a loaded control class.
Line 715: Class SITextBox.Txt of control TxtBankCustomer was not a loaded control class.
Line 737: Class SITextBox.Txt of control TxtInvoiceNo was not a loaded control class.
Line 758: Class SITextBox.Txt of control TxtCashReceivedBank was not a loaded control class.
Line 975: Class SITextBox.Txt of control TxtCashCustomer was not a loaded control class.
Line 997: Class SITextBox.Txt of control TxtCNIC was not a loaded control class.
Line 1019: Class SITextBox.Txt of control TxtCellNo was not a loaded control class.
Line 1170: Class SITextBox.Txt of control TxtSerial was not a loaded control class.
Line 1402: Class SITextBox.Txt of control TxtBillID was not a loaded control class.
Line 1425: Class JeweledBut.JeweledButton of control BtnDelete was not a loaded control class.
Line 1451: Class JeweledBut.JeweledButton of control BtnSave was not a loaded control class.
Line 1477: Class JeweledBut.JeweledButton of control BtnOpen was not a loaded control class.
Line 1503: Class JeweledBut.JeweledButton of control BtnClose was not a loaded control class.
Line 1529: Class JeweledBut.JeweledButton of control BtnClear was not a loaded control class.
Line 1555: Class JeweledBut.JeweledButton of control BtnPrint was not a loaded control class.
Line 1581: Class SITextBox.Txt of control TxtActualAmount was not a loaded control class.
Line 1603: Class SITextBox.Txt of control TxtStoreID was not a loaded control class.
Line 1627: Class SITextBox.Txt of control TxtStoreName was not a loaded control class.
Line 1650: Class JeweledBut.JeweledButton of control BtnStore was not a loaded control class.
Line 1708: Class SITextBox.Txt of control TxtPID was not a loaded control class.
Line 1732: Class SITextBox.Txt of control TxtCost was not a loaded control class.
Line 1757: Class SITextBox.Txt of control TxtEmployeeID was not a loaded control class.
Line 1777: Class SITextBox.Txt of control TxtEmployeeName was not a loaded control class.
Line 1799: Class JeweledBut.JeweledButton of control BtnEmployee was not a loaded control class.
Line 1825: Class SITextBox.Txt of control TxtCommission was not a loaded control class.
Line 1850: Class SITextBox.Txt of control TxtMemberID was not a loaded control class.
Line 1871: Class SITextBox.Txt of control TxtMemberName was not a loaded control class.
Line 1893: Class JeweledBut.JeweledButton of control BtnMember was not a loaded control class.
Line 1920: Class SITextBox.Txt of control TxtManualBillNo was not a loaded control class.
Line 1944: Class SITextBox.Txt of control TxtOrganizationID was not a loaded control class.
Line 1967: Class SITextBox.Txt of control TxtOrganizationName was not a loaded control class.
Line 1990: Class JeweledBut.JeweledButton of control BtnOrganization was not a loaded control class.
Line 2017: Class SITextBox.Txt of control TxtBillDisc was not a loaded control class.
Line 2042: Class SITextBox.Txt of control TxtBillDiscPer was not a loaded control class.
Line 2067: Class SITextBox.Txt of control TxtServiceCharges was not a loaded control class.
Line 2092: Class SITextBox.Txt of control TxtServiceChargesPer was not a loaded control class.
Line 2117: Class SITextBox.Txt of control TxtSTax was not a loaded control class.
Line 2142: Class SITextBox.Txt of control TxtSTaxPer was not a loaded control class.
Line 2167: Class SITextBox.Txt of control TxtTableID was not a loaded control class.
Line 2187: Class SITextBox.Txt of control TxtTableName was not a loaded control class.
Line 2209: Class JeweledBut.JeweledButton of control BtnTable was not a loaded control class.
Line 2235: Class SITextBox.Txt of control TxtDiscVal was not a loaded control class.
Line 2259: Class SITextBox.Txt of control TxtQty was not a loaded control class.
Line 2284: Class SITextBox.Txt of control TxtPrice was not a loaded control class.
Line 2310: Class SITextBox.Txt of control TxtAmount was not a loaded control class.
Line 2332: Class JeweledBut.JeweledButton of control BtnProduct was not a loaded control class.
Line 2359: Class SITextBox.Txt of control TxtProductName was not a loaded control class.
Line 2381: Class SITextBox.Txt of control TxtDiscPC was not a loaded control class.
Line 2405: Class SITextBox.Txt of control TxtDiscPer was not a loaded control class.
Line 2429: Class SITextBox.Txt of control TxtSC was not a loaded control class.
Line 2453: Class SITextBox.Txt of control TxtRemarks was not a loaded control class.
Line 2474: Class JeweledBut.JeweledButton of control BtnSaleOrder was not a loaded control class.
Line 2501: Class SITextBox.Txt of control TxtOrderID was not a loaded control class.
Line 2555: Class SITextBox.Txt of control TxtEmpComm was not a loaded control class.
Line 2625: Class SITextBox.Txt of control TxtStampID was not a loaded control class.
Line 2649: Class SITextBox.Txt of control TxtBatchNo was not a loaded control class.
Line 2671: Class SITextBox.Txt of control TxtTokenVal was not a loaded control class.
Line 2696: Class JeweledBut.JeweledButton of control BtnSaveAS was not a loaded control class.
Line 2751: Class SITextBox.Txt of control TxtSyllabusID was not a loaded control class.
Line 2773: Class SITextBox.Txt of control TxtSyllabusName was not a loaded control class.
Line 2795: Class JeweledBut.JeweledButton of control BtnSyllabus was not a loaded control class.
Line 2822: Class SITextBox.Txt of control TxtPurAmount was not a loaded control class.
Line 2845: Class SITextBox.Txt of control TxtLastPurPrice was not a loaded control class.
Line 2872: Class SITextBox.Txt of control TxtProdProfit was not a loaded control class.
Line 2895: Class SITextBox.Txt of control TxtTotalProdProfit was not a loaded control class.
Line 2917: Class SITextBox.Txt of control TxtMemberBarCode was not a loaded control class.
Line 3294: Class SITextBox.Txt of control TxtSID was not a loaded control class.
Line 3318: Class SITextBox.Txt of control TxtExtraTaxVal was not a loaded control class.
Line 3343: Class SITextBox.Txt of control TxtExtraTaxPer was not a loaded control class.
Line 3368: Class SITextBox.Txt of control TxtAdvTaxVal was not a loaded control class.
Line 3393: Class SITextBox.Txt of control TxtAdvTaxPer was not a loaded control class.
Line 3418: Class SITextBox.Txt of control TxtSumDiscAmount was not a loaded control class.
Line 3442: Class SITextBox.Txt of control TxtDiscAmount was not a loaded control class.
Line 3465: Class SITextBox.Txt of control TxtAvgDisc was not a loaded control class.
Line 3491: Class SITextBox.Txt of control TxtCode was not a loaded control class.
