Line 120: Class SITextBox.Txt of control TxtReturnID was not a loaded control class.
Line 143: Class SITextBox.Txt of control TxtDiscVal was not a loaded control class.
Line 168: Class SITextBox.Txt of control TxtCode was not a loaded control class.
Line 190: Class SITextBox.Txt of control TxtQty was not a loaded control class.
Line 215: Class SITextBox.Txt of control TxtPrice was not a loaded control class.
Line 240: Class SITextBox.Txt of control TxtAmount was not a loaded control class.
Line 261: Class JeweledBut.JeweledButton of control BtnProduct was not a loaded control class.
Line 288: Class JeweledBut.JeweledButton of control BtnDelete was not a loaded control class.
Line 314: Class JeweledBut.JeweledButton of control BtnSave was not a loaded control class.
Line 339: Class JeweledBut.JeweledButton of control BtnOpen was not a loaded control class.
Line 365: Class JeweledBut.JeweledButton of control BtnClose was not a loaded control class.
Line 391: Class JeweledBut.JeweledButton of control BtnClear was not a loaded control class.
Line 417: Class SITextBox.Txt of control TxtProductName was not a loaded control class.
Line 643: Class JeweledBut.JeweledButton of control BtnPrint was not a loaded control class.
Line 669: Class SITextBox.Txt of control TxtDiscPC was not a loaded control class.
Line 693: Class SITextBox.Txt of control TxtActualAmount was not a loaded control class.
Line 745: Class SITextBox.Txt of control TxtDiscPer was not a loaded control class.
Line 769: Class SITextBox.Txt of control TxtPID was not a loaded control class.
Line 793: Class SITextBox.Txt of control TxtCost was not a loaded control class.
Line 818: Class SITextBox.Txt of control TxtBillID was not a loaded control class.
Line 870: Class JeweledBut.JeweledButton of control BtnReturnAll was not a loaded control class.
Line 896: Class JeweledBut.JeweledButton of control BtnSale was not a loaded control class.
Line 923: Class SITextBox.Txt of control TxtStoreID was not a loaded control class.
Line 947: Class SITextBox.Txt of control TxtStoreName was not a loaded control class.
Line 970: Class JeweledBut.JeweledButton of control BtnStore was not a loaded control class.
Line 997: Class SITextBox.Txt of control TxtEmployeeID was not a loaded control class.
Line 1017: Class SITextBox.Txt of control TxtEmployeeName was not a loaded control class.
Line 1039: Class JeweledBut.JeweledButton of control BtnEmployee was not a loaded control class.
Line 1065: Class SITextBox.Txt of control TxtCommission was not a loaded control class.
Line 1090: Class SITextBox.Txt of control TxtManualBillNo was not a loaded control class.
Line 1113: Class SITextBox.Txt of control TxtOrganizationID was not a loaded control class.
Line 1136: Class SITextBox.Txt of control TxtOrganizationName was not a loaded control class.
Line 1159: Class JeweledBut.JeweledButton of control BtnOrganization was not a loaded control class.
Line 1186: Class SITextBox.Txt of control TxtBillDisc was not a loaded control class.
Line 1211: Class SITextBox.Txt of control TxtBillDiscPer was not a loaded control class.
Line 1236: Class SITextBox.Txt of control TxtServiceCharges was not a loaded control class.
Line 1261: Class SITextBox.Txt of control TxtServiceChargesPer was not a loaded control class.
Line 1286: Class SITextBox.Txt of control TxtSTax was not a loaded control class.
Line 1311: Class SITextBox.Txt of control TxtSTaxPer was not a loaded control class.
Line 1336: Class SITextBox.Txt of control TxtTableID was not a loaded control class.
Line 1356: Class SITextBox.Txt of control TxtTableName was not a loaded control class.
Line 1378: Class JeweledBut.JeweledButton of control BtnTable was not a loaded control class.
Line 1404: Class SITextBox.Txt of control TxtRemarks was not a loaded control class.
Line 1425: Class SITextBox.Txt of control TxtMemberID was not a loaded control class.
Line 1446: Class SITextBox.Txt of control TxtMemberName was not a loaded control class.
Line 1468: Class JeweledBut.JeweledButton of control BtnMember was not a loaded control class.
Line 1495: Class SITextBox.Txt of control TxtMemberBarCode was not a loaded control class.
Line 1517: Class SITextBox.Txt of control TxtSID was not a loaded control class.
Line 1541: Class SITextBox.Txt of control TxtAvgDisc was not a loaded control class.
