Line 104: Class SITextBox.Txt of control TxtBillID was not a loaded control class.
Line 128: Class JeweledBut.JeweledButton of control BtnDelete was not a loaded control class.
Line 155: Class JeweledBut.JeweledButton of control BtnSave was not a loaded control class.
Line 181: Class JeweledBut.JeweledButton of control BtnOpen was not a loaded control class.
Line 208: Class JeweledBut.JeweledButton of control BtnClose was not a loaded control class.
Line 234: Class JeweledBut.JeweledButton of control BtnClear was not a loaded control class.
Line 260: Class JeweledBut.JeweledButton of control BtnPrint was not a loaded control class.
Line 287: Class SITextBox.Txt of control TxtActualAmount was not a loaded control class.
Line 309: Class SITextBox.Txt of control TxtStoreID was not a loaded control class.
Line 334: Class SITextBox.Txt of control TxtStoreName was not a loaded control class.
Line 358: Class JeweledBut.JeweledButton of control BtnStore was not a loaded control class.
Line 418: Class SITextBox.Txt of control TxtPID was not a loaded control class.
Line 442: Class SITextBox.Txt of control TxtCost was not a loaded control class.
Line 467: Class SITextBox.Txt of control TxtEmployeeID was not a loaded control class.
Line 488: Class SITextBox.Txt of control TxtEmployeeName was not a loaded control class.
Line 511: Class JeweledBut.JeweledButton of control BtnEmployee was not a loaded control class.
Line 538: Class SITextBox.Txt of control TxtCommission was not a loaded control class.
Line 563: Class SITextBox.Txt of control TxtMemberID was not a loaded control class.
Line 585: Class SITextBox.Txt of control TxtMemberName was not a loaded control class.
Line 608: Class JeweledBut.JeweledButton of control BtnMember was not a loaded control class.
Line 636: Class SITextBox.Txt of control TxtManualBillNo was not a loaded control class.
Line 661: Class SITextBox.Txt of control TxtOrganizationID was not a loaded control class.
Line 685: Class SITextBox.Txt of control TxtOrganizationName was not a loaded control class.
Line 709: Class JeweledBut.JeweledButton of control BtnOrganization was not a loaded control class.
Line 737: Class SITextBox.Txt of control TxtBillDisc was not a loaded control class.
Line 763: Class SITextBox.Txt of control TxtBillDiscPer was not a loaded control class.
Line 789: Class SITextBox.Txt of control TxtServiceCharges was not a loaded control class.
Line 815: Class SITextBox.Txt of control TxtServiceChargesPer was not a loaded control class.
Line 841: Class SITextBox.Txt of control TxtSTax was not a loaded control class.
Line 867: Class SITextBox.Txt of control TxtSTaxPer was not a loaded control class.
Line 893: Class SITextBox.Txt of control TxtTableID was not a loaded control class.
Line 914: Class SITextBox.Txt of control TxtTableName was not a loaded control class.
Line 937: Class JeweledBut.JeweledButton of control BtnTable was not a loaded control class.
Line 964: Class SITextBox.Txt of control TxtDiscVal was not a loaded control class.
Line 989: Class SITextBox.Txt of control TxtCode was not a loaded control class.
Line 1011: Class SITextBox.Txt of control TxtQty was not a loaded control class.
Line 1037: Class SITextBox.Txt of control TxtPrice was not a loaded control class.
Line 1064: Class SITextBox.Txt of control TxtAmount was not a loaded control class.
Line 1087: Class JeweledBut.JeweledButton of control BtnProduct was not a loaded control class.
Line 1115: Class SITextBox.Txt of control TxtProductName was not a loaded control class.
Line 1138: Class SITextBox.Txt of control TxtDiscPC was not a loaded control class.
Line 1163: Class SITextBox.Txt of control TxtDiscPer was not a loaded control class.
Line 1188: Class SITextBox.Txt of control TxtSC was not a loaded control class.
Line 1213: Class SITextBox.Txt of control TxtRemarks was not a loaded control class.
Line 1235: Class JeweledBut.JeweledButton of control BtnSaleOrder was not a loaded control class.
Line 1263: Class SITextBox.Txt of control TxtOrderID was not a loaded control class.
Line 1319: Class SITextBox.Txt of control TxtEmpComm was not a loaded control class.
Line 1389: Class SITextBox.Txt of control TxtStampID was not a loaded control class.
Line 1413: Class SITextBox.Txt of control TxtBatchNo was not a loaded control class.
Line 1435: Class SITextBox.Txt of control TxtTokenVal was not a loaded control class.
Line 1460: Class JeweledBut.JeweledButton of control BtnSaveAS was not a loaded control class.
Line 1517: Class SITextBox.Txt of control TxtSyllabusID was not a loaded control class.
Line 1540: Class SITextBox.Txt of control TxtSyllabusName was not a loaded control class.
Line 1563: Class JeweledBut.JeweledButton of control BtnSyllabus was not a loaded control class.
Line 1591: Class SITextBox.Txt of control TxtPurAmount was not a loaded control class.
Line 1614: Class SITextBox.Txt of control TxtLastPurPrice was not a loaded control class.
Line 1641: Class SITextBox.Txt of control TxtProdProfit was not a loaded control class.
Line 1664: Class SITextBox.Txt of control TxtTotalProdProfit was not a loaded control class.
Line 1686: Class SITextBox.Txt of control TxtMemberBarCode was not a loaded control class.
Line 1760: Class JeweledBut.JeweledButton of control BtnCancel was not a loaded control class.
Line 1786: Class JeweledBut.JeweledButton of control BtnOk was not a loaded control class.
Line 1886: Class SITextBox.Txt of control TxtCashCustomer was not a loaded control class.
Line 1908: Class SITextBox.Txt of control TxtCNIC was not a loaded control class.
Line 1930: Class SITextBox.Txt of control TxtCellNo was not a loaded control class.
Line 2102: Class SITextBox.Txt of control TxtBankMachineID was not a loaded control class.
Line 2126: Class SITextBox.Txt of control TxtBankMachineName was not a loaded control class.
Line 2149: Class JeweledBut.JeweledButton of control BtnBankMachine was not a loaded control class.
Line 2177: Class SITextBox.Txt of control TxtBankCustomer was not a loaded control class.
Line 2199: Class SITextBox.Txt of control TxtInvoiceNo was not a loaded control class.
Line 2220: Class SITextBox.Txt of control TxtCashReceivedBank was not a loaded control class.
Line 2381: Class SITextBox.Txt of control TxtCustomerID was not a loaded control class.
Line 2404: Class SITextBox.Txt of control TxtCustomerName was not a loaded control class.
Line 2427: Class JeweledBut.JeweledButton of control BtnCustomer was not a loaded control class.
Line 2455: Class SITextBox.Txt of control TxtCashReceivedCredit was not a loaded control class.
Line 2900: Class SITextBox.Txt of control TxtSID was not a loaded control class.
Line 2924: Class SITextBox.Txt of control TxtExtraTaxVal was not a loaded control class.
Line 2950: Class SITextBox.Txt of control TxtExtraTaxPer was not a loaded control class.
Line 2976: Class SITextBox.Txt of control TxtAdvTaxVal was not a loaded control class.
Line 3002: Class SITextBox.Txt of control TxtAdvTaxPer was not a loaded control class.
Line 3028: Class SITextBox.Txt of control TxtSumDiscAmount was not a loaded control class.
Line 3052: Class SITextBox.Txt of control TxtDiscAmount was not a loaded control class.
Line 3082: Class SITextBox.Txt of control TxtSerial was not a loaded control class.
Line 3188: Class JeweledBut.JeweledButton of control BtnDeleteProduct was not a loaded control class.
