Line 91: Class SITextBox.Txt of control TxtBillID was not a loaded control class.
Line 114: Class JeweledBut.JeweledButton of control BtnDelete was not a loaded control class.
Line 140: Class JeweledBut.JeweledButton of control BtnSave was not a loaded control class.
Line 165: Class JeweledBut.JeweledButton of control BtnOpen was not a loaded control class.
Line 191: Class JeweledBut.JeweledButton of control BtnClose was not a loaded control class.
Line 217: Class JeweledBut.JeweledButton of control BtnClear was not a loaded control class.
Line 243: Class SITextBox.Txt of control TxtTotalAmount was not a loaded control class.
Line 266: Class SITextBox.Txt of control TxtBillDiscPer was not a loaded control class.
Line 290: Class SITextBox.Txt of control TxtNetAmount was not a loaded control class.
Line 313: Class JeweledBut.JeweledButton of control BtnProduct was not a loaded control class.
Line 369: Class SITextBox.Txt of control TxtStoreID was not a loaded control class.
Line 393: Class SITextBox.Txt of control TxtStoreName was not a loaded control class.
Line 416: Class JeweledBut.JeweledButton of control BtnStore was not a loaded control class.
Line 443: Class JeweledBut.JeweledButton of control BtnPrint was not a loaded control class.
Line 469: Class SITextBox.Txt of control TxtBillDisc was not a loaded control class.
Line 493: Class SITextBox.Txt of control TxtProductID was not a loaded control class.
Line 517: Class SITextBox.Txt of control TxtTotalItems was not a loaded control class.
Line 540: Class SITextBox.Txt of control TxtOtherCharges was not a loaded control class.
Line 564: Class SITextBox.Txt of control TxtProductName was not a loaded control class.
Line 585: Class SITextBox.Txt of control TxtQtyLoose was not a loaded control class.
Line 610: Class SITextBox.Txt of control TxtDiscVal was not a loaded control class.
Line 633: Class SITextBox.Txt of control TxtPrice was not a loaded control class.
Line 657: Class SITextBox.Txt of control TxtDiscPC was not a loaded control class.
Line 682: Class SITextBox.Txt of control TxtBonus was not a loaded control class.
Line 706: Class SITextBox.Txt of control TxtOffer was not a loaded control class.
Line 731: Class SITextBox.Txt of control TxtSaleTaxPer was not a loaded control class.
Line 756: Class SITextBox.Txt of control TxtAmount was not a loaded control class.
Line 781: Class SITextBox.Txt of control TxtCost was not a loaded control class.
Line 806: Class SITextBox.Txt of control TxtCommission was not a loaded control class.
Line 831: Class SITextBox.Txt of control TxtRemarks was not a loaded control class.
Line 954: Class SITextBox.Txt of control TxtCustomerID was not a loaded control class.
Line 975: Class SITextBox.Txt of control TxtAddress was not a loaded control class.
Line 997: Class SITextBox.Txt of control TxtDescription was not a loaded control class.
Line 1018: Class SITextBox.Txt of control TxtReceivedAmount was not a loaded control class.
Line 1042: Class SITextBox.Txt of control TxtPreviousReceivable was not a loaded control class.
Line 1065: Class SITextBox.Txt of control TxtTotalReceivable was not a loaded control class.
Line 1088: Class SITextBox.Txt of control TxtRetailPrice was not a loaded control class.
Line 1113: Class SITextBox.Txt of control TxtCity was not a loaded control class.
Line 1135: Class SITextBox.Txt of control TxtTokenVal was not a loaded control class.
Line 1160: Class SITextBox.Txt of control TxtCustomerName was not a loaded control class.
Line 1182: Class JeweledBut.JeweledButton of control BtnCustomer was not a loaded control class.
Line 1208: Class SITextBox.Txt of control TxtCode was not a loaded control class.
Line 1463: Class SITextBox.Txt of control TxtOrderID was not a loaded control class.
Line 1486: Class JeweledBut.JeweledButton of control BtnSaleOrder was not a loaded control class.
Line 1513: Class SITextBox.Txt of control TxtEmployeeID was not a loaded control class.
Line 1534: Class SITextBox.Txt of control TxtEmployeeName was not a loaded control class.
Line 1557: Class JeweledBut.JeweledButton of control BtnEmployee was not a loaded control class.
Line 1614: Class SITextBox.Txt of control TxtOrganizationID was not a loaded control class.
Line 1637: Class SITextBox.Txt of control TxtOrganizationName was not a loaded control class.
Line 1660: Class JeweledBut.JeweledButton of control BtnOrganization was not a loaded control class.
Line 1687: Class SITextBox.Txt of control Txt1 was not a loaded control class.
Line 1711: Class SITextBox.Txt of control TxtDiscPer was not a loaded control class.
Line 1736: Class SITextBox.Txt of control TxtGrossAmount was not a loaded control class.
Line 1761: Class SITextBox.Txt of control TxtGSTBase was not a loaded control class.
Line 1786: Class SITextBox.Txt of control TxtSaleTaxVal was not a loaded control class.
