Line 344: Class SITextBox.Txt of control TxtTotalExpense was not a loaded control class.
Line 687: Class SITextBox.Txt of control TxtSerial was not a loaded control class.
Line 1045: Class SITextBox.Txt of control TxtBillID was not a loaded control class.
Line 1068: Class JeweledBut.JeweledButton of control BtnDelete was not a loaded control class.
Line 1094: Class JeweledBut.JeweledButton of control BtnSave was not a loaded control class.
Line 1119: Class JeweledBut.JeweledButton of control BtnOpen was not a loaded control class.
Line 1145: Class JeweledBut.JeweledButton of control BtnClose was not a loaded control class.
Line 1171: Class JeweledBut.JeweledButton of control BtnClear was not a loaded control class.
Line 1197: Class SITextBox.Txt of control TxtTotalAmount was not a loaded control class.
Line 1220: Class SITextBox.Txt of control TxtBillDiscPer was not a loaded control class.
Line 1244: Class SITextBox.Txt of control TxtNetAmount was not a loaded control class.
Line 1267: Class JeweledBut.JeweledButton of control BtnProduct was not a loaded control class.
Line 1323: Class SITextBox.Txt of control TxtStoreID was not a loaded control class.
Line 1347: Class SITextBox.Txt of control TxtStoreName was not a loaded control class.
Line 1370: Class JeweledBut.JeweledButton of control BtnStore was not a loaded control class.
Line 1397: Class JeweledBut.JeweledButton of control BtnPrint was not a loaded control class.
Line 1423: Class SITextBox.Txt of control TxtBillDisc was not a loaded control class.
Line 1447: Class SITextBox.Txt of control TxtProductID was not a loaded control class.
Line 1471: Class SITextBox.Txt of control TxtTotalQtys was not a loaded control class.
Line 1494: Class SITextBox.Txt of control TxtOtherCharges was not a loaded control class.
Line 1518: Class SITextBox.Txt of control TxtProductName was not a loaded control class.
Line 1539: Class SITextBox.Txt of control TxtMultiplier was not a loaded control class.
Line 1561: Class SITextBox.Txt of control TxtQtyLoose was not a loaded control class.
Line 1586: Class SITextBox.Txt of control TxtQtyPack was not a loaded control class.
Line 1611: Class SITextBox.Txt of control TxtDiscVal was not a loaded control class.
Line 1634: Class SITextBox.Txt of control TxtPrice was not a loaded control class.
Line 1658: Class SITextBox.Txt of control TxtDiscPer was not a loaded control class.
Line 1682: Class SITextBox.Txt of control TxtDiscPC was not a loaded control class.
Line 1706: Class SITextBox.Txt of control TxtBonus was not a loaded control class.
Line 1730: Class SITextBox.Txt of control TxtOffer was not a loaded control class.
Line 1754: Class SITextBox.Txt of control TxtSaleTaxPer was not a loaded control class.
Line 1778: Class SITextBox.Txt of control TxtAmount was not a loaded control class.
Line 1803: Class SITextBox.Txt of control TxtMemberID was not a loaded control class.
Line 1825: Class SITextBox.Txt of control TxtMemberName was not a loaded control class.
Line 1847: Class JeweledBut.JeweledButton of control BtnMember was not a loaded control class.
Line 1874: Class SITextBox.Txt of control TxtCost was not a loaded control class.
Line 1899: Class SITextBox.Txt of control TxtCommission was not a loaded control class.
Line 1925: Class SITextBox.Txt of control TxtRemarks was not a loaded control class.
Line 1947: Class SITextBox.Txt of control TxtManualBillNo was not a loaded control class.
Line 1971: Class SITextBox.Txt of control TxtBillNo was not a loaded control class.
Line 1991: Class SITextBox.Txt of control TxtBiltyNo was not a loaded control class.
Line 2011: Class SITextBox.Txt of control TxtCustomerID was not a loaded control class.
Line 2032: Class SITextBox.Txt of control TxtAddress was not a loaded control class.
Line 2054: Class SITextBox.Txt of control TxtDescription was not a loaded control class.
Line 2075: Class SITextBox.Txt of control TxtRetailPrice was not a loaded control class.
Line 2100: Class SITextBox.Txt of control TxtCity was not a loaded control class.
Line 2122: Class SITextBox.Txt of control TxtTokenVal was not a loaded control class.
Line 2147: Class SITextBox.Txt of control TxtCustomerName was not a loaded control class.
Line 2169: Class JeweledBut.JeweledButton of control BtnCustomer was not a loaded control class.
Line 2195: Class SITextBox.Txt of control TxtCode was not a loaded control class.
Line 2639: Class SITextBox.Txt of control TxtOrderID was not a loaded control class.
Line 2662: Class JeweledBut.JeweledButton of control BtnSaleOrder was not a loaded control class.
Line 2689: Class SITextBox.Txt of control TxtEmployeeID was not a loaded control class.
Line 2710: Class SITextBox.Txt of control TxtEmployeeName was not a loaded control class.
Line 2733: Class JeweledBut.JeweledButton of control BtnEmployee was not a loaded control class.
Line 2790: Class SITextBox.Txt of control TxtOrganizationName was not a loaded control class.
Line 2813: Class JeweledBut.JeweledButton of control BtnOrganization was not a loaded control class.
Line 2840: Class SITextBox.Txt of control TxtVehicleNo was not a loaded control class.
Line 2860: Class SITextBox.Txt of control TxtBatchNo was not a loaded control class.
Line 2881: Class SITextBox.Txt of control TxtExpiryDate was not a loaded control class.
Line 2903: Class SITextBox.Txt of control TxtReceivedAmount was not a loaded control class.
Line 2927: Class SITextBox.Txt of control TxtPreviousReceivable was not a loaded control class.
Line 2950: Class SITextBox.Txt of control TxtTotalReceivable was not a loaded control class.
Line 2973: Class SITextBox.Txt of control TxtFreight was not a loaded control class.
Line 2996: Class JeweledBut.JeweledButton of control BtnProductRange was not a loaded control class.
Line 3023: Class JeweledBut.JeweledButton of control BtnPrintWarranty was not a loaded control class.
Line 3049: Class JeweledBut.JeweledButton of control BtnPurchase was not a loaded control class.
Line 3076: Class SITextBox.Txt of control TxtPurID was not a loaded control class.
Line 3127: Class JeweledBut.JeweledButton of control BtnSaveAS was not a loaded control class.
Line 3152: Class JeweledBut.JeweledButton of control BtnBatchPrint was not a loaded control class.
Line 3208: Class SITextBox.Txt of control TxtSyllabusID was not a loaded control class.
Line 3230: Class SITextBox.Txt of control TxtSyllabusName was not a loaded control class.
Line 3252: Class JeweledBut.JeweledButton of control BtnSyllabus was not a loaded control class.
Line 3279: Class SITextBox.Txt of control TxtOrganizationID was not a loaded control class.
Line 3302: Class JeweledBut.JeweledButton of control BtnAddCustomer was not a loaded control class.
Line 3331: Class SITextBox.Txt of control TxtContactNo was not a loaded control class.
Line 3353: Class SITextBox.Txt of control TxtServiceCharges was not a loaded control class.
Line 3378: Class SITextBox.Txt of control TxtServiceChargesPer was not a loaded control class.
Line 3403: Class SITextBox.Txt of control TxtSC was not a loaded control class.
Line 3427: Class SITextBox.Txt of control TxtGrossUnit was not a loaded control class.
Line 3452: Class SITextBox.Txt of control TxtTradeOffer2 was not a loaded control class.
Line 3476: Class SITextBox.Txt of control TxtTradeOffer1 was not a loaded control class.
Line 3500: Class SITextBox.Txt of control TxtTradeOfferValue was not a loaded control class.
Line 3525: Class SITextBox.Txt of control TxtExtraSchemeValue was not a loaded control class.
Line 3550: Class SITextBox.Txt of control TxtExtraSchemePer was not a loaded control class.
Line 3574: Class SITextBox.Txt of control TxtSaleTaxVal was not a loaded control class.
Line 3599: Class SITextBox.Txt of control TxtLicenceNO was not a loaded control class.
Line 3651: Class SITextBox.Txt of control TxtTotalItems was not a loaded control class.
Line 3674: Class SITextBox.Txt of control TxtExtraTaxVal was not a loaded control class.
Line 3699: Class SITextBox.Txt of control TxtExtraTaxPer was not a loaded control class.
Line 3724: Class SITextBox.Txt of control TxtAdvTaxVal was not a loaded control class.
Line 3749: Class SITextBox.Txt of control TxtAdvTaxPer was not a loaded control class.
Line 3774: Class SITextBox.Txt of control TxtCashCustomer was not a loaded control class.
Line 3795: Class SITextBox.Txt of control TxtCNIC was not a loaded control class.
Line 3816: Class SITextBox.Txt of control TxtCellNo was not a loaded control class.
Line 3837: Class SITextBox.Txt of control TxtSumDiscAmount was not a loaded control class.
Line 3860: Class SITextBox.Txt of control TxtDiscAmount was not a loaded control class.
Line 3913: Class SITextBox.Txt of control TxtSID was not a loaded control class.
Line 3937: Class SITextBox.Txt of control TxtRefID was not a loaded control class.
Line 3960: Class SITextBox.Txt of control TxtRefComm was not a loaded control class.
Line 3983: Class SITextBox.Txt of control TxtGrossQty was not a loaded control class.
Line 4008: Class SITextBox.Txt of control TxtReSPrice was not a loaded control class.
Line 4032: Class SITextBox.Txt of control TxtReSAmount was not a loaded control class.
Line 4223: Class SITextBox.Txt of control TxtMSCode was not a loaded control class.
Line 4246: Class SITextBox.Txt of control TxtMSQtyLoose was not a loaded control class.
Line 4271: Class SITextBox.Txt of control TxtMSQtyPack was not a loaded control class.
Line 4297: Class SITextBox.Txt of control TxtMSMultiplier was not a loaded control class.
Line 4320: Class SITextBox.Txt of control TxtMSTotalItems was not a loaded control class.
Line 4343: Class SITextBox.Txt of control TxtMSProductName was not a loaded control class.
Line 4364: Class SITextBox.Txt of control TxtMSBonus was not a loaded control class.
Line 4479: Class SITextBox.Txt of control TxtTerms was not a loaded control class.
