Line 29: Class JeweledBut.JeweledButton of control BtnClose was not a loaded control class.
Line 54: Class JeweledBut.JeweledButton of control BtnSync was not a loaded control class.
Line 79: Class MSComctlLib.ListView of control LVDef was not a loaded control class.
Line 113: Class JeweledBut.JeweledButton of control BtnRefresh was not a loaded control class.
Line 139: Class MSComctlLib.ListView of control LVTrans was not a loaded control class.
Line 173: Class SSDataWidgets_B_OLEDB.SSOleDBGrid of control GridTable was not a loaded control class.
Line 35: The property name _ExtentX in BtnClose is invalid.
Line 36: The property name _ExtentY in BtnClose is invalid.
Line 37: The property name TX in BtnClose is invalid.
Line 38: The property name ENAB in BtnClose is invalid.
Line 48: The property name FOCUSR in BtnClose is invalid.
Line 49: The property name MPTR in BtnClose is invalid.
Line 50: The property name MICON in BtnClose is invalid.
Line 51: The property name BC in BtnClose is invalid.
Line 52: The property name FC in BtnClose is invalid.
Line 60: The property name _ExtentX in BtnSync is invalid.
Line 61: The property name _ExtentY in BtnSync is invalid.
Line 62: The property name TX in BtnSync is invalid.
Line 63: The property name ENAB in BtnSync is invalid.
Line 73: The property name FOCUSR in BtnSync is invalid.
Line 74: The property name MPTR in BtnSync is invalid.
Line 75: The property name MICON in BtnSync is invalid.
Line 76: The property name BC in BtnSync is invalid.
Line 77: The property name FC in BtnSync is invalid.
Line 88: The property name _ExtentX in LVDef is invalid.
Line 89: The property name _ExtentY in LVDef is invalid.
Line 90: The property name View in LVDef is invalid.
Line 91: The property name LabelEdit in LVDef is invalid.
Line 92: The property name LabelWrap in LVDef is invalid.
Line 93: The property name HideSelection in LVDef is invalid.
Line 94: The property name Checkboxes in LVDef is invalid.
Line 95: The property name FullRowSelect in LVDef is invalid.
Line 96: The property name GridLines in LVDef is invalid.
Line 97: The property name _Version in LVDef is invalid.
Line 111: The property name NumItems in LVDef is invalid.
Line 120: The property name _ExtentX in BtnRefresh is invalid.
Line 121: The property name _ExtentY in BtnRefresh is invalid.
Line 122: The property name TX in BtnRefresh is invalid.
Line 123: The property name ENAB in BtnRefresh is invalid.
Line 133: The property name FOCUSR in BtnRefresh is invalid.
Line 134: The property name MPTR in BtnRefresh is invalid.
Line 135: The property name MICON in BtnRefresh is invalid.
Line 136: The property name BC in BtnRefresh is invalid.
Line 137: The property name FC in BtnRefresh is invalid.
Line 148: The property name _ExtentX in LVTrans is invalid.
Line 149: The property name _ExtentY in LVTrans is invalid.
Line 150: The property name View in LVTrans is invalid.
Line 151: The property name LabelEdit in LVTrans is invalid.
Line 152: The property name LabelWrap in LVTrans is invalid.
Line 153: The property name HideSelection in LVTrans is invalid.
Line 154: The property name Checkboxes in LVTrans is invalid.
Line 155: The property name FullRowSelect in LVTrans is invalid.
Line 156: The property name GridLines in LVTrans is invalid.
Line 157: The property name _Version in LVTrans is invalid.
Line 171: The property name NumItems in LVTrans is invalid.
Line 181: The property name ScrollBars in GridTable is invalid.
Line 182: The property name _Version in GridTable is invalid.
Line 183: The property name DataMode in GridTable is invalid.
Line 184: The property name RecordSelectors in GridTable is invalid.
Line 185: The property name Col.Count in GridTable is invalid.
Line 186: The property name stylesets.count in GridTable is invalid.
Line 187: The property name stylesets(0).Name in GridTable is invalid.
Line 188: The property name stylesets(0).ForeColor in GridTable is invalid.
Line 189: The property name stylesets(0).HasFont in GridTable is invalid.
Line 198: The property name stylesets(0).Font in GridTable is invalid.
Line 199: The property name stylesets(0).Picture in GridTable is invalid.
Line 200: The property name stylesets(1).Name in GridTable is invalid.
Line 201: The property name stylesets(1).ForeColor in GridTable is invalid.
Line 202: The property name stylesets(1).BackColor in GridTable is invalid.
Line 203: The property name stylesets(1).HasFont in GridTable is invalid.
Line 212: The property name stylesets(1).Font in GridTable is invalid.
Line 213: The property name stylesets(1).Picture in GridTable is invalid.
Line 214: The property name stylesets(2).Name in GridTable is invalid.
Line 215: The property name stylesets(2).ForeColor in GridTable is invalid.
Line 216: The property name stylesets(2).HasFont in GridTable is invalid.
Line 225: The property name stylesets(2).Font in GridTable is invalid.
Line 226: The property name stylesets(2).Picture in GridTable is invalid.
Line 227: The property name stylesets(3).Name in GridTable is invalid.
Line 228: The property name stylesets(3).ForeColor in GridTable is invalid.
Line 229: The property name stylesets(3).HasFont in GridTable is invalid.
Line 238: The property name stylesets(3).Font in GridTable is invalid.
Line 239: The property name stylesets(3).Picture in GridTable is invalid.
Line 240: The property name AllowUpdate in GridTable is invalid.
Line 241: The property name AllowGroupSizing in GridTable is invalid.
Line 242: The property name AllowColumnSizing in GridTable is invalid.
Line 243: The property name AllowGroupMoving in GridTable is invalid.
Line 244: The property name AllowColumnMoving in GridTable is invalid.
Line 245: The property name AllowGroupSwapping in GridTable is invalid.
Line 246: The property name AllowColumnSwapping in GridTable is invalid.
Line 247: The property name AllowGroupShrinking in GridTable is invalid.
Line 248: The property name AllowColumnShrinking in GridTable is invalid.
Line 249: The property name AllowDragDrop in GridTable is invalid.
Line 250: The property name SelectTypeCol in GridTable is invalid.
Line 251: The property name SelectTypeRow in GridTable is invalid.
Line 252: The property name RowNavigation in GridTable is invalid.
Line 253: The property name ForeColorEven in GridTable is invalid.
Line 254: The property name BackColorOdd in GridTable is invalid.
Line 255: The property name RowHeight in GridTable is invalid.
Line 256: The property name ExtraHeight in GridTable is invalid.
Line 257: The property name ActiveRowStyleSet in GridTable is invalid.
Line 258: The property name Columns.Count in GridTable is invalid.
Line 259: The property name Columns(0).Width in GridTable is invalid.
Line 260: The property name Columns(0).Caption in GridTable is invalid.
Line 261: The property name Columns(0).Name in GridTable is invalid.
Line 262: The property name Columns(0).DataField in GridTable is invalid.
Line 263: The property name Columns(0).DataType in GridTable is invalid.
Line 264: The property name Columns(0).FieldLen in GridTable is invalid.
Line 265: The property name Columns(1).Width in GridTable is invalid.
Line 266: The property name Columns(1).Caption in GridTable is invalid.
Line 267: The property name Columns(1).Name in GridTable is invalid.
Line 268: The property name Columns(1).DataField in GridTable is invalid.
Line 269: The property name Columns(1).DataType in GridTable is invalid.
Line 270: The property name Columns(1).FieldLen in GridTable is invalid.
Line 271: The property name TabNavigation in GridTable is invalid.
Line 272: The property name _ExtentX in GridTable is invalid.
Line 273: The property name _ExtentY in GridTable is invalid.
Line 274: The property name _StockProps in GridTable is invalid.
Line 293: The property name PageFooterFont in GridTable is invalid.
Line 302: The property name PageHeaderFont in GridTable is invalid.
