Line 185: Class JeweledBut.JeweledButton of control CmdPreview was not a loaded control class.
Line 210: Class JeweledBut.JeweledButton of control CmdPrint was not a loaded control class.
Line 236: Class JeweledBut.JeweledButton of control CmdClose was not a loaded control class.
Line 261: Class JeweledBut.JeweledButton of control BtnGroup was not a loaded control class.
Line 289: Class SITextBox.Txt of control TxtOrganizationID was not a loaded control class.
Line 311: Class SITextBox.Txt of control TxtOrganizatonName was not a loaded control class.
Line 332: Class SITextBox.Txt of control TxtFrom was not a loaded control class.
Line 411: Class JeweledBut.JeweledButton of control BtnZone was not a loaded control class.
Line 437: Class JeweledBut.JeweledButton of control BtnSector was not a loaded control class.
Line 463: Class SITextBox.Txt of control TxtTo was not a loaded control class.
Line 482: Class JeweledBut.JeweledButton of control BtnCustomerType was not a loaded control class.
Line 510: Class SITextBox.Txt of control TxtCustomerTypeID was not a loaded control class.
Line 532: Class SITextBox.Txt of control TxtCustomerType was not a loaded control class.
Line 553: Class JeweledBut.JeweledButton of control BtnVender was not a loaded control class.
Line 581: Class SITextBox.Txt of control TxtVenderName was not a loaded control class.
Line 602: Class SITextBox.Txt of control TxtVenderID was not a loaded control class.
Line 624: Class JeweledBut.JeweledButton of control BtnEmployee was not a loaded control class.
Line 653: Class SITextBox.Txt of control TxtEmpName was not a loaded control class.
Line 675: Class SITextBox.Txt of control TxtEmpID was not a loaded control class.
Line 698: Class SITextBox.Txt of control TxtRemarks was not a loaded control class.
