Line 61: Class JeweledBut.JeweledButton of control BtnClose was not a loaded control class.
Line 87: Class JeweledBut.JeweledButton of control BtnPreview was not a loaded control class.
Line 112: Class JeweledBut.JeweledButton of control BtnPrint was not a loaded control class.
Line 137: Class SSCalendarWidgets_A.SSDateCombo of control DtpFrom was not a loaded control class.
Line 167: Class SSCalendarWidgets_A.SSDateCombo of control DtpTo was not a loaded control class.
Line 197: Class SITextBox.Txt of control TxtCustomerName was not a loaded control class.
Line 219: Class JeweledBut.JeweledButton of control BtnCustomer was not a loaded control class.
Line 245: Class SITextBox.Txt of control TxtCustomerID was not a loaded control class.
Line 68: The property name _ExtentX in BtnClose is invalid.
Line 69: The property name _ExtentY in BtnClose is invalid.
Line 70: The property name TX in BtnClose is invalid.
Line 71: The property name ENAB in BtnClose is invalid.
Line 81: The property name FOCUSR in BtnClose is invalid.
Line 82: The property name MPTR in BtnClose is invalid.
Line 83: The property name MICON in BtnClose is invalid.
Line 84: The property name BC in BtnClose is invalid.
Line 85: The property name FC in BtnClose is invalid.
Line 93: The property name _ExtentX in BtnPreview is invalid.
Line 94: The property name _ExtentY in BtnPreview is invalid.
Line 95: The property name TX in BtnPreview is invalid.
Line 96: The property name ENAB in BtnPreview is invalid.
Line 106: The property name FOCUSR in BtnPreview is invalid.
Line 107: The property name MPTR in BtnPreview is invalid.
Line 108: The property name MICON in BtnPreview is invalid.
Line 109: The property name BC in BtnPreview is invalid.
Line 110: The property name FC in BtnPreview is invalid.
Line 118: The property name _ExtentX in BtnPrint is invalid.
Line 119: The property name _ExtentY in BtnPrint is invalid.
Line 120: The property name TX in BtnPrint is invalid.
Line 121: The property name ENAB in BtnPrint is invalid.
Line 131: The property name FOCUSR in BtnPrint is invalid.
Line 132: The property name MPTR in BtnPrint is invalid.
Line 133: The property name MICON in BtnPrint is invalid.
Line 134: The property name BC in BtnPrint is invalid.
Line 135: The property name FC in BtnPrint is invalid.
Line 143: The property name _Version in DtpFrom is invalid.
Line 144: The property name _ExtentX in DtpFrom is invalid.
Line 145: The property name _ExtentY in DtpFrom is invalid.
Line 146: The property name _StockProps in DtpFrom is invalid.
Line 156: The property name DropDownFont in DtpFrom is invalid.
Line 157: The property name DateSeparator in DtpFrom is invalid.
Line 158: The property name Format in DtpFrom is invalid.
Line 159: The property name BackColorSelected in DtpFrom is invalid.
Line 160: The property name BevelColorFace in DtpFrom is invalid.
Line 161: The property name DividerStyle in DtpFrom is invalid.
Line 162: The property name ForeColorSelected in DtpFrom is invalid.
Line 163: The property name BevelType in DtpFrom is invalid.
Line 164: The property name SpinButton in DtpFrom is invalid.
Line 165: The property name Mask in DtpFrom is invalid.
Line 173: The property name _Version in DtpTo is invalid.
Line 174: The property name _ExtentX in DtpTo is invalid.
Line 175: The property name _ExtentY in DtpTo is invalid.
Line 176: The property name _StockProps in DtpTo is invalid.
Line 186: The property name DropDownFont in DtpTo is invalid.
Line 187: The property name DateSeparator in DtpTo is invalid.
Line 188: The property name Format in DtpTo is invalid.
Line 189: The property name BackColorSelected in DtpTo is invalid.
Line 190: The property name BevelColorFace in DtpTo is invalid.
Line 191: The property name DividerStyle in DtpTo is invalid.
Line 192: The property name ForeColorSelected in DtpTo is invalid.
Line 193: The property name BevelType in DtpTo is invalid.
Line 194: The property name SpinButton in DtpTo is invalid.
Line 195: The property name Mask in DtpTo is invalid.
Line 203: The property name _ExtentX in TxtCustomerName is invalid.
Line 204: The property name _ExtentY in TxtCustomerName is invalid.
Line 207: The property name MaxLength in TxtCustomerName is invalid.
Line 217: The property name Masked in TxtCustomerName is invalid.
Line 226: The property name _ExtentX in BtnCustomer is invalid.
Line 227: The property name _ExtentY in BtnCustomer is invalid.
Line 228: The property name TX in BtnCustomer is invalid.
Line 229: The property name ENAB in BtnCustomer is invalid.
Line 239: The property name FOCUSR in BtnCustomer is invalid.
Line 240: The property name MPTR in BtnCustomer is invalid.
Line 241: The property name MICON in BtnCustomer is invalid.
Line 242: The property name BC in BtnCustomer is invalid.
Line 243: The property name FC in BtnCustomer is invalid.
Line 251: The property name _ExtentX in TxtCustomerID is invalid.
Line 252: The property name _ExtentY in TxtCustomerID is invalid.
Line 254: The property name MaxLength in TxtCustomerID is invalid.
Line 264: The property name Masked in TxtCustomerID is invalid.
Line 265: The property name IntegralPoint in TxtCustomerID is invalid.
