Line 139: Class JeweledBut.JeweledButton of control BtnClose was not a loaded control class.
Line 165: Class JeweledBut.JeweledButton of control BtnPreview was not a loaded control class.
Line 191: Class JeweledBut.JeweledButton of control BtnPrint was not a loaded control class.
Line 217: Class SITextBox.Txt of control TxtProductID was not a loaded control class.
Line 241: Class SITextBox.Txt of control TxtCode was not a loaded control class.
Line 262: Class JeweledBut.JeweledButton of control BtnProduct was not a loaded control class.
Line 288: Class SITextBox.Txt of control TxtProductName was not a loaded control class.
Line 307: Class JeweledBut.JeweledButton of control BtnStore was not a loaded control class.
Line 395: Class JeweledBut.JeweledButton of control BtnGroup was not a loaded control class.
Line 423: Class SITextBox.Txt of control TxtGroupID was not a loaded control class.
Line 445: Class SITextBox.Txt of control TxtGroupName was not a loaded control class.
Line 466: Class JeweledBut.JeweledButton of control BtnCompany was not a loaded control class.
Line 494: Class SITextBox.Txt of control TxtCompanyID was not a loaded control class.
Line 516: Class SITextBox.Txt of control TxtCompanyName was not a loaded control class.
Line 537: Class JeweledBut.JeweledButton of control BtnUser was not a loaded control class.
Line 565: Class SITextBox.Txt of control TxtUserName was not a loaded control class.
Line 586: Class SITextBox.Txt of control TxtStoreID was not a loaded control class.
Line 608: Class JeweledBut.JeweledButton of control BtnCustomer was not a loaded control class.
Line 636: Class SITextBox.Txt of control TxtCustomerName was not a loaded control class.
Line 657: Class JeweledBut.JeweledButton of control BtnMember was not a loaded control class.
Line 685: Class SITextBox.Txt of control TxtMemberName was not a loaded control class.
Line 706: Class JeweledBut.JeweledButton of control BtnEmployee was not a loaded control class.
Line 734: Class SITextBox.Txt of control TxtEmpName was not a loaded control class.
Line 755: Class SITextBox.Txt of control TxtStoreName was not a loaded control class.
Line 776: Class JeweledBut.JeweledButton of control BtnSubGroup was not a loaded control class.
Line 804: Class SITextBox.Txt of control TxtSubGroupID was not a loaded control class.
Line 826: Class SITextBox.Txt of control TxtSubGroupName was not a loaded control class.
Line 847: Class JeweledBut.JeweledButton of control BtnVender was not a loaded control class.
Line 875: Class SITextBox.Txt of control TxtVenderName was not a loaded control class.
Line 896: Class SITextBox.Txt of control TxtUserNo was not a loaded control class.
Line 918: Class SITextBox.Txt of control TxtCustomerID was not a loaded control class.
Line 940: Class SITextBox.Txt of control TxtMemberID was not a loaded control class.
Line 962: Class SITextBox.Txt of control TxtEmpID was not a loaded control class.
Line 984: Class SITextBox.Txt of control TxtVenderID was not a loaded control class.
Line 1006: Class JeweledBut.JeweledButton of control BtnOrganization was not a loaded control class.
Line 1034: Class SITextBox.Txt of control TxtOrganizationID was not a loaded control class.
Line 1056: Class SITextBox.Txt of control TxtOrganizationName was not a loaded control class.
Line 1077: Class JeweledBut.JeweledButton of control BtnBrand was not a loaded control class.
Line 1105: Class SITextBox.Txt of control TxtBrandID was not a loaded control class.
Line 1126: Class SITextBox.Txt of control TxtBrandName was not a loaded control class.
Line 1147: Class SITextBox.Txt of control TxtDepartmentID was not a loaded control class.
Line 1168: Class SITextBox.Txt of control TxtDepartmentName was not a loaded control class.
Line 1189: Class SITextBox.Txt of control TxtSubDepartmentID was not a loaded control class.
Line 1210: Class SITextBox.Txt of control TxtSubDepartmentName was not a loaded control class.
Line 1231: Class SITextBox.Txt of control TxtSeasonID was not a loaded control class.
Line 1252: Class SITextBox.Txt of control TxtSeasonName was not a loaded control class.
Line 1273: Class SITextBox.Txt of control TxtItemCode was not a loaded control class.
Line 1294: Class SITextBox.Txt of control TxtItemCodeName was not a loaded control class.
Line 1313: Class SITextBox.Txt of control TxtItemDescID was not a loaded control class.
Line 1334: Class SITextBox.Txt of control TxtItemDescName was not a loaded control class.
Line 1355: Class SITextBox.Txt of control TxtDescriptionID was not a loaded control class.
Line 1376: Class SITextBox.Txt of control TxtDescriptionName was not a loaded control class.
Line 1397: Class JeweledBut.JeweledButton of control BtnDepartment was not a loaded control class.
Line 1425: Class JeweledBut.JeweledButton of control BtnSubDepartment was not a loaded control class.
Line 1453: Class JeweledBut.JeweledButton of control TxtSeason was not a loaded control class.
Line 1481: Class JeweledBut.JeweledButton of control BtnItemCode was not a loaded control class.
Line 1507: Class JeweledBut.JeweledButton of control BtnItemDesc was not a loaded control class.
Line 1535: Class JeweledBut.JeweledButton of control BtnDescription was not a loaded control class.
