Line 77: Class JeweledBut.JeweledButton of control BtnClose was not a loaded control class.
Line 103: Class JeweledBut.JeweledButton of control BtnPreview was not a loaded control class.
Line 129: Class JeweledBut.JeweledButton of control BtnPrint was not a loaded control class.
Line 155: Class JeweledBut.JeweledButton of control BtnStore was not a loaded control class.
Line 243: Class JeweledBut.JeweledButton of control BtnUser was not a loaded control class.
Line 271: Class SITextBox.Txt of control TxtUserName was not a loaded control class.
Line 292: Class SITextBox.Txt of control TxtStoreID was not a loaded control class.
Line 314: Class JeweledBut.JeweledButton of control BtnCustomer was not a loaded control class.
Line 342: Class SITextBox.Txt of control TxtCustomerName was not a loaded control class.
Line 363: Class JeweledBut.JeweledButton of control BtnEmployee was not a loaded control class.
Line 391: Class SITextBox.Txt of control TxtEmpName was not a loaded control class.
Line 412: Class SITextBox.Txt of control TxtStoreName was not a loaded control class.
Line 433: Class SITextBox.Txt of control TxtUserNo was not a loaded control class.
Line 455: Class SITextBox.Txt of control TxtCustomerID was not a loaded control class.
Line 477: Class SITextBox.Txt of control TxtEmpID was not a loaded control class.
Line 499: Class JeweledBut.JeweledButton of control BtnOrganization was not a loaded control class.
Line 527: Class SITextBox.Txt of control TxtOrganizationID was not a loaded control class.
Line 549: Class SITextBox.Txt of control TxtOrganizationName was not a loaded control class.
Line 570: Class JeweledBut.JeweledButton of control BtnCompany was not a loaded control class.
Line 598: Class SITextBox.Txt of control TxtCompanyID was not a loaded control class.
Line 619: Class SITextBox.Txt of control TxtCompanyName was not a loaded control class.
