Line 86: Class JeweledBut.JeweledButton of control BtnClose was not a loaded control class.
Line 112: Class JeweledBut.JeweledButton of control BtnPreview was not a loaded control class.
Line 137: Class JeweledBut.JeweledButton of control BtnPrint was not a loaded control class.
Line 162: Class JeweledBut.JeweledButton of control BtnGroup was not a loaded control class.
Line 190: Class SITextBox.Txt of control TxtMemberID was not a loaded control class.
Line 212: Class SITextBox.Txt of control TxtMemberName was not a loaded control class.
Line 233: Class SSCalendarWidgets_A.SSDateCombo of control DtpFrom was not a loaded control class.
Line 263: Class SSCalendarWidgets_A.SSDateCombo of control DtpTo was not a loaded control class.
Line 293: Class SITextBox.Txt of control TxtNoOfProduct was not a loaded control class.
Line 93: The property name _ExtentX in BtnClose is invalid.
Line 94: The property name _ExtentY in BtnClose is invalid.
Line 95: The property name TX in BtnClose is invalid.
Line 96: The property name ENAB in BtnClose is invalid.
Line 106: The property name FOCUSR in BtnClose is invalid.
Line 107: The property name MPTR in BtnClose is invalid.
Line 108: The property name MICON in BtnClose is invalid.
Line 109: The property name BC in BtnClose is invalid.
Line 110: The property name FC in BtnClose is invalid.
Line 118: The property name _ExtentX in BtnPreview is invalid.
Line 119: The property name _ExtentY in BtnPreview is invalid.
Line 120: The property name TX in BtnPreview is invalid.
Line 121: The property name ENAB in BtnPreview is invalid.
Line 131: The property name FOCUSR in BtnPreview is invalid.
Line 132: The property name MPTR in BtnPreview is invalid.
Line 133: The property name MICON in BtnPreview is invalid.
Line 134: The property name BC in BtnPreview is invalid.
Line 135: The property name FC in BtnPreview is invalid.
Line 143: The property name _ExtentX in BtnPrint is invalid.
Line 144: The property name _ExtentY in BtnPrint is invalid.
Line 145: The property name TX in BtnPrint is invalid.
Line 146: The property name ENAB in BtnPrint is invalid.
Line 156: The property name FOCUSR in BtnPrint is invalid.
Line 157: The property name MPTR in BtnPrint is invalid.
Line 158: The property name MICON in BtnPrint is invalid.
Line 159: The property name BC in BtnPrint is invalid.
Line 160: The property name FC in BtnPrint is invalid.
Line 171: The property name _ExtentX in BtnGroup is invalid.
Line 172: The property name _ExtentY in BtnGroup is invalid.
Line 173: The property name TX in BtnGroup is invalid.
Line 174: The property name ENAB in BtnGroup is invalid.
Line 184: The property name FOCUSR in BtnGroup is invalid.
Line 185: The property name MPTR in BtnGroup is invalid.
Line 186: The property name MICON in BtnGroup is invalid.
Line 187: The property name BC in BtnGroup is invalid.
Line 188: The property name FC in BtnGroup is invalid.
Line 196: The property name _ExtentX in TxtMemberID is invalid.
Line 197: The property name _ExtentY in TxtMemberID is invalid.
Line 199: The property name MaxLength in TxtMemberID is invalid.
Line 209: The property name Masked in TxtMemberID is invalid.
Line 210: The property name IntegralPoint in TxtMemberID is invalid.
Line 219: The property name _ExtentX in TxtMemberName is invalid.
Line 220: The property name _ExtentY in TxtMemberName is invalid.
Line 239: The property name _Version in DtpFrom is invalid.
Line 240: The property name _ExtentX in DtpFrom is invalid.
Line 241: The property name _ExtentY in DtpFrom is invalid.
Line 242: The property name _StockProps in DtpFrom is invalid.
Line 252: The property name DropDownFont in DtpFrom is invalid.
Line 253: The property name DateSeparator in DtpFrom is invalid.
Line 254: The property name Format in DtpFrom is invalid.
Line 255: The property name BackColorSelected in DtpFrom is invalid.
Line 256: The property name BevelColorFace in DtpFrom is invalid.
Line 257: The property name DividerStyle in DtpFrom is invalid.
Line 258: The property name ForeColorSelected in DtpFrom is invalid.
Line 259: The property name BevelType in DtpFrom is invalid.
Line 260: The property name SpinButton in DtpFrom is invalid.
Line 261: The property name Mask in DtpFrom is invalid.
Line 269: The property name _Version in DtpTo is invalid.
Line 270: The property name _ExtentX in DtpTo is invalid.
Line 271: The property name _ExtentY in DtpTo is invalid.
Line 272: The property name _StockProps in DtpTo is invalid.
Line 282: The property name DropDownFont in DtpTo is invalid.
Line 283: The property name DateSeparator in DtpTo is invalid.
Line 284: The property name Format in DtpTo is invalid.
Line 285: The property name BackColorSelected in DtpTo is invalid.
Line 286: The property name BevelColorFace in DtpTo is invalid.
Line 287: The property name DividerStyle in DtpTo is invalid.
Line 288: The property name ForeColorSelected in DtpTo is invalid.
Line 289: The property name BevelType in DtpTo is invalid.
Line 290: The property name SpinButton in DtpTo is invalid.
Line 291: The property name Mask in DtpTo is invalid.
Line 299: The property name _ExtentX in TxtNoOfProduct is invalid.
Line 300: The property name _ExtentY in TxtNoOfProduct is invalid.
Line 301: The property name Alignment in TxtNoOfProduct is invalid.
Line 303: The property name MaxLength in TxtNoOfProduct is invalid.
Line 304: The property name Text in TxtNoOfProduct is invalid.
Line 314: The property name Masked in TxtNoOfProduct is invalid.
