Line 28: Class JeweledBut.JeweledButton of control BtnClose was not a loaded control class.
Line 54: Class JeweledBut.JeweledButton of control BtnPreview was not a loaded control class.
Line 80: Class JeweledBut.JeweledButton of control BtnPrint was not a loaded control class.
Line 106: Class SSCalendarWidgets_A.SSDateCombo of control DtpFrom was not a loaded control class.
Line 136: Class SSCalendarWidgets_A.SSDateCombo of control DtpTo was not a loaded control class.
Line 166: Class SITextBox.Txt of control TxtEmpName was not a loaded control class.
Line 188: Class JeweledBut.JeweledButton of control BtnEmp was not a loaded control class.
Line 215: Class SITextBox.Txt of control TxtEmpID was not a loaded control class.
Line 237: Class SITextBox.Txt of control TxtShiftName was not a loaded control class.
Line 259: Class JeweledBut.JeweledButton of control BtnShift was not a loaded control class.
Line 286: Class SITextBox.Txt of control TxtShiftID was not a loaded control class.
Line 308: Class SITextBox.Txt of control TxtSaleCounterName was not a loaded control class.
Line 330: Class JeweledBut.JeweledButton of control BtnSaleCounter was not a loaded control class.
Line 357: Class SITextBox.Txt of control TxtSaleCounterID was not a loaded control class.
Line 379: Class JeweledBut.JeweledButton of control BtnUser was not a loaded control class.
Line 407: Class SITextBox.Txt of control TxtUserNo was not a loaded control class.
Line 429: Class SITextBox.Txt of control TxtUserName was not a loaded control class.
Line 35: The property name _ExtentX in BtnClose is invalid.
Line 36: The property name _ExtentY in BtnClose is invalid.
Line 37: The property name TX in BtnClose is invalid.
Line 38: The property name ENAB in BtnClose is invalid.
Line 48: The property name FOCUSR in BtnClose is invalid.
Line 49: The property name MPTR in BtnClose is invalid.
Line 50: The property name MICON in BtnClose is invalid.
Line 51: The property name BC in BtnClose is invalid.
Line 52: The property name FC in BtnClose is invalid.
Line 61: The property name _ExtentX in BtnPreview is invalid.
Line 62: The property name _ExtentY in BtnPreview is invalid.
Line 63: The property name TX in BtnPreview is invalid.
Line 64: The property name ENAB in BtnPreview is invalid.
Line 74: The property name FOCUSR in BtnPreview is invalid.
Line 75: The property name MPTR in BtnPreview is invalid.
Line 76: The property name MICON in BtnPreview is invalid.
Line 77: The property name BC in BtnPreview is invalid.
Line 78: The property name FC in BtnPreview is invalid.
Line 87: The property name _ExtentX in BtnPrint is invalid.
Line 88: The property name _ExtentY in BtnPrint is invalid.
Line 89: The property name TX in BtnPrint is invalid.
Line 90: The property name ENAB in BtnPrint is invalid.
Line 100: The property name FOCUSR in BtnPrint is invalid.
Line 101: The property name MPTR in BtnPrint is invalid.
Line 102: The property name MICON in BtnPrint is invalid.
Line 103: The property name BC in BtnPrint is invalid.
Line 104: The property name FC in BtnPrint is invalid.
Line 112: The property name _Version in DtpFrom is invalid.
Line 113: The property name _ExtentX in DtpFrom is invalid.
Line 114: The property name _ExtentY in DtpFrom is invalid.
Line 115: The property name _StockProps in DtpFrom is invalid.
Line 125: The property name DropDownFont in DtpFrom is invalid.
Line 126: The property name DateSeparator in DtpFrom is invalid.
Line 127: The property name Format in DtpFrom is invalid.
Line 128: The property name BackColorSelected in DtpFrom is invalid.
Line 129: The property name BevelColorFace in DtpFrom is invalid.
Line 130: The property name DividerStyle in DtpFrom is invalid.
Line 131: The property name ForeColorSelected in DtpFrom is invalid.
Line 132: The property name BevelType in DtpFrom is invalid.
Line 133: The property name SpinButton in DtpFrom is invalid.
Line 134: The property name Mask in DtpFrom is invalid.
Line 142: The property name _Version in DtpTo is invalid.
Line 143: The property name _ExtentX in DtpTo is invalid.
Line 144: The property name _ExtentY in DtpTo is invalid.
Line 145: The property name _StockProps in DtpTo is invalid.
Line 155: The property name DropDownFont in DtpTo is invalid.
Line 156: The property name DateSeparator in DtpTo is invalid.
Line 157: The property name Format in DtpTo is invalid.
Line 158: The property name BackColorSelected in DtpTo is invalid.
Line 159: The property name BevelColorFace in DtpTo is invalid.
Line 160: The property name DividerStyle in DtpTo is invalid.
Line 161: The property name ForeColorSelected in DtpTo is invalid.
Line 162: The property name BevelType in DtpTo is invalid.
Line 163: The property name SpinButton in DtpTo is invalid.
Line 164: The property name Mask in DtpTo is invalid.
Line 172: The property name _ExtentX in TxtEmpName is invalid.
Line 173: The property name _ExtentY in TxtEmpName is invalid.
Line 176: The property name MaxLength in TxtEmpName is invalid.
Line 186: The property name Masked in TxtEmpName is invalid.
Line 196: The property name _ExtentX in BtnEmp is invalid.
Line 197: The property name _ExtentY in BtnEmp is invalid.
Line 198: The property name TX in BtnEmp is invalid.
Line 199: The property name ENAB in BtnEmp is invalid.
Line 209: The property name FOCUSR in BtnEmp is invalid.
Line 210: The property name MPTR in BtnEmp is invalid.
Line 211: The property name MICON in BtnEmp is invalid.
Line 212: The property name BC in BtnEmp is invalid.
Line 213: The property name FC in BtnEmp is invalid.
Line 221: The property name _ExtentX in TxtEmpID is invalid.
Line 222: The property name _ExtentY in TxtEmpID is invalid.
Line 224: The property name MaxLength in TxtEmpID is invalid.
Line 234: The property name Masked in TxtEmpID is invalid.
Line 235: The property name IntegralPoint in TxtEmpID is invalid.
Line 243: The property name _ExtentX in TxtShiftName is invalid.
Line 244: The property name _ExtentY in TxtShiftName is invalid.
Line 247: The property name MaxLength in TxtShiftName is invalid.
Line 257: The property name Masked in TxtShiftName is invalid.
Line 267: The property name _ExtentX in BtnShift is invalid.
Line 268: The property name _ExtentY in BtnShift is invalid.
Line 269: The property name TX in BtnShift is invalid.
Line 270: The property name ENAB in BtnShift is invalid.
Line 280: The property name FOCUSR in BtnShift is invalid.
Line 281: The property name MPTR in BtnShift is invalid.
Line 282: The property name MICON in BtnShift is invalid.
Line 283: The property name BC in BtnShift is invalid.
Line 284: The property name FC in BtnShift is invalid.
Line 292: The property name _ExtentX in TxtShiftID is invalid.
Line 293: The property name _ExtentY in TxtShiftID is invalid.
Line 295: The property name MaxLength in TxtShiftID is invalid.
Line 305: The property name Masked in TxtShiftID is invalid.
Line 306: The property name IntegralPoint in TxtShiftID is invalid.
Line 314: The property name _ExtentX in TxtSaleCounterName is invalid.
Line 315: The property name _ExtentY in TxtSaleCounterName is invalid.
Line 318: The property name MaxLength in TxtSaleCounterName is invalid.
Line 328: The property name Masked in TxtSaleCounterName is invalid.
Line 338: The property name _ExtentX in BtnSaleCounter is invalid.
Line 339: The property name _ExtentY in BtnSaleCounter is invalid.
Line 340: The property name TX in BtnSaleCounter is invalid.
Line 341: The property name ENAB in BtnSaleCounter is invalid.
Line 351: The property name FOCUSR in BtnSaleCounter is invalid.
Line 352: The property name MPTR in BtnSaleCounter is invalid.
Line 353: The property name MICON in BtnSaleCounter is invalid.
Line 354: The property name BC in BtnSaleCounter is invalid.
Line 355: The property name FC in BtnSaleCounter is invalid.
Line 363: The property name _ExtentX in TxtSaleCounterID is invalid.
Line 364: The property name _ExtentY in TxtSaleCounterID is invalid.
Line 366: The property name MaxLength in TxtSaleCounterID is invalid.
Line 376: The property name Masked in TxtSaleCounterID is invalid.
Line 377: The property name IntegralPoint in TxtSaleCounterID is invalid.
Line 388: The property name _ExtentX in BtnUser is invalid.
Line 389: The property name _ExtentY in BtnUser is invalid.
Line 390: The property name TX in BtnUser is invalid.
Line 391: The property name ENAB in BtnUser is invalid.
Line 401: The property name FOCUSR in BtnUser is invalid.
Line 402: The property name MPTR in BtnUser is invalid.
Line 403: The property name MICON in BtnUser is invalid.
Line 404: The property name BC in BtnUser is invalid.
Line 405: The property name FC in BtnUser is invalid.
Line 413: The property name _ExtentX in TxtUserNo is invalid.
Line 414: The property name _ExtentY in TxtUserNo is invalid.
Line 416: The property name MaxLength in TxtUserNo is invalid.
Line 426: The property name Masked in TxtUserNo is invalid.
Line 427: The property name IntegralPoint in TxtUserNo is invalid.
Line 436: The property name _ExtentX in TxtUserName is invalid.
Line 437: The property name _ExtentY in TxtUserName is invalid.
