Line 36: Class JeweledBut.JeweledButton of control BtnClose was not a loaded control class.
Line 62: Class JeweledBut.JeweledButton of control BtnPreview was not a loaded control class.
Line 87: Class JeweledBut.JeweledButton of control BtnPrint was not a loaded control class.
Line 113: Class SSCalendarWidgets_A.SSDateCombo of control DtpFrom was not a loaded control class.
Line 144: Class SSCalendarWidgets_A.SSDateCombo of control DtpTo was not a loaded control class.
Line 175: Class SITextBox.Txt of control TxtCode was not a loaded control class.
Line 197: Class JeweledBut.JeweledButton of control BtnProduct was not a loaded control class.
Line 223: Class SITextBox.Txt of control TxtProductName was not a loaded control class.
Line 244: Class SITextBox.Txt of control TxtProductID was not a loaded control class.
Line 43: The property name _ExtentX in BtnClose is invalid.
Line 44: The property name _ExtentY in BtnClose is invalid.
Line 45: The property name TX in BtnClose is invalid.
Line 46: The property name ENAB in BtnClose is invalid.
Line 56: The property name FOCUSR in BtnClose is invalid.
Line 57: The property name MPTR in BtnClose is invalid.
Line 58: The property name MICON in BtnClose is invalid.
Line 59: The property name BC in BtnClose is invalid.
Line 60: The property name FC in BtnClose is invalid.
Line 68: The property name _ExtentX in BtnPreview is invalid.
Line 69: The property name _ExtentY in BtnPreview is invalid.
Line 70: The property name TX in BtnPreview is invalid.
Line 71: The property name ENAB in BtnPreview is invalid.
Line 81: The property name FOCUSR in BtnPreview is invalid.
Line 82: The property name MPTR in BtnPreview is invalid.
Line 83: The property name MICON in BtnPreview is invalid.
Line 84: The property name BC in BtnPreview is invalid.
Line 85: The property name FC in BtnPreview is invalid.
Line 94: The property name _ExtentX in BtnPrint is invalid.
Line 95: The property name _ExtentY in BtnPrint is invalid.
Line 96: The property name TX in BtnPrint is invalid.
Line 97: The property name ENAB in BtnPrint is invalid.
Line 107: The property name FOCUSR in BtnPrint is invalid.
Line 108: The property name MPTR in BtnPrint is invalid.
Line 109: The property name MICON in BtnPrint is invalid.
Line 110: The property name BC in BtnPrint is invalid.
Line 111: The property name FC in BtnPrint is invalid.
Line 120: The property name _Version in DtpFrom is invalid.
Line 121: The property name _ExtentX in DtpFrom is invalid.
Line 122: The property name _ExtentY in DtpFrom is invalid.
Line 123: The property name _StockProps in DtpFrom is invalid.
Line 133: The property name DropDownFont in DtpFrom is invalid.
Line 134: The property name DateSeparator in DtpFrom is invalid.
Line 135: The property name Format in DtpFrom is invalid.
Line 136: The property name BackColorSelected in DtpFrom is invalid.
Line 137: The property name BevelColorFace in DtpFrom is invalid.
Line 138: The property name DividerStyle in DtpFrom is invalid.
Line 139: The property name ForeColorSelected in DtpFrom is invalid.
Line 140: The property name BevelType in DtpFrom is invalid.
Line 141: The property name SpinButton in DtpFrom is invalid.
Line 142: The property name Mask in DtpFrom is invalid.
Line 151: The property name _Version in DtpTo is invalid.
Line 152: The property name _ExtentX in DtpTo is invalid.
Line 153: The property name _ExtentY in DtpTo is invalid.
Line 154: The property name _StockProps in DtpTo is invalid.
Line 164: The property name DropDownFont in DtpTo is invalid.
Line 165: The property name DateSeparator in DtpTo is invalid.
Line 166: The property name Format in DtpTo is invalid.
Line 167: The property name BackColorSelected in DtpTo is invalid.
Line 168: The property name BevelColorFace in DtpTo is invalid.
Line 169: The property name DividerStyle in DtpTo is invalid.
Line 170: The property name ForeColorSelected in DtpTo is invalid.
Line 171: The property name BevelType in DtpTo is invalid.
Line 172: The property name SpinButton in DtpTo is invalid.
Line 173: The property name Mask in DtpTo is invalid.
Line 181: The property name _ExtentX in TxtCode is invalid.
Line 182: The property name _ExtentY in TxtCode is invalid.
Line 184: The property name MaxLength in TxtCode is invalid.
Line 194: The property name Masked in TxtCode is invalid.
Line 195: The property name IntegralPoint in TxtCode is invalid.
Line 204: The property name _ExtentX in BtnProduct is invalid.
Line 205: The property name _ExtentY in BtnProduct is invalid.
Line 206: The property name TX in BtnProduct is invalid.
Line 207: The property name ENAB in BtnProduct is invalid.
Line 217: The property name FOCUSR in BtnProduct is invalid.
Line 218: The property name MPTR in BtnProduct is invalid.
Line 219: The property name MICON in BtnProduct is invalid.
Line 220: The property name BC in BtnProduct is invalid.
Line 221: The property name FC in BtnProduct is invalid.
Line 229: The property name _ExtentX in TxtProductName is invalid.
Line 230: The property name _ExtentY in TxtProductName is invalid.
Line 242: The property name Masked in TxtProductName is invalid.
Line 251: The property name _ExtentX in TxtProductID is invalid.
Line 252: The property name _ExtentY in TxtProductID is invalid.
Line 254: The property name MaxLength in TxtProductID is invalid.
Line 264: The property name Masked in TxtProductID is invalid.
Line 265: The property name IntegralPoint in TxtProductID is invalid.
Line 266: The property name Mandatory in TxtProductID is invalid.
