Line 150: Class SSDataWidgets_B_OLEDB.SSOleDBGrid of control Grid was not a loaded control class.
Line 156: The property name ScrollBars in Grid is invalid.
Line 157: The property name _Version in Grid is invalid.
Line 158: The property name DataMode in Grid is invalid.
Line 159: The property name RecordSelectors in Grid is invalid.
Line 160: The property name Col.Count in Grid is invalid.
Line 161: The property name stylesets.count in Grid is invalid.
Line 162: The property name stylesets(0).Name in Grid is invalid.
Line 163: The property name stylesets(0).ForeColor in Grid is invalid.
Line 164: The property name stylesets(0).BackColor in Grid is invalid.
Line 165: The property name stylesets(0).HasFont in Grid is invalid.
Line 174: The property name stylesets(0).Font in Grid is invalid.
Line 175: The property name stylesets(0).Picture in Grid is invalid.
Line 176: The property name AllowDelete in Grid is invalid.
Line 177: The property name AllowUpdate in Grid is invalid.
Line 178: The property name MultiLine in Grid is invalid.
Line 179: The property name ActiveCellStyleSet in Grid is invalid.
Line 180: The property name AllowRowSizing in Grid is invalid.
Line 181: The property name AllowGroupSizing in Grid is invalid.
Line 182: The property name AllowColumnSizing in Grid is invalid.
Line 183: The property name AllowGroupMoving in Grid is invalid.
Line 184: The property name AllowColumnMoving in Grid is invalid.
Line 185: The property name AllowGroupSwapping in Grid is invalid.
Line 186: The property name AllowColumnSwapping in Grid is invalid.
Line 187: The property name AllowGroupShrinking in Grid is invalid.
Line 188: The property name AllowColumnShrinking in Grid is invalid.
Line 189: The property name AllowDragDrop in Grid is invalid.
Line 190: The property name SelectTypeCol in Grid is invalid.
Line 191: The property name SelectTypeRow in Grid is invalid.
Line 192: The property name ForeColorEven in Grid is invalid.
Line 193: The property name BackColorOdd in Grid is invalid.
Line 194: The property name RowHeight in Grid is invalid.
Line 195: The property name ExtraHeight in Grid is invalid.
Line 196: The property name ActiveRowStyleSet in Grid is invalid.
Line 197: The property name Columns.Count in Grid is invalid.
Line 198: The property name Columns(0).Width in Grid is invalid.
Line 199: The property name Columns(0).Caption in Grid is invalid.
Line 200: The property name Columns(0).Name in Grid is invalid.
Line 201: The property name Columns(0).CaptionAlignment in Grid is invalid.
Line 202: The property name Columns(0).DataField in Grid is invalid.
Line 203: The property name Columns(0).DataType in Grid is invalid.
Line 204: The property name Columns(0).FieldLen in Grid is invalid.
Line 205: The property name Columns(0).Locked in Grid is invalid.
Line 206: The property name Columns(1).Width in Grid is invalid.
Line 207: The property name Columns(1).Caption in Grid is invalid.
Line 208: The property name Columns(1).Name in Grid is invalid.
Line 209: The property name Columns(1).CaptionAlignment in Grid is invalid.
Line 210: The property name Columns(1).DataField in Grid is invalid.
Line 211: The property name Columns(1).DataType in Grid is invalid.
Line 212: The property name Columns(1).FieldLen in Grid is invalid.
Line 213: The property name Columns(1).Locked in Grid is invalid.
Line 214: The property name Columns(2).Width in Grid is invalid.
Line 215: The property name Columns(2).Caption in Grid is invalid.
Line 216: The property name Columns(2).Name in Grid is invalid.
Line 217: The property name Columns(2).DataField in Grid is invalid.
Line 218: The property name Columns(2).DataType in Grid is invalid.
Line 219: The property name Columns(2).FieldLen in Grid is invalid.
Line 220: The property name Columns(3).Width in Grid is invalid.
Line 221: The property name Columns(3).Caption in Grid is invalid.
Line 222: The property name Columns(3).Name in Grid is invalid.
Line 223: The property name Columns(3).Alignment in Grid is invalid.
Line 224: The property name Columns(3).CaptionAlignment in Grid is invalid.
Line 225: The property name Columns(3).DataField in Grid is invalid.
Line 226: The property name Columns(3).DataType in Grid is invalid.
Line 227: The property name Columns(3).NumberFormat in Grid is invalid.
Line 228: The property name Columns(3).FieldLen in Grid is invalid.
Line 229: The property name _ExtentX in Grid is invalid.
Line 230: The property name _ExtentY in Grid is invalid.
Line 231: The property name _StockProps in Grid is invalid.
Line 241: The property name PageFooterFont in Grid is invalid.
Line 250: The property name PageHeaderFont in Grid is invalid.
