Line 87: Class SSDataWidgets_B_OLEDB.SSOleDBGrid of control Grid was not a loaded control class.
Line 93: The property name ScrollBars in Grid is invalid.
Line 94: The property name _Version in Grid is invalid.
Line 95: The property name RecordSelectors in Grid is invalid.
Line 96: The property name stylesets.count in Grid is invalid.
Line 97: The property name stylesets(0).Name in Grid is invalid.
Line 98: The property name stylesets(0).ForeColor in Grid is invalid.
Line 99: The property name stylesets(0).BackColor in Grid is invalid.
Line 100: The property name stylesets(0).HasFont in Grid is invalid.
Line 109: The property name stylesets(0).Font in Grid is invalid.
Line 110: The property name stylesets(0).Picture in Grid is invalid.
Line 111: The property name AllowUpdate in Grid is invalid.
Line 112: The property name AllowRowSizing in Grid is invalid.
Line 113: The property name AllowGroupSizing in Grid is invalid.
Line 114: The property name AllowColumnSizing in Grid is invalid.
Line 115: The property name AllowGroupMoving in Grid is invalid.
Line 116: The property name AllowColumnMoving in Grid is invalid.
Line 117: The property name AllowGroupSwapping in Grid is invalid.
Line 118: The property name AllowColumnSwapping in Grid is invalid.
Line 119: The property name AllowGroupShrinking in Grid is invalid.
Line 120: The property name AllowColumnShrinking in Grid is invalid.
Line 121: The property name AllowDragDrop in Grid is invalid.
Line 122: The property name SelectTypeCol in Grid is invalid.
Line 123: The property name SelectTypeRow in Grid is invalid.
Line 124: The property name RowNavigation in Grid is invalid.
Line 125: The property name ForeColorEven in Grid is invalid.
Line 126: The property name BackColorEven in Grid is invalid.
Line 127: The property name BackColorOdd in Grid is invalid.
Line 128: The property name RowHeight in Grid is invalid.
Line 129: The property name ActiveRowStyleSet in Grid is invalid.
Line 130: The property name Columns.Count in Grid is invalid.
Line 131: The property name Columns(0).Width in Grid is invalid.
Line 132: The property name Columns(0).Caption in Grid is invalid.
Line 133: The property name Columns(0).Name in Grid is invalid.
Line 134: The property name Columns(0).CaptionAlignment in Grid is invalid.
Line 135: The property name Columns(0).DataField in Grid is invalid.
Line 136: The property name Columns(0).DataType in Grid is invalid.
Line 137: The property name Columns(0).FieldLen in Grid is invalid.
Line 138: The property name Columns(1).Width in Grid is invalid.
Line 139: The property name Columns(1).Caption in Grid is invalid.
Line 140: The property name Columns(1).Name in Grid is invalid.
Line 141: The property name Columns(1).CaptionAlignment in Grid is invalid.
Line 142: The property name Columns(1).DataField in Grid is invalid.
Line 143: The property name Columns(1).DataType in Grid is invalid.
Line 144: The property name Columns(1).FieldLen in Grid is invalid.
Line 145: The property name Columns(2).Width in Grid is invalid.
Line 146: The property name Columns(2).Caption in Grid is invalid.
Line 147: The property name Columns(2).Name in Grid is invalid.
Line 148: The property name Columns(2).DataField in Grid is invalid.
Line 149: The property name Columns(2).DataType in Grid is invalid.
Line 150: The property name Columns(2).FieldLen in Grid is invalid.
Line 151: The property name TabNavigation in Grid is invalid.
Line 152: The property name _ExtentX in Grid is invalid.
Line 153: The property name _ExtentY in Grid is invalid.
Line 154: The property name _StockProps in Grid is invalid.
Line 164: The property name PageFooterFont in Grid is invalid.
Line 173: The property name PageHeaderFont in Grid is invalid.
