Line 87: Class JeweledBut.JeweledButton of control BtnClose was not a loaded control class.
Line 113: Class JeweledBut.JeweledButton of control BtnPreview was not a loaded control class.
Line 138: Class JeweledBut.JeweledButton of control BtnPrint was not a loaded control class.
Line 164: Class JeweledBut.JeweledButton of control BtnACPayee was not a loaded control class.
Line 192: Class SITextBox.Txt of control TxtACPayeeID was not a loaded control class.
Line 215: Class SITextBox.Txt of control TxtACPayeeName was not a loaded control class.
Line 236: Class JeweledBut.JeweledButton of control BtnReceive was not a loaded control class.
Line 264: Class JeweledBut.JeweledButton of control BtnBank was not a loaded control class.
Line 292: Class SITextBox.Txt of control txtBankID was not a loaded control class.
Line 315: Class SITextBox.Txt of control txtBankName was not a loaded control class.
Line 336: Class SITextBox.Txt of control TxtChequeNo was not a loaded control class.
Line 359: Class JeweledBut.JeweledButton of control BtnChequeNo was not a loaded control class.
Line 385: Class SITextBox.Txt of control TxtReceiveBy was not a loaded control class.
Line 407: Class SITextBox.Txt of control TxtVoucherID was not a loaded control class.
Line 452: Class JeweledBut.JeweledButton of control BtnVoucher was not a loaded control class.
Line 478: Class SSCalendarWidgets_A.SSDateCombo of control DtpFromDate was not a loaded control class.
Line 508: Class SSCalendarWidgets_A.SSDateCombo of control DtpToDate was not a loaded control class.
Line 538: Class SSCalendarWidgets_A.SSDateCombo of control DtpChequeDateFrom was not a loaded control class.
Line 568: Class SSCalendarWidgets_A.SSDateCombo of control DtpChequeDateTo was not a loaded control class.
Line 94: The property name _ExtentX in BtnClose is invalid.
Line 95: The property name _ExtentY in BtnClose is invalid.
Line 96: The property name TX in BtnClose is invalid.
Line 97: The property name ENAB in BtnClose is invalid.
Line 107: The property name FOCUSR in BtnClose is invalid.
Line 108: The property name MPTR in BtnClose is invalid.
Line 109: The property name MICON in BtnClose is invalid.
Line 110: The property name BC in BtnClose is invalid.
Line 111: The property name FC in BtnClose is invalid.
Line 119: The property name _ExtentX in BtnPreview is invalid.
Line 120: The property name _ExtentY in BtnPreview is invalid.
Line 121: The property name TX in BtnPreview is invalid.
Line 122: The property name ENAB in BtnPreview is invalid.
Line 132: The property name FOCUSR in BtnPreview is invalid.
Line 133: The property name MPTR in BtnPreview is invalid.
Line 134: The property name MICON in BtnPreview is invalid.
Line 135: The property name BC in BtnPreview is invalid.
Line 136: The property name FC in BtnPreview is invalid.
Line 145: The property name _ExtentX in BtnPrint is invalid.
Line 146: The property name _ExtentY in BtnPrint is invalid.
Line 147: The property name TX in BtnPrint is invalid.
Line 148: The property name ENAB in BtnPrint is invalid.
Line 158: The property name FOCUSR in BtnPrint is invalid.
Line 159: The property name MPTR in BtnPrint is invalid.
Line 160: The property name MICON in BtnPrint is invalid.
Line 161: The property name BC in BtnPrint is invalid.
Line 162: The property name FC in BtnPrint is invalid.
Line 173: The property name _ExtentX in BtnACPayee is invalid.
Line 174: The property name _ExtentY in BtnACPayee is invalid.
Line 175: The property name TX in BtnACPayee is invalid.
Line 176: The property name ENAB in BtnACPayee is invalid.
Line 186: The property name FOCUSR in BtnACPayee is invalid.
Line 187: The property name MPTR in BtnACPayee is invalid.
Line 188: The property name MICON in BtnACPayee is invalid.
Line 189: The property name BC in BtnACPayee is invalid.
Line 190: The property name FC in BtnACPayee is invalid.
Line 198: The property name _ExtentX in TxtACPayeeID is invalid.
Line 199: The property name _ExtentY in TxtACPayeeID is invalid.
Line 201: The property name MaxLength in TxtACPayeeID is invalid.
Line 211: The property name Masked in TxtACPayeeID is invalid.
Line 212: The property name IntegralPoint in TxtACPayeeID is invalid.
Line 213: The property name Mandatory in TxtACPayeeID is invalid.
Line 222: The property name _ExtentX in TxtACPayeeName is invalid.
Line 223: The property name _ExtentY in TxtACPayeeName is invalid.
Line 245: The property name _ExtentX in BtnReceive is invalid.
Line 246: The property name _ExtentY in BtnReceive is invalid.
Line 247: The property name TX in BtnReceive is invalid.
Line 248: The property name ENAB in BtnReceive is invalid.
Line 258: The property name FOCUSR in BtnReceive is invalid.
Line 259: The property name MPTR in BtnReceive is invalid.
Line 260: The property name MICON in BtnReceive is invalid.
Line 261: The property name BC in BtnReceive is invalid.
Line 262: The property name FC in BtnReceive is invalid.
Line 273: The property name _ExtentX in BtnBank is invalid.
Line 274: The property name _ExtentY in BtnBank is invalid.
Line 275: The property name TX in BtnBank is invalid.
Line 276: The property name ENAB in BtnBank is invalid.
Line 286: The property name FOCUSR in BtnBank is invalid.
Line 287: The property name MPTR in BtnBank is invalid.
Line 288: The property name MICON in BtnBank is invalid.
Line 289: The property name BC in BtnBank is invalid.
Line 290: The property name FC in BtnBank is invalid.
Line 298: The property name _ExtentX in txtBankID is invalid.
Line 299: The property name _ExtentY in txtBankID is invalid.
Line 301: The property name MaxLength in txtBankID is invalid.
Line 311: The property name Masked in txtBankID is invalid.
Line 312: The property name IntegralPoint in txtBankID is invalid.
Line 313: The property name Mandatory in txtBankID is invalid.
Line 322: The property name _ExtentX in txtBankName is invalid.
Line 323: The property name _ExtentY in txtBankName is invalid.
Line 342: The property name _ExtentX in TxtChequeNo is invalid.
Line 343: The property name _ExtentY in TxtChequeNo is invalid.
Line 345: The property name MaxLength in TxtChequeNo is invalid.
Line 355: The property name Masked in TxtChequeNo is invalid.
Line 356: The property name IntegralPoint in TxtChequeNo is invalid.
Line 357: The property name Mandatory in TxtChequeNo is invalid.
Line 366: The property name _ExtentX in BtnChequeNo is invalid.
Line 367: The property name _ExtentY in BtnChequeNo is invalid.
Line 368: The property name TX in BtnChequeNo is invalid.
Line 369: The property name ENAB in BtnChequeNo is invalid.
Line 379: The property name FOCUSR in BtnChequeNo is invalid.
Line 380: The property name MPTR in BtnChequeNo is invalid.
Line 381: The property name MICON in BtnChequeNo is invalid.
Line 382: The property name BC in BtnChequeNo is invalid.
Line 383: The property name FC in BtnChequeNo is invalid.
Line 391: The property name _ExtentX in TxtReceiveBy is invalid.
Line 392: The property name _ExtentY in TxtReceiveBy is invalid.
Line 394: The property name MaxLength in TxtReceiveBy is invalid.
Line 404: The property name IntegralPoint in TxtReceiveBy is invalid.
Line 405: The property name Mandatory in TxtReceiveBy is invalid.
Line 413: The property name _ExtentX in TxtVoucherID is invalid.
Line 414: The property name _ExtentY in TxtVoucherID is invalid.
Line 416: The property name MaxLength in TxtVoucherID is invalid.
Line 426: The property name Masked in TxtVoucherID is invalid.
Line 427: The property name IntegralPoint in TxtVoucherID is invalid.
Line 428: The property name Mandatory in TxtVoucherID is invalid.
Line 459: The property name _ExtentX in BtnVoucher is invalid.
Line 460: The property name _ExtentY in BtnVoucher is invalid.
Line 461: The property name TX in BtnVoucher is invalid.
Line 462: The property name ENAB in BtnVoucher is invalid.
Line 472: The property name FOCUSR in BtnVoucher is invalid.
Line 473: The property name MPTR in BtnVoucher is invalid.
Line 474: The property name MICON in BtnVoucher is invalid.
Line 475: The property name BC in BtnVoucher is invalid.
Line 476: The property name FC in BtnVoucher is invalid.
Line 484: The property name _Version in DtpFromDate is invalid.
Line 485: The property name _ExtentX in DtpFromDate is invalid.
Line 486: The property name _ExtentY in DtpFromDate is invalid.
Line 487: The property name _StockProps in DtpFromDate is invalid.
Line 497: The property name DropDownFont in DtpFromDate is invalid.
Line 498: The property name DateSeparator in DtpFromDate is invalid.
Line 499: The property name Format in DtpFromDate is invalid.
Line 500: The property name BackColorSelected in DtpFromDate is invalid.
Line 501: The property name BevelColorFace in DtpFromDate is invalid.
Line 502: The property name DividerStyle in DtpFromDate is invalid.
Line 503: The property name ForeColorSelected in DtpFromDate is invalid.
Line 504: The property name BevelType in DtpFromDate is invalid.
Line 505: The property name SpinButton in DtpFromDate is invalid.
Line 506: The property name Mask in DtpFromDate is invalid.
Line 514: The property name _Version in DtpToDate is invalid.
Line 515: The property name _ExtentX in DtpToDate is invalid.
Line 516: The property name _ExtentY in DtpToDate is invalid.
Line 517: The property name _StockProps in DtpToDate is invalid.
Line 527: The property name DropDownFont in DtpToDate is invalid.
Line 528: The property name DateSeparator in DtpToDate is invalid.
Line 529: The property name Format in DtpToDate is invalid.
Line 530: The property name BackColorSelected in DtpToDate is invalid.
Line 531: The property name BevelColorFace in DtpToDate is invalid.
Line 532: The property name DividerStyle in DtpToDate is invalid.
Line 533: The property name ForeColorSelected in DtpToDate is invalid.
Line 534: The property name BevelType in DtpToDate is invalid.
Line 535: The property name SpinButton in DtpToDate is invalid.
Line 536: The property name Mask in DtpToDate is invalid.
Line 544: The property name _Version in DtpChequeDateFrom is invalid.
Line 545: The property name _ExtentX in DtpChequeDateFrom is invalid.
Line 546: The property name _ExtentY in DtpChequeDateFrom is invalid.
Line 547: The property name _StockProps in DtpChequeDateFrom is invalid.
Line 557: The property name DropDownFont in DtpChequeDateFrom is invalid.
Line 558: The property name DateSeparator in DtpChequeDateFrom is invalid.
Line 559: The property name Format in DtpChequeDateFrom is invalid.
Line 560: The property name BackColorSelected in DtpChequeDateFrom is invalid.
Line 561: The property name BevelColorFace in DtpChequeDateFrom is invalid.
Line 562: The property name DividerStyle in DtpChequeDateFrom is invalid.
Line 563: The property name ForeColorSelected in DtpChequeDateFrom is invalid.
Line 564: The property name BevelType in DtpChequeDateFrom is invalid.
Line 565: The property name SpinButton in DtpChequeDateFrom is invalid.
Line 566: The property name Mask in DtpChequeDateFrom is invalid.
Line 574: The property name _Version in DtpChequeDateTo is invalid.
Line 575: The property name _ExtentX in DtpChequeDateTo is invalid.
Line 576: The property name _ExtentY in DtpChequeDateTo is invalid.
Line 577: The property name _StockProps in DtpChequeDateTo is invalid.
Line 587: The property name DropDownFont in DtpChequeDateTo is invalid.
Line 588: The property name DateSeparator in DtpChequeDateTo is invalid.
Line 589: The property name Format in DtpChequeDateTo is invalid.
Line 590: The property name BackColorSelected in DtpChequeDateTo is invalid.
Line 591: The property name BevelColorFace in DtpChequeDateTo is invalid.
Line 592: The property name DividerStyle in DtpChequeDateTo is invalid.
Line 593: The property name ForeColorSelected in DtpChequeDateTo is invalid.
Line 594: The property name BevelType in DtpChequeDateTo is invalid.
Line 595: The property name SpinButton in DtpChequeDateTo is invalid.
Line 596: The property name Mask in DtpChequeDateTo is invalid.
