Line 102: Class SSDataWidgets_B_OLEDB.SSOleDBGrid of control Grid was not a loaded control class.
Line 192: Class JeweledBut.JeweledButton of control BtnNew was not a loaded control class.
Line 217: Class JeweledBut.JeweledButton of control BtnOpen was not a loaded control class.
Line 242: Class JeweledBut.JeweledButton of control BtnDelete was not a loaded control class.
Line 267: Class JeweledBut.JeweledButton of control BtnSave was not a loaded control class.
Line 292: Class JeweledBut.JeweledButton of control BtnClear was not a loaded control class.
Line 317: Class JeweledBut.JeweledButton of control BtnClose was not a loaded control class.
Line 108: The property name ScrollBars in Grid is invalid.
Line 109: The property name _Version in Grid is invalid.
Line 110: The property name stylesets.count in Grid is invalid.
Line 111: The property name stylesets(0).Name in Grid is invalid.
Line 112: The property name stylesets(0).ForeColor in Grid is invalid.
Line 113: The property name stylesets(0).BackColor in Grid is invalid.
Line 114: The property name stylesets(0).HasFont in Grid is invalid.
Line 123: The property name stylesets(0).Font in Grid is invalid.
Line 124: The property name stylesets(0).Picture in Grid is invalid.
Line 125: The property name AllowUpdate in Grid is invalid.
Line 126: The property name MultiLine in Grid is invalid.
Line 127: The property name AllowRowSizing in Grid is invalid.
Line 128: The property name AllowGroupSizing in Grid is invalid.
Line 129: The property name AllowColumnSizing in Grid is invalid.
Line 130: The property name AllowGroupMoving in Grid is invalid.
Line 131: The property name AllowColumnMoving in Grid is invalid.
Line 132: The property name AllowGroupSwapping in Grid is invalid.
Line 133: The property name AllowColumnSwapping in Grid is invalid.
Line 134: The property name AllowGroupShrinking in Grid is invalid.
Line 135: The property name AllowColumnShrinking in Grid is invalid.
Line 136: The property name AllowDragDrop in Grid is invalid.
Line 137: The property name SelectTypeCol in Grid is invalid.
Line 138: The property name SelectTypeRow in Grid is invalid.
Line 139: The property name ForeColorEven in Grid is invalid.
Line 140: The property name BackColorOdd in Grid is invalid.
Line 141: The property name RowHeight in Grid is invalid.
Line 142: The property name ExtraHeight in Grid is invalid.
Line 143: The property name ActiveRowStyleSet in Grid is invalid.
Line 144: The property name Columns.Count in Grid is invalid.
Line 145: The property name Columns(0).Width in Grid is invalid.
Line 146: The property name Columns(0).Caption in Grid is invalid.
Line 147: The property name Columns(0).Name in Grid is invalid.
Line 148: The property name Columns(0).CaptionAlignment in Grid is invalid.
Line 149: The property name Columns(0).DataField in Grid is invalid.
Line 150: The property name Columns(0).DataType in Grid is invalid.
Line 151: The property name Columns(0).FieldLen in Grid is invalid.
Line 152: The property name Columns(1).Width in Grid is invalid.
Line 153: The property name Columns(1).Caption in Grid is invalid.
Line 154: The property name Columns(1).Name in Grid is invalid.
Line 155: The property name Columns(1).CaptionAlignment in Grid is invalid.
Line 156: The property name Columns(1).DataField in Grid is invalid.
Line 157: The property name Columns(1).DataType in Grid is invalid.
Line 158: The property name Columns(1).FieldLen in Grid is invalid.
Line 159: The property name TabNavigation in Grid is invalid.
Line 160: The property name _ExtentX in Grid is invalid.
Line 161: The property name _ExtentY in Grid is invalid.
Line 162: The property name _StockProps in Grid is invalid.
Line 172: The property name PageFooterFont in Grid is invalid.
Line 181: The property name PageHeaderFont in Grid is invalid.
Line 198: The property name _ExtentX in BtnNew is invalid.
Line 199: The property name _ExtentY in BtnNew is invalid.
Line 200: The property name TX in BtnNew is invalid.
Line 201: The property name ENAB in BtnNew is invalid.
Line 211: The property name FOCUSR in BtnNew is invalid.
Line 212: The property name MPTR in BtnNew is invalid.
Line 213: The property name MICON in BtnNew is invalid.
Line 214: The property name BC in BtnNew is invalid.
Line 215: The property name FC in BtnNew is invalid.
Line 223: The property name _ExtentX in BtnOpen is invalid.
Line 224: The property name _ExtentY in BtnOpen is invalid.
Line 225: The property name TX in BtnOpen is invalid.
Line 226: The property name ENAB in BtnOpen is invalid.
Line 236: The property name FOCUSR in BtnOpen is invalid.
Line 237: The property name MPTR in BtnOpen is invalid.
Line 238: The property name MICON in BtnOpen is invalid.
Line 239: The property name BC in BtnOpen is invalid.
Line 240: The property name FC in BtnOpen is invalid.
Line 248: The property name _ExtentX in BtnDelete is invalid.
Line 249: The property name _ExtentY in BtnDelete is invalid.
Line 250: The property name TX in BtnDelete is invalid.
Line 251: The property name ENAB in BtnDelete is invalid.
Line 261: The property name FOCUSR in BtnDelete is invalid.
Line 262: The property name MPTR in BtnDelete is invalid.
Line 263: The property name MICON in BtnDelete is invalid.
Line 264: The property name BC in BtnDelete is invalid.
Line 265: The property name FC in BtnDelete is invalid.
Line 273: The property name _ExtentX in BtnSave is invalid.
Line 274: The property name _ExtentY in BtnSave is invalid.
Line 275: The property name TX in BtnSave is invalid.
Line 276: The property name ENAB in BtnSave is invalid.
Line 286: The property name FOCUSR in BtnSave is invalid.
Line 287: The property name MPTR in BtnSave is invalid.
Line 288: The property name MICON in BtnSave is invalid.
Line 289: The property name BC in BtnSave is invalid.
Line 290: The property name FC in BtnSave is invalid.
Line 298: The property name _ExtentX in BtnClear is invalid.
Line 299: The property name _ExtentY in BtnClear is invalid.
Line 300: The property name TX in BtnClear is invalid.
Line 301: The property name ENAB in BtnClear is invalid.
Line 311: The property name FOCUSR in BtnClear is invalid.
Line 312: The property name MPTR in BtnClear is invalid.
Line 313: The property name MICON in BtnClear is invalid.
Line 314: The property name BC in BtnClear is invalid.
Line 315: The property name FC in BtnClear is invalid.
Line 323: The property name _ExtentX in BtnClose is invalid.
Line 324: The property name _ExtentY in BtnClose is invalid.
Line 325: The property name TX in BtnClose is invalid.
Line 326: The property name ENAB in BtnClose is invalid.
Line 336: The property name FOCUSR in BtnClose is invalid.
Line 337: The property name MPTR in BtnClose is invalid.
Line 338: The property name MICON in BtnClose is invalid.
Line 339: The property name BC in BtnClose is invalid.
Line 340: The property name FC in BtnClose is invalid.
