Line 330: Class SSDataWidgets_B_OLEDB.SSOleDBGrid of control Grid was not a loaded control class.
Line 417: Class JeweledBut.JeweledButton of control BtnNew was not a loaded control class.
Line 442: Class JeweledBut.JeweledButton of control BtnOpen was not a loaded control class.
Line 467: Class JeweledBut.JeweledButton of control BtnDelete was not a loaded control class.
Line 492: Class JeweledBut.JeweledButton of control BtnSave was not a loaded control class.
Line 517: Class JeweledBut.JeweledButton of control BtnClear was not a loaded control class.
Line 543: Class JeweledBut.JeweledButton of control BtnClose was not a loaded control class.
Line 568: Class JeweledBut.JeweledButton of control BtnSector was not a loaded control class.
Line 595: Class JeweledBut.JeweledButton of control BtnSaleAccount was not a loaded control class.
Line 623: Class SITextBox.Txt of control TxtSaleAccountNo was not a loaded control class.
Line 645: Class SITextBox.Txt of control TxtSaleAccountName was not a loaded control class.
Line 666: Class JeweledBut.JeweledButton of control BtnAllocateProductPrice was not a loaded control class.
Line 694: Class SSCalendarWidgets_A.SSDateCombo of control DtpDateofJoining was not a loaded control class.
Line 726: Class JeweledBut.JeweledButton of control BtnCustomerType was not a loaded control class.
Line 754: Class SITextBox.Txt of control TxtCustomerTypeID was not a loaded control class.
Line 776: Class SITextBox.Txt of control TxtCustomerType was not a loaded control class.
Line 797: Class SITextBox.Txt of control TxtEmpID was not a loaded control class.
Line 819: Class SITextBox.Txt of control TxtEmpName was not a loaded control class.
Line 841: Class JeweledBut.JeweledButton of control BtnEmployee was not a loaded control class.
Line 867: Class SITextBox.Txt of control TxtLicenceNO was not a loaded control class.
Line 888: Class SITextBox.Txt of control TxtRefID was not a loaded control class.
Line 910: Class SITextBox.Txt of control TxtRefName was not a loaded control class.
Line 932: Class JeweledBut.JeweledButton of control BtnRef was not a loaded control class.
Line 336: The property name ScrollBars in Grid is invalid.
Line 337: The property name _Version in Grid is invalid.
Line 338: The property name stylesets.count in Grid is invalid.
Line 339: The property name stylesets(0).Name in Grid is invalid.
Line 340: The property name stylesets(0).ForeColor in Grid is invalid.
Line 341: The property name stylesets(0).BackColor in Grid is invalid.
Line 342: The property name stylesets(0).HasFont in Grid is invalid.
Line 351: The property name stylesets(0).Font in Grid is invalid.
Line 352: The property name stylesets(0).Picture in Grid is invalid.
Line 353: The property name AllowUpdate in Grid is invalid.
Line 354: The property name MultiLine in Grid is invalid.
Line 355: The property name AllowRowSizing in Grid is invalid.
Line 356: The property name AllowGroupSizing in Grid is invalid.
Line 357: The property name AllowColumnSizing in Grid is invalid.
Line 358: The property name AllowGroupMoving in Grid is invalid.
Line 359: The property name AllowColumnMoving in Grid is invalid.
Line 360: The property name AllowGroupSwapping in Grid is invalid.
Line 361: The property name AllowColumnSwapping in Grid is invalid.
Line 362: The property name AllowGroupShrinking in Grid is invalid.
Line 363: The property name AllowColumnShrinking in Grid is invalid.
Line 364: The property name AllowDragDrop in Grid is invalid.
Line 365: The property name SelectTypeCol in Grid is invalid.
Line 366: The property name SelectTypeRow in Grid is invalid.
Line 367: The property name ForeColorEven in Grid is invalid.
Line 368: The property name BackColorOdd in Grid is invalid.
Line 369: The property name RowHeight in Grid is invalid.
Line 370: The property name ExtraHeight in Grid is invalid.
Line 371: The property name ActiveRowStyleSet in Grid is invalid.
Line 372: The property name Columns.Count in Grid is invalid.
Line 373: The property name Columns(0).Width in Grid is invalid.
Line 374: The property name Columns(0).Caption in Grid is invalid.
Line 375: The property name Columns(0).Name in Grid is invalid.
Line 376: The property name Columns(0).CaptionAlignment in Grid is invalid.
Line 377: The property name Columns(0).DataField in Grid is invalid.
Line 378: The property name Columns(0).DataType in Grid is invalid.
Line 379: The property name Columns(0).FieldLen in Grid is invalid.
Line 380: The property name Columns(1).Width in Grid is invalid.
Line 381: The property name Columns(1).Caption in Grid is invalid.
Line 382: The property name Columns(1).Name in Grid is invalid.
Line 383: The property name Columns(1).CaptionAlignment in Grid is invalid.
Line 384: The property name Columns(1).DataField in Grid is invalid.
Line 385: The property name Columns(1).DataType in Grid is invalid.
Line 386: The property name Columns(1).FieldLen in Grid is invalid.
Line 387: The property name Columns(2).Width in Grid is invalid.
Line 388: The property name Columns(2).Caption in Grid is invalid.
Line 389: The property name Columns(2).Name in Grid is invalid.
Line 390: The property name Columns(2).DataField in Grid is invalid.
Line 391: The property name Columns(2).DataType in Grid is invalid.
Line 392: The property name Columns(2).FieldLen in Grid is invalid.
Line 393: The property name TabNavigation in Grid is invalid.
Line 394: The property name _ExtentX in Grid is invalid.
Line 395: The property name _ExtentY in Grid is invalid.
Line 396: The property name _StockProps in Grid is invalid.
Line 406: The property name PageFooterFont in Grid is invalid.
Line 415: The property name PageHeaderFont in Grid is invalid.
Line 423: The property name _ExtentX in BtnNew is invalid.
Line 424: The property name _ExtentY in BtnNew is invalid.
Line 425: The property name TX in BtnNew is invalid.
Line 426: The property name ENAB in BtnNew is invalid.
Line 436: The property name FOCUSR in BtnNew is invalid.
Line 437: The property name MPTR in BtnNew is invalid.
Line 438: The property name MICON in BtnNew is invalid.
Line 439: The property name BC in BtnNew is invalid.
Line 440: The property name FC in BtnNew is invalid.
Line 448: The property name _ExtentX in BtnOpen is invalid.
Line 449: The property name _ExtentY in BtnOpen is invalid.
Line 450: The property name TX in BtnOpen is invalid.
Line 451: The property name ENAB in BtnOpen is invalid.
Line 461: The property name FOCUSR in BtnOpen is invalid.
Line 462: The property name MPTR in BtnOpen is invalid.
Line 463: The property name MICON in BtnOpen is invalid.
Line 464: The property name BC in BtnOpen is invalid.
Line 465: The property name FC in BtnOpen is invalid.
Line 473: The property name _ExtentX in BtnDelete is invalid.
Line 474: The property name _ExtentY in BtnDelete is invalid.
Line 475: The property name TX in BtnDelete is invalid.
Line 476: The property name ENAB in BtnDelete is invalid.
Line 486: The property name FOCUSR in BtnDelete is invalid.
Line 487: The property name MPTR in BtnDelete is invalid.
Line 488: The property name MICON in BtnDelete is invalid.
Line 489: The property name BC in BtnDelete is invalid.
Line 490: The property name FC in BtnDelete is invalid.
Line 498: The property name _ExtentX in BtnSave is invalid.
Line 499: The property name _ExtentY in BtnSave is invalid.
Line 500: The property name TX in BtnSave is invalid.
Line 501: The property name ENAB in BtnSave is invalid.
Line 511: The property name FOCUSR in BtnSave is invalid.
Line 512: The property name MPTR in BtnSave is invalid.
Line 513: The property name MICON in BtnSave is invalid.
Line 514: The property name BC in BtnSave is invalid.
Line 515: The property name FC in BtnSave is invalid.
Line 518: The property name Cancel in BtnClear is invalid.
Line 524: The property name _ExtentX in BtnClear is invalid.
Line 525: The property name _ExtentY in BtnClear is invalid.
Line 526: The property name TX in BtnClear is invalid.
Line 527: The property name ENAB in BtnClear is invalid.
Line 537: The property name FOCUSR in BtnClear is invalid.
Line 538: The property name MPTR in BtnClear is invalid.
Line 539: The property name MICON in BtnClear is invalid.
Line 540: The property name BC in BtnClear is invalid.
Line 541: The property name FC in BtnClear is invalid.
Line 549: The property name _ExtentX in BtnClose is invalid.
Line 550: The property name _ExtentY in BtnClose is invalid.
Line 551: The property name TX in BtnClose is invalid.
Line 552: The property name ENAB in BtnClose is invalid.
Line 562: The property name FOCUSR in BtnClose is invalid.
Line 563: The property name MPTR in BtnClose is invalid.
Line 564: The property name MICON in BtnClose is invalid.
Line 565: The property name BC in BtnClose is invalid.
Line 566: The property name FC in BtnClose is invalid.
Line 576: The property name _ExtentX in BtnSector is invalid.
Line 577: The property name _ExtentY in BtnSector is invalid.
Line 578: The property name TX in BtnSector is invalid.
Line 579: The property name ENAB in BtnSector is invalid.
Line 589: The property name FOCUSR in BtnSector is invalid.
Line 590: The property name MPTR in BtnSector is invalid.
Line 591: The property name MICON in BtnSector is invalid.
Line 592: The property name BC in BtnSector is invalid.
Line 593: The property name FC in BtnSector is invalid.
Line 604: The property name _ExtentX in BtnSaleAccount is invalid.
Line 605: The property name _ExtentY in BtnSaleAccount is invalid.
Line 606: The property name TX in BtnSaleAccount is invalid.
Line 607: The property name ENAB in BtnSaleAccount is invalid.
Line 617: The property name FOCUSR in BtnSaleAccount is invalid.
Line 618: The property name MPTR in BtnSaleAccount is invalid.
Line 619: The property name MICON in BtnSaleAccount is invalid.
Line 620: The property name BC in BtnSaleAccount is invalid.
Line 621: The property name FC in BtnSaleAccount is invalid.
Line 629: The property name _ExtentX in TxtSaleAccountNo is invalid.
Line 630: The property name _ExtentY in TxtSaleAccountNo is invalid.
Line 632: The property name MaxLength in TxtSaleAccountNo is invalid.
Line 642: The property name Masked in TxtSaleAccountNo is invalid.
Line 643: The property name IntegralPoint in TxtSaleAccountNo is invalid.
Line 652: The property name _ExtentX in TxtSaleAccountName is invalid.
Line 653: The property name _ExtentY in TxtSaleAccountName is invalid.
Line 675: The property name _ExtentX in BtnAllocateProductPrice is invalid.
Line 676: The property name _ExtentY in BtnAllocateProductPrice is invalid.
Line 677: The property name TX in BtnAllocateProductPrice is invalid.
Line 678: The property name ENAB in BtnAllocateProductPrice is invalid.
Line 688: The property name FOCUSR in BtnAllocateProductPrice is invalid.
Line 689: The property name MPTR in BtnAllocateProductPrice is invalid.
Line 690: The property name MICON in BtnAllocateProductPrice is invalid.
Line 691: The property name BC in BtnAllocateProductPrice is invalid.
Line 692: The property name FC in BtnAllocateProductPrice is invalid.
Line 701: The property name _Version in DtpDateofJoining is invalid.
Line 702: The property name _ExtentX in DtpDateofJoining is invalid.
Line 703: The property name _ExtentY in DtpDateofJoining is invalid.
Line 704: The property name _StockProps in DtpDateofJoining is invalid.
Line 715: The property name DropDownFont in DtpDateofJoining is invalid.
Line 716: The property name DateSeparator in DtpDateofJoining is invalid.
Line 717: The property name Format in DtpDateofJoining is invalid.
Line 718: The property name BackColorSelected in DtpDateofJoining is invalid.
Line 719: The property name BevelColorFace in DtpDateofJoining is invalid.
Line 720: The property name DividerStyle in DtpDateofJoining is invalid.
Line 721: The property name ForeColorSelected in DtpDateofJoining is invalid.
Line 722: The property name BevelType in DtpDateofJoining is invalid.
Line 723: The property name SpinButton in DtpDateofJoining is invalid.
Line 724: The property name Mask in DtpDateofJoining is invalid.
Line 735: The property name _ExtentX in BtnCustomerType is invalid.
Line 736: The property name _ExtentY in BtnCustomerType is invalid.
Line 737: The property name TX in BtnCustomerType is invalid.
Line 738: The property name ENAB in BtnCustomerType is invalid.
Line 748: The property name FOCUSR in BtnCustomerType is invalid.
Line 749: The property name MPTR in BtnCustomerType is invalid.
Line 750: The property name MICON in BtnCustomerType is invalid.
Line 751: The property name BC in BtnCustomerType is invalid.
Line 752: The property name FC in BtnCustomerType is invalid.
Line 760: The property name _ExtentX in TxtCustomerTypeID is invalid.
Line 761: The property name _ExtentY in TxtCustomerTypeID is invalid.
Line 763: The property name MaxLength in TxtCustomerTypeID is invalid.
Line 773: The property name Masked in TxtCustomerTypeID is invalid.
Line 774: The property name IntegralPoint in TxtCustomerTypeID is invalid.
Line 783: The property name _ExtentX in TxtCustomerType is invalid.
Line 784: The property name _ExtentY in TxtCustomerType is invalid.
Line 803: The property name _ExtentX in TxtEmpID is invalid.
Line 804: The property name _ExtentY in TxtEmpID is invalid.
Line 806: The property name MaxLength in TxtEmpID is invalid.
Line 816: The property name Masked in TxtEmpID is invalid.
Line 817: The property name IntegralPoint in TxtEmpID is invalid.
Line 825: The property name _ExtentX in TxtEmpName is invalid.
Line 826: The property name _ExtentY in TxtEmpName is invalid.
Line 829: The property name MaxLength in TxtEmpName is invalid.
Line 839: The property name Masked in TxtEmpName is invalid.
Line 848: The property name _ExtentX in BtnEmployee is invalid.
Line 849: The property name _ExtentY in BtnEmployee is invalid.
Line 850: The property name TX in BtnEmployee is invalid.
Line 851: The property name ENAB in BtnEmployee is invalid.
Line 861: The property name FOCUSR in BtnEmployee is invalid.
Line 862: The property name MPTR in BtnEmployee is invalid.
Line 863: The property name MICON in BtnEmployee is invalid.
Line 864: The property name BC in BtnEmployee is invalid.
Line 865: The property name FC in BtnEmployee is invalid.
Line 873: The property name _ExtentX in TxtLicenceNO is invalid.
Line 874: The property name _ExtentY in TxtLicenceNO is invalid.
Line 876: The property name MaxLength in TxtLicenceNO is invalid.
Line 886: The property name Masked in TxtLicenceNO is invalid.
Line 894: The property name _ExtentX in TxtRefID is invalid.
Line 895: The property name _ExtentY in TxtRefID is invalid.
Line 897: The property name MaxLength in TxtRefID is invalid.
Line 907: The property name Masked in TxtRefID is invalid.
Line 908: The property name IntegralPoint in TxtRefID is invalid.
Line 916: The property name _ExtentX in TxtRefName is invalid.
Line 917: The property name _ExtentY in TxtRefName is invalid.
Line 920: The property name MaxLength in TxtRefName is invalid.
Line 930: The property name Masked in TxtRefName is invalid.
Line 939: The property name _ExtentX in BtnRef is invalid.
Line 940: The property name _ExtentY in BtnRef is invalid.
Line 941: The property name TX in BtnRef is invalid.
Line 942: The property name ENAB in BtnRef is invalid.
Line 952: The property name FOCUSR in BtnRef is invalid.
Line 953: The property name MPTR in BtnRef is invalid.
Line 954: The property name MICON in BtnRef is invalid.
Line 955: The property name BC in BtnRef is invalid.
Line 956: The property name FC in BtnRef is invalid.
