Line 82: Class JeweledBut.JeweledButton of control BtnDelete was not a loaded control class.
Line 108: Class JeweledBut.JeweledButton of control BtnSave was not a loaded control class.
Line 133: Class JeweledBut.JeweledButton of control BtnOpen was not a loaded control class.
Line 159: Class JeweledBut.JeweledButton of control BtnClose was not a loaded control class.
Line 185: Class JeweledBut.JeweledButton of control BtnClear was not a loaded control class.
Line 211: Class JeweledBut.JeweledButton of control BtnProduct was not a loaded control class.
Line 237: Class SITextBox.Txt of control TxtProductName was not a loaded control class.
Line 258: Class SITextBox.Txt of control TxtProductID was not a loaded control class.
Line 282: Class SITextBox.Txt of control TxtQty was not a loaded control class.
Line 307: Class SITextBox.Txt of control TxtPackageDealID was not a loaded control class.
Line 330: Class JeweledBut.JeweledButton of control BtnPackageDeal was not a loaded control class.
Line 356: Class SITextBox.Txt of control TxtPackageDeal was not a loaded control class.
Line 377: Class SITextBox.Txt of control TxtCode was not a loaded control class.
Line 400: Class SSDataWidgets_B_OLEDB.SSOleDBGrid of control Grid was not a loaded control class.
Line 506: Class SITextBox.Txt of control TxtID was not a loaded control class.
Line 89: The property name _ExtentX in BtnDelete is invalid.
Line 90: The property name _ExtentY in BtnDelete is invalid.
Line 91: The property name TX in BtnDelete is invalid.
Line 92: The property name ENAB in BtnDelete is invalid.
Line 102: The property name FOCUSR in BtnDelete is invalid.
Line 103: The property name MPTR in BtnDelete is invalid.
Line 104: The property name MICON in BtnDelete is invalid.
Line 105: The property name BC in BtnDelete is invalid.
Line 106: The property name FC in BtnDelete is invalid.
Line 114: The property name _ExtentX in BtnSave is invalid.
Line 115: The property name _ExtentY in BtnSave is invalid.
Line 116: The property name TX in BtnSave is invalid.
Line 117: The property name ENAB in BtnSave is invalid.
Line 127: The property name FOCUSR in BtnSave is invalid.
Line 128: The property name MPTR in BtnSave is invalid.
Line 129: The property name MICON in BtnSave is invalid.
Line 130: The property name BC in BtnSave is invalid.
Line 131: The property name FC in BtnSave is invalid.
Line 140: The property name _ExtentX in BtnOpen is invalid.
Line 141: The property name _ExtentY in BtnOpen is invalid.
Line 142: The property name TX in BtnOpen is invalid.
Line 143: The property name ENAB in BtnOpen is invalid.
Line 153: The property name FOCUSR in BtnOpen is invalid.
Line 154: The property name MPTR in BtnOpen is invalid.
Line 155: The property name MICON in BtnOpen is invalid.
Line 156: The property name BC in BtnOpen is invalid.
Line 157: The property name FC in BtnOpen is invalid.
Line 166: The property name _ExtentX in BtnClose is invalid.
Line 167: The property name _ExtentY in BtnClose is invalid.
Line 168: The property name TX in BtnClose is invalid.
Line 169: The property name ENAB in BtnClose is invalid.
Line 179: The property name FOCUSR in BtnClose is invalid.
Line 180: The property name MPTR in BtnClose is invalid.
Line 181: The property name MICON in BtnClose is invalid.
Line 182: The property name BC in BtnClose is invalid.
Line 183: The property name FC in BtnClose is invalid.
Line 192: The property name _ExtentX in BtnClear is invalid.
Line 193: The property name _ExtentY in BtnClear is invalid.
Line 194: The property name TX in BtnClear is invalid.
Line 195: The property name ENAB in BtnClear is invalid.
Line 205: The property name FOCUSR in BtnClear is invalid.
Line 206: The property name MPTR in BtnClear is invalid.
Line 207: The property name MICON in BtnClear is invalid.
Line 208: The property name BC in BtnClear is invalid.
Line 209: The property name FC in BtnClear is invalid.
Line 218: The property name _ExtentX in BtnProduct is invalid.
Line 219: The property name _ExtentY in BtnProduct is invalid.
Line 220: The property name TX in BtnProduct is invalid.
Line 221: The property name ENAB in BtnProduct is invalid.
Line 231: The property name FOCUSR in BtnProduct is invalid.
Line 232: The property name MPTR in BtnProduct is invalid.
Line 233: The property name MICON in BtnProduct is invalid.
Line 234: The property name BC in BtnProduct is invalid.
Line 235: The property name FC in BtnProduct is invalid.
Line 243: The property name _ExtentX in TxtProductName is invalid.
Line 244: The property name _ExtentY in TxtProductName is invalid.
Line 256: The property name Masked in TxtProductName is invalid.
Line 265: The property name _ExtentX in TxtProductID is invalid.
Line 266: The property name _ExtentY in TxtProductID is invalid.
Line 268: The property name MaxLength in TxtProductID is invalid.
Line 278: The property name Masked in TxtProductID is invalid.
Line 279: The property name IntegralPoint in TxtProductID is invalid.
Line 280: The property name Mandatory in TxtProductID is invalid.
Line 288: The property name _ExtentX in TxtQty is invalid.
Line 289: The property name _ExtentY in TxtQty is invalid.
Line 290: The property name Alignment in TxtQty is invalid.
Line 292: The property name MaxLength in TxtQty is invalid.
Line 302: The property name Masked in TxtQty is invalid.
Line 303: The property name DecimalPoint in TxtQty is invalid.
Line 304: The property name IntegralPoint in TxtQty is invalid.
Line 305: The property name Mandatory in TxtQty is invalid.
Line 313: The property name _ExtentX in TxtPackageDealID is invalid.
Line 314: The property name _ExtentY in TxtPackageDealID is invalid.
Line 316: The property name MaxLength in TxtPackageDealID is invalid.
Line 326: The property name Masked in TxtPackageDealID is invalid.
Line 327: The property name IntegralPoint in TxtPackageDealID is invalid.
Line 328: The property name Mandatory in TxtPackageDealID is invalid.
Line 337: The property name _ExtentX in BtnPackageDeal is invalid.
Line 338: The property name _ExtentY in BtnPackageDeal is invalid.
Line 339: The property name TX in BtnPackageDeal is invalid.
Line 340: The property name ENAB in BtnPackageDeal is invalid.
Line 350: The property name FOCUSR in BtnPackageDeal is invalid.
Line 351: The property name MPTR in BtnPackageDeal is invalid.
Line 352: The property name MICON in BtnPackageDeal is invalid.
Line 353: The property name BC in BtnPackageDeal is invalid.
Line 354: The property name FC in BtnPackageDeal is invalid.
Line 362: The property name _ExtentX in TxtPackageDeal is invalid.
Line 363: The property name _ExtentY in TxtPackageDeal is invalid.
Line 375: The property name Masked in TxtPackageDeal is invalid.
Line 383: The property name _ExtentX in TxtCode is invalid.
Line 384: The property name _ExtentY in TxtCode is invalid.
Line 386: The property name MaxLength in TxtCode is invalid.
Line 396: The property name Masked in TxtCode is invalid.
Line 397: The property name IntegralPoint in TxtCode is invalid.
Line 398: The property name Mandatory in TxtCode is invalid.
Line 406: The property name ScrollBars in Grid is invalid.
Line 407: The property name _Version in Grid is invalid.
Line 408: The property name DataMode in Grid is invalid.
Line 409: The property name RecordSelectors in Grid is invalid.
Line 410: The property name Col.Count in Grid is invalid.
Line 411: The property name stylesets.count in Grid is invalid.
Line 412: The property name stylesets(0).Name in Grid is invalid.
Line 413: The property name stylesets(0).ForeColor in Grid is invalid.
Line 414: The property name stylesets(0).BackColor in Grid is invalid.
Line 415: The property name stylesets(0).HasFont in Grid is invalid.
Line 424: The property name stylesets(0).Font in Grid is invalid.
Line 425: The property name stylesets(0).Picture in Grid is invalid.
Line 426: The property name AllowUpdate in Grid is invalid.
Line 427: The property name AllowRowSizing in Grid is invalid.
Line 428: The property name AllowGroupSizing in Grid is invalid.
Line 429: The property name AllowColumnSizing in Grid is invalid.
Line 430: The property name AllowGroupMoving in Grid is invalid.
Line 431: The property name AllowColumnMoving in Grid is invalid.
Line 432: The property name AllowGroupSwapping in Grid is invalid.
Line 433: The property name AllowColumnSwapping in Grid is invalid.
Line 434: The property name AllowGroupShrinking in Grid is invalid.
Line 435: The property name AllowColumnShrinking in Grid is invalid.
Line 436: The property name AllowDragDrop in Grid is invalid.
Line 437: The property name SelectTypeCol in Grid is invalid.
Line 438: The property name SelectTypeRow in Grid is invalid.
Line 439: The property name RowNavigation in Grid is invalid.
Line 440: The property name ForeColorEven in Grid is invalid.
Line 441: The property name BackColorOdd in Grid is invalid.
Line 442: The property name RowHeight in Grid is invalid.
Line 443: The property name ActiveRowStyleSet in Grid is invalid.
Line 444: The property name Columns.Count in Grid is invalid.
Line 445: The property name Columns(0).Width in Grid is invalid.
Line 446: The property name Columns(0).Visible in Grid is invalid.
Line 447: The property name Columns(0).Caption in Grid is invalid.
Line 448: The property name Columns(0).Name in Grid is invalid.
Line 449: The property name Columns(0).CaptionAlignment in Grid is invalid.
Line 450: The property name Columns(0).DataField in Grid is invalid.
Line 451: The property name Columns(0).DataType in Grid is invalid.
Line 452: The property name Columns(0).FieldLen in Grid is invalid.
Line 453: The property name Columns(1).Width in Grid is invalid.
Line 454: The property name Columns(1).Caption in Grid is invalid.
Line 455: The property name Columns(1).Name in Grid is invalid.
Line 456: The property name Columns(1).CaptionAlignment in Grid is invalid.
Line 457: The property name Columns(1).DataField in Grid is invalid.
Line 458: The property name Columns(1).DataType in Grid is invalid.
Line 459: The property name Columns(1).FieldLen in Grid is invalid.
Line 460: The property name Columns(2).Width in Grid is invalid.
Line 461: The property name Columns(2).Caption in Grid is invalid.
Line 462: The property name Columns(2).Name in Grid is invalid.
Line 463: The property name Columns(2).CaptionAlignment in Grid is invalid.
Line 464: The property name Columns(2).DataField in Grid is invalid.
Line 465: The property name Columns(2).DataType in Grid is invalid.
Line 466: The property name Columns(2).FieldLen in Grid is invalid.
Line 467: The property name Columns(3).Width in Grid is invalid.
Line 468: The property name Columns(3).Caption in Grid is invalid.
Line 469: The property name Columns(3).Name in Grid is invalid.
Line 470: The property name Columns(3).Alignment in Grid is invalid.
Line 471: The property name Columns(3).CaptionAlignment in Grid is invalid.
Line 472: The property name Columns(3).DataField in Grid is invalid.
Line 473: The property name Columns(3).DataType in Grid is invalid.
Line 474: The property name Columns(3).FieldLen in Grid is invalid.
Line 475: The property name Columns(4).Width in Grid is invalid.
Line 476: The property name Columns(4).Visible in Grid is invalid.
Line 477: The property name Columns(4).Caption in Grid is invalid.
Line 478: The property name Columns(4).Name in Grid is invalid.
Line 479: The property name Columns(4).DataField in Grid is invalid.
Line 480: The property name Columns(4).DataType in Grid is invalid.
Line 481: The property name Columns(4).FieldLen in Grid is invalid.
Line 482: The property name TabNavigation in Grid is invalid.
Line 483: The property name _ExtentX in Grid is invalid.
Line 484: The property name _ExtentY in Grid is invalid.
Line 485: The property name _StockProps in Grid is invalid.
Line 495: The property name PageFooterFont in Grid is invalid.
Line 504: The property name PageHeaderFont in Grid is invalid.
Line 513: The property name _ExtentX in TxtID is invalid.
Line 514: The property name _ExtentY in TxtID is invalid.
Line 517: The property name MaxLength in TxtID is invalid.
Line 527: The property name Masked in TxtID is invalid.
Line 528: The property name Mandatory in TxtID is invalid.
