Line 185: Class SSDataWidgets_B_OLEDB.SSOleDBGrid of control Grid was not a loaded control class.
Line 266: Class JeweledBut.JeweledButton of control BtnNew was not a loaded control class.
Line 291: Class JeweledBut.JeweledButton of control BtnOpen was not a loaded control class.
Line 316: Class JeweledBut.JeweledButton of control BtnDelete was not a loaded control class.
Line 341: Class JeweledBut.JeweledButton of control BtnSave was not a loaded control class.
Line 366: Class JeweledBut.JeweledButton of control BtnClear was not a loaded control class.
Line 392: Class JeweledBut.JeweledButton of control BtnClose was not a loaded control class.
Line 191: The property name ScrollBars in Grid is invalid.
Line 192: The property name _Version in Grid is invalid.
Line 193: The property name stylesets.count in Grid is invalid.
Line 194: The property name stylesets(0).Name in Grid is invalid.
Line 195: The property name stylesets(0).ForeColor in Grid is invalid.
Line 196: The property name stylesets(0).BackColor in Grid is invalid.
Line 197: The property name stylesets(0).HasFont in Grid is invalid.
Line 206: The property name stylesets(0).Font in Grid is invalid.
Line 207: The property name stylesets(0).Picture in Grid is invalid.
Line 208: The property name AllowUpdate in Grid is invalid.
Line 209: The property name MultiLine in Grid is invalid.
Line 210: The property name AllowRowSizing in Grid is invalid.
Line 211: The property name AllowGroupSizing in Grid is invalid.
Line 212: The property name AllowColumnSizing in Grid is invalid.
Line 213: The property name AllowGroupMoving in Grid is invalid.
Line 214: The property name AllowColumnMoving in Grid is invalid.
Line 215: The property name AllowGroupSwapping in Grid is invalid.
Line 216: The property name AllowColumnSwapping in Grid is invalid.
Line 217: The property name AllowGroupShrinking in Grid is invalid.
Line 218: The property name AllowColumnShrinking in Grid is invalid.
Line 219: The property name AllowDragDrop in Grid is invalid.
Line 220: The property name SelectTypeCol in Grid is invalid.
Line 221: The property name SelectTypeRow in Grid is invalid.
Line 222: The property name ForeColorEven in Grid is invalid.
Line 223: The property name BackColorOdd in Grid is invalid.
Line 224: The property name RowHeight in Grid is invalid.
Line 225: The property name ExtraHeight in Grid is invalid.
Line 226: The property name ActiveRowStyleSet in Grid is invalid.
Line 227: The property name Columns.Count in Grid is invalid.
Line 228: The property name Columns(0).Width in Grid is invalid.
Line 229: The property name Columns(0).Caption in Grid is invalid.
Line 230: The property name Columns(0).Name in Grid is invalid.
Line 231: The property name Columns(0).CaptionAlignment in Grid is invalid.
Line 232: The property name Columns(0).DataField in Grid is invalid.
Line 233: The property name Columns(0).DataType in Grid is invalid.
Line 234: The property name Columns(0).FieldLen in Grid is invalid.
Line 235: The property name Columns(1).Width in Grid is invalid.
Line 236: The property name Columns(1).Caption in Grid is invalid.
Line 237: The property name Columns(1).Name in Grid is invalid.
Line 238: The property name Columns(1).CaptionAlignment in Grid is invalid.
Line 239: The property name Columns(1).DataField in Grid is invalid.
Line 240: The property name Columns(1).DataType in Grid is invalid.
Line 241: The property name Columns(1).FieldLen in Grid is invalid.
Line 242: The property name TabNavigation in Grid is invalid.
Line 243: The property name _ExtentX in Grid is invalid.
Line 244: The property name _ExtentY in Grid is invalid.
Line 245: The property name _StockProps in Grid is invalid.
Line 255: The property name PageFooterFont in Grid is invalid.
Line 264: The property name PageHeaderFont in Grid is invalid.
Line 272: The property name _ExtentX in BtnNew is invalid.
Line 273: The property name _ExtentY in BtnNew is invalid.
Line 274: The property name TX in BtnNew is invalid.
Line 275: The property name ENAB in BtnNew is invalid.
Line 285: The property name FOCUSR in BtnNew is invalid.
Line 286: The property name MPTR in BtnNew is invalid.
Line 287: The property name MICON in BtnNew is invalid.
Line 288: The property name BC in BtnNew is invalid.
Line 289: The property name FC in BtnNew is invalid.
Line 297: The property name _ExtentX in BtnOpen is invalid.
Line 298: The property name _ExtentY in BtnOpen is invalid.
Line 299: The property name TX in BtnOpen is invalid.
Line 300: The property name ENAB in BtnOpen is invalid.
Line 310: The property name FOCUSR in BtnOpen is invalid.
Line 311: The property name MPTR in BtnOpen is invalid.
Line 312: The property name MICON in BtnOpen is invalid.
Line 313: The property name BC in BtnOpen is invalid.
Line 314: The property name FC in BtnOpen is invalid.
Line 322: The property name _ExtentX in BtnDelete is invalid.
Line 323: The property name _ExtentY in BtnDelete is invalid.
Line 324: The property name TX in BtnDelete is invalid.
Line 325: The property name ENAB in BtnDelete is invalid.
Line 335: The property name FOCUSR in BtnDelete is invalid.
Line 336: The property name MPTR in BtnDelete is invalid.
Line 337: The property name MICON in BtnDelete is invalid.
Line 338: The property name BC in BtnDelete is invalid.
Line 339: The property name FC in BtnDelete is invalid.
Line 347: The property name _ExtentX in BtnSave is invalid.
Line 348: The property name _ExtentY in BtnSave is invalid.
Line 349: The property name TX in BtnSave is invalid.
Line 350: The property name ENAB in BtnSave is invalid.
Line 360: The property name FOCUSR in BtnSave is invalid.
Line 361: The property name MPTR in BtnSave is invalid.
Line 362: The property name MICON in BtnSave is invalid.
Line 363: The property name BC in BtnSave is invalid.
Line 364: The property name FC in BtnSave is invalid.
Line 367: The property name Cancel in BtnClear is invalid.
Line 373: The property name _ExtentX in BtnClear is invalid.
Line 374: The property name _ExtentY in BtnClear is invalid.
Line 375: The property name TX in BtnClear is invalid.
Line 376: The property name ENAB in BtnClear is invalid.
Line 386: The property name FOCUSR in BtnClear is invalid.
Line 387: The property name MPTR in BtnClear is invalid.
Line 388: The property name MICON in BtnClear is invalid.
Line 389: The property name BC in BtnClear is invalid.
Line 390: The property name FC in BtnClear is invalid.
Line 398: The property name _ExtentX in BtnClose is invalid.
Line 399: The property name _ExtentY in BtnClose is invalid.
Line 400: The property name TX in BtnClose is invalid.
Line 401: The property name ENAB in BtnClose is invalid.
Line 411: The property name FOCUSR in BtnClose is invalid.
Line 412: The property name MPTR in BtnClose is invalid.
Line 413: The property name MICON in BtnClose is invalid.
Line 414: The property name BC in BtnClose is invalid.
Line 415: The property name FC in BtnClose is invalid.
