Line 63: Class SSDataWidgets_B_OLEDB.SSOleDBGrid of control Grid was not a loaded control class.
Line 186: Class JeweledBut.JeweledButton of control BtnSave was not a loaded control class.
Line 211: Class JeweledBut.JeweledButton of control BtnClear was not a loaded control class.
Line 236: Class JeweledBut.JeweledButton of control BtnClose was not a loaded control class.
Line 261: Class JeweledBut.JeweledButton of control BtnApply was not a loaded control class.
Line 286: Class SITextBox.Txt of control TxtMinStockLimit was not a loaded control class.
Line 310: Class SITextBox.Txt of control TxtMaxStockLimit was not a loaded control class.
Line 334: Class JeweledBut.JeweledButton of control BtnFilter was not a loaded control class.
Line 359: Class SSCalendarWidgets_A.SSDateCombo of control DtpTo was not a loaded control class.
Line 389: Class SSCalendarWidgets_A.SSDateCombo of control DtpFrom was not a loaded control class.
Line 419: Class SITextBox.Txt of control TxtStoreID was not a loaded control class.
Line 442: Class SITextBox.Txt of control TxtStoreName was not a loaded control class.
Line 465: Class JeweledBut.JeweledButton of control BtnStore was not a loaded control class.
Line 69: The property name ScrollBars in Grid is invalid.
Line 70: The property name _Version in Grid is invalid.
Line 71: The property name DataMode in Grid is invalid.
Line 72: The property name Col.Count in Grid is invalid.
Line 73: The property name stylesets.count in Grid is invalid.
Line 74: The property name stylesets(0).Name in Grid is invalid.
Line 75: The property name stylesets(0).ForeColor in Grid is invalid.
Line 76: The property name stylesets(0).BackColor in Grid is invalid.
Line 77: The property name stylesets(0).HasFont in Grid is invalid.
Line 86: The property name stylesets(0).Font in Grid is invalid.
Line 87: The property name stylesets(0).Picture in Grid is invalid.
Line 88: The property name stylesets(1).Name in Grid is invalid.
Line 89: The property name stylesets(1).ForeColor in Grid is invalid.
Line 90: The property name stylesets(1).BackColor in Grid is invalid.
Line 91: The property name stylesets(1).HasFont in Grid is invalid.
Line 100: The property name stylesets(1).Font in Grid is invalid.
Line 101: The property name stylesets(1).Picture in Grid is invalid.
Line 102: The property name MultiLine in Grid is invalid.
Line 103: The property name ActiveCellStyleSet in Grid is invalid.
Line 104: The property name AllowRowSizing in Grid is invalid.
Line 105: The property name AllowGroupSizing in Grid is invalid.
Line 106: The property name AllowColumnSizing in Grid is invalid.
Line 107: The property name AllowGroupMoving in Grid is invalid.
Line 108: The property name AllowColumnMoving in Grid is invalid.
Line 109: The property name AllowGroupSwapping in Grid is invalid.
Line 110: The property name AllowColumnSwapping in Grid is invalid.
Line 111: The property name AllowGroupShrinking in Grid is invalid.
Line 112: The property name AllowColumnShrinking in Grid is invalid.
Line 113: The property name AllowDragDrop in Grid is invalid.
Line 114: The property name SelectTypeCol in Grid is invalid.
Line 115: The property name SelectTypeRow in Grid is invalid.
Line 116: The property name ForeColorEven in Grid is invalid.
Line 117: The property name BackColorOdd in Grid is invalid.
Line 118: The property name RowHeight in Grid is invalid.
Line 119: The property name ExtraHeight in Grid is invalid.
Line 120: The property name Columns.Count in Grid is invalid.
Line 121: The property name Columns(0).Width in Grid is invalid.
Line 122: The property name Columns(0).Caption in Grid is invalid.
Line 123: The property name Columns(0).Name in Grid is invalid.
Line 124: The property name Columns(0).CaptionAlignment in Grid is invalid.
Line 125: The property name Columns(0).DataField in Grid is invalid.
Line 126: The property name Columns(0).DataType in Grid is invalid.
Line 127: The property name Columns(0).FieldLen in Grid is invalid.
Line 128: The property name Columns(0).Locked in Grid is invalid.
Line 129: The property name Columns(1).Width in Grid is invalid.
Line 130: The property name Columns(1).Caption in Grid is invalid.
Line 131: The property name Columns(1).Name in Grid is invalid.
Line 132: The property name Columns(1).CaptionAlignment in Grid is invalid.
Line 133: The property name Columns(1).DataField in Grid is invalid.
Line 134: The property name Columns(1).DataType in Grid is invalid.
Line 135: The property name Columns(1).FieldLen in Grid is invalid.
Line 136: The property name Columns(1).Locked in Grid is invalid.
Line 137: The property name Columns(2).Width in Grid is invalid.
Line 138: The property name Columns(2).Caption in Grid is invalid.
Line 139: The property name Columns(2).Name in Grid is invalid.
Line 140: The property name Columns(2).Alignment in Grid is invalid.
Line 141: The property name Columns(2).CaptionAlignment in Grid is invalid.
Line 142: The property name Columns(2).DataField in Grid is invalid.
Line 143: The property name Columns(2).DataType in Grid is invalid.
Line 144: The property name Columns(2).FieldLen in Grid is invalid.
Line 145: The property name Columns(2).Locked in Grid is invalid.
Line 146: The property name Columns(3).Width in Grid is invalid.
Line 147: The property name Columns(3).Caption in Grid is invalid.
Line 148: The property name Columns(3).Name in Grid is invalid.
Line 149: The property name Columns(3).Alignment in Grid is invalid.
Line 150: The property name Columns(3).CaptionAlignment in Grid is invalid.
Line 151: The property name Columns(3).DataField in Grid is invalid.
Line 152: The property name Columns(3).DataType in Grid is invalid.
Line 153: The property name Columns(3).FieldLen in Grid is invalid.
Line 154: The property name Columns(4).Width in Grid is invalid.
Line 155: The property name Columns(4).Caption in Grid is invalid.
Line 156: The property name Columns(4).Name in Grid is invalid.
Line 157: The property name Columns(4).Alignment in Grid is invalid.
Line 158: The property name Columns(4).CaptionAlignment in Grid is invalid.
Line 159: The property name Columns(4).DataField in Grid is invalid.
Line 160: The property name Columns(4).DataType in Grid is invalid.
Line 161: The property name Columns(4).FieldLen in Grid is invalid.
Line 162: The property name TabNavigation in Grid is invalid.
Line 163: The property name _ExtentX in Grid is invalid.
Line 164: The property name _ExtentY in Grid is invalid.
Line 165: The property name _StockProps in Grid is invalid.
Line 175: The property name PageFooterFont in Grid is invalid.
Line 184: The property name PageHeaderFont in Grid is invalid.
Line 192: The property name _ExtentX in BtnSave is invalid.
Line 193: The property name _ExtentY in BtnSave is invalid.
Line 194: The property name TX in BtnSave is invalid.
Line 195: The property name ENAB in BtnSave is invalid.
Line 205: The property name FOCUSR in BtnSave is invalid.
Line 206: The property name MPTR in BtnSave is invalid.
Line 207: The property name MICON in BtnSave is invalid.
Line 208: The property name BC in BtnSave is invalid.
Line 209: The property name FC in BtnSave is invalid.
Line 217: The property name _ExtentX in BtnClear is invalid.
Line 218: The property name _ExtentY in BtnClear is invalid.
Line 219: The property name TX in BtnClear is invalid.
Line 220: The property name ENAB in BtnClear is invalid.
Line 230: The property name FOCUSR in BtnClear is invalid.
Line 231: The property name MPTR in BtnClear is invalid.
Line 232: The property name MICON in BtnClear is invalid.
Line 233: The property name BC in BtnClear is invalid.
Line 234: The property name FC in BtnClear is invalid.
Line 242: The property name _ExtentX in BtnClose is invalid.
Line 243: The property name _ExtentY in BtnClose is invalid.
Line 244: The property name TX in BtnClose is invalid.
Line 245: The property name ENAB in BtnClose is invalid.
Line 255: The property name FOCUSR in BtnClose is invalid.
Line 256: The property name MPTR in BtnClose is invalid.
Line 257: The property name MICON in BtnClose is invalid.
Line 258: The property name BC in BtnClose is invalid.
Line 259: The property name FC in BtnClose is invalid.
Line 267: The property name _ExtentX in BtnApply is invalid.
Line 268: The property name _ExtentY in BtnApply is invalid.
Line 269: The property name TX in BtnApply is invalid.
Line 270: The property name ENAB in BtnApply is invalid.
Line 280: The property name FOCUSR in BtnApply is invalid.
Line 281: The property name MPTR in BtnApply is invalid.
Line 282: The property name MICON in BtnApply is invalid.
Line 283: The property name BC in BtnApply is invalid.
Line 284: The property name FC in BtnApply is invalid.
Line 292: The property name _ExtentX in TxtMinStockLimit is invalid.
Line 293: The property name _ExtentY in TxtMinStockLimit is invalid.
Line 294: The property name Alignment in TxtMinStockLimit is invalid.
Line 296: The property name MaxLength in TxtMinStockLimit is invalid.
Line 306: The property name Masked in TxtMinStockLimit is invalid.
Line 307: The property name DecimalPoint in TxtMinStockLimit is invalid.
Line 308: The property name IntegralPoint in TxtMinStockLimit is invalid.
Line 316: The property name _ExtentX in TxtMaxStockLimit is invalid.
Line 317: The property name _ExtentY in TxtMaxStockLimit is invalid.
Line 318: The property name Alignment in TxtMaxStockLimit is invalid.
Line 320: The property name MaxLength in TxtMaxStockLimit is invalid.
Line 330: The property name Masked in TxtMaxStockLimit is invalid.
Line 331: The property name DecimalPoint in TxtMaxStockLimit is invalid.
Line 332: The property name IntegralPoint in TxtMaxStockLimit is invalid.
Line 340: The property name _ExtentX in BtnFilter is invalid.
Line 341: The property name _ExtentY in BtnFilter is invalid.
Line 342: The property name TX in BtnFilter is invalid.
Line 343: The property name ENAB in BtnFilter is invalid.
Line 353: The property name FOCUSR in BtnFilter is invalid.
Line 354: The property name MPTR in BtnFilter is invalid.
Line 355: The property name MICON in BtnFilter is invalid.
Line 356: The property name BC in BtnFilter is invalid.
Line 357: The property name FC in BtnFilter is invalid.
Line 365: The property name _Version in DtpTo is invalid.
Line 366: The property name _ExtentX in DtpTo is invalid.
Line 367: The property name _ExtentY in DtpTo is invalid.
Line 368: The property name _StockProps in DtpTo is invalid.
Line 378: The property name DropDownFont in DtpTo is invalid.
Line 379: The property name DateSeparator in DtpTo is invalid.
Line 380: The property name Format in DtpTo is invalid.
Line 381: The property name BackColorSelected in DtpTo is invalid.
Line 382: The property name BevelColorFace in DtpTo is invalid.
Line 383: The property name DividerStyle in DtpTo is invalid.
Line 384: The property name ForeColorSelected in DtpTo is invalid.
Line 385: The property name BevelType in DtpTo is invalid.
Line 386: The property name SpinButton in DtpTo is invalid.
Line 387: The property name Mask in DtpTo is invalid.
Line 395: The property name _Version in DtpFrom is invalid.
Line 396: The property name _ExtentX in DtpFrom is invalid.
Line 397: The property name _ExtentY in DtpFrom is invalid.
Line 398: The property name _StockProps in DtpFrom is invalid.
Line 408: The property name DropDownFont in DtpFrom is invalid.
Line 409: The property name DateSeparator in DtpFrom is invalid.
Line 410: The property name Format in DtpFrom is invalid.
Line 411: The property name BackColorSelected in DtpFrom is invalid.
Line 412: The property name BevelColorFace in DtpFrom is invalid.
Line 413: The property name DividerStyle in DtpFrom is invalid.
Line 414: The property name ForeColorSelected in DtpFrom is invalid.
Line 415: The property name BevelType in DtpFrom is invalid.
Line 416: The property name SpinButton in DtpFrom is invalid.
Line 417: The property name Mask in DtpFrom is invalid.
Line 426: The property name _ExtentX in TxtStoreID is invalid.
Line 427: The property name _ExtentY in TxtStoreID is invalid.
Line 429: The property name MaxLength in TxtStoreID is invalid.
Line 439: The property name Masked in TxtStoreID is invalid.
Line 440: The property name IntegralPoint in TxtStoreID is invalid.
Line 449: The property name _ExtentX in TxtStoreName is invalid.
Line 450: The property name _ExtentY in TxtStoreName is invalid.
Line 453: The property name MaxLength in TxtStoreName is invalid.
Line 463: The property name Masked in TxtStoreName is invalid.
Line 473: The property name _ExtentX in BtnStore is invalid.
Line 474: The property name _ExtentY in BtnStore is invalid.
Line 475: The property name TX in BtnStore is invalid.
Line 476: The property name ENAB in BtnStore is invalid.
Line 486: The property name FOCUSR in BtnStore is invalid.
Line 487: The property name MPTR in BtnStore is invalid.
Line 488: The property name MICON in BtnStore is invalid.
Line 489: The property name BC in BtnStore is invalid.
Line 490: The property name FC in BtnStore is invalid.
