Line 28: Class JeweledBut.JeweledButton of control BtnDelete was not a loaded control class.
Line 54: Class JeweledBut.JeweledButton of control BtnSave was not a loaded control class.
Line 79: Class JeweledBut.JeweledButton of control BtnOpen was not a loaded control class.
Line 105: Class JeweledBut.JeweledButton of control BtnClose was not a loaded control class.
Line 131: Class JeweledBut.JeweledButton of control BtnClear was not a loaded control class.
Line 157: Class SITextBox.Txt of control TxtTotalAmount was not a loaded control class.
Line 180: Class SITextBox.Txt of control TxtDescription was not a loaded control class.
Line 201: Class SITextBox.Txt of control TxtCode was not a loaded control class.
Line 224: Class SITextBox.Txt of control TxtPurPrice was not a loaded control class.
Line 248: Class JeweledBut.JeweledButton of control BtnProduct was not a loaded control class.
Line 274: Class SITextBox.Txt of control TxtProductName was not a loaded control class.
Line 295: Class SSDataWidgets_B_OLEDB.SSOleDBGrid of control Grid was not a loaded control class.
Line 456: Class SITextBox.Txt of control TxtProductID was not a loaded control class.
Line 480: Class SITextBox.Txt of control TxtMultiplier was not a loaded control class.
Line 501: Class SITextBox.Txt of control TxtQtyLoose was not a loaded control class.
Line 526: Class SITextBox.Txt of control TxtQtyPack was not a loaded control class.
Line 549: Class SITextBox.Txt of control TxtAmount was not a loaded control class.
Line 570: Class SSCalendarWidgets_A.SSDateCombo of control DtpOpeningDate was not a loaded control class.
Line 600: Class SITextBox.Txt of control TxtOpeningID was not a loaded control class.
Line 623: Class JeweledBut.JeweledButton of control BtnPrint was not a loaded control class.
Line 649: Class SITextBox.Txt of control TxtStoreID was not a loaded control class.
Line 673: Class SITextBox.Txt of control TxtStoreName was not a loaded control class.
Line 696: Class JeweledBut.JeweledButton of control BtnStore was not a loaded control class.
Line 723: Class SITextBox.Txt of control TxtOrganizationID was not a loaded control class.
Line 746: Class SITextBox.Txt of control TxtOrganizationName was not a loaded control class.
Line 769: Class JeweledBut.JeweledButton of control BtnOrganization was not a loaded control class.
Line 796: Class SITextBox.Txt of control TxtDiscVal was not a loaded control class.
Line 819: Class SITextBox.Txt of control TxtDiscPer was not a loaded control class.
Line 843: Class SITextBox.Txt of control TxtDiscPC was not a loaded control class.
Line 867: Class SITextBox.Txt of control TxtTotalItems was not a loaded control class.
Line 35: The property name _ExtentX in BtnDelete is invalid.
Line 36: The property name _ExtentY in BtnDelete is invalid.
Line 37: The property name TX in BtnDelete is invalid.
Line 38: The property name ENAB in BtnDelete is invalid.
Line 48: The property name FOCUSR in BtnDelete is invalid.
Line 49: The property name MPTR in BtnDelete is invalid.
Line 50: The property name MICON in BtnDelete is invalid.
Line 51: The property name BC in BtnDelete is invalid.
Line 52: The property name FC in BtnDelete is invalid.
Line 60: The property name _ExtentX in BtnSave is invalid.
Line 61: The property name _ExtentY in BtnSave is invalid.
Line 62: The property name TX in BtnSave is invalid.
Line 63: The property name ENAB in BtnSave is invalid.
Line 73: The property name FOCUSR in BtnSave is invalid.
Line 74: The property name MPTR in BtnSave is invalid.
Line 75: The property name MICON in BtnSave is invalid.
Line 76: The property name BC in BtnSave is invalid.
Line 77: The property name FC in BtnSave is invalid.
Line 86: The property name _ExtentX in BtnOpen is invalid.
Line 87: The property name _ExtentY in BtnOpen is invalid.
Line 88: The property name TX in BtnOpen is invalid.
Line 89: The property name ENAB in BtnOpen is invalid.
Line 99: The property name FOCUSR in BtnOpen is invalid.
Line 100: The property name MPTR in BtnOpen is invalid.
Line 101: The property name MICON in BtnOpen is invalid.
Line 102: The property name BC in BtnOpen is invalid.
Line 103: The property name FC in BtnOpen is invalid.
Line 112: The property name _ExtentX in BtnClose is invalid.
Line 113: The property name _ExtentY in BtnClose is invalid.
Line 114: The property name TX in BtnClose is invalid.
Line 115: The property name ENAB in BtnClose is invalid.
Line 125: The property name FOCUSR in BtnClose is invalid.
Line 126: The property name MPTR in BtnClose is invalid.
Line 127: The property name MICON in BtnClose is invalid.
Line 128: The property name BC in BtnClose is invalid.
Line 129: The property name FC in BtnClose is invalid.
Line 138: The property name _ExtentX in BtnClear is invalid.
Line 139: The property name _ExtentY in BtnClear is invalid.
Line 140: The property name TX in BtnClear is invalid.
Line 141: The property name ENAB in BtnClear is invalid.
Line 151: The property name FOCUSR in BtnClear is invalid.
Line 152: The property name MPTR in BtnClear is invalid.
Line 153: The property name MICON in BtnClear is invalid.
Line 154: The property name BC in BtnClear is invalid.
Line 155: The property name FC in BtnClear is invalid.
Line 163: The property name _ExtentX in TxtTotalAmount is invalid.
Line 164: The property name _ExtentY in TxtTotalAmount is invalid.
Line 165: The property name Alignment in TxtTotalAmount is invalid.
Line 168: The property name MaxLength in TxtTotalAmount is invalid.
Line 178: The property name Masked in TxtTotalAmount is invalid.
Line 186: The property name _ExtentX in TxtDescription is invalid.
Line 187: The property name _ExtentY in TxtDescription is invalid.
Line 189: The property name MaxLength in TxtDescription is invalid.
Line 199: The property name Masked in TxtDescription is invalid.
Line 207: The property name _ExtentX in TxtCode is invalid.
Line 208: The property name _ExtentY in TxtCode is invalid.
Line 210: The property name MaxLength in TxtCode is invalid.
Line 220: The property name Masked in TxtCode is invalid.
Line 221: The property name IntegralPoint in TxtCode is invalid.
Line 222: The property name Mandatory in TxtCode is invalid.
Line 230: The property name _ExtentX in TxtPurPrice is invalid.
Line 231: The property name _ExtentY in TxtPurPrice is invalid.
Line 232: The property name Alignment in TxtPurPrice is invalid.
Line 234: The property name MaxLength in TxtPurPrice is invalid.
Line 244: The property name Masked in TxtPurPrice is invalid.
Line 245: The property name DecimalPoint in TxtPurPrice is invalid.
Line 246: The property name IntegralPoint in TxtPurPrice is invalid.
Line 255: The property name _ExtentX in BtnProduct is invalid.
Line 256: The property name _ExtentY in BtnProduct is invalid.
Line 257: The property name TX in BtnProduct is invalid.
Line 258: The property name ENAB in BtnProduct is invalid.
Line 268: The property name FOCUSR in BtnProduct is invalid.
Line 269: The property name MPTR in BtnProduct is invalid.
Line 270: The property name MICON in BtnProduct is invalid.
Line 271: The property name BC in BtnProduct is invalid.
Line 272: The property name FC in BtnProduct is invalid.
Line 280: The property name _ExtentX in TxtProductName is invalid.
Line 281: The property name _ExtentY in TxtProductName is invalid.
Line 293: The property name Masked in TxtProductName is invalid.
Line 301: The property name ScrollBars in Grid is invalid.
Line 302: The property name _Version in Grid is invalid.
Line 303: The property name DataMode in Grid is invalid.
Line 304: The property name RecordSelectors in Grid is invalid.
Line 305: The property name Col.Count in Grid is invalid.
Line 306: The property name stylesets.count in Grid is invalid.
Line 307: The property name stylesets(0).Name in Grid is invalid.
Line 308: The property name stylesets(0).ForeColor in Grid is invalid.
Line 309: The property name stylesets(0).BackColor in Grid is invalid.
Line 310: The property name stylesets(0).HasFont in Grid is invalid.
Line 319: The property name stylesets(0).Font in Grid is invalid.
Line 320: The property name stylesets(0).Picture in Grid is invalid.
Line 321: The property name AllowUpdate in Grid is invalid.
Line 322: The property name AllowRowSizing in Grid is invalid.
Line 323: The property name AllowGroupSizing in Grid is invalid.
Line 324: The property name AllowColumnSizing in Grid is invalid.
Line 325: The property name AllowGroupMoving in Grid is invalid.
Line 326: The property name AllowColumnMoving in Grid is invalid.
Line 327: The property name AllowGroupSwapping in Grid is invalid.
Line 328: The property name AllowColumnSwapping in Grid is invalid.
Line 329: The property name AllowGroupShrinking in Grid is invalid.
Line 330: The property name AllowColumnShrinking in Grid is invalid.
Line 331: The property name AllowDragDrop in Grid is invalid.
Line 332: The property name SelectTypeCol in Grid is invalid.
Line 333: The property name SelectTypeRow in Grid is invalid.
Line 334: The property name RowNavigation in Grid is invalid.
Line 335: The property name ForeColorEven in Grid is invalid.
Line 336: The property name BackColorOdd in Grid is invalid.
Line 337: The property name RowHeight in Grid is invalid.
Line 338: The property name ActiveRowStyleSet in Grid is invalid.
Line 339: The property name Columns.Count in Grid is invalid.
Line 340: The property name Columns(0).Width in Grid is invalid.
Line 341: The property name Columns(0).Visible in Grid is invalid.
Line 342: The property name Columns(0).Caption in Grid is invalid.
Line 343: The property name Columns(0).Name in Grid is invalid.
Line 344: The property name Columns(0).CaptionAlignment in Grid is invalid.
Line 345: The property name Columns(0).DataField in Grid is invalid.
Line 346: The property name Columns(0).DataType in Grid is invalid.
Line 347: The property name Columns(0).FieldLen in Grid is invalid.
Line 348: The property name Columns(1).Width in Grid is invalid.
Line 349: The property name Columns(1).Caption in Grid is invalid.
Line 350: The property name Columns(1).Name in Grid is invalid.
Line 351: The property name Columns(1).CaptionAlignment in Grid is invalid.
Line 352: The property name Columns(1).DataField in Grid is invalid.
Line 353: The property name Columns(1).DataType in Grid is invalid.
Line 354: The property name Columns(1).FieldLen in Grid is invalid.
Line 355: The property name Columns(2).Width in Grid is invalid.
Line 356: The property name Columns(2).Caption in Grid is invalid.
Line 357: The property name Columns(2).Name in Grid is invalid.
Line 358: The property name Columns(2).CaptionAlignment in Grid is invalid.
Line 359: The property name Columns(2).DataField in Grid is invalid.
Line 360: The property name Columns(2).DataType in Grid is invalid.
Line 361: The property name Columns(2).FieldLen in Grid is invalid.
Line 362: The property name Columns(3).Width in Grid is invalid.
Line 363: The property name Columns(3).Caption in Grid is invalid.
Line 364: The property name Columns(3).Name in Grid is invalid.
Line 365: The property name Columns(3).CaptionAlignment in Grid is invalid.
Line 366: The property name Columns(3).DataField in Grid is invalid.
Line 367: The property name Columns(3).DataType in Grid is invalid.
Line 368: The property name Columns(3).FieldLen in Grid is invalid.
Line 369: The property name Columns(4).Width in Grid is invalid.
Line 370: The property name Columns(4).Caption in Grid is invalid.
Line 371: The property name Columns(4).Name in Grid is invalid.
Line 372: The property name Columns(4).Alignment in Grid is invalid.
Line 373: The property name Columns(4).DataField in Grid is invalid.
Line 374: The property name Columns(4).DataType in Grid is invalid.
Line 375: The property name Columns(4).FieldLen in Grid is invalid.
Line 376: The property name Columns(5).Width in Grid is invalid.
Line 377: The property name Columns(5).Caption in Grid is invalid.
Line 378: The property name Columns(5).Name in Grid is invalid.
Line 379: The property name Columns(5).Alignment in Grid is invalid.
Line 380: The property name Columns(5).CaptionAlignment in Grid is invalid.
Line 381: The property name Columns(5).DataField in Grid is invalid.
Line 382: The property name Columns(5).DataType in Grid is invalid.
Line 383: The property name Columns(5).FieldLen in Grid is invalid.
Line 384: The property name Columns(6).Width in Grid is invalid.
Line 385: The property name Columns(6).Caption in Grid is invalid.
Line 386: The property name Columns(6).Name in Grid is invalid.
Line 387: The property name Columns(6).Alignment in Grid is invalid.
Line 388: The property name Columns(6).DataField in Grid is invalid.
Line 389: The property name Columns(6).DataType in Grid is invalid.
Line 390: The property name Columns(6).FieldLen in Grid is invalid.
Line 391: The property name Columns(7).Width in Grid is invalid.
Line 392: The property name Columns(7).Caption in Grid is invalid.
Line 393: The property name Columns(7).Name in Grid is invalid.
Line 394: The property name Columns(7).Alignment in Grid is invalid.
Line 395: The property name Columns(7).CaptionAlignment in Grid is invalid.
Line 396: The property name Columns(7).DataField in Grid is invalid.
Line 397: The property name Columns(7).DataType in Grid is invalid.
Line 398: The property name Columns(7).FieldLen in Grid is invalid.
Line 399: The property name Columns(8).Width in Grid is invalid.
Line 400: The property name Columns(8).Caption in Grid is invalid.
Line 401: The property name Columns(8).Name in Grid is invalid.
Line 402: The property name Columns(8).DataField in Grid is invalid.
Line 403: The property name Columns(8).DataType in Grid is invalid.
Line 404: The property name Columns(8).FieldLen in Grid is invalid.
Line 405: The property name Columns(9).Width in Grid is invalid.
Line 406: The property name Columns(9).Caption in Grid is invalid.
Line 407: The property name Columns(9).Name in Grid is invalid.
Line 408: The property name Columns(9).DataField in Grid is invalid.
Line 409: The property name Columns(9).DataType in Grid is invalid.
Line 410: The property name Columns(9).FieldLen in Grid is invalid.
Line 411: The property name Columns(10).Width in Grid is invalid.
Line 412: The property name Columns(10).Caption in Grid is invalid.
Line 413: The property name Columns(10).Name in Grid is invalid.
Line 414: The property name Columns(10).DataField in Grid is invalid.
Line 415: The property name Columns(10).DataType in Grid is invalid.
Line 416: The property name Columns(10).FieldLen in Grid is invalid.
Line 417: The property name Columns(11).Width in Grid is invalid.
Line 418: The property name Columns(11).Caption in Grid is invalid.
Line 419: The property name Columns(11).Name in Grid is invalid.
Line 420: The property name Columns(11).Alignment in Grid is invalid.
Line 421: The property name Columns(11).CaptionAlignment in Grid is invalid.
Line 422: The property name Columns(11).DataField in Grid is invalid.
Line 423: The property name Columns(11).DataType in Grid is invalid.
Line 424: The property name Columns(11).FieldLen in Grid is invalid.
Line 425: The property name Columns(12).Width in Grid is invalid.
Line 426: The property name Columns(12).Visible in Grid is invalid.
Line 427: The property name Columns(12).Caption in Grid is invalid.
Line 428: The property name Columns(12).Name in Grid is invalid.
Line 429: The property name Columns(12).DataField in Grid is invalid.
Line 430: The property name Columns(12).DataType in Grid is invalid.
Line 431: The property name Columns(12).FieldLen in Grid is invalid.
Line 432: The property name TabNavigation in Grid is invalid.
Line 433: The property name _ExtentX in Grid is invalid.
Line 434: The property name _ExtentY in Grid is invalid.
Line 435: The property name _StockProps in Grid is invalid.
Line 445: The property name PageFooterFont in Grid is invalid.
Line 454: The property name PageHeaderFont in Grid is invalid.
Line 463: The property name _ExtentX in TxtProductID is invalid.
Line 464: The property name _ExtentY in TxtProductID is invalid.
Line 466: The property name MaxLength in TxtProductID is invalid.
Line 476: The property name Masked in TxtProductID is invalid.
Line 477: The property name IntegralPoint in TxtProductID is invalid.
Line 478: The property name Mandatory in TxtProductID is invalid.
Line 486: The property name _ExtentX in TxtMultiplier is invalid.
Line 487: The property name _ExtentY in TxtMultiplier is invalid.
Line 488: The property name Alignment in TxtMultiplier is invalid.
Line 507: The property name _ExtentX in TxtQtyLoose is invalid.
Line 508: The property name _ExtentY in TxtQtyLoose is invalid.
Line 509: The property name Alignment in TxtQtyLoose is invalid.
Line 511: The property name MaxLength in TxtQtyLoose is invalid.
Line 521: The property name Masked in TxtQtyLoose is invalid.
Line 522: The property name DecimalPoint in TxtQtyLoose is invalid.
Line 523: The property name IntegralPoint in TxtQtyLoose is invalid.
Line 524: The property name Mandatory in TxtQtyLoose is invalid.
Line 532: The property name _ExtentX in TxtQtyPack is invalid.
Line 533: The property name _ExtentY in TxtQtyPack is invalid.
Line 534: The property name Alignment in TxtQtyPack is invalid.
Line 536: The property name MaxLength in TxtQtyPack is invalid.
Line 546: The property name Masked in TxtQtyPack is invalid.
Line 547: The property name Mandatory in TxtQtyPack is invalid.
Line 555: The property name _ExtentX in TxtAmount is invalid.
Line 556: The property name _ExtentY in TxtAmount is invalid.
Line 557: The property name Alignment in TxtAmount is invalid.
Line 576: The property name _Version in DtpOpeningDate is invalid.
Line 577: The property name _ExtentX in DtpOpeningDate is invalid.
Line 578: The property name _ExtentY in DtpOpeningDate is invalid.
Line 579: The property name _StockProps in DtpOpeningDate is invalid.
Line 589: The property name DropDownFont in DtpOpeningDate is invalid.
Line 590: The property name DateSeparator in DtpOpeningDate is invalid.
Line 591: The property name Format in DtpOpeningDate is invalid.
Line 592: The property name BackColorSelected in DtpOpeningDate is invalid.
Line 593: The property name BevelColorFace in DtpOpeningDate is invalid.
Line 594: The property name DividerStyle in DtpOpeningDate is invalid.
Line 595: The property name ForeColorSelected in DtpOpeningDate is invalid.
Line 596: The property name BevelType in DtpOpeningDate is invalid.
Line 597: The property name SpinButton in DtpOpeningDate is invalid.
Line 598: The property name Mask in DtpOpeningDate is invalid.
Line 606: The property name _ExtentX in TxtOpeningID is invalid.
Line 607: The property name _ExtentY in TxtOpeningID is invalid.
Line 610: The property name MaxLength in TxtOpeningID is invalid.
Line 620: The property name Masked in TxtOpeningID is invalid.
Line 621: The property name Mandatory in TxtOpeningID is invalid.
Line 630: The property name _ExtentX in BtnPrint is invalid.
Line 631: The property name _ExtentY in BtnPrint is invalid.
Line 632: The property name TX in BtnPrint is invalid.
Line 633: The property name ENAB in BtnPrint is invalid.
Line 643: The property name FOCUSR in BtnPrint is invalid.
Line 644: The property name MPTR in BtnPrint is invalid.
Line 645: The property name MICON in BtnPrint is invalid.
Line 646: The property name BC in BtnPrint is invalid.
Line 647: The property name FC in BtnPrint is invalid.
Line 656: The property name _ExtentX in TxtStoreID is invalid.
Line 657: The property name _ExtentY in TxtStoreID is invalid.
Line 659: The property name MaxLength in TxtStoreID is invalid.
Line 669: The property name Masked in TxtStoreID is invalid.
Line 670: The property name IntegralPoint in TxtStoreID is invalid.
Line 671: The property name Mandatory in TxtStoreID is invalid.
Line 680: The property name _ExtentX in TxtStoreName is invalid.
Line 681: The property name _ExtentY in TxtStoreName is invalid.
Line 684: The property name MaxLength in TxtStoreName is invalid.
Line 694: The property name Masked in TxtStoreName is invalid.
Line 704: The property name _ExtentX in BtnStore is invalid.
Line 705: The property name _ExtentY in BtnStore is invalid.
Line 706: The property name TX in BtnStore is invalid.
Line 707: The property name ENAB in BtnStore is invalid.
Line 717: The property name FOCUSR in BtnStore is invalid.
Line 718: The property name MPTR in BtnStore is invalid.
Line 719: The property name MICON in BtnStore is invalid.
Line 720: The property name BC in BtnStore is invalid.
Line 721: The property name FC in BtnStore is invalid.
Line 730: The property name _ExtentX in TxtOrganizationID is invalid.
Line 731: The property name _ExtentY in TxtOrganizationID is invalid.
Line 733: The property name MaxLength in TxtOrganizationID is invalid.
Line 743: The property name Masked in TxtOrganizationID is invalid.
Line 744: The property name IntegralPoint in TxtOrganizationID is invalid.
Line 753: The property name _ExtentX in TxtOrganizationName is invalid.
Line 754: The property name _ExtentY in TxtOrganizationName is invalid.
Line 757: The property name MaxLength in TxtOrganizationName is invalid.
Line 767: The property name Masked in TxtOrganizationName is invalid.
Line 777: The property name _ExtentX in BtnOrganization is invalid.
Line 778: The property name _ExtentY in BtnOrganization is invalid.
Line 779: The property name TX in BtnOrganization is invalid.
Line 780: The property name ENAB in BtnOrganization is invalid.
Line 790: The property name FOCUSR in BtnOrganization is invalid.
Line 791: The property name MPTR in BtnOrganization is invalid.
Line 792: The property name MICON in BtnOrganization is invalid.
Line 793: The property name BC in BtnOrganization is invalid.
Line 794: The property name FC in BtnOrganization is invalid.
Line 802: The property name _ExtentX in TxtDiscVal is invalid.
Line 803: The property name _ExtentY in TxtDiscVal is invalid.
Line 804: The property name Alignment in TxtDiscVal is invalid.
Line 806: The property name MaxLength in TxtDiscVal is invalid.
Line 816: The property name DecimalPoint in TxtDiscVal is invalid.
Line 817: The property name IntegralPoint in TxtDiscVal is invalid.
Line 825: The property name _ExtentX in TxtDiscPer is invalid.
Line 826: The property name _ExtentY in TxtDiscPer is invalid.
Line 827: The property name Alignment in TxtDiscPer is invalid.
Line 829: The property name MaxLength in TxtDiscPer is invalid.
Line 839: The property name Masked in TxtDiscPer is invalid.
Line 840: The property name DecimalPoint in TxtDiscPer is invalid.
Line 841: The property name IntegralPoint in TxtDiscPer is invalid.
Line 849: The property name _ExtentX in TxtDiscPC is invalid.
Line 850: The property name _ExtentY in TxtDiscPC is invalid.
Line 851: The property name Alignment in TxtDiscPC is invalid.
Line 853: The property name MaxLength in TxtDiscPC is invalid.
Line 863: The property name Masked in TxtDiscPC is invalid.
Line 864: The property name DecimalPoint in TxtDiscPC is invalid.
Line 865: The property name IntegralPoint in TxtDiscPC is invalid.
Line 873: The property name _ExtentX in TxtTotalItems is invalid.
Line 874: The property name _ExtentY in TxtTotalItems is invalid.
Line 875: The property name Alignment in TxtTotalItems is invalid.
Line 878: The property name MaxLength in TxtTotalItems is invalid.
Line 888: The property name Masked in TxtTotalItems is invalid.
