Line 20: Class JeweledBut.JeweledButton of control BtnClose was not a loaded control class.
Line 46: Class JeweledBut.JeweledButton of control BtnPreview was not a loaded control class.
Line 72: Class JeweledBut.JeweledButton of control BtnPrint was not a loaded control class.
Line 98: Class SITextBox.Txt of control TxtProductID was not a loaded control class.
Line 120: Class SITextBox.Txt of control TxtProductName was not a loaded control class.
Line 142: Class JeweledBut.JeweledButton of control BtnProduct was not a loaded control class.
Line 168: Class SSCalendarWidgets_A.SSDateCombo of control DtpFrom was not a loaded control class.
Line 198: Class SSCalendarWidgets_A.SSDateCombo of control DtpTo was not a loaded control class.
Line 228: Class SITextBox.Txt of control TxtFromStoreID was not a loaded control class.
Line 250: Class SITextBox.Txt of control TxtFromStoreName was not a loaded control class.
Line 272: Class JeweledBut.JeweledButton of control BtnFromStore was not a loaded control class.
Line 299: Class SITextBox.Txt of control TxtToStoreID was not a loaded control class.
Line 321: Class SITextBox.Txt of control TxtToStoreName was not a loaded control class.
Line 343: Class JeweledBut.JeweledButton of control BtnToStore was not a loaded control class.
Line 27: The property name _ExtentX in BtnClose is invalid.
Line 28: The property name _ExtentY in BtnClose is invalid.
Line 29: The property name TX in BtnClose is invalid.
Line 30: The property name ENAB in BtnClose is invalid.
Line 40: The property name FOCUSR in BtnClose is invalid.
Line 41: The property name MPTR in BtnClose is invalid.
Line 42: The property name MICON in BtnClose is invalid.
Line 43: The property name BC in BtnClose is invalid.
Line 44: The property name FC in BtnClose is invalid.
Line 53: The property name _ExtentX in BtnPreview is invalid.
Line 54: The property name _ExtentY in BtnPreview is invalid.
Line 55: The property name TX in BtnPreview is invalid.
Line 56: The property name ENAB in BtnPreview is invalid.
Line 66: The property name FOCUSR in BtnPreview is invalid.
Line 67: The property name MPTR in BtnPreview is invalid.
Line 68: The property name MICON in BtnPreview is invalid.
Line 69: The property name BC in BtnPreview is invalid.
Line 70: The property name FC in BtnPreview is invalid.
Line 79: The property name _ExtentX in BtnPrint is invalid.
Line 80: The property name _ExtentY in BtnPrint is invalid.
Line 81: The property name TX in BtnPrint is invalid.
Line 82: The property name ENAB in BtnPrint is invalid.
Line 92: The property name FOCUSR in BtnPrint is invalid.
Line 93: The property name MPTR in BtnPrint is invalid.
Line 94: The property name MICON in BtnPrint is invalid.
Line 95: The property name BC in BtnPrint is invalid.
Line 96: The property name FC in BtnPrint is invalid.
Line 104: The property name _ExtentX in TxtProductID is invalid.
Line 105: The property name _ExtentY in TxtProductID is invalid.
Line 107: The property name MaxLength in TxtProductID is invalid.
Line 117: The property name Masked in TxtProductID is invalid.
Line 118: The property name IntegralPoint in TxtProductID is invalid.
Line 126: The property name _ExtentX in TxtProductName is invalid.
Line 127: The property name _ExtentY in TxtProductName is invalid.
Line 130: The property name MaxLength in TxtProductName is invalid.
Line 140: The property name Masked in TxtProductName is invalid.
Line 149: The property name _ExtentX in BtnProduct is invalid.
Line 150: The property name _ExtentY in BtnProduct is invalid.
Line 151: The property name TX in BtnProduct is invalid.
Line 152: The property name ENAB in BtnProduct is invalid.
Line 162: The property name FOCUSR in BtnProduct is invalid.
Line 163: The property name MPTR in BtnProduct is invalid.
Line 164: The property name MICON in BtnProduct is invalid.
Line 165: The property name BC in BtnProduct is invalid.
Line 166: The property name FC in BtnProduct is invalid.
Line 174: The property name _Version in DtpFrom is invalid.
Line 175: The property name _ExtentX in DtpFrom is invalid.
Line 176: The property name _ExtentY in DtpFrom is invalid.
Line 177: The property name _StockProps in DtpFrom is invalid.
Line 187: The property name DropDownFont in DtpFrom is invalid.
Line 188: The property name DateSeparator in DtpFrom is invalid.
Line 189: The property name Format in DtpFrom is invalid.
Line 190: The property name BackColorSelected in DtpFrom is invalid.
Line 191: The property name BevelColorFace in DtpFrom is invalid.
Line 192: The property name DividerStyle in DtpFrom is invalid.
Line 193: The property name ForeColorSelected in DtpFrom is invalid.
Line 194: The property name BevelType in DtpFrom is invalid.
Line 195: The property name SpinButton in DtpFrom is invalid.
Line 196: The property name Mask in DtpFrom is invalid.
Line 204: The property name _Version in DtpTo is invalid.
Line 205: The property name _ExtentX in DtpTo is invalid.
Line 206: The property name _ExtentY in DtpTo is invalid.
Line 207: The property name _StockProps in DtpTo is invalid.
Line 217: The property name DropDownFont in DtpTo is invalid.
Line 218: The property name DateSeparator in DtpTo is invalid.
Line 219: The property name Format in DtpTo is invalid.
Line 220: The property name BackColorSelected in DtpTo is invalid.
Line 221: The property name BevelColorFace in DtpTo is invalid.
Line 222: The property name DividerStyle in DtpTo is invalid.
Line 223: The property name ForeColorSelected in DtpTo is invalid.
Line 224: The property name BevelType in DtpTo is invalid.
Line 225: The property name SpinButton in DtpTo is invalid.
Line 226: The property name Mask in DtpTo is invalid.
Line 234: The property name _ExtentX in TxtFromStoreID is invalid.
Line 235: The property name _ExtentY in TxtFromStoreID is invalid.
Line 237: The property name MaxLength in TxtFromStoreID is invalid.
Line 247: The property name Masked in TxtFromStoreID is invalid.
Line 248: The property name IntegralPoint in TxtFromStoreID is invalid.
Line 256: The property name _ExtentX in TxtFromStoreName is invalid.
Line 257: The property name _ExtentY in TxtFromStoreName is invalid.
Line 260: The property name MaxLength in TxtFromStoreName is invalid.
Line 270: The property name Masked in TxtFromStoreName is invalid.
Line 280: The property name _ExtentX in BtnFromStore is invalid.
Line 281: The property name _ExtentY in BtnFromStore is invalid.
Line 282: The property name TX in BtnFromStore is invalid.
Line 283: The property name ENAB in BtnFromStore is invalid.
Line 293: The property name FOCUSR in BtnFromStore is invalid.
Line 294: The property name MPTR in BtnFromStore is invalid.
Line 295: The property name MICON in BtnFromStore is invalid.
Line 296: The property name BC in BtnFromStore is invalid.
Line 297: The property name FC in BtnFromStore is invalid.
Line 305: The property name _ExtentX in TxtToStoreID is invalid.
Line 306: The property name _ExtentY in TxtToStoreID is invalid.
Line 308: The property name MaxLength in TxtToStoreID is invalid.
Line 318: The property name Masked in TxtToStoreID is invalid.
Line 319: The property name IntegralPoint in TxtToStoreID is invalid.
Line 327: The property name _ExtentX in TxtToStoreName is invalid.
Line 328: The property name _ExtentY in TxtToStoreName is invalid.
Line 331: The property name MaxLength in TxtToStoreName is invalid.
Line 341: The property name Masked in TxtToStoreName is invalid.
Line 351: The property name _ExtentX in BtnToStore is invalid.
Line 352: The property name _ExtentY in BtnToStore is invalid.
Line 353: The property name TX in BtnToStore is invalid.
Line 354: The property name ENAB in BtnToStore is invalid.
Line 364: The property name FOCUSR in BtnToStore is invalid.
Line 365: The property name MPTR in BtnToStore is invalid.
Line 366: The property name MICON in BtnToStore is invalid.
Line 367: The property name BC in BtnToStore is invalid.
Line 368: The property name FC in BtnToStore is invalid.
