Line 19: Class JeweledBut.JeweledButton of control BtnClose was not a loaded control class.
Line 45: Class JeweledBut.JeweledButton of control BtnPreview was not a loaded control class.
Line 70: Class JeweledBut.JeweledButton of control BtnPrint was not a loaded control class.
Line 95: Class SITextBox.Txt of control TxtProductID was not a loaded control class.
Line 119: Class SITextBox.Txt of control TxtCode was not a loaded control class.
Line 141: Class JeweledBut.JeweledButton of control BtnProduct was not a loaded control class.
Line 167: Class SITextBox.Txt of control TxtProductName was not a loaded control class.
Line 188: Class JeweledBut.JeweledButton of control BtnGroup was not a loaded control class.
Line 216: Class SITextBox.Txt of control TxtGroupID was not a loaded control class.
Line 238: Class SITextBox.Txt of control TxtGroupName was not a loaded control class.
Line 259: Class JeweledBut.JeweledButton of control BtnSubGroup was not a loaded control class.
Line 287: Class SITextBox.Txt of control TxtSubGroupID was not a loaded control class.
Line 309: Class SITextBox.Txt of control TxtSubGroupName was not a loaded control class.
Line 330: Class JeweledBut.JeweledButton of control BtnCompany was not a loaded control class.
Line 358: Class SITextBox.Txt of control TxtCompanyID was not a loaded control class.
Line 380: Class SITextBox.Txt of control TxtCompanyName was not a loaded control class.
Line 401: Class JeweledBut.JeweledButton of control BtnBrand was not a loaded control class.
Line 429: Class SITextBox.Txt of control TxtBrandID was not a loaded control class.
Line 450: Class SITextBox.Txt of control TxtBrandName was not a loaded control class.
Line 26: The property name _ExtentX in BtnClose is invalid.
Line 27: The property name _ExtentY in BtnClose is invalid.
Line 28: The property name TX in BtnClose is invalid.
Line 29: The property name ENAB in BtnClose is invalid.
Line 39: The property name FOCUSR in BtnClose is invalid.
Line 40: The property name MPTR in BtnClose is invalid.
Line 41: The property name MICON in BtnClose is invalid.
Line 42: The property name BC in BtnClose is invalid.
Line 43: The property name FC in BtnClose is invalid.
Line 51: The property name _ExtentX in BtnPreview is invalid.
Line 52: The property name _ExtentY in BtnPreview is invalid.
Line 53: The property name TX in BtnPreview is invalid.
Line 54: The property name ENAB in BtnPreview is invalid.
Line 64: The property name FOCUSR in BtnPreview is invalid.
Line 65: The property name MPTR in BtnPreview is invalid.
Line 66: The property name MICON in BtnPreview is invalid.
Line 67: The property name BC in BtnPreview is invalid.
Line 68: The property name FC in BtnPreview is invalid.
Line 76: The property name _ExtentX in BtnPrint is invalid.
Line 77: The property name _ExtentY in BtnPrint is invalid.
Line 78: The property name TX in BtnPrint is invalid.
Line 79: The property name ENAB in BtnPrint is invalid.
Line 89: The property name FOCUSR in BtnPrint is invalid.
Line 90: The property name MPTR in BtnPrint is invalid.
Line 91: The property name MICON in BtnPrint is invalid.
Line 92: The property name BC in BtnPrint is invalid.
Line 93: The property name FC in BtnPrint is invalid.
Line 102: The property name _ExtentX in TxtProductID is invalid.
Line 103: The property name _ExtentY in TxtProductID is invalid.
Line 105: The property name MaxLength in TxtProductID is invalid.
Line 115: The property name Masked in TxtProductID is invalid.
Line 116: The property name IntegralPoint in TxtProductID is invalid.
Line 117: The property name Mandatory in TxtProductID is invalid.
Line 125: The property name _ExtentX in TxtCode is invalid.
Line 126: The property name _ExtentY in TxtCode is invalid.
Line 128: The property name MaxLength in TxtCode is invalid.
Line 138: The property name Masked in TxtCode is invalid.
Line 139: The property name IntegralPoint in TxtCode is invalid.
Line 148: The property name _ExtentX in BtnProduct is invalid.
Line 149: The property name _ExtentY in BtnProduct is invalid.
Line 150: The property name TX in BtnProduct is invalid.
Line 151: The property name ENAB in BtnProduct is invalid.
Line 161: The property name FOCUSR in BtnProduct is invalid.
Line 162: The property name MPTR in BtnProduct is invalid.
Line 163: The property name MICON in BtnProduct is invalid.
Line 164: The property name BC in BtnProduct is invalid.
Line 165: The property name FC in BtnProduct is invalid.
Line 173: The property name _ExtentX in TxtProductName is invalid.
Line 174: The property name _ExtentY in TxtProductName is invalid.
Line 186: The property name Masked in TxtProductName is invalid.
Line 197: The property name _ExtentX in BtnGroup is invalid.
Line 198: The property name _ExtentY in BtnGroup is invalid.
Line 199: The property name TX in BtnGroup is invalid.
Line 200: The property name ENAB in BtnGroup is invalid.
Line 210: The property name FOCUSR in BtnGroup is invalid.
Line 211: The property name MPTR in BtnGroup is invalid.
Line 212: The property name MICON in BtnGroup is invalid.
Line 213: The property name BC in BtnGroup is invalid.
Line 214: The property name FC in BtnGroup is invalid.
Line 222: The property name _ExtentX in TxtGroupID is invalid.
Line 223: The property name _ExtentY in TxtGroupID is invalid.
Line 225: The property name MaxLength in TxtGroupID is invalid.
Line 235: The property name Masked in TxtGroupID is invalid.
Line 236: The property name IntegralPoint in TxtGroupID is invalid.
Line 245: The property name _ExtentX in TxtGroupName is invalid.
Line 246: The property name _ExtentY in TxtGroupName is invalid.
Line 268: The property name _ExtentX in BtnSubGroup is invalid.
Line 269: The property name _ExtentY in BtnSubGroup is invalid.
Line 270: The property name TX in BtnSubGroup is invalid.
Line 271: The property name ENAB in BtnSubGroup is invalid.
Line 281: The property name FOCUSR in BtnSubGroup is invalid.
Line 282: The property name MPTR in BtnSubGroup is invalid.
Line 283: The property name MICON in BtnSubGroup is invalid.
Line 284: The property name BC in BtnSubGroup is invalid.
Line 285: The property name FC in BtnSubGroup is invalid.
Line 293: The property name _ExtentX in TxtSubGroupID is invalid.
Line 294: The property name _ExtentY in TxtSubGroupID is invalid.
Line 296: The property name MaxLength in TxtSubGroupID is invalid.
Line 306: The property name Masked in TxtSubGroupID is invalid.
Line 307: The property name IntegralPoint in TxtSubGroupID is invalid.
Line 316: The property name _ExtentX in TxtSubGroupName is invalid.
Line 317: The property name _ExtentY in TxtSubGroupName is invalid.
Line 339: The property name _ExtentX in BtnCompany is invalid.
Line 340: The property name _ExtentY in BtnCompany is invalid.
Line 341: The property name TX in BtnCompany is invalid.
Line 342: The property name ENAB in BtnCompany is invalid.
Line 352: The property name FOCUSR in BtnCompany is invalid.
Line 353: The property name MPTR in BtnCompany is invalid.
Line 354: The property name MICON in BtnCompany is invalid.
Line 355: The property name BC in BtnCompany is invalid.
Line 356: The property name FC in BtnCompany is invalid.
Line 364: The property name _ExtentX in TxtCompanyID is invalid.
Line 365: The property name _ExtentY in TxtCompanyID is invalid.
Line 367: The property name MaxLength in TxtCompanyID is invalid.
Line 377: The property name Masked in TxtCompanyID is invalid.
Line 378: The property name IntegralPoint in TxtCompanyID is invalid.
Line 387: The property name _ExtentX in TxtCompanyName is invalid.
Line 388: The property name _ExtentY in TxtCompanyName is invalid.
Line 410: The property name _ExtentX in BtnBrand is invalid.
Line 411: The property name _ExtentY in BtnBrand is invalid.
Line 412: The property name TX in BtnBrand is invalid.
Line 413: The property name ENAB in BtnBrand is invalid.
Line 423: The property name FOCUSR in BtnBrand is invalid.
Line 424: The property name MPTR in BtnBrand is invalid.
Line 425: The property name MICON in BtnBrand is invalid.
Line 426: The property name BC in BtnBrand is invalid.
Line 427: The property name FC in BtnBrand is invalid.
Line 435: The property name _ExtentX in TxtBrandID is invalid.
Line 436: The property name _ExtentY in TxtBrandID is invalid.
Line 438: The property name MaxLength in TxtBrandID is invalid.
Line 448: The property name IntegralPoint in TxtBrandID is invalid.
Line 457: The property name _ExtentX in TxtBrandName is invalid.
Line 458: The property name _ExtentY in TxtBrandName is invalid.
