Line 20: Class JeweledBut.JeweledButton of control BtnClose was not a loaded control class.
Line 46: Class JeweledBut.JeweledButton of control BtnPreview was not a loaded control class.
Line 71: Class JeweledBut.JeweledButton of control BtnPrint was not a loaded control class.
Line 96: Class SITextBox.Txt of control TxtVendorID was not a loaded control class.
Line 118: Class SITextBox.Txt of control TxtVendorName was not a loaded control class.
Line 140: Class JeweledBut.JeweledButton of control BtnVendor was not a loaded control class.
Line 166: Class SITextBox.Txt of control TxtProductID was not a loaded control class.
Line 188: Class JeweledBut.JeweledButton of control BtnProduct was not a loaded control class.
Line 214: Class SITextBox.Txt of control TxtProductName was not a loaded control class.
Line 235: Class JeweledBut.JeweledButton of control BtnGroup was not a loaded control class.
Line 263: Class SITextBox.Txt of control TxtGroupID was not a loaded control class.
Line 285: Class SITextBox.Txt of control TxtGroupName was not a loaded control class.
Line 306: Class JeweledBut.JeweledButton of control BtnSubGroup was not a loaded control class.
Line 334: Class SITextBox.Txt of control TxtSubGroupID was not a loaded control class.
Line 356: Class SITextBox.Txt of control TxtSubGroupName was not a loaded control class.
Line 377: Class JeweledBut.JeweledButton of control BtnCompany was not a loaded control class.
Line 405: Class SITextBox.Txt of control TxtCompanyID was not a loaded control class.
Line 427: Class SITextBox.Txt of control TxtCompanyName was not a loaded control class.
Line 448: Class SSCalendarWidgets_A.SSDateCombo of control DtpFrom was not a loaded control class.
Line 479: Class SSCalendarWidgets_A.SSDateCombo of control DtpTo was not a loaded control class.
Line 27: The property name _ExtentX in BtnClose is invalid.
Line 28: The property name _ExtentY in BtnClose is invalid.
Line 29: The property name TX in BtnClose is invalid.
Line 30: The property name ENAB in BtnClose is invalid.
Line 40: The property name FOCUSR in BtnClose is invalid.
Line 41: The property name MPTR in BtnClose is invalid.
Line 42: The property name MICON in BtnClose is invalid.
Line 43: The property name BC in BtnClose is invalid.
Line 44: The property name FC in BtnClose is invalid.
Line 52: The property name _ExtentX in BtnPreview is invalid.
Line 53: The property name _ExtentY in BtnPreview is invalid.
Line 54: The property name TX in BtnPreview is invalid.
Line 55: The property name ENAB in BtnPreview is invalid.
Line 65: The property name FOCUSR in BtnPreview is invalid.
Line 66: The property name MPTR in BtnPreview is invalid.
Line 67: The property name MICON in BtnPreview is invalid.
Line 68: The property name BC in BtnPreview is invalid.
Line 69: The property name FC in BtnPreview is invalid.
Line 77: The property name _ExtentX in BtnPrint is invalid.
Line 78: The property name _ExtentY in BtnPrint is invalid.
Line 79: The property name TX in BtnPrint is invalid.
Line 80: The property name ENAB in BtnPrint is invalid.
Line 90: The property name FOCUSR in BtnPrint is invalid.
Line 91: The property name MPTR in BtnPrint is invalid.
Line 92: The property name MICON in BtnPrint is invalid.
Line 93: The property name BC in BtnPrint is invalid.
Line 94: The property name FC in BtnPrint is invalid.
Line 102: The property name _ExtentX in TxtVendorID is invalid.
Line 103: The property name _ExtentY in TxtVendorID is invalid.
Line 105: The property name MaxLength in TxtVendorID is invalid.
Line 115: The property name Masked in TxtVendorID is invalid.
Line 116: The property name IntegralPoint in TxtVendorID is invalid.
Line 124: The property name _ExtentX in TxtVendorName is invalid.
Line 125: The property name _ExtentY in TxtVendorName is invalid.
Line 128: The property name MaxLength in TxtVendorName is invalid.
Line 138: The property name Masked in TxtVendorName is invalid.
Line 147: The property name _ExtentX in BtnVendor is invalid.
Line 148: The property name _ExtentY in BtnVendor is invalid.
Line 149: The property name TX in BtnVendor is invalid.
Line 150: The property name ENAB in BtnVendor is invalid.
Line 160: The property name FOCUSR in BtnVendor is invalid.
Line 161: The property name MPTR in BtnVendor is invalid.
Line 162: The property name MICON in BtnVendor is invalid.
Line 163: The property name BC in BtnVendor is invalid.
Line 164: The property name FC in BtnVendor is invalid.
Line 172: The property name _ExtentX in TxtProductID is invalid.
Line 173: The property name _ExtentY in TxtProductID is invalid.
Line 175: The property name MaxLength in TxtProductID is invalid.
Line 185: The property name Masked in TxtProductID is invalid.
Line 186: The property name IntegralPoint in TxtProductID is invalid.
Line 195: The property name _ExtentX in BtnProduct is invalid.
Line 196: The property name _ExtentY in BtnProduct is invalid.
Line 197: The property name TX in BtnProduct is invalid.
Line 198: The property name ENAB in BtnProduct is invalid.
Line 208: The property name FOCUSR in BtnProduct is invalid.
Line 209: The property name MPTR in BtnProduct is invalid.
Line 210: The property name MICON in BtnProduct is invalid.
Line 211: The property name BC in BtnProduct is invalid.
Line 212: The property name FC in BtnProduct is invalid.
Line 220: The property name _ExtentX in TxtProductName is invalid.
Line 221: The property name _ExtentY in TxtProductName is invalid.
Line 233: The property name Masked in TxtProductName is invalid.
Line 244: The property name _ExtentX in BtnGroup is invalid.
Line 245: The property name _ExtentY in BtnGroup is invalid.
Line 246: The property name TX in BtnGroup is invalid.
Line 247: The property name ENAB in BtnGroup is invalid.
Line 257: The property name FOCUSR in BtnGroup is invalid.
Line 258: The property name MPTR in BtnGroup is invalid.
Line 259: The property name MICON in BtnGroup is invalid.
Line 260: The property name BC in BtnGroup is invalid.
Line 261: The property name FC in BtnGroup is invalid.
Line 269: The property name _ExtentX in TxtGroupID is invalid.
Line 270: The property name _ExtentY in TxtGroupID is invalid.
Line 272: The property name MaxLength in TxtGroupID is invalid.
Line 282: The property name Masked in TxtGroupID is invalid.
Line 283: The property name IntegralPoint in TxtGroupID is invalid.
Line 292: The property name _ExtentX in TxtGroupName is invalid.
Line 293: The property name _ExtentY in TxtGroupName is invalid.
Line 315: The property name _ExtentX in BtnSubGroup is invalid.
Line 316: The property name _ExtentY in BtnSubGroup is invalid.
Line 317: The property name TX in BtnSubGroup is invalid.
Line 318: The property name ENAB in BtnSubGroup is invalid.
Line 328: The property name FOCUSR in BtnSubGroup is invalid.
Line 329: The property name MPTR in BtnSubGroup is invalid.
Line 330: The property name MICON in BtnSubGroup is invalid.
Line 331: The property name BC in BtnSubGroup is invalid.
Line 332: The property name FC in BtnSubGroup is invalid.
Line 340: The property name _ExtentX in TxtSubGroupID is invalid.
Line 341: The property name _ExtentY in TxtSubGroupID is invalid.
Line 343: The property name MaxLength in TxtSubGroupID is invalid.
Line 353: The property name Masked in TxtSubGroupID is invalid.
Line 354: The property name IntegralPoint in TxtSubGroupID is invalid.
Line 363: The property name _ExtentX in TxtSubGroupName is invalid.
Line 364: The property name _ExtentY in TxtSubGroupName is invalid.
Line 386: The property name _ExtentX in BtnCompany is invalid.
Line 387: The property name _ExtentY in BtnCompany is invalid.
Line 388: The property name TX in BtnCompany is invalid.
Line 389: The property name ENAB in BtnCompany is invalid.
Line 399: The property name FOCUSR in BtnCompany is invalid.
Line 400: The property name MPTR in BtnCompany is invalid.
Line 401: The property name MICON in BtnCompany is invalid.
Line 402: The property name BC in BtnCompany is invalid.
Line 403: The property name FC in BtnCompany is invalid.
Line 411: The property name _ExtentX in TxtCompanyID is invalid.
Line 412: The property name _ExtentY in TxtCompanyID is invalid.
Line 414: The property name MaxLength in TxtCompanyID is invalid.
Line 424: The property name Masked in TxtCompanyID is invalid.
Line 425: The property name IntegralPoint in TxtCompanyID is invalid.
Line 434: The property name _ExtentX in TxtCompanyName is invalid.
Line 435: The property name _ExtentY in TxtCompanyName is invalid.
Line 455: The property name _Version in DtpFrom is invalid.
Line 456: The property name _ExtentX in DtpFrom is invalid.
Line 457: The property name _ExtentY in DtpFrom is invalid.
Line 458: The property name _StockProps in DtpFrom is invalid.
Line 468: The property name DropDownFont in DtpFrom is invalid.
Line 469: The property name DateSeparator in DtpFrom is invalid.
Line 470: The property name Format in DtpFrom is invalid.
Line 471: The property name BackColorSelected in DtpFrom is invalid.
Line 472: The property name BevelColorFace in DtpFrom is invalid.
Line 473: The property name DividerStyle in DtpFrom is invalid.
Line 474: The property name ForeColorSelected in DtpFrom is invalid.
Line 475: The property name BevelType in DtpFrom is invalid.
Line 476: The property name SpinButton in DtpFrom is invalid.
Line 477: The property name Mask in DtpFrom is invalid.
Line 486: The property name _Version in DtpTo is invalid.
Line 487: The property name _ExtentX in DtpTo is invalid.
Line 488: The property name _ExtentY in DtpTo is invalid.
Line 489: The property name _StockProps in DtpTo is invalid.
Line 499: The property name DropDownFont in DtpTo is invalid.
Line 500: The property name DateSeparator in DtpTo is invalid.
Line 501: The property name Format in DtpTo is invalid.
Line 502: The property name BackColorSelected in DtpTo is invalid.
Line 503: The property name BevelColorFace in DtpTo is invalid.
Line 504: The property name DividerStyle in DtpTo is invalid.
Line 505: The property name ForeColorSelected in DtpTo is invalid.
Line 506: The property name BevelType in DtpTo is invalid.
Line 507: The property name SpinButton in DtpTo is invalid.
Line 508: The property name Mask in DtpTo is invalid.
