Line 20: Class JeweledBut.JeweledButton of control BtnClose was not a loaded control class.
Line 46: Class JeweledBut.JeweledButton of control BtnPreview was not a loaded control class.
Line 71: Class JeweledBut.JeweledButton of control BtnPrint was not a loaded control class.
Line 96: Class SITextBox.Txt of control TxtCode was not a loaded control class.
Line 118: Class JeweledBut.JeweledButton of control BtnProduct was not a loaded control class.
Line 144: Class SITextBox.Txt of control TxtProductName was not a loaded control class.
Line 163: Class SITextBox.Txt of control TxtProductID was not a loaded control class.
Line 187: Class JeweledBut.JeweledButton of control BtnGroup was not a loaded control class.
Line 215: Class SITextBox.Txt of control TxtGroupID was not a loaded control class.
Line 236: Class SITextBox.Txt of control TxtGroupName was not a loaded control class.
Line 257: Class JeweledBut.JeweledButton of control BtnSubGroup was not a loaded control class.
Line 285: Class SITextBox.Txt of control TxtSubGroupID was not a loaded control class.
Line 306: Class SITextBox.Txt of control TxtSubGroupName was not a loaded control class.
Line 327: Class JeweledBut.JeweledButton of control BtnCompany was not a loaded control class.
Line 355: Class SITextBox.Txt of control TxtCompanyID was not a loaded control class.
Line 376: Class SITextBox.Txt of control TxtCompanyName was not a loaded control class.
Line 397: Class JeweledBut.JeweledButton of control BtnStore was not a loaded control class.
Line 425: Class SITextBox.Txt of control TxtStoreID was not a loaded control class.
Line 446: Class SITextBox.Txt of control TxtStoreName was not a loaded control class.
Line 467: Class SSCalendarWidgets_A.SSDateCombo of control DtpFrom was not a loaded control class.
Line 497: Class SSCalendarWidgets_A.SSDateCombo of control DtpTo was not a loaded control class.
Line 527: Class SITextBox.Txt of control TxtVendorID was not a loaded control class.
Line 549: Class SITextBox.Txt of control TxtVendorName was not a loaded control class.
Line 571: Class JeweledBut.JeweledButton of control BtnVendor was not a loaded control class.
Line 27: The property name _ExtentX in BtnClose is invalid.
Line 28: The property name _ExtentY in BtnClose is invalid.
Line 29: The property name TX in BtnClose is invalid.
Line 30: The property name ENAB in BtnClose is invalid.
Line 40: The property name FOCUSR in BtnClose is invalid.
Line 41: The property name MPTR in BtnClose is invalid.
Line 42: The property name MICON in BtnClose is invalid.
Line 43: The property name BC in BtnClose is invalid.
Line 44: The property name FC in BtnClose is invalid.
Line 52: The property name _ExtentX in BtnPreview is invalid.
Line 53: The property name _ExtentY in BtnPreview is invalid.
Line 54: The property name TX in BtnPreview is invalid.
Line 55: The property name ENAB in BtnPreview is invalid.
Line 65: The property name FOCUSR in BtnPreview is invalid.
Line 66: The property name MPTR in BtnPreview is invalid.
Line 67: The property name MICON in BtnPreview is invalid.
Line 68: The property name BC in BtnPreview is invalid.
Line 69: The property name FC in BtnPreview is invalid.
Line 77: The property name _ExtentX in BtnPrint is invalid.
Line 78: The property name _ExtentY in BtnPrint is invalid.
Line 79: The property name TX in BtnPrint is invalid.
Line 80: The property name ENAB in BtnPrint is invalid.
Line 90: The property name FOCUSR in BtnPrint is invalid.
Line 91: The property name MPTR in BtnPrint is invalid.
Line 92: The property name MICON in BtnPrint is invalid.
Line 93: The property name BC in BtnPrint is invalid.
Line 94: The property name FC in BtnPrint is invalid.
Line 102: The property name _ExtentX in TxtCode is invalid.
Line 103: The property name _ExtentY in TxtCode is invalid.
Line 105: The property name MaxLength in TxtCode is invalid.
Line 115: The property name Masked in TxtCode is invalid.
Line 116: The property name IntegralPoint in TxtCode is invalid.
Line 125: The property name _ExtentX in BtnProduct is invalid.
Line 126: The property name _ExtentY in BtnProduct is invalid.
Line 127: The property name TX in BtnProduct is invalid.
Line 128: The property name ENAB in BtnProduct is invalid.
Line 138: The property name FOCUSR in BtnProduct is invalid.
Line 139: The property name MPTR in BtnProduct is invalid.
Line 140: The property name MICON in BtnProduct is invalid.
Line 141: The property name BC in BtnProduct is invalid.
Line 142: The property name FC in BtnProduct is invalid.
Line 150: The property name _ExtentX in TxtProductName is invalid.
Line 151: The property name _ExtentY in TxtProductName is invalid.
Line 170: The property name _ExtentX in TxtProductID is invalid.
Line 171: The property name _ExtentY in TxtProductID is invalid.
Line 173: The property name MaxLength in TxtProductID is invalid.
Line 183: The property name Masked in TxtProductID is invalid.
Line 184: The property name IntegralPoint in TxtProductID is invalid.
Line 185: The property name Mandatory in TxtProductID is invalid.
Line 196: The property name _ExtentX in BtnGroup is invalid.
Line 197: The property name _ExtentY in BtnGroup is invalid.
Line 198: The property name TX in BtnGroup is invalid.
Line 199: The property name ENAB in BtnGroup is invalid.
Line 209: The property name FOCUSR in BtnGroup is invalid.
Line 210: The property name MPTR in BtnGroup is invalid.
Line 211: The property name MICON in BtnGroup is invalid.
Line 212: The property name BC in BtnGroup is invalid.
Line 213: The property name FC in BtnGroup is invalid.
Line 221: The property name _ExtentX in TxtGroupID is invalid.
Line 222: The property name _ExtentY in TxtGroupID is invalid.
Line 224: The property name MaxLength in TxtGroupID is invalid.
Line 234: The property name IntegralPoint in TxtGroupID is invalid.
Line 243: The property name _ExtentX in TxtGroupName is invalid.
Line 244: The property name _ExtentY in TxtGroupName is invalid.
Line 266: The property name _ExtentX in BtnSubGroup is invalid.
Line 267: The property name _ExtentY in BtnSubGroup is invalid.
Line 268: The property name TX in BtnSubGroup is invalid.
Line 269: The property name ENAB in BtnSubGroup is invalid.
Line 279: The property name FOCUSR in BtnSubGroup is invalid.
Line 280: The property name MPTR in BtnSubGroup is invalid.
Line 281: The property name MICON in BtnSubGroup is invalid.
Line 282: The property name BC in BtnSubGroup is invalid.
Line 283: The property name FC in BtnSubGroup is invalid.
Line 291: The property name _ExtentX in TxtSubGroupID is invalid.
Line 292: The property name _ExtentY in TxtSubGroupID is invalid.
Line 294: The property name MaxLength in TxtSubGroupID is invalid.
Line 304: The property name IntegralPoint in TxtSubGroupID is invalid.
Line 313: The property name _ExtentX in TxtSubGroupName is invalid.
Line 314: The property name _ExtentY in TxtSubGroupName is invalid.
Line 336: The property name _ExtentX in BtnCompany is invalid.
Line 337: The property name _ExtentY in BtnCompany is invalid.
Line 338: The property name TX in BtnCompany is invalid.
Line 339: The property name ENAB in BtnCompany is invalid.
Line 349: The property name FOCUSR in BtnCompany is invalid.
Line 350: The property name MPTR in BtnCompany is invalid.
Line 351: The property name MICON in BtnCompany is invalid.
Line 352: The property name BC in BtnCompany is invalid.
Line 353: The property name FC in BtnCompany is invalid.
Line 361: The property name _ExtentX in TxtCompanyID is invalid.
Line 362: The property name _ExtentY in TxtCompanyID is invalid.
Line 364: The property name MaxLength in TxtCompanyID is invalid.
Line 374: The property name IntegralPoint in TxtCompanyID is invalid.
Line 383: The property name _ExtentX in TxtCompanyName is invalid.
Line 384: The property name _ExtentY in TxtCompanyName is invalid.
Line 406: The property name _ExtentX in BtnStore is invalid.
Line 407: The property name _ExtentY in BtnStore is invalid.
Line 408: The property name TX in BtnStore is invalid.
Line 409: The property name ENAB in BtnStore is invalid.
Line 419: The property name FOCUSR in BtnStore is invalid.
Line 420: The property name MPTR in BtnStore is invalid.
Line 421: The property name MICON in BtnStore is invalid.
Line 422: The property name BC in BtnStore is invalid.
Line 423: The property name FC in BtnStore is invalid.
Line 431: The property name _ExtentX in TxtStoreID is invalid.
Line 432: The property name _ExtentY in TxtStoreID is invalid.
Line 434: The property name MaxLength in TxtStoreID is invalid.
Line 444: The property name IntegralPoint in TxtStoreID is invalid.
Line 453: The property name _ExtentX in TxtStoreName is invalid.
Line 454: The property name _ExtentY in TxtStoreName is invalid.
Line 473: The property name _Version in DtpFrom is invalid.
Line 474: The property name _ExtentX in DtpFrom is invalid.
Line 475: The property name _ExtentY in DtpFrom is invalid.
Line 476: The property name _StockProps in DtpFrom is invalid.
Line 486: The property name DropDownFont in DtpFrom is invalid.
Line 487: The property name DateSeparator in DtpFrom is invalid.
Line 488: The property name Format in DtpFrom is invalid.
Line 489: The property name BackColorSelected in DtpFrom is invalid.
Line 490: The property name BevelColorFace in DtpFrom is invalid.
Line 491: The property name DividerStyle in DtpFrom is invalid.
Line 492: The property name ForeColorSelected in DtpFrom is invalid.
Line 493: The property name BevelType in DtpFrom is invalid.
Line 494: The property name SpinButton in DtpFrom is invalid.
Line 495: The property name Mask in DtpFrom is invalid.
Line 503: The property name _Version in DtpTo is invalid.
Line 504: The property name _ExtentX in DtpTo is invalid.
Line 505: The property name _ExtentY in DtpTo is invalid.
Line 506: The property name _StockProps in DtpTo is invalid.
Line 516: The property name DropDownFont in DtpTo is invalid.
Line 517: The property name DateSeparator in DtpTo is invalid.
Line 518: The property name Format in DtpTo is invalid.
Line 519: The property name BackColorSelected in DtpTo is invalid.
Line 520: The property name BevelColorFace in DtpTo is invalid.
Line 521: The property name DividerStyle in DtpTo is invalid.
Line 522: The property name ForeColorSelected in DtpTo is invalid.
Line 523: The property name BevelType in DtpTo is invalid.
Line 524: The property name SpinButton in DtpTo is invalid.
Line 525: The property name Mask in DtpTo is invalid.
Line 533: The property name _ExtentX in TxtVendorID is invalid.
Line 534: The property name _ExtentY in TxtVendorID is invalid.
Line 536: The property name MaxLength in TxtVendorID is invalid.
Line 546: The property name Masked in TxtVendorID is invalid.
Line 547: The property name IntegralPoint in TxtVendorID is invalid.
Line 555: The property name _ExtentX in TxtVendorName is invalid.
Line 556: The property name _ExtentY in TxtVendorName is invalid.
Line 559: The property name MaxLength in TxtVendorName is invalid.
Line 569: The property name Masked in TxtVendorName is invalid.
Line 578: The property name _ExtentX in BtnVendor is invalid.
Line 579: The property name _ExtentY in BtnVendor is invalid.
Line 580: The property name TX in BtnVendor is invalid.
Line 581: The property name ENAB in BtnVendor is invalid.
Line 591: The property name FOCUSR in BtnVendor is invalid.
Line 592: The property name MPTR in BtnVendor is invalid.
Line 593: The property name MICON in BtnVendor is invalid.
Line 594: The property name BC in BtnVendor is invalid.
Line 595: The property name FC in BtnVendor is invalid.
