Line 28: Class JeweledBut.JeweledButton of control BtnClose was not a loaded control class.
Line 54: Class JeweledBut.JeweledButton of control BtnPreview was not a loaded control class.
Line 79: Class JeweledBut.JeweledButton of control BtnPrint was not a loaded control class.
Line 104: Class SITextBox.Txt of control TxtProductID was not a loaded control class.
Line 128: Class SSCalendarWidgets_A.SSDateCombo of control DtpFrom was not a loaded control class.
Line 158: Class JeweledBut.JeweledButton of control BtnGroup was not a loaded control class.
Line 186: Class SITextBox.Txt of control TxtGroupID was not a loaded control class.
Line 207: Class SITextBox.Txt of control TxtGroupName was not a loaded control class.
Line 228: Class JeweledBut.JeweledButton of control BtnSubGroup was not a loaded control class.
Line 256: Class SITextBox.Txt of control TxtSubGroupID was not a loaded control class.
Line 277: Class SITextBox.Txt of control TxtSubGroupName was not a loaded control class.
Line 298: Class JeweledBut.JeweledButton of control BtnCompany was not a loaded control class.
Line 326: Class SITextBox.Txt of control TxtCompanyID was not a loaded control class.
Line 347: Class SITextBox.Txt of control TxtCompanyName was not a loaded control class.
Line 368: Class SITextBox.Txt of control TxtCode was not a loaded control class.
Line 390: Class JeweledBut.JeweledButton of control BtnProduct was not a loaded control class.
Line 416: Class SITextBox.Txt of control TxtProductName was not a loaded control class.
Line 435: Class SITextBox.Txt of control TxtVendorID was not a loaded control class.
Line 457: Class JeweledBut.JeweledButton of control BtnVendor was not a loaded control class.
Line 483: Class SSCalendarWidgets_A.SSDateCombo of control DtpTo was not a loaded control class.
Line 513: Class SITextBox.Txt of control TxtVendorName was not a loaded control class.
Line 535: Class JeweledBut.JeweledButton of control BtnBrand was not a loaded control class.
Line 563: Class SITextBox.Txt of control TxtBrandID was not a loaded control class.
Line 584: Class SITextBox.Txt of control TxtBrandName was not a loaded control class.
Line 35: The property name _ExtentX in BtnClose is invalid.
Line 36: The property name _ExtentY in BtnClose is invalid.
Line 37: The property name TX in BtnClose is invalid.
Line 38: The property name ENAB in BtnClose is invalid.
Line 48: The property name FOCUSR in BtnClose is invalid.
Line 49: The property name MPTR in BtnClose is invalid.
Line 50: The property name MICON in BtnClose is invalid.
Line 51: The property name BC in BtnClose is invalid.
Line 52: The property name FC in BtnClose is invalid.
Line 60: The property name _ExtentX in BtnPreview is invalid.
Line 61: The property name _ExtentY in BtnPreview is invalid.
Line 62: The property name TX in BtnPreview is invalid.
Line 63: The property name ENAB in BtnPreview is invalid.
Line 73: The property name FOCUSR in BtnPreview is invalid.
Line 74: The property name MPTR in BtnPreview is invalid.
Line 75: The property name MICON in BtnPreview is invalid.
Line 76: The property name BC in BtnPreview is invalid.
Line 77: The property name FC in BtnPreview is invalid.
Line 85: The property name _ExtentX in BtnPrint is invalid.
Line 86: The property name _ExtentY in BtnPrint is invalid.
Line 87: The property name TX in BtnPrint is invalid.
Line 88: The property name ENAB in BtnPrint is invalid.
Line 98: The property name FOCUSR in BtnPrint is invalid.
Line 99: The property name MPTR in BtnPrint is invalid.
Line 100: The property name MICON in BtnPrint is invalid.
Line 101: The property name BC in BtnPrint is invalid.
Line 102: The property name FC in BtnPrint is invalid.
Line 111: The property name _ExtentX in TxtProductID is invalid.
Line 112: The property name _ExtentY in TxtProductID is invalid.
Line 114: The property name MaxLength in TxtProductID is invalid.
Line 124: The property name Masked in TxtProductID is invalid.
Line 125: The property name IntegralPoint in TxtProductID is invalid.
Line 126: The property name Mandatory in TxtProductID is invalid.
Line 134: The property name _Version in DtpFrom is invalid.
Line 135: The property name _ExtentX in DtpFrom is invalid.
Line 136: The property name _ExtentY in DtpFrom is invalid.
Line 137: The property name _StockProps in DtpFrom is invalid.
Line 147: The property name DropDownFont in DtpFrom is invalid.
Line 148: The property name DateSeparator in DtpFrom is invalid.
Line 149: The property name Format in DtpFrom is invalid.
Line 150: The property name BackColorSelected in DtpFrom is invalid.
Line 151: The property name BevelColorFace in DtpFrom is invalid.
Line 152: The property name DividerStyle in DtpFrom is invalid.
Line 153: The property name ForeColorSelected in DtpFrom is invalid.
Line 154: The property name BevelType in DtpFrom is invalid.
Line 155: The property name SpinButton in DtpFrom is invalid.
Line 156: The property name Mask in DtpFrom is invalid.
Line 167: The property name _ExtentX in BtnGroup is invalid.
Line 168: The property name _ExtentY in BtnGroup is invalid.
Line 169: The property name TX in BtnGroup is invalid.
Line 170: The property name ENAB in BtnGroup is invalid.
Line 180: The property name FOCUSR in BtnGroup is invalid.
Line 181: The property name MPTR in BtnGroup is invalid.
Line 182: The property name MICON in BtnGroup is invalid.
Line 183: The property name BC in BtnGroup is invalid.
Line 184: The property name FC in BtnGroup is invalid.
Line 192: The property name _ExtentX in TxtGroupID is invalid.
Line 193: The property name _ExtentY in TxtGroupID is invalid.
Line 195: The property name MaxLength in TxtGroupID is invalid.
Line 205: The property name IntegralPoint in TxtGroupID is invalid.
Line 214: The property name _ExtentX in TxtGroupName is invalid.
Line 215: The property name _ExtentY in TxtGroupName is invalid.
Line 237: The property name _ExtentX in BtnSubGroup is invalid.
Line 238: The property name _ExtentY in BtnSubGroup is invalid.
Line 239: The property name TX in BtnSubGroup is invalid.
Line 240: The property name ENAB in BtnSubGroup is invalid.
Line 250: The property name FOCUSR in BtnSubGroup is invalid.
Line 251: The property name MPTR in BtnSubGroup is invalid.
Line 252: The property name MICON in BtnSubGroup is invalid.
Line 253: The property name BC in BtnSubGroup is invalid.
Line 254: The property name FC in BtnSubGroup is invalid.
Line 262: The property name _ExtentX in TxtSubGroupID is invalid.
Line 263: The property name _ExtentY in TxtSubGroupID is invalid.
Line 265: The property name MaxLength in TxtSubGroupID is invalid.
Line 275: The property name IntegralPoint in TxtSubGroupID is invalid.
Line 284: The property name _ExtentX in TxtSubGroupName is invalid.
Line 285: The property name _ExtentY in TxtSubGroupName is invalid.
Line 307: The property name _ExtentX in BtnCompany is invalid.
Line 308: The property name _ExtentY in BtnCompany is invalid.
Line 309: The property name TX in BtnCompany is invalid.
Line 310: The property name ENAB in BtnCompany is invalid.
Line 320: The property name FOCUSR in BtnCompany is invalid.
Line 321: The property name MPTR in BtnCompany is invalid.
Line 322: The property name MICON in BtnCompany is invalid.
Line 323: The property name BC in BtnCompany is invalid.
Line 324: The property name FC in BtnCompany is invalid.
Line 332: The property name _ExtentX in TxtCompanyID is invalid.
Line 333: The property name _ExtentY in TxtCompanyID is invalid.
Line 335: The property name MaxLength in TxtCompanyID is invalid.
Line 345: The property name IntegralPoint in TxtCompanyID is invalid.
Line 354: The property name _ExtentX in TxtCompanyName is invalid.
Line 355: The property name _ExtentY in TxtCompanyName is invalid.
Line 374: The property name _ExtentX in TxtCode is invalid.
Line 375: The property name _ExtentY in TxtCode is invalid.
Line 377: The property name MaxLength in TxtCode is invalid.
Line 387: The property name Masked in TxtCode is invalid.
Line 388: The property name IntegralPoint in TxtCode is invalid.
Line 397: The property name _ExtentX in BtnProduct is invalid.
Line 398: The property name _ExtentY in BtnProduct is invalid.
Line 399: The property name TX in BtnProduct is invalid.
Line 400: The property name ENAB in BtnProduct is invalid.
Line 410: The property name FOCUSR in BtnProduct is invalid.
Line 411: The property name MPTR in BtnProduct is invalid.
Line 412: The property name MICON in BtnProduct is invalid.
Line 413: The property name BC in BtnProduct is invalid.
Line 414: The property name FC in BtnProduct is invalid.
Line 422: The property name _ExtentX in TxtProductName is invalid.
Line 423: The property name _ExtentY in TxtProductName is invalid.
Line 441: The property name _ExtentX in TxtVendorID is invalid.
Line 442: The property name _ExtentY in TxtVendorID is invalid.
Line 444: The property name MaxLength in TxtVendorID is invalid.
Line 454: The property name Masked in TxtVendorID is invalid.
Line 455: The property name IntegralPoint in TxtVendorID is invalid.
Line 464: The property name _ExtentX in BtnVendor is invalid.
Line 465: The property name _ExtentY in BtnVendor is invalid.
Line 466: The property name TX in BtnVendor is invalid.
Line 467: The property name ENAB in BtnVendor is invalid.
Line 477: The property name FOCUSR in BtnVendor is invalid.
Line 478: The property name MPTR in BtnVendor is invalid.
Line 479: The property name MICON in BtnVendor is invalid.
Line 480: The property name BC in BtnVendor is invalid.
Line 481: The property name FC in BtnVendor is invalid.
Line 489: The property name _Version in DtpTo is invalid.
Line 490: The property name _ExtentX in DtpTo is invalid.
Line 491: The property name _ExtentY in DtpTo is invalid.
Line 492: The property name _StockProps in DtpTo is invalid.
Line 502: The property name DropDownFont in DtpTo is invalid.
Line 503: The property name DateSeparator in DtpTo is invalid.
Line 504: The property name Format in DtpTo is invalid.
Line 505: The property name BackColorSelected in DtpTo is invalid.
Line 506: The property name BevelColorFace in DtpTo is invalid.
Line 507: The property name DividerStyle in DtpTo is invalid.
Line 508: The property name ForeColorSelected in DtpTo is invalid.
Line 509: The property name BevelType in DtpTo is invalid.
Line 510: The property name SpinButton in DtpTo is invalid.
Line 511: The property name Mask in DtpTo is invalid.
Line 519: The property name _ExtentX in TxtVendorName is invalid.
Line 520: The property name _ExtentY in TxtVendorName is invalid.
Line 523: The property name MaxLength in TxtVendorName is invalid.
Line 533: The property name Masked in TxtVendorName is invalid.
Line 544: The property name _ExtentX in BtnBrand is invalid.
Line 545: The property name _ExtentY in BtnBrand is invalid.
Line 546: The property name TX in BtnBrand is invalid.
Line 547: The property name ENAB in BtnBrand is invalid.
Line 557: The property name FOCUSR in BtnBrand is invalid.
Line 558: The property name MPTR in BtnBrand is invalid.
Line 559: The property name MICON in BtnBrand is invalid.
Line 560: The property name BC in BtnBrand is invalid.
Line 561: The property name FC in BtnBrand is invalid.
Line 569: The property name _ExtentX in TxtBrandID is invalid.
Line 570: The property name _ExtentY in TxtBrandID is invalid.
Line 572: The property name MaxLength in TxtBrandID is invalid.
Line 582: The property name IntegralPoint in TxtBrandID is invalid.
Line 591: The property name _ExtentX in TxtBrandName is invalid.
Line 592: The property name _ExtentY in TxtBrandName is invalid.
