Line 20: Class JeweledBut.JeweledButton of control BtnClose was not a loaded control class.
Line 46: Class JeweledBut.JeweledButton of control BtnPreview was not a loaded control class.
Line 71: Class JeweledBut.JeweledButton of control BtnPrint was not a loaded control class.
Line 96: Class SITextBox.Txt of control TxtCode was not a loaded control class.
Line 118: Class JeweledBut.JeweledButton of control BtnProduct was not a loaded control class.
Line 144: Class SITextBox.Txt of control TxtProductName was not a loaded control class.
Line 165: Class SITextBox.Txt of control TxtProductID was not a loaded control class.
Line 189: Class SITextBox.Txt of control TxtFromStoreID was not a loaded control class.
Line 211: Class SITextBox.Txt of control TxtFromStoreName was not a loaded control class.
Line 233: Class JeweledBut.JeweledButton of control BtnFromStore was not a loaded control class.
Line 260: Class SITextBox.Txt of control TxtToStoreID was not a loaded control class.
Line 282: Class SITextBox.Txt of control TxtToStoreName was not a loaded control class.
Line 304: Class JeweledBut.JeweledButton of control BtnToStore was not a loaded control class.
Line 331: Class SSCalendarWidgets_A.SSDateCombo of control DtpFrom was not a loaded control class.
Line 361: Class SSCalendarWidgets_A.SSDateCombo of control DtpTo was not a loaded control class.
Line 391: Class JeweledBut.JeweledButton of control BtnGroup was not a loaded control class.
Line 419: Class SITextBox.Txt of control TxtGroupID was not a loaded control class.
Line 441: Class SITextBox.Txt of control TxtGroupName was not a loaded control class.
Line 462: Class JeweledBut.JeweledButton of control BtnSubGroup was not a loaded control class.
Line 490: Class SITextBox.Txt of control TxtSubGroupID was not a loaded control class.
Line 512: Class SITextBox.Txt of control TxtSubGroupName was not a loaded control class.
Line 533: Class JeweledBut.JeweledButton of control BtnCompany was not a loaded control class.
Line 561: Class SITextBox.Txt of control TxtCompanyID was not a loaded control class.
Line 583: Class SITextBox.Txt of control TxtCompanyName was not a loaded control class.
Line 27: The property name _ExtentX in BtnClose is invalid.
Line 28: The property name _ExtentY in BtnClose is invalid.
Line 29: The property name TX in BtnClose is invalid.
Line 30: The property name ENAB in BtnClose is invalid.
Line 40: The property name FOCUSR in BtnClose is invalid.
Line 41: The property name MPTR in BtnClose is invalid.
Line 42: The property name MICON in BtnClose is invalid.
Line 43: The property name BC in BtnClose is invalid.
Line 44: The property name FC in BtnClose is invalid.
Line 52: The property name _ExtentX in BtnPreview is invalid.
Line 53: The property name _ExtentY in BtnPreview is invalid.
Line 54: The property name TX in BtnPreview is invalid.
Line 55: The property name ENAB in BtnPreview is invalid.
Line 65: The property name FOCUSR in BtnPreview is invalid.
Line 66: The property name MPTR in BtnPreview is invalid.
Line 67: The property name MICON in BtnPreview is invalid.
Line 68: The property name BC in BtnPreview is invalid.
Line 69: The property name FC in BtnPreview is invalid.
Line 77: The property name _ExtentX in BtnPrint is invalid.
Line 78: The property name _ExtentY in BtnPrint is invalid.
Line 79: The property name TX in BtnPrint is invalid.
Line 80: The property name ENAB in BtnPrint is invalid.
Line 90: The property name FOCUSR in BtnPrint is invalid.
Line 91: The property name MPTR in BtnPrint is invalid.
Line 92: The property name MICON in BtnPrint is invalid.
Line 93: The property name BC in BtnPrint is invalid.
Line 94: The property name FC in BtnPrint is invalid.
Line 102: The property name _ExtentX in TxtCode is invalid.
Line 103: The property name _ExtentY in TxtCode is invalid.
Line 105: The property name MaxLength in TxtCode is invalid.
Line 115: The property name Masked in TxtCode is invalid.
Line 116: The property name IntegralPoint in TxtCode is invalid.
Line 125: The property name _ExtentX in BtnProduct is invalid.
Line 126: The property name _ExtentY in BtnProduct is invalid.
Line 127: The property name TX in BtnProduct is invalid.
Line 128: The property name ENAB in BtnProduct is invalid.
Line 138: The property name FOCUSR in BtnProduct is invalid.
Line 139: The property name MPTR in BtnProduct is invalid.
Line 140: The property name MICON in BtnProduct is invalid.
Line 141: The property name BC in BtnProduct is invalid.
Line 142: The property name FC in BtnProduct is invalid.
Line 150: The property name _ExtentX in TxtProductName is invalid.
Line 151: The property name _ExtentY in TxtProductName is invalid.
Line 163: The property name Masked in TxtProductName is invalid.
Line 172: The property name _ExtentX in TxtProductID is invalid.
Line 173: The property name _ExtentY in TxtProductID is invalid.
Line 175: The property name MaxLength in TxtProductID is invalid.
Line 185: The property name Masked in TxtProductID is invalid.
Line 186: The property name IntegralPoint in TxtProductID is invalid.
Line 187: The property name Mandatory in TxtProductID is invalid.
Line 195: The property name _ExtentX in TxtFromStoreID is invalid.
Line 196: The property name _ExtentY in TxtFromStoreID is invalid.
Line 198: The property name MaxLength in TxtFromStoreID is invalid.
Line 208: The property name Masked in TxtFromStoreID is invalid.
Line 209: The property name IntegralPoint in TxtFromStoreID is invalid.
Line 217: The property name _ExtentX in TxtFromStoreName is invalid.
Line 218: The property name _ExtentY in TxtFromStoreName is invalid.
Line 221: The property name MaxLength in TxtFromStoreName is invalid.
Line 231: The property name Masked in TxtFromStoreName is invalid.
Line 241: The property name _ExtentX in BtnFromStore is invalid.
Line 242: The property name _ExtentY in BtnFromStore is invalid.
Line 243: The property name TX in BtnFromStore is invalid.
Line 244: The property name ENAB in BtnFromStore is invalid.
Line 254: The property name FOCUSR in BtnFromStore is invalid.
Line 255: The property name MPTR in BtnFromStore is invalid.
Line 256: The property name MICON in BtnFromStore is invalid.
Line 257: The property name BC in BtnFromStore is invalid.
Line 258: The property name FC in BtnFromStore is invalid.
Line 266: The property name _ExtentX in TxtToStoreID is invalid.
Line 267: The property name _ExtentY in TxtToStoreID is invalid.
Line 269: The property name MaxLength in TxtToStoreID is invalid.
Line 279: The property name Masked in TxtToStoreID is invalid.
Line 280: The property name IntegralPoint in TxtToStoreID is invalid.
Line 288: The property name _ExtentX in TxtToStoreName is invalid.
Line 289: The property name _ExtentY in TxtToStoreName is invalid.
Line 292: The property name MaxLength in TxtToStoreName is invalid.
Line 302: The property name Masked in TxtToStoreName is invalid.
Line 312: The property name _ExtentX in BtnToStore is invalid.
Line 313: The property name _ExtentY in BtnToStore is invalid.
Line 314: The property name TX in BtnToStore is invalid.
Line 315: The property name ENAB in BtnToStore is invalid.
Line 325: The property name FOCUSR in BtnToStore is invalid.
Line 326: The property name MPTR in BtnToStore is invalid.
Line 327: The property name MICON in BtnToStore is invalid.
Line 328: The property name BC in BtnToStore is invalid.
Line 329: The property name FC in BtnToStore is invalid.
Line 337: The property name _Version in DtpFrom is invalid.
Line 338: The property name _ExtentX in DtpFrom is invalid.
Line 339: The property name _ExtentY in DtpFrom is invalid.
Line 340: The property name _StockProps in DtpFrom is invalid.
Line 350: The property name DropDownFont in DtpFrom is invalid.
Line 351: The property name DateSeparator in DtpFrom is invalid.
Line 352: The property name Format in DtpFrom is invalid.
Line 353: The property name BackColorSelected in DtpFrom is invalid.
Line 354: The property name BevelColorFace in DtpFrom is invalid.
Line 355: The property name DividerStyle in DtpFrom is invalid.
Line 356: The property name ForeColorSelected in DtpFrom is invalid.
Line 357: The property name BevelType in DtpFrom is invalid.
Line 358: The property name SpinButton in DtpFrom is invalid.
Line 359: The property name Mask in DtpFrom is invalid.
Line 367: The property name _Version in DtpTo is invalid.
Line 368: The property name _ExtentX in DtpTo is invalid.
Line 369: The property name _ExtentY in DtpTo is invalid.
Line 370: The property name _StockProps in DtpTo is invalid.
Line 380: The property name DropDownFont in DtpTo is invalid.
Line 381: The property name DateSeparator in DtpTo is invalid.
Line 382: The property name Format in DtpTo is invalid.
Line 383: The property name BackColorSelected in DtpTo is invalid.
Line 384: The property name BevelColorFace in DtpTo is invalid.
Line 385: The property name DividerStyle in DtpTo is invalid.
Line 386: The property name ForeColorSelected in DtpTo is invalid.
Line 387: The property name BevelType in DtpTo is invalid.
Line 388: The property name SpinButton in DtpTo is invalid.
Line 389: The property name Mask in DtpTo is invalid.
Line 400: The property name _ExtentX in BtnGroup is invalid.
Line 401: The property name _ExtentY in BtnGroup is invalid.
Line 402: The property name TX in BtnGroup is invalid.
Line 403: The property name ENAB in BtnGroup is invalid.
Line 413: The property name FOCUSR in BtnGroup is invalid.
Line 414: The property name MPTR in BtnGroup is invalid.
Line 415: The property name MICON in BtnGroup is invalid.
Line 416: The property name BC in BtnGroup is invalid.
Line 417: The property name FC in BtnGroup is invalid.
Line 425: The property name _ExtentX in TxtGroupID is invalid.
Line 426: The property name _ExtentY in TxtGroupID is invalid.
Line 428: The property name MaxLength in TxtGroupID is invalid.
Line 438: The property name Masked in TxtGroupID is invalid.
Line 439: The property name IntegralPoint in TxtGroupID is invalid.
Line 448: The property name _ExtentX in TxtGroupName is invalid.
Line 449: The property name _ExtentY in TxtGroupName is invalid.
Line 471: The property name _ExtentX in BtnSubGroup is invalid.
Line 472: The property name _ExtentY in BtnSubGroup is invalid.
Line 473: The property name TX in BtnSubGroup is invalid.
Line 474: The property name ENAB in BtnSubGroup is invalid.
Line 484: The property name FOCUSR in BtnSubGroup is invalid.
Line 485: The property name MPTR in BtnSubGroup is invalid.
Line 486: The property name MICON in BtnSubGroup is invalid.
Line 487: The property name BC in BtnSubGroup is invalid.
Line 488: The property name FC in BtnSubGroup is invalid.
Line 496: The property name _ExtentX in TxtSubGroupID is invalid.
Line 497: The property name _ExtentY in TxtSubGroupID is invalid.
Line 499: The property name MaxLength in TxtSubGroupID is invalid.
Line 509: The property name Masked in TxtSubGroupID is invalid.
Line 510: The property name IntegralPoint in TxtSubGroupID is invalid.
Line 519: The property name _ExtentX in TxtSubGroupName is invalid.
Line 520: The property name _ExtentY in TxtSubGroupName is invalid.
Line 542: The property name _ExtentX in BtnCompany is invalid.
Line 543: The property name _ExtentY in BtnCompany is invalid.
Line 544: The property name TX in BtnCompany is invalid.
Line 545: The property name ENAB in BtnCompany is invalid.
Line 555: The property name FOCUSR in BtnCompany is invalid.
Line 556: The property name MPTR in BtnCompany is invalid.
Line 557: The property name MICON in BtnCompany is invalid.
Line 558: The property name BC in BtnCompany is invalid.
Line 559: The property name FC in BtnCompany is invalid.
Line 567: The property name _ExtentX in TxtCompanyID is invalid.
Line 568: The property name _ExtentY in TxtCompanyID is invalid.
Line 570: The property name MaxLength in TxtCompanyID is invalid.
Line 580: The property name Masked in TxtCompanyID is invalid.
Line 581: The property name IntegralPoint in TxtCompanyID is invalid.
Line 590: The property name _ExtentX in TxtCompanyName is invalid.
Line 591: The property name _ExtentY in TxtCompanyName is invalid.
