Line 82: Class JeweledBut.JeweledButton of control BtnDelete was not a loaded control class.
Line 108: Class JeweledBut.JeweledButton of control BtnSave was not a loaded control class.
Line 133: Class JeweledBut.JeweledButton of control BtnOpen was not a loaded control class.
Line 159: Class JeweledBut.JeweledButton of control BtnClose was not a loaded control class.
Line 185: Class JeweledBut.JeweledButton of control BtnClear was not a loaded control class.
Line 224: Class JeweledBut.JeweledButton of control BtnPrint was not a loaded control class.
Line 263: Class SITextBox.Txt of control TxtEmployeeID was not a loaded control class.
Line 284: Class SITextBox.Txt of control TxtEmployeeName was not a loaded control class.
Line 306: Class SITextBox.Txt of control TxtAddress was not a loaded control class.
Line 328: Class SITextBox.Txt of control TxtFName was not a loaded control class.
Line 350: Class JeweledBut.JeweledButton of control BtnEmployee was not a loaded control class.
Line 376: Class SITextBox.Txt of control TxtDesignation was not a loaded control class.
Line 398: Class SITextBox.Txt of control TxtSalary was not a loaded control class.
Line 420: Class SITextBox.Txt of control TxtTTLWorkingDays was not a loaded control class.
Line 442: Class SITextBox.Txt of control TxtWorkingDays was not a loaded control class.
Line 464: Class SITextBox.Txt of control TxtSalaryOneDay was not a loaded control class.
Line 487: Class SITextBox.Txt of control TxtSalaryPerHrs was not a loaded control class.
Line 510: Class SITextBox.Txt of control TxtTTLWorkingHours was not a loaded control class.
Line 533: Class SITextBox.Txt of control TxtHoursPerDay was not a loaded control class.
Line 557: Class SITextBox.Txt of control TxtWorkingHours was not a loaded control class.
Line 579: Class SITextBox.Txt of control TxtTTLSalary was not a loaded control class.
Line 602: Class SITextBox.Txt of control TxtSalaryID was not a loaded control class.
Line 626: Class SITextBox.Txt of control TxtRemainingLoan was not a loaded control class.
Line 648: Class SITextBox.Txt of control TxtLoanInstallment was not a loaded control class.
Line 669: Class SITextBox.Txt of control TxtPreviousLoan was not a loaded control class.
Line 691: Class SITextBox.Txt of control TxtPrevious was not a loaded control class.
Line 713: Class SITextBox.Txt of control TxtAdvance was not a loaded control class.
Line 735: Class SITextBox.Txt of control TxtLess was not a loaded control class.
Line 756: Class SITextBox.Txt of control TxtTotal was not a loaded control class.
Line 778: Class SITextBox.Txt of control TxtItemsPurchase was not a loaded control class.
Line 800: Class SITextBox.Txt of control TxtSaleCommision was not a loaded control class.
Line 823: Class SITextBox.Txt of control TxtOrganizationID was not a loaded control class.
Line 846: Class SITextBox.Txt of control TxtOrganizationName was not a loaded control class.
Line 869: Class JeweledBut.JeweledButton of control BtnOrganization was not a loaded control class.
