Line 64: Class JeweledBut.JeweledButton of control BtnClose was not a loaded control class.
Line 90: Class JeweledBut.JeweledButton of control BtnPreview was not a loaded control class.
Line 115: Class JeweledBut.JeweledButton of control BtnPrint was not a loaded control class.
Line 141: Class JeweledBut.JeweledButton of control BtnCustomer was not a loaded control class.
Line 169: Class SITextBox.Txt of control TxtCustomerID was not a loaded control class.
Line 191: Class SITextBox.Txt of control TxtCustomerName was not a loaded control class.
Line 212: Class JeweledBut.JeweledButton of control BtnZone was not a loaded control class.
Line 238: Class JeweledBut.JeweledButton of control BtnSector was not a loaded control class.
Line 264: Class SITextBox.Txt of control TxtCode was not a loaded control class.
Line 286: Class JeweledBut.JeweledButton of control BtnProduct was not a loaded control class.
Line 312: Class SITextBox.Txt of control TxtProductName was not a loaded control class.
Line 333: Class JeweledBut.JeweledButton of control BtnGroup was not a loaded control class.
Line 361: Class SITextBox.Txt of control TxtGroupID was not a loaded control class.
Line 383: Class SITextBox.Txt of control TxtGroupName was not a loaded control class.
Line 404: Class JeweledBut.JeweledButton of control BtnSubGroup was not a loaded control class.
Line 432: Class SITextBox.Txt of control TxtSubGroupID was not a loaded control class.
Line 454: Class SITextBox.Txt of control TxtSubGroupName was not a loaded control class.
Line 475: Class JeweledBut.JeweledButton of control BtnCompany was not a loaded control class.
Line 503: Class SITextBox.Txt of control TxtCompanyID was not a loaded control class.
Line 525: Class SITextBox.Txt of control TxtCompanyName was not a loaded control class.
Line 546: Class SITextBox.Txt of control TxtProductID was not a loaded control class.
Line 570: Class JeweledBut.JeweledButton of control JeweledButton1 was not a loaded control class.
Line 598: Class SITextBox.Txt of control TxtCustomerTypeID was not a loaded control class.
Line 620: Class SITextBox.Txt of control TxtCustomerType was not a loaded control class.
Line 71: The property name _ExtentX in BtnClose is invalid.
Line 72: The property name _ExtentY in BtnClose is invalid.
Line 73: The property name TX in BtnClose is invalid.
Line 74: The property name ENAB in BtnClose is invalid.
Line 84: The property name FOCUSR in BtnClose is invalid.
Line 85: The property name MPTR in BtnClose is invalid.
Line 86: The property name MICON in BtnClose is invalid.
Line 87: The property name BC in BtnClose is invalid.
Line 88: The property name FC in BtnClose is invalid.
Line 96: The property name _ExtentX in BtnPreview is invalid.
Line 97: The property name _ExtentY in BtnPreview is invalid.
Line 98: The property name TX in BtnPreview is invalid.
Line 99: The property name ENAB in BtnPreview is invalid.
Line 109: The property name FOCUSR in BtnPreview is invalid.
Line 110: The property name MPTR in BtnPreview is invalid.
Line 111: The property name MICON in BtnPreview is invalid.
Line 112: The property name BC in BtnPreview is invalid.
Line 113: The property name FC in BtnPreview is invalid.
Line 122: The property name _ExtentX in BtnPrint is invalid.
Line 123: The property name _ExtentY in BtnPrint is invalid.
Line 124: The property name TX in BtnPrint is invalid.
Line 125: The property name ENAB in BtnPrint is invalid.
Line 135: The property name FOCUSR in BtnPrint is invalid.
Line 136: The property name MPTR in BtnPrint is invalid.
Line 137: The property name MICON in BtnPrint is invalid.
Line 138: The property name BC in BtnPrint is invalid.
Line 139: The property name FC in BtnPrint is invalid.
Line 150: The property name _ExtentX in BtnCustomer is invalid.
Line 151: The property name _ExtentY in BtnCustomer is invalid.
Line 152: The property name TX in BtnCustomer is invalid.
Line 153: The property name ENAB in BtnCustomer is invalid.
Line 163: The property name FOCUSR in BtnCustomer is invalid.
Line 164: The property name MPTR in BtnCustomer is invalid.
Line 165: The property name MICON in BtnCustomer is invalid.
Line 166: The property name BC in BtnCustomer is invalid.
Line 167: The property name FC in BtnCustomer is invalid.
Line 175: The property name _ExtentX in TxtCustomerID is invalid.
Line 176: The property name _ExtentY in TxtCustomerID is invalid.
Line 178: The property name MaxLength in TxtCustomerID is invalid.
Line 188: The property name Masked in TxtCustomerID is invalid.
Line 189: The property name IntegralPoint in TxtCustomerID is invalid.
Line 198: The property name _ExtentX in TxtCustomerName is invalid.
Line 199: The property name _ExtentY in TxtCustomerName is invalid.
Line 219: The property name _ExtentX in BtnZone is invalid.
Line 220: The property name _ExtentY in BtnZone is invalid.
Line 221: The property name TX in BtnZone is invalid.
Line 222: The property name ENAB in BtnZone is invalid.
Line 232: The property name FOCUSR in BtnZone is invalid.
Line 233: The property name MPTR in BtnZone is invalid.
Line 234: The property name MICON in BtnZone is invalid.
Line 235: The property name BC in BtnZone is invalid.
Line 236: The property name FC in BtnZone is invalid.
Line 245: The property name _ExtentX in BtnSector is invalid.
Line 246: The property name _ExtentY in BtnSector is invalid.
Line 247: The property name TX in BtnSector is invalid.
Line 248: The property name ENAB in BtnSector is invalid.
Line 258: The property name FOCUSR in BtnSector is invalid.
Line 259: The property name MPTR in BtnSector is invalid.
Line 260: The property name MICON in BtnSector is invalid.
Line 261: The property name BC in BtnSector is invalid.
Line 262: The property name FC in BtnSector is invalid.
Line 270: The property name _ExtentX in TxtCode is invalid.
Line 271: The property name _ExtentY in TxtCode is invalid.
Line 273: The property name MaxLength in TxtCode is invalid.
Line 283: The property name Masked in TxtCode is invalid.
Line 284: The property name IntegralPoint in TxtCode is invalid.
Line 293: The property name _ExtentX in BtnProduct is invalid.
Line 294: The property name _ExtentY in BtnProduct is invalid.
Line 295: The property name TX in BtnProduct is invalid.
Line 296: The property name ENAB in BtnProduct is invalid.
Line 306: The property name FOCUSR in BtnProduct is invalid.
Line 307: The property name MPTR in BtnProduct is invalid.
Line 308: The property name MICON in BtnProduct is invalid.
Line 309: The property name BC in BtnProduct is invalid.
Line 310: The property name FC in BtnProduct is invalid.
Line 318: The property name _ExtentX in TxtProductName is invalid.
Line 319: The property name _ExtentY in TxtProductName is invalid.
Line 331: The property name Masked in TxtProductName is invalid.
Line 342: The property name _ExtentX in BtnGroup is invalid.
Line 343: The property name _ExtentY in BtnGroup is invalid.
Line 344: The property name TX in BtnGroup is invalid.
Line 345: The property name ENAB in BtnGroup is invalid.
Line 355: The property name FOCUSR in BtnGroup is invalid.
Line 356: The property name MPTR in BtnGroup is invalid.
Line 357: The property name MICON in BtnGroup is invalid.
Line 358: The property name BC in BtnGroup is invalid.
Line 359: The property name FC in BtnGroup is invalid.
Line 367: The property name _ExtentX in TxtGroupID is invalid.
Line 368: The property name _ExtentY in TxtGroupID is invalid.
Line 370: The property name MaxLength in TxtGroupID is invalid.
Line 380: The property name Masked in TxtGroupID is invalid.
Line 381: The property name IntegralPoint in TxtGroupID is invalid.
Line 390: The property name _ExtentX in TxtGroupName is invalid.
Line 391: The property name _ExtentY in TxtGroupName is invalid.
Line 413: The property name _ExtentX in BtnSubGroup is invalid.
Line 414: The property name _ExtentY in BtnSubGroup is invalid.
Line 415: The property name TX in BtnSubGroup is invalid.
Line 416: The property name ENAB in BtnSubGroup is invalid.
Line 426: The property name FOCUSR in BtnSubGroup is invalid.
Line 427: The property name MPTR in BtnSubGroup is invalid.
Line 428: The property name MICON in BtnSubGroup is invalid.
Line 429: The property name BC in BtnSubGroup is invalid.
Line 430: The property name FC in BtnSubGroup is invalid.
Line 438: The property name _ExtentX in TxtSubGroupID is invalid.
Line 439: The property name _ExtentY in TxtSubGroupID is invalid.
Line 441: The property name MaxLength in TxtSubGroupID is invalid.
Line 451: The property name Masked in TxtSubGroupID is invalid.
Line 452: The property name IntegralPoint in TxtSubGroupID is invalid.
Line 461: The property name _ExtentX in TxtSubGroupName is invalid.
Line 462: The property name _ExtentY in TxtSubGroupName is invalid.
Line 484: The property name _ExtentX in BtnCompany is invalid.
Line 485: The property name _ExtentY in BtnCompany is invalid.
Line 486: The property name TX in BtnCompany is invalid.
Line 487: The property name ENAB in BtnCompany is invalid.
Line 497: The property name FOCUSR in BtnCompany is invalid.
Line 498: The property name MPTR in BtnCompany is invalid.
Line 499: The property name MICON in BtnCompany is invalid.
Line 500: The property name BC in BtnCompany is invalid.
Line 501: The property name FC in BtnCompany is invalid.
Line 509: The property name _ExtentX in TxtCompanyID is invalid.
Line 510: The property name _ExtentY in TxtCompanyID is invalid.
Line 512: The property name MaxLength in TxtCompanyID is invalid.
Line 522: The property name Masked in TxtCompanyID is invalid.
Line 523: The property name IntegralPoint in TxtCompanyID is invalid.
Line 532: The property name _ExtentX in TxtCompanyName is invalid.
Line 533: The property name _ExtentY in TxtCompanyName is invalid.
Line 553: The property name _ExtentX in TxtProductID is invalid.
Line 554: The property name _ExtentY in TxtProductID is invalid.
Line 556: The property name MaxLength in TxtProductID is invalid.
Line 566: The property name Masked in TxtProductID is invalid.
Line 567: The property name IntegralPoint in TxtProductID is invalid.
Line 568: The property name Mandatory in TxtProductID is invalid.
Line 579: The property name _ExtentX in JeweledButton1 is invalid.
Line 580: The property name _ExtentY in JeweledButton1 is invalid.
Line 581: The property name TX in JeweledButton1 is invalid.
Line 582: The property name ENAB in JeweledButton1 is invalid.
Line 592: The property name FOCUSR in JeweledButton1 is invalid.
Line 593: The property name MPTR in JeweledButton1 is invalid.
Line 594: The property name MICON in JeweledButton1 is invalid.
Line 595: The property name BC in JeweledButton1 is invalid.
Line 596: The property name FC in JeweledButton1 is invalid.
Line 604: The property name _ExtentX in TxtCustomerTypeID is invalid.
Line 605: The property name _ExtentY in TxtCustomerTypeID is invalid.
Line 607: The property name MaxLength in TxtCustomerTypeID is invalid.
Line 617: The property name Masked in TxtCustomerTypeID is invalid.
Line 618: The property name IntegralPoint in TxtCustomerTypeID is invalid.
Line 627: The property name _ExtentX in TxtCustomerType is invalid.
Line 628: The property name _ExtentY in TxtCustomerType is invalid.
