Line 19: Class JeweledBut.JeweledButton of control BtnClose was not a loaded control class.
Line 45: Class JeweledBut.JeweledButton of control BtnPreview was not a loaded control class.
Line 70: Class JeweledBut.JeweledButton of control BtnPrint was not a loaded control class.
Line 96: Class SITextBox.Txt of control TxtFromMemberID was not a loaded control class.
Line 118: Class SITextBox.Txt of control TxtToMemberID was not a loaded control class.
Line 140: Class JeweledBut.JeweledButton of control BtnFromMember was not a loaded control class.
Line 166: Class JeweledBut.JeweledButton of control BtnToMember was not a loaded control class.
Line 26: The property name _ExtentX in BtnClose is invalid.
Line 27: The property name _ExtentY in BtnClose is invalid.
Line 28: The property name TX in BtnClose is invalid.
Line 29: The property name ENAB in BtnClose is invalid.
Line 39: The property name FOCUSR in BtnClose is invalid.
Line 40: The property name MPTR in BtnClose is invalid.
Line 41: The property name MICON in BtnClose is invalid.
Line 42: The property name BC in BtnClose is invalid.
Line 43: The property name FC in BtnClose is invalid.
Line 51: The property name _ExtentX in BtnPreview is invalid.
Line 52: The property name _ExtentY in BtnPreview is invalid.
Line 53: The property name TX in BtnPreview is invalid.
Line 54: The property name ENAB in BtnPreview is invalid.
Line 64: The property name FOCUSR in BtnPreview is invalid.
Line 65: The property name MPTR in BtnPreview is invalid.
Line 66: The property name MICON in BtnPreview is invalid.
Line 67: The property name BC in BtnPreview is invalid.
Line 68: The property name FC in BtnPreview is invalid.
Line 77: The property name _ExtentX in BtnPrint is invalid.
Line 78: The property name _ExtentY in BtnPrint is invalid.
Line 79: The property name TX in BtnPrint is invalid.
Line 80: The property name ENAB in BtnPrint is invalid.
Line 90: The property name FOCUSR in BtnPrint is invalid.
Line 91: The property name MPTR in BtnPrint is invalid.
Line 92: The property name MICON in BtnPrint is invalid.
Line 93: The property name BC in BtnPrint is invalid.
Line 94: The property name FC in BtnPrint is invalid.
Line 102: The property name _ExtentX in TxtFromMemberID is invalid.
Line 103: The property name _ExtentY in TxtFromMemberID is invalid.
Line 105: The property name MaxLength in TxtFromMemberID is invalid.
Line 115: The property name Masked in TxtFromMemberID is invalid.
Line 116: The property name IntegralPoint in TxtFromMemberID is invalid.
Line 124: The property name _ExtentX in TxtToMemberID is invalid.
Line 125: The property name _ExtentY in TxtToMemberID is invalid.
Line 127: The property name MaxLength in TxtToMemberID is invalid.
Line 137: The property name Masked in TxtToMemberID is invalid.
Line 138: The property name IntegralPoint in TxtToMemberID is invalid.
Line 147: The property name _ExtentX in BtnFromMember is invalid.
Line 148: The property name _ExtentY in BtnFromMember is invalid.
Line 149: The property name TX in BtnFromMember is invalid.
Line 150: The property name ENAB in BtnFromMember is invalid.
Line 160: The property name FOCUSR in BtnFromMember is invalid.
Line 161: The property name MPTR in BtnFromMember is invalid.
Line 162: The property name MICON in BtnFromMember is invalid.
Line 163: The property name BC in BtnFromMember is invalid.
Line 164: The property name FC in BtnFromMember is invalid.
Line 173: The property name _ExtentX in BtnToMember is invalid.
Line 174: The property name _ExtentY in BtnToMember is invalid.
Line 175: The property name TX in BtnToMember is invalid.
Line 176: The property name ENAB in BtnToMember is invalid.
Line 186: The property name FOCUSR in BtnToMember is invalid.
Line 187: The property name MPTR in BtnToMember is invalid.
Line 188: The property name MICON in BtnToMember is invalid.
Line 189: The property name BC in BtnToMember is invalid.
Line 190: The property name FC in BtnToMember is invalid.
