Line 19: Class JeweledBut.JeweledButton of control BtnClose was not a loaded control class.
Line 45: Class JeweledBut.JeweledButton of control BtnPreview was not a loaded control class.
Line 70: Class JeweledBut.JeweledButton of control BtnPrint was not a loaded control class.
Line 96: Class SITextBox.Txt of control TxtProductID was not a loaded control class.
Line 120: Class JeweledBut.JeweledButton of control BtnGroup was not a loaded control class.
Line 148: Class SITextBox.Txt of control TxtGroupID was not a loaded control class.
Line 171: Class SITextBox.Txt of control TxtGroupName was not a loaded control class.
Line 192: Class JeweledBut.JeweledButton of control BtnSubGroup was not a loaded control class.
Line 220: Class SITextBox.Txt of control TxtSubGroupID was not a loaded control class.
Line 243: Class SITextBox.Txt of control TxtSubGroupName was not a loaded control class.
Line 264: Class JeweledBut.JeweledButton of control BtnCompany was not a loaded control class.
Line 292: Class SITextBox.Txt of control TxtCompanyID was not a loaded control class.
Line 315: Class SITextBox.Txt of control TxtCompanyName was not a loaded control class.
Line 336: Class SITextBox.Txt of control TxtCode was not a loaded control class.
Line 359: Class JeweledBut.JeweledButton of control BtnProduct was not a loaded control class.
Line 385: Class SITextBox.Txt of control TxtProductName was not a loaded control class.
Line 26: The property name _ExtentX in BtnClose is invalid.
Line 27: The property name _ExtentY in BtnClose is invalid.
Line 28: The property name TX in BtnClose is invalid.
Line 29: The property name ENAB in BtnClose is invalid.
Line 39: The property name FOCUSR in BtnClose is invalid.
Line 40: The property name MPTR in BtnClose is invalid.
Line 41: The property name MICON in BtnClose is invalid.
Line 42: The property name BC in BtnClose is invalid.
Line 43: The property name FC in BtnClose is invalid.
Line 51: The property name _ExtentX in BtnPreview is invalid.
Line 52: The property name _ExtentY in BtnPreview is invalid.
Line 53: The property name TX in BtnPreview is invalid.
Line 54: The property name ENAB in BtnPreview is invalid.
Line 64: The property name FOCUSR in BtnPreview is invalid.
Line 65: The property name MPTR in BtnPreview is invalid.
Line 66: The property name MICON in BtnPreview is invalid.
Line 67: The property name BC in BtnPreview is invalid.
Line 68: The property name FC in BtnPreview is invalid.
Line 77: The property name _ExtentX in BtnPrint is invalid.
Line 78: The property name _ExtentY in BtnPrint is invalid.
Line 79: The property name TX in BtnPrint is invalid.
Line 80: The property name ENAB in BtnPrint is invalid.
Line 90: The property name FOCUSR in BtnPrint is invalid.
Line 91: The property name MPTR in BtnPrint is invalid.
Line 92: The property name MICON in BtnPrint is invalid.
Line 93: The property name BC in BtnPrint is invalid.
Line 94: The property name FC in BtnPrint is invalid.
Line 103: The property name _ExtentX in TxtProductID is invalid.
Line 104: The property name _ExtentY in TxtProductID is invalid.
Line 106: The property name MaxLength in TxtProductID is invalid.
Line 116: The property name Masked in TxtProductID is invalid.
Line 117: The property name IntegralPoint in TxtProductID is invalid.
Line 118: The property name Mandatory in TxtProductID is invalid.
Line 129: The property name _ExtentX in BtnGroup is invalid.
Line 130: The property name _ExtentY in BtnGroup is invalid.
Line 131: The property name TX in BtnGroup is invalid.
Line 132: The property name ENAB in BtnGroup is invalid.
Line 142: The property name FOCUSR in BtnGroup is invalid.
Line 143: The property name MPTR in BtnGroup is invalid.
Line 144: The property name MICON in BtnGroup is invalid.
Line 145: The property name BC in BtnGroup is invalid.
Line 146: The property name FC in BtnGroup is invalid.
Line 154: The property name _ExtentX in TxtGroupID is invalid.
Line 155: The property name _ExtentY in TxtGroupID is invalid.
Line 157: The property name MaxLength in TxtGroupID is invalid.
Line 167: The property name Masked in TxtGroupID is invalid.
Line 168: The property name IntegralPoint in TxtGroupID is invalid.
Line 169: The property name Mandatory in TxtGroupID is invalid.
Line 178: The property name _ExtentX in TxtGroupName is invalid.
Line 179: The property name _ExtentY in TxtGroupName is invalid.
Line 201: The property name _ExtentX in BtnSubGroup is invalid.
Line 202: The property name _ExtentY in BtnSubGroup is invalid.
Line 203: The property name TX in BtnSubGroup is invalid.
Line 204: The property name ENAB in BtnSubGroup is invalid.
Line 214: The property name FOCUSR in BtnSubGroup is invalid.
Line 215: The property name MPTR in BtnSubGroup is invalid.
Line 216: The property name MICON in BtnSubGroup is invalid.
Line 217: The property name BC in BtnSubGroup is invalid.
Line 218: The property name FC in BtnSubGroup is invalid.
Line 226: The property name _ExtentX in TxtSubGroupID is invalid.
Line 227: The property name _ExtentY in TxtSubGroupID is invalid.
Line 229: The property name MaxLength in TxtSubGroupID is invalid.
Line 239: The property name Masked in TxtSubGroupID is invalid.
Line 240: The property name IntegralPoint in TxtSubGroupID is invalid.
Line 241: The property name Mandatory in TxtSubGroupID is invalid.
Line 250: The property name _ExtentX in TxtSubGroupName is invalid.
Line 251: The property name _ExtentY in TxtSubGroupName is invalid.
Line 273: The property name _ExtentX in BtnCompany is invalid.
Line 274: The property name _ExtentY in BtnCompany is invalid.
Line 275: The property name TX in BtnCompany is invalid.
Line 276: The property name ENAB in BtnCompany is invalid.
Line 286: The property name FOCUSR in BtnCompany is invalid.
Line 287: The property name MPTR in BtnCompany is invalid.
Line 288: The property name MICON in BtnCompany is invalid.
Line 289: The property name BC in BtnCompany is invalid.
Line 290: The property name FC in BtnCompany is invalid.
Line 298: The property name _ExtentX in TxtCompanyID is invalid.
Line 299: The property name _ExtentY in TxtCompanyID is invalid.
Line 301: The property name MaxLength in TxtCompanyID is invalid.
Line 311: The property name Masked in TxtCompanyID is invalid.
Line 312: The property name IntegralPoint in TxtCompanyID is invalid.
Line 313: The property name Mandatory in TxtCompanyID is invalid.
Line 322: The property name _ExtentX in TxtCompanyName is invalid.
Line 323: The property name _ExtentY in TxtCompanyName is invalid.
Line 342: The property name _ExtentX in TxtCode is invalid.
Line 343: The property name _ExtentY in TxtCode is invalid.
Line 345: The property name MaxLength in TxtCode is invalid.
Line 355: The property name Masked in TxtCode is invalid.
Line 356: The property name IntegralPoint in TxtCode is invalid.
Line 357: The property name Mandatory in TxtCode is invalid.
Line 366: The property name _ExtentX in BtnProduct is invalid.
Line 367: The property name _ExtentY in BtnProduct is invalid.
Line 368: The property name TX in BtnProduct is invalid.
Line 369: The property name ENAB in BtnProduct is invalid.
Line 379: The property name FOCUSR in BtnProduct is invalid.
Line 380: The property name MPTR in BtnProduct is invalid.
Line 381: The property name MICON in BtnProduct is invalid.
Line 382: The property name BC in BtnProduct is invalid.
Line 383: The property name FC in BtnProduct is invalid.
Line 391: The property name _ExtentX in TxtProductName is invalid.
Line 392: The property name _ExtentY in TxtProductName is invalid.
Line 404: The property name Masked in TxtProductName is invalid.
