Line 19: Class JeweledBut.JeweledButton of control BtnClose was not a loaded control class.
Line 45: Class JeweledBut.JeweledButton of control BtnPreview was not a loaded control class.
Line 70: Class JeweledBut.JeweledButton of control BtnPrint was not a loaded control class.
Line 96: Class SITextBox.Txt of control TxtStoreID was not a loaded control class.
Line 141: Class JeweledBut.JeweledButton of control BtnStore was not a loaded control class.
Line 167: Class SITextBox.Txt of control TxtStoreName was not a loaded control class.
Line 26: The property name _ExtentX in BtnClose is invalid.
Line 27: The property name _ExtentY in BtnClose is invalid.
Line 28: The property name TX in BtnClose is invalid.
Line 29: The property name ENAB in BtnClose is invalid.
Line 39: The property name FOCUSR in BtnClose is invalid.
Line 40: The property name MPTR in BtnClose is invalid.
Line 41: The property name MICON in BtnClose is invalid.
Line 42: The property name BC in BtnClose is invalid.
Line 43: The property name FC in BtnClose is invalid.
Line 51: The property name _ExtentX in BtnPreview is invalid.
Line 52: The property name _ExtentY in BtnPreview is invalid.
Line 53: The property name TX in BtnPreview is invalid.
Line 54: The property name ENAB in BtnPreview is invalid.
Line 64: The property name FOCUSR in BtnPreview is invalid.
Line 65: The property name MPTR in BtnPreview is invalid.
Line 66: The property name MICON in BtnPreview is invalid.
Line 67: The property name BC in BtnPreview is invalid.
Line 68: The property name FC in BtnPreview is invalid.
Line 77: The property name _ExtentX in BtnPrint is invalid.
Line 78: The property name _ExtentY in BtnPrint is invalid.
Line 79: The property name TX in BtnPrint is invalid.
Line 80: The property name ENAB in BtnPrint is invalid.
Line 90: The property name FOCUSR in BtnPrint is invalid.
Line 91: The property name MPTR in BtnPrint is invalid.
Line 92: The property name MICON in BtnPrint is invalid.
Line 93: The property name BC in BtnPrint is invalid.
Line 94: The property name FC in BtnPrint is invalid.
Line 102: The property name _ExtentX in TxtStoreID is invalid.
Line 103: The property name _ExtentY in TxtStoreID is invalid.
Line 105: The property name MaxLength in TxtStoreID is invalid.
Line 115: The property name Masked in TxtStoreID is invalid.
Line 116: The property name IntegralPoint in TxtStoreID is invalid.
Line 117: The property name Mandatory in TxtStoreID is invalid.
Line 148: The property name _ExtentX in BtnStore is invalid.
Line 149: The property name _ExtentY in BtnStore is invalid.
Line 150: The property name TX in BtnStore is invalid.
Line 151: The property name ENAB in BtnStore is invalid.
Line 161: The property name FOCUSR in BtnStore is invalid.
Line 162: The property name MPTR in BtnStore is invalid.
Line 163: The property name MICON in BtnStore is invalid.
Line 164: The property name BC in BtnStore is invalid.
Line 165: The property name FC in BtnStore is invalid.
Line 173: The property name _ExtentX in TxtStoreName is invalid.
Line 174: The property name _ExtentY in TxtStoreName is invalid.
Line 186: The property name Masked in TxtStoreName is invalid.
