Line 19: Class JeweledBut.JeweledButton of control BtnClose was not a loaded control class.
Line 45: Class JeweledBut.JeweledButton of control BtnPreview was not a loaded control class.
Line 70: Class JeweledBut.JeweledButton of control BtnPrint was not a loaded control class.
Line 96: Class JeweledBut.JeweledButton of control BtnSubGroup was not a loaded control class.
Line 124: Class SITextBox.Txt of control TxtSubGroupID was not a loaded control class.
Line 147: Class SITextBox.Txt of control TxtSubGroupName was not a loaded control class.
Line 26: The property name _ExtentX in BtnClose is invalid.
Line 27: The property name _ExtentY in BtnClose is invalid.
Line 28: The property name TX in BtnClose is invalid.
Line 29: The property name ENAB in BtnClose is invalid.
Line 39: The property name FOCUSR in BtnClose is invalid.
Line 40: The property name MPTR in BtnClose is invalid.
Line 41: The property name MICON in BtnClose is invalid.
Line 42: The property name BC in BtnClose is invalid.
Line 43: The property name FC in BtnClose is invalid.
Line 51: The property name _ExtentX in BtnPreview is invalid.
Line 52: The property name _ExtentY in BtnPreview is invalid.
Line 53: The property name TX in BtnPreview is invalid.
Line 54: The property name ENAB in BtnPreview is invalid.
Line 64: The property name FOCUSR in BtnPreview is invalid.
Line 65: The property name MPTR in BtnPreview is invalid.
Line 66: The property name MICON in BtnPreview is invalid.
Line 67: The property name BC in BtnPreview is invalid.
Line 68: The property name FC in BtnPreview is invalid.
Line 77: The property name _ExtentX in BtnPrint is invalid.
Line 78: The property name _ExtentY in BtnPrint is invalid.
Line 79: The property name TX in BtnPrint is invalid.
Line 80: The property name ENAB in BtnPrint is invalid.
Line 90: The property name FOCUSR in BtnPrint is invalid.
Line 91: The property name MPTR in BtnPrint is invalid.
Line 92: The property name MICON in BtnPrint is invalid.
Line 93: The property name BC in BtnPrint is invalid.
Line 94: The property name FC in BtnPrint is invalid.
Line 105: The property name _ExtentX in BtnSubGroup is invalid.
Line 106: The property name _ExtentY in BtnSubGroup is invalid.
Line 107: The property name TX in BtnSubGroup is invalid.
Line 108: The property name ENAB in BtnSubGroup is invalid.
Line 118: The property name FOCUSR in BtnSubGroup is invalid.
Line 119: The property name MPTR in BtnSubGroup is invalid.
Line 120: The property name MICON in BtnSubGroup is invalid.
Line 121: The property name BC in BtnSubGroup is invalid.
Line 122: The property name FC in BtnSubGroup is invalid.
Line 130: The property name _ExtentX in TxtSubGroupID is invalid.
Line 131: The property name _ExtentY in TxtSubGroupID is invalid.
Line 133: The property name MaxLength in TxtSubGroupID is invalid.
Line 143: The property name Masked in TxtSubGroupID is invalid.
Line 144: The property name IntegralPoint in TxtSubGroupID is invalid.
Line 145: The property name Mandatory in TxtSubGroupID is invalid.
Line 154: The property name _ExtentX in TxtSubGroupName is invalid.
Line 155: The property name _ExtentY in TxtSubGroupName is invalid.
