Line 42: Class SSDataWidgets_B_OLEDB.SSOleDBGrid of control Grid was not a loaded control class.
Line 131: Class JeweledBut.JeweledButton of control BtnNew was not a loaded control class.
Line 156: Class JeweledBut.JeweledButton of control BtnOpen was not a loaded control class.
Line 181: Class JeweledBut.JeweledButton of control BtnDelete was not a loaded control class.
Line 206: Class JeweledBut.JeweledButton of control BtnSave was not a loaded control class.
Line 231: Class JeweledBut.JeweledButton of control BtnClear was not a loaded control class.
Line 257: Class JeweledBut.JeweledButton of control BtnClose was not a loaded control class.
Line 48: The property name ScrollBars in Grid is invalid.
Line 49: The property name _Version in Grid is invalid.
Line 50: The property name stylesets.count in Grid is invalid.
Line 51: The property name stylesets(0).Name in Grid is invalid.
Line 52: The property name stylesets(0).ForeColor in Grid is invalid.
Line 53: The property name stylesets(0).BackColor in Grid is invalid.
Line 54: The property name stylesets(0).HasFont in Grid is invalid.
Line 63: The property name stylesets(0).Font in Grid is invalid.
Line 64: The property name stylesets(0).Picture in Grid is invalid.
Line 65: The property name AllowUpdate in Grid is invalid.
Line 66: The property name MultiLine in Grid is invalid.
Line 67: The property name AllowRowSizing in Grid is invalid.
Line 68: The property name AllowGroupSizing in Grid is invalid.
Line 69: The property name AllowColumnSizing in Grid is invalid.
Line 70: The property name AllowGroupMoving in Grid is invalid.
Line 71: The property name AllowColumnMoving in Grid is invalid.
Line 72: The property name AllowGroupSwapping in Grid is invalid.
Line 73: The property name AllowColumnSwapping in Grid is invalid.
Line 74: The property name AllowGroupShrinking in Grid is invalid.
Line 75: The property name AllowColumnShrinking in Grid is invalid.
Line 76: The property name AllowDragDrop in Grid is invalid.
Line 77: The property name SelectTypeCol in Grid is invalid.
Line 78: The property name SelectTypeRow in Grid is invalid.
Line 79: The property name ForeColorEven in Grid is invalid.
Line 80: The property name BackColorOdd in Grid is invalid.
Line 81: The property name RowHeight in Grid is invalid.
Line 82: The property name ExtraHeight in Grid is invalid.
Line 83: The property name ActiveRowStyleSet in Grid is invalid.
Line 84: The property name Columns.Count in Grid is invalid.
Line 85: The property name Columns(0).Width in Grid is invalid.
Line 86: The property name Columns(0).Caption in Grid is invalid.
Line 87: The property name Columns(0).Name in Grid is invalid.
Line 88: The property name Columns(0).CaptionAlignment in Grid is invalid.
Line 89: The property name Columns(0).DataField in Grid is invalid.
Line 90: The property name Columns(0).DataType in Grid is invalid.
Line 91: The property name Columns(0).FieldLen in Grid is invalid.
Line 92: The property name Columns(1).Width in Grid is invalid.
Line 93: The property name Columns(1).Caption in Grid is invalid.
Line 94: The property name Columns(1).Name in Grid is invalid.
Line 95: The property name Columns(1).CaptionAlignment in Grid is invalid.
Line 96: The property name Columns(1).DataField in Grid is invalid.
Line 97: The property name Columns(1).DataType in Grid is invalid.
Line 98: The property name Columns(1).FieldLen in Grid is invalid.
Line 99: The property name _ExtentX in Grid is invalid.
Line 100: The property name _ExtentY in Grid is invalid.
Line 101: The property name _StockProps in Grid is invalid.
Line 111: The property name PageFooterFont in Grid is invalid.
Line 120: The property name PageHeaderFont in Grid is invalid.
Line 137: The property name _ExtentX in BtnNew is invalid.
Line 138: The property name _ExtentY in BtnNew is invalid.
Line 139: The property name TX in BtnNew is invalid.
Line 140: The property name ENAB in BtnNew is invalid.
Line 150: The property name FOCUSR in BtnNew is invalid.
Line 151: The property name MPTR in BtnNew is invalid.
Line 152: The property name MICON in BtnNew is invalid.
Line 153: The property name BC in BtnNew is invalid.
Line 154: The property name FC in BtnNew is invalid.
Line 162: The property name _ExtentX in BtnOpen is invalid.
Line 163: The property name _ExtentY in BtnOpen is invalid.
Line 164: The property name TX in BtnOpen is invalid.
Line 165: The property name ENAB in BtnOpen is invalid.
Line 175: The property name FOCUSR in BtnOpen is invalid.
Line 176: The property name MPTR in BtnOpen is invalid.
Line 177: The property name MICON in BtnOpen is invalid.
Line 178: The property name BC in BtnOpen is invalid.
Line 179: The property name FC in BtnOpen is invalid.
Line 187: The property name _ExtentX in BtnDelete is invalid.
Line 188: The property name _ExtentY in BtnDelete is invalid.
Line 189: The property name TX in BtnDelete is invalid.
Line 190: The property name ENAB in BtnDelete is invalid.
Line 200: The property name FOCUSR in BtnDelete is invalid.
Line 201: The property name MPTR in BtnDelete is invalid.
Line 202: The property name MICON in BtnDelete is invalid.
Line 203: The property name BC in BtnDelete is invalid.
Line 204: The property name FC in BtnDelete is invalid.
Line 212: The property name _ExtentX in BtnSave is invalid.
Line 213: The property name _ExtentY in BtnSave is invalid.
Line 214: The property name TX in BtnSave is invalid.
Line 215: The property name ENAB in BtnSave is invalid.
Line 225: The property name FOCUSR in BtnSave is invalid.
Line 226: The property name MPTR in BtnSave is invalid.
Line 227: The property name MICON in BtnSave is invalid.
Line 228: The property name BC in BtnSave is invalid.
Line 229: The property name FC in BtnSave is invalid.
Line 232: The property name Cancel in BtnClear is invalid.
Line 238: The property name _ExtentX in BtnClear is invalid.
Line 239: The property name _ExtentY in BtnClear is invalid.
Line 240: The property name TX in BtnClear is invalid.
Line 241: The property name ENAB in BtnClear is invalid.
Line 251: The property name FOCUSR in BtnClear is invalid.
Line 252: The property name MPTR in BtnClear is invalid.
Line 253: The property name MICON in BtnClear is invalid.
Line 254: The property name BC in BtnClear is invalid.
Line 255: The property name FC in BtnClear is invalid.
Line 263: The property name _ExtentX in BtnClose is invalid.
Line 264: The property name _ExtentY in BtnClose is invalid.
Line 265: The property name TX in BtnClose is invalid.
Line 266: The property name ENAB in BtnClose is invalid.
Line 276: The property name FOCUSR in BtnClose is invalid.
Line 277: The property name MPTR in BtnClose is invalid.
Line 278: The property name MICON in BtnClose is invalid.
Line 279: The property name BC in BtnClose is invalid.
Line 280: The property name FC in BtnClose is invalid.
