Line 106: Class JeweledBut.JeweledButton of control BtnClose was not a loaded control class.
Line 132: Class JeweledBut.JeweledButton of control BtnPreview was not a loaded control class.
Line 158: Class JeweledBut.JeweledButton of control BtnPrint was not a loaded control class.
Line 184: Class SITextBox.Txt of control TxtProductID was not a loaded control class.
Line 208: Class SITextBox.Txt of control TxtCode was not a loaded control class.
Line 230: Class JeweledBut.JeweledButton of control BtnProduct was not a loaded control class.
Line 256: Class SITextBox.Txt of control TxtProductName was not a loaded control class.
Line 277: Class JeweledBut.JeweledButton of control BtnOrganizaton was not a loaded control class.
Line 305: Class SITextBox.Txt of control TxtOrganizationID was not a loaded control class.
Line 327: Class SITextBox.Txt of control TxtOrganizatonName was not a loaded control class.
Line 348: Class JeweledBut.JeweledButton of control BtnStore was not a loaded control class.
Line 376: Class SITextBox.Txt of control TxtStoreName was not a loaded control class.
Line 397: Class SSCalendarWidgets_A.SSDateCombo of control DtpFrom was not a loaded control class.
Line 427: Class SSCalendarWidgets_A.SSDateCombo of control DtpTo was not a loaded control class.
Line 457: Class JeweledBut.JeweledButton of control BtnGroup was not a loaded control class.
Line 485: Class SITextBox.Txt of control TxtGroupID was not a loaded control class.
Line 507: Class SITextBox.Txt of control TxtGroupName was not a loaded control class.
Line 528: Class JeweledBut.JeweledButton of control BtnSubGroup was not a loaded control class.
Line 556: Class SITextBox.Txt of control TxtSubGroupID was not a loaded control class.
Line 578: Class SITextBox.Txt of control TxtSubGroupName was not a loaded control class.
Line 599: Class JeweledBut.JeweledButton of control BtnCompany was not a loaded control class.
Line 627: Class SITextBox.Txt of control TxtCompanyID was not a loaded control class.
Line 649: Class SITextBox.Txt of control TxtCompanyName was not a loaded control class.
Line 670: Class JeweledBut.JeweledButton of control BtnUser was not a loaded control class.
Line 698: Class SITextBox.Txt of control TxtUserNo was not a loaded control class.
Line 720: Class SITextBox.Txt of control TxtUserName was not a loaded control class.
Line 741: Class SITextBox.Txt of control TxtStoreID was not a loaded control class.
Line 763: Class JeweledBut.JeweledButton of control BtnVendor was not a loaded control class.
Line 791: Class SITextBox.Txt of control TxtVendorID was not a loaded control class.
Line 813: Class SITextBox.Txt of control TxtPartyName was not a loaded control class.
Line 113: The property name _ExtentX in BtnClose is invalid.
Line 114: The property name _ExtentY in BtnClose is invalid.
Line 115: The property name TX in BtnClose is invalid.
Line 116: The property name ENAB in BtnClose is invalid.
Line 126: The property name FOCUSR in BtnClose is invalid.
Line 127: The property name MPTR in BtnClose is invalid.
Line 128: The property name MICON in BtnClose is invalid.
Line 129: The property name BC in BtnClose is invalid.
Line 130: The property name FC in BtnClose is invalid.
Line 139: The property name _ExtentX in BtnPreview is invalid.
Line 140: The property name _ExtentY in BtnPreview is invalid.
Line 141: The property name TX in BtnPreview is invalid.
Line 142: The property name ENAB in BtnPreview is invalid.
Line 152: The property name FOCUSR in BtnPreview is invalid.
Line 153: The property name MPTR in BtnPreview is invalid.
Line 154: The property name MICON in BtnPreview is invalid.
Line 155: The property name BC in BtnPreview is invalid.
Line 156: The property name FC in BtnPreview is invalid.
Line 165: The property name _ExtentX in BtnPrint is invalid.
Line 166: The property name _ExtentY in BtnPrint is invalid.
Line 167: The property name TX in BtnPrint is invalid.
Line 168: The property name ENAB in BtnPrint is invalid.
Line 178: The property name FOCUSR in BtnPrint is invalid.
Line 179: The property name MPTR in BtnPrint is invalid.
Line 180: The property name MICON in BtnPrint is invalid.
Line 181: The property name BC in BtnPrint is invalid.
Line 182: The property name FC in BtnPrint is invalid.
Line 191: The property name _ExtentX in TxtProductID is invalid.
Line 192: The property name _ExtentY in TxtProductID is invalid.
Line 194: The property name MaxLength in TxtProductID is invalid.
Line 204: The property name Masked in TxtProductID is invalid.
Line 205: The property name IntegralPoint in TxtProductID is invalid.
Line 206: The property name Mandatory in TxtProductID is invalid.
Line 214: The property name _ExtentX in TxtCode is invalid.
Line 215: The property name _ExtentY in TxtCode is invalid.
Line 217: The property name MaxLength in TxtCode is invalid.
Line 227: The property name Masked in TxtCode is invalid.
Line 228: The property name IntegralPoint in TxtCode is invalid.
Line 237: The property name _ExtentX in BtnProduct is invalid.
Line 238: The property name _ExtentY in BtnProduct is invalid.
Line 239: The property name TX in BtnProduct is invalid.
Line 240: The property name ENAB in BtnProduct is invalid.
Line 250: The property name FOCUSR in BtnProduct is invalid.
Line 251: The property name MPTR in BtnProduct is invalid.
Line 252: The property name MICON in BtnProduct is invalid.
Line 253: The property name BC in BtnProduct is invalid.
Line 254: The property name FC in BtnProduct is invalid.
Line 262: The property name _ExtentX in TxtProductName is invalid.
Line 263: The property name _ExtentY in TxtProductName is invalid.
Line 275: The property name Masked in TxtProductName is invalid.
Line 286: The property name _ExtentX in BtnOrganizaton is invalid.
Line 287: The property name _ExtentY in BtnOrganizaton is invalid.
Line 288: The property name TX in BtnOrganizaton is invalid.
Line 289: The property name ENAB in BtnOrganizaton is invalid.
Line 299: The property name FOCUSR in BtnOrganizaton is invalid.
Line 300: The property name MPTR in BtnOrganizaton is invalid.
Line 301: The property name MICON in BtnOrganizaton is invalid.
Line 302: The property name BC in BtnOrganizaton is invalid.
Line 303: The property name FC in BtnOrganizaton is invalid.
Line 311: The property name _ExtentX in TxtOrganizationID is invalid.
Line 312: The property name _ExtentY in TxtOrganizationID is invalid.
Line 314: The property name MaxLength in TxtOrganizationID is invalid.
Line 324: The property name Masked in TxtOrganizationID is invalid.
Line 325: The property name IntegralPoint in TxtOrganizationID is invalid.
Line 334: The property name _ExtentX in TxtOrganizatonName is invalid.
Line 335: The property name _ExtentY in TxtOrganizatonName is invalid.
Line 357: The property name _ExtentX in BtnStore is invalid.
Line 358: The property name _ExtentY in BtnStore is invalid.
Line 359: The property name TX in BtnStore is invalid.
Line 360: The property name ENAB in BtnStore is invalid.
Line 370: The property name FOCUSR in BtnStore is invalid.
Line 371: The property name MPTR in BtnStore is invalid.
Line 372: The property name MICON in BtnStore is invalid.
Line 373: The property name BC in BtnStore is invalid.
Line 374: The property name FC in BtnStore is invalid.
Line 383: The property name _ExtentX in TxtStoreName is invalid.
Line 384: The property name _ExtentY in TxtStoreName is invalid.
Line 403: The property name _Version in DtpFrom is invalid.
Line 404: The property name _ExtentX in DtpFrom is invalid.
Line 405: The property name _ExtentY in DtpFrom is invalid.
Line 406: The property name _StockProps in DtpFrom is invalid.
Line 416: The property name DropDownFont in DtpFrom is invalid.
Line 417: The property name DateSeparator in DtpFrom is invalid.
Line 418: The property name Format in DtpFrom is invalid.
Line 419: The property name BackColorSelected in DtpFrom is invalid.
Line 420: The property name BevelColorFace in DtpFrom is invalid.
Line 421: The property name DividerStyle in DtpFrom is invalid.
Line 422: The property name ForeColorSelected in DtpFrom is invalid.
Line 423: The property name BevelType in DtpFrom is invalid.
Line 424: The property name SpinButton in DtpFrom is invalid.
Line 425: The property name Mask in DtpFrom is invalid.
Line 433: The property name _Version in DtpTo is invalid.
Line 434: The property name _ExtentX in DtpTo is invalid.
Line 435: The property name _ExtentY in DtpTo is invalid.
Line 436: The property name _StockProps in DtpTo is invalid.
Line 446: The property name DropDownFont in DtpTo is invalid.
Line 447: The property name DateSeparator in DtpTo is invalid.
Line 448: The property name Format in DtpTo is invalid.
Line 449: The property name BackColorSelected in DtpTo is invalid.
Line 450: The property name BevelColorFace in DtpTo is invalid.
Line 451: The property name DividerStyle in DtpTo is invalid.
Line 452: The property name ForeColorSelected in DtpTo is invalid.
Line 453: The property name BevelType in DtpTo is invalid.
Line 454: The property name SpinButton in DtpTo is invalid.
Line 455: The property name Mask in DtpTo is invalid.
Line 466: The property name _ExtentX in BtnGroup is invalid.
Line 467: The property name _ExtentY in BtnGroup is invalid.
Line 468: The property name TX in BtnGroup is invalid.
Line 469: The property name ENAB in BtnGroup is invalid.
Line 479: The property name FOCUSR in BtnGroup is invalid.
Line 480: The property name MPTR in BtnGroup is invalid.
Line 481: The property name MICON in BtnGroup is invalid.
Line 482: The property name BC in BtnGroup is invalid.
Line 483: The property name FC in BtnGroup is invalid.
Line 491: The property name _ExtentX in TxtGroupID is invalid.
Line 492: The property name _ExtentY in TxtGroupID is invalid.
Line 494: The property name MaxLength in TxtGroupID is invalid.
Line 504: The property name Masked in TxtGroupID is invalid.
Line 505: The property name IntegralPoint in TxtGroupID is invalid.
Line 514: The property name _ExtentX in TxtGroupName is invalid.
Line 515: The property name _ExtentY in TxtGroupName is invalid.
Line 537: The property name _ExtentX in BtnSubGroup is invalid.
Line 538: The property name _ExtentY in BtnSubGroup is invalid.
Line 539: The property name TX in BtnSubGroup is invalid.
Line 540: The property name ENAB in BtnSubGroup is invalid.
Line 550: The property name FOCUSR in BtnSubGroup is invalid.
Line 551: The property name MPTR in BtnSubGroup is invalid.
Line 552: The property name MICON in BtnSubGroup is invalid.
Line 553: The property name BC in BtnSubGroup is invalid.
Line 554: The property name FC in BtnSubGroup is invalid.
Line 562: The property name _ExtentX in TxtSubGroupID is invalid.
Line 563: The property name _ExtentY in TxtSubGroupID is invalid.
Line 565: The property name MaxLength in TxtSubGroupID is invalid.
Line 575: The property name Masked in TxtSubGroupID is invalid.
Line 576: The property name IntegralPoint in TxtSubGroupID is invalid.
Line 585: The property name _ExtentX in TxtSubGroupName is invalid.
Line 586: The property name _ExtentY in TxtSubGroupName is invalid.
Line 608: The property name _ExtentX in BtnCompany is invalid.
Line 609: The property name _ExtentY in BtnCompany is invalid.
Line 610: The property name TX in BtnCompany is invalid.
Line 611: The property name ENAB in BtnCompany is invalid.
Line 621: The property name FOCUSR in BtnCompany is invalid.
Line 622: The property name MPTR in BtnCompany is invalid.
Line 623: The property name MICON in BtnCompany is invalid.
Line 624: The property name BC in BtnCompany is invalid.
Line 625: The property name FC in BtnCompany is invalid.
Line 633: The property name _ExtentX in TxtCompanyID is invalid.
Line 634: The property name _ExtentY in TxtCompanyID is invalid.
Line 636: The property name MaxLength in TxtCompanyID is invalid.
Line 646: The property name Masked in TxtCompanyID is invalid.
Line 647: The property name IntegralPoint in TxtCompanyID is invalid.
Line 656: The property name _ExtentX in TxtCompanyName is invalid.
Line 657: The property name _ExtentY in TxtCompanyName is invalid.
Line 679: The property name _ExtentX in BtnUser is invalid.
Line 680: The property name _ExtentY in BtnUser is invalid.
Line 681: The property name TX in BtnUser is invalid.
Line 682: The property name ENAB in BtnUser is invalid.
Line 692: The property name FOCUSR in BtnUser is invalid.
Line 693: The property name MPTR in BtnUser is invalid.
Line 694: The property name MICON in BtnUser is invalid.
Line 695: The property name BC in BtnUser is invalid.
Line 696: The property name FC in BtnUser is invalid.
Line 704: The property name _ExtentX in TxtUserNo is invalid.
Line 705: The property name _ExtentY in TxtUserNo is invalid.
Line 707: The property name MaxLength in TxtUserNo is invalid.
Line 717: The property name Masked in TxtUserNo is invalid.
Line 718: The property name IntegralPoint in TxtUserNo is invalid.
Line 727: The property name _ExtentX in TxtUserName is invalid.
Line 728: The property name _ExtentY in TxtUserName is invalid.
Line 747: The property name _ExtentX in TxtStoreID is invalid.
Line 748: The property name _ExtentY in TxtStoreID is invalid.
Line 750: The property name MaxLength in TxtStoreID is invalid.
Line 760: The property name Masked in TxtStoreID is invalid.
Line 761: The property name IntegralPoint in TxtStoreID is invalid.
Line 772: The property name _ExtentX in BtnVendor is invalid.
Line 773: The property name _ExtentY in BtnVendor is invalid.
Line 774: The property name TX in BtnVendor is invalid.
Line 775: The property name ENAB in BtnVendor is invalid.
Line 785: The property name FOCUSR in BtnVendor is invalid.
Line 786: The property name MPTR in BtnVendor is invalid.
Line 787: The property name MICON in BtnVendor is invalid.
Line 788: The property name BC in BtnVendor is invalid.
Line 789: The property name FC in BtnVendor is invalid.
Line 797: The property name _ExtentX in TxtVendorID is invalid.
Line 798: The property name _ExtentY in TxtVendorID is invalid.
Line 800: The property name MaxLength in TxtVendorID is invalid.
Line 810: The property name Masked in TxtVendorID is invalid.
Line 811: The property name IntegralPoint in TxtVendorID is invalid.
Line 820: The property name _ExtentX in TxtPartyName is invalid.
Line 821: The property name _ExtentY in TxtPartyName is invalid.
