Line 62: Class JeweledBut.JeweledButton of control BtnClose was not a loaded control class.
Line 88: Class JeweledBut.JeweledButton of control BtnPreview was not a loaded control class.
Line 114: Class JeweledBut.JeweledButton of control BtnPrint was not a loaded control class.
Line 140: Class MSComCtl2.DTPicker of control DtpFrom was not a loaded control class.
Line 155: Class MSComCtl2.DTPicker of control DtpTo was not a loaded control class.
Line 170: Class SITextBox.Txt of control TxtVendorID was not a loaded control class.
Line 192: Class SITextBox.Txt of control TxtVendorName was not a loaded control class.
Line 214: Class JeweledBut.JeweledButton of control BtnVendor was not a loaded control class.
Line 69: The property name _ExtentX in BtnClose is invalid.
Line 70: The property name _ExtentY in BtnClose is invalid.
Line 71: The property name TX in BtnClose is invalid.
Line 72: The property name ENAB in BtnClose is invalid.
Line 82: The property name FOCUSR in BtnClose is invalid.
Line 83: The property name MPTR in BtnClose is invalid.
Line 84: The property name MICON in BtnClose is invalid.
Line 85: The property name BC in BtnClose is invalid.
Line 86: The property name FC in BtnClose is invalid.
Line 95: The property name _ExtentX in BtnPreview is invalid.
Line 96: The property name _ExtentY in BtnPreview is invalid.
Line 97: The property name TX in BtnPreview is invalid.
Line 98: The property name ENAB in BtnPreview is invalid.
Line 108: The property name FOCUSR in BtnPreview is invalid.
Line 109: The property name MPTR in BtnPreview is invalid.
Line 110: The property name MICON in BtnPreview is invalid.
Line 111: The property name BC in BtnPreview is invalid.
Line 112: The property name FC in BtnPreview is invalid.
Line 121: The property name _ExtentX in BtnPrint is invalid.
Line 122: The property name _ExtentY in BtnPrint is invalid.
Line 123: The property name TX in BtnPrint is invalid.
Line 124: The property name ENAB in BtnPrint is invalid.
Line 134: The property name FOCUSR in BtnPrint is invalid.
Line 135: The property name MPTR in BtnPrint is invalid.
Line 136: The property name MICON in BtnPrint is invalid.
Line 137: The property name BC in BtnPrint is invalid.
Line 138: The property name FC in BtnPrint is invalid.
Line 148: The property name _ExtentX in DtpFrom is invalid.
Line 149: The property name _ExtentY in DtpFrom is invalid.
Line 150: The property name _Version in DtpFrom is invalid.
Line 151: The property name CustomFormat in DtpFrom is invalid.
Line 152: The property name Format in DtpFrom is invalid.
Line 153: The property name CurrentDate in DtpFrom is invalid.
Line 163: The property name _ExtentX in DtpTo is invalid.
Line 164: The property name _ExtentY in DtpTo is invalid.
Line 165: The property name _Version in DtpTo is invalid.
Line 166: The property name CustomFormat in DtpTo is invalid.
Line 167: The property name Format in DtpTo is invalid.
Line 168: The property name CurrentDate in DtpTo is invalid.
Line 176: The property name _ExtentX in TxtVendorID is invalid.
Line 177: The property name _ExtentY in TxtVendorID is invalid.
Line 179: The property name MaxLength in TxtVendorID is invalid.
Line 189: The property name Masked in TxtVendorID is invalid.
Line 190: The property name IntegralPoint in TxtVendorID is invalid.
Line 198: The property name _ExtentX in TxtVendorName is invalid.
Line 199: The property name _ExtentY in TxtVendorName is invalid.
Line 202: The property name MaxLength in TxtVendorName is invalid.
Line 212: The property name Masked in TxtVendorName is invalid.
Line 221: The property name _ExtentX in BtnVendor is invalid.
Line 222: The property name _ExtentY in BtnVendor is invalid.
Line 223: The property name TX in BtnVendor is invalid.
Line 224: The property name ENAB in BtnVendor is invalid.
Line 234: The property name FOCUSR in BtnVendor is invalid.
Line 235: The property name MPTR in BtnVendor is invalid.
Line 236: The property name MICON in BtnVendor is invalid.
Line 237: The property name BC in BtnVendor is invalid.
Line 238: The property name FC in BtnVendor is invalid.
