Line 19: Class JeweledBut.JeweledButton of control BtnClose was not a loaded control class.
Line 45: Class JeweledBut.JeweledButton of control BtnPreview was not a loaded control class.
Line 70: Class JeweledBut.JeweledButton of control BtnPrint was not a loaded control class.
Line 95: Class SSCalendarWidgets_A.SSDateCombo of control DtpFrom was not a loaded control class.
Line 125: Class SSCalendarWidgets_A.SSDateCombo of control DtpTo was not a loaded control class.
Line 26: The property name _ExtentX in BtnClose is invalid.
Line 27: The property name _ExtentY in BtnClose is invalid.
Line 28: The property name TX in BtnClose is invalid.
Line 29: The property name ENAB in BtnClose is invalid.
Line 39: The property name FOCUSR in BtnClose is invalid.
Line 40: The property name MPTR in BtnClose is invalid.
Line 41: The property name MICON in BtnClose is invalid.
Line 42: The property name BC in BtnClose is invalid.
Line 43: The property name FC in BtnClose is invalid.
Line 51: The property name _ExtentX in BtnPreview is invalid.
Line 52: The property name _ExtentY in BtnPreview is invalid.
Line 53: The property name TX in BtnPreview is invalid.
Line 54: The property name ENAB in BtnPreview is invalid.
Line 64: The property name FOCUSR in BtnPreview is invalid.
Line 65: The property name MPTR in BtnPreview is invalid.
Line 66: The property name MICON in BtnPreview is invalid.
Line 67: The property name BC in BtnPreview is invalid.
Line 68: The property name FC in BtnPreview is invalid.
Line 76: The property name _ExtentX in BtnPrint is invalid.
Line 77: The property name _ExtentY in BtnPrint is invalid.
Line 78: The property name TX in BtnPrint is invalid.
Line 79: The property name ENAB in BtnPrint is invalid.
Line 89: The property name FOCUSR in BtnPrint is invalid.
Line 90: The property name MPTR in BtnPrint is invalid.
Line 91: The property name MICON in BtnPrint is invalid.
Line 92: The property name BC in BtnPrint is invalid.
Line 93: The property name FC in BtnPrint is invalid.
Line 101: The property name _Version in DtpFrom is invalid.
Line 102: The property name _ExtentX in DtpFrom is invalid.
Line 103: The property name _ExtentY in DtpFrom is invalid.
Line 104: The property name _StockProps in DtpFrom is invalid.
Line 114: The property name DropDownFont in DtpFrom is invalid.
Line 115: The property name DateSeparator in DtpFrom is invalid.
Line 116: The property name Format in DtpFrom is invalid.
Line 117: The property name BackColorSelected in DtpFrom is invalid.
Line 118: The property name BevelColorFace in DtpFrom is invalid.
Line 119: The property name DividerStyle in DtpFrom is invalid.
Line 120: The property name ForeColorSelected in DtpFrom is invalid.
Line 121: The property name BevelType in DtpFrom is invalid.
Line 122: The property name SpinButton in DtpFrom is invalid.
Line 123: The property name Mask in DtpFrom is invalid.
Line 131: The property name _Version in DtpTo is invalid.
Line 132: The property name _ExtentX in DtpTo is invalid.
Line 133: The property name _ExtentY in DtpTo is invalid.
Line 134: The property name _StockProps in DtpTo is invalid.
Line 144: The property name DropDownFont in DtpTo is invalid.
Line 145: The property name DateSeparator in DtpTo is invalid.
Line 146: The property name Format in DtpTo is invalid.
Line 147: The property name BackColorSelected in DtpTo is invalid.
Line 148: The property name BevelColorFace in DtpTo is invalid.
Line 149: The property name DividerStyle in DtpTo is invalid.
Line 150: The property name ForeColorSelected in DtpTo is invalid.
Line 151: The property name BevelType in DtpTo is invalid.
Line 152: The property name SpinButton in DtpTo is invalid.
Line 153: The property name Mask in DtpTo is invalid.
