Line 87: Class JeweledBut.JeweledButton of control BtnClose was not a loaded control class.
Line 113: Class JeweledBut.JeweledButton of control BtnPreview was not a loaded control class.
Line 138: Class JeweledBut.JeweledButton of control BtnPrint was not a loaded control class.
Line 163: Class SITextBox.Txt of control TxtProductID was not a loaded control class.
Line 187: Class JeweledBut.JeweledButton of control BtnGroup was not a loaded control class.
Line 215: Class SITextBox.Txt of control TxtGroupID was not a loaded control class.
Line 237: Class SITextBox.Txt of control TxtGroupName was not a loaded control class.
Line 258: Class JeweledBut.JeweledButton of control BtnSubGroup was not a loaded control class.
Line 286: Class SITextBox.Txt of control TxtSubGroupID was not a loaded control class.
Line 308: Class SITextBox.Txt of control TxtSubGroupName was not a loaded control class.
Line 329: Class JeweledBut.JeweledButton of control BtnCompany was not a loaded control class.
Line 357: Class SITextBox.Txt of control TxtCompanyID was not a loaded control class.
Line 379: Class SITextBox.Txt of control TxtCompanyName was not a loaded control class.
Line 400: Class SSCalendarWidgets_A.SSDateCombo of control DtpFrom was not a loaded control class.
Line 430: Class SSCalendarWidgets_A.SSDateCombo of control DtpTo was not a loaded control class.
Line 460: Class SITextBox.Txt of control TxtNoOfProduct was not a loaded control class.
Line 483: Class JeweledBut.JeweledButton of control BtnBrand was not a loaded control class.
Line 511: Class SITextBox.Txt of control TxtBrandID was not a loaded control class.
Line 532: Class SITextBox.Txt of control TxtBrandName was not a loaded control class.
Line 553: Class JeweledBut.JeweledButton of control BtnVender was not a loaded control class.
Line 581: Class SITextBox.Txt of control TxtVenderName was not a loaded control class.
Line 602: Class SITextBox.Txt of control TxtVenderID was not a loaded control class.
Line 624: Class JeweledBut.JeweledButton of control BtnCustomer was not a loaded control class.
Line 652: Class SITextBox.Txt of control TxtPartyID was not a loaded control class.
Line 673: Class SITextBox.Txt of control TxtPartyName was not a loaded control class.
Line 94: The property name _ExtentX in BtnClose is invalid.
Line 95: The property name _ExtentY in BtnClose is invalid.
Line 96: The property name TX in BtnClose is invalid.
Line 97: The property name ENAB in BtnClose is invalid.
Line 107: The property name FOCUSR in BtnClose is invalid.
Line 108: The property name MPTR in BtnClose is invalid.
Line 109: The property name MICON in BtnClose is invalid.
Line 110: The property name BC in BtnClose is invalid.
Line 111: The property name FC in BtnClose is invalid.
Line 119: The property name _ExtentX in BtnPreview is invalid.
Line 120: The property name _ExtentY in BtnPreview is invalid.
Line 121: The property name TX in BtnPreview is invalid.
Line 122: The property name ENAB in BtnPreview is invalid.
Line 132: The property name FOCUSR in BtnPreview is invalid.
Line 133: The property name MPTR in BtnPreview is invalid.
Line 134: The property name MICON in BtnPreview is invalid.
Line 135: The property name BC in BtnPreview is invalid.
Line 136: The property name FC in BtnPreview is invalid.
Line 144: The property name _ExtentX in BtnPrint is invalid.
Line 145: The property name _ExtentY in BtnPrint is invalid.
Line 146: The property name TX in BtnPrint is invalid.
Line 147: The property name ENAB in BtnPrint is invalid.
Line 157: The property name FOCUSR in BtnPrint is invalid.
Line 158: The property name MPTR in BtnPrint is invalid.
Line 159: The property name MICON in BtnPrint is invalid.
Line 160: The property name BC in BtnPrint is invalid.
Line 161: The property name FC in BtnPrint is invalid.
Line 170: The property name _ExtentX in TxtProductID is invalid.
Line 171: The property name _ExtentY in TxtProductID is invalid.
Line 173: The property name MaxLength in TxtProductID is invalid.
Line 183: The property name Masked in TxtProductID is invalid.
Line 184: The property name IntegralPoint in TxtProductID is invalid.
Line 185: The property name Mandatory in TxtProductID is invalid.
Line 196: The property name _ExtentX in BtnGroup is invalid.
Line 197: The property name _ExtentY in BtnGroup is invalid.
Line 198: The property name TX in BtnGroup is invalid.
Line 199: The property name ENAB in BtnGroup is invalid.
Line 209: The property name FOCUSR in BtnGroup is invalid.
Line 210: The property name MPTR in BtnGroup is invalid.
Line 211: The property name MICON in BtnGroup is invalid.
Line 212: The property name BC in BtnGroup is invalid.
Line 213: The property name FC in BtnGroup is invalid.
Line 221: The property name _ExtentX in TxtGroupID is invalid.
Line 222: The property name _ExtentY in TxtGroupID is invalid.
Line 224: The property name MaxLength in TxtGroupID is invalid.
Line 234: The property name Masked in TxtGroupID is invalid.
Line 235: The property name IntegralPoint in TxtGroupID is invalid.
Line 244: The property name _ExtentX in TxtGroupName is invalid.
Line 245: The property name _ExtentY in TxtGroupName is invalid.
Line 267: The property name _ExtentX in BtnSubGroup is invalid.
Line 268: The property name _ExtentY in BtnSubGroup is invalid.
Line 269: The property name TX in BtnSubGroup is invalid.
Line 270: The property name ENAB in BtnSubGroup is invalid.
Line 280: The property name FOCUSR in BtnSubGroup is invalid.
Line 281: The property name MPTR in BtnSubGroup is invalid.
Line 282: The property name MICON in BtnSubGroup is invalid.
Line 283: The property name BC in BtnSubGroup is invalid.
Line 284: The property name FC in BtnSubGroup is invalid.
Line 292: The property name _ExtentX in TxtSubGroupID is invalid.
Line 293: The property name _ExtentY in TxtSubGroupID is invalid.
Line 295: The property name MaxLength in TxtSubGroupID is invalid.
Line 305: The property name Masked in TxtSubGroupID is invalid.
Line 306: The property name IntegralPoint in TxtSubGroupID is invalid.
Line 315: The property name _ExtentX in TxtSubGroupName is invalid.
Line 316: The property name _ExtentY in TxtSubGroupName is invalid.
Line 338: The property name _ExtentX in BtnCompany is invalid.
Line 339: The property name _ExtentY in BtnCompany is invalid.
Line 340: The property name TX in BtnCompany is invalid.
Line 341: The property name ENAB in BtnCompany is invalid.
Line 351: The property name FOCUSR in BtnCompany is invalid.
Line 352: The property name MPTR in BtnCompany is invalid.
Line 353: The property name MICON in BtnCompany is invalid.
Line 354: The property name BC in BtnCompany is invalid.
Line 355: The property name FC in BtnCompany is invalid.
Line 363: The property name _ExtentX in TxtCompanyID is invalid.
Line 364: The property name _ExtentY in TxtCompanyID is invalid.
Line 366: The property name MaxLength in TxtCompanyID is invalid.
Line 376: The property name Masked in TxtCompanyID is invalid.
Line 377: The property name IntegralPoint in TxtCompanyID is invalid.
Line 386: The property name _ExtentX in TxtCompanyName is invalid.
Line 387: The property name _ExtentY in TxtCompanyName is invalid.
Line 406: The property name _Version in DtpFrom is invalid.
Line 407: The property name _ExtentX in DtpFrom is invalid.
Line 408: The property name _ExtentY in DtpFrom is invalid.
Line 409: The property name _StockProps in DtpFrom is invalid.
Line 419: The property name DropDownFont in DtpFrom is invalid.
Line 420: The property name DateSeparator in DtpFrom is invalid.
Line 421: The property name Format in DtpFrom is invalid.
Line 422: The property name BackColorSelected in DtpFrom is invalid.
Line 423: The property name BevelColorFace in DtpFrom is invalid.
Line 424: The property name DividerStyle in DtpFrom is invalid.
Line 425: The property name ForeColorSelected in DtpFrom is invalid.
Line 426: The property name BevelType in DtpFrom is invalid.
Line 427: The property name SpinButton in DtpFrom is invalid.
Line 428: The property name Mask in DtpFrom is invalid.
Line 436: The property name _Version in DtpTo is invalid.
Line 437: The property name _ExtentX in DtpTo is invalid.
Line 438: The property name _ExtentY in DtpTo is invalid.
Line 439: The property name _StockProps in DtpTo is invalid.
Line 449: The property name DropDownFont in DtpTo is invalid.
Line 450: The property name DateSeparator in DtpTo is invalid.
Line 451: The property name Format in DtpTo is invalid.
Line 452: The property name BackColorSelected in DtpTo is invalid.
Line 453: The property name BevelColorFace in DtpTo is invalid.
Line 454: The property name DividerStyle in DtpTo is invalid.
Line 455: The property name ForeColorSelected in DtpTo is invalid.
Line 456: The property name BevelType in DtpTo is invalid.
Line 457: The property name SpinButton in DtpTo is invalid.
Line 458: The property name Mask in DtpTo is invalid.
Line 466: The property name _ExtentX in TxtNoOfProduct is invalid.
Line 467: The property name _ExtentY in TxtNoOfProduct is invalid.
Line 468: The property name Alignment in TxtNoOfProduct is invalid.
Line 470: The property name MaxLength in TxtNoOfProduct is invalid.
Line 471: The property name Text in TxtNoOfProduct is invalid.
Line 481: The property name Masked in TxtNoOfProduct is invalid.
Line 492: The property name _ExtentX in BtnBrand is invalid.
Line 493: The property name _ExtentY in BtnBrand is invalid.
Line 494: The property name TX in BtnBrand is invalid.
Line 495: The property name ENAB in BtnBrand is invalid.
Line 505: The property name FOCUSR in BtnBrand is invalid.
Line 506: The property name MPTR in BtnBrand is invalid.
Line 507: The property name MICON in BtnBrand is invalid.
Line 508: The property name BC in BtnBrand is invalid.
Line 509: The property name FC in BtnBrand is invalid.
Line 517: The property name _ExtentX in TxtBrandID is invalid.
Line 518: The property name _ExtentY in TxtBrandID is invalid.
Line 520: The property name MaxLength in TxtBrandID is invalid.
Line 530: The property name IntegralPoint in TxtBrandID is invalid.
Line 539: The property name _ExtentX in TxtBrandName is invalid.
Line 540: The property name _ExtentY in TxtBrandName is invalid.
Line 562: The property name _ExtentX in BtnVender is invalid.
Line 563: The property name _ExtentY in BtnVender is invalid.
Line 564: The property name TX in BtnVender is invalid.
Line 565: The property name ENAB in BtnVender is invalid.
Line 575: The property name FOCUSR in BtnVender is invalid.
Line 576: The property name MPTR in BtnVender is invalid.
Line 577: The property name MICON in BtnVender is invalid.
Line 578: The property name BC in BtnVender is invalid.
Line 579: The property name FC in BtnVender is invalid.
Line 588: The property name _ExtentX in TxtVenderName is invalid.
Line 589: The property name _ExtentY in TxtVenderName is invalid.
Line 608: The property name _ExtentX in TxtVenderID is invalid.
Line 609: The property name _ExtentY in TxtVenderID is invalid.
Line 611: The property name MaxLength in TxtVenderID is invalid.
Line 621: The property name Masked in TxtVenderID is invalid.
Line 622: The property name IntegralPoint in TxtVenderID is invalid.
Line 633: The property name _ExtentX in BtnCustomer is invalid.
Line 634: The property name _ExtentY in BtnCustomer is invalid.
Line 635: The property name TX in BtnCustomer is invalid.
Line 636: The property name ENAB in BtnCustomer is invalid.
Line 646: The property name FOCUSR in BtnCustomer is invalid.
Line 647: The property name MPTR in BtnCustomer is invalid.
Line 648: The property name MICON in BtnCustomer is invalid.
Line 649: The property name BC in BtnCustomer is invalid.
Line 650: The property name FC in BtnCustomer is invalid.
Line 658: The property name _ExtentX in TxtPartyID is invalid.
Line 659: The property name _ExtentY in TxtPartyID is invalid.
Line 661: The property name MaxLength in TxtPartyID is invalid.
Line 671: The property name IntegralPoint in TxtPartyID is invalid.
Line 680: The property name _ExtentX in TxtPartyName is invalid.
Line 681: The property name _ExtentY in TxtPartyName is invalid.
