Line 20: Class JeweledBut.JeweledButton of control BtnClose was not a loaded control class.
Line 46: Class JeweledBut.JeweledButton of control BtnPreview was not a loaded control class.
Line 72: Class JeweledBut.JeweledButton of control BtnPrint was not a loaded control class.
Line 98: Class SSCalendarWidgets_A.SSDateCombo of control DtpFrom was not a loaded control class.
Line 128: Class SSCalendarWidgets_A.SSDateCombo of control DtpTo was not a loaded control class.
Line 158: Class SITextBox.Txt of control TxtCode was not a loaded control class.
Line 179: Class JeweledBut.JeweledButton of control BtnProduct was not a loaded control class.
Line 205: Class SITextBox.Txt of control TxtProductName was not a loaded control class.
Line 226: Class SITextBox.Txt of control TxtProductID was not a loaded control class.
Line 250: Class JeweledBut.JeweledButton of control BtnStore was not a loaded control class.
Line 278: Class SITextBox.Txt of control TxtStoreID was not a loaded control class.
Line 300: Class SITextBox.Txt of control TxtStoreName was not a loaded control class.
Line 27: The property name _ExtentX in BtnClose is invalid.
Line 28: The property name _ExtentY in BtnClose is invalid.
Line 29: The property name TX in BtnClose is invalid.
Line 30: The property name ENAB in BtnClose is invalid.
Line 40: The property name FOCUSR in BtnClose is invalid.
Line 41: The property name MPTR in BtnClose is invalid.
Line 42: The property name MICON in BtnClose is invalid.
Line 43: The property name BC in BtnClose is invalid.
Line 44: The property name FC in BtnClose is invalid.
Line 53: The property name _ExtentX in BtnPreview is invalid.
Line 54: The property name _ExtentY in BtnPreview is invalid.
Line 55: The property name TX in BtnPreview is invalid.
Line 56: The property name ENAB in BtnPreview is invalid.
Line 66: The property name FOCUSR in BtnPreview is invalid.
Line 67: The property name MPTR in BtnPreview is invalid.
Line 68: The property name MICON in BtnPreview is invalid.
Line 69: The property name BC in BtnPreview is invalid.
Line 70: The property name FC in BtnPreview is invalid.
Line 79: The property name _ExtentX in BtnPrint is invalid.
Line 80: The property name _ExtentY in BtnPrint is invalid.
Line 81: The property name TX in BtnPrint is invalid.
Line 82: The property name ENAB in BtnPrint is invalid.
Line 92: The property name FOCUSR in BtnPrint is invalid.
Line 93: The property name MPTR in BtnPrint is invalid.
Line 94: The property name MICON in BtnPrint is invalid.
Line 95: The property name BC in BtnPrint is invalid.
Line 96: The property name FC in BtnPrint is invalid.
Line 104: The property name _Version in DtpFrom is invalid.
Line 105: The property name _ExtentX in DtpFrom is invalid.
Line 106: The property name _ExtentY in DtpFrom is invalid.
Line 107: The property name _StockProps in DtpFrom is invalid.
Line 117: The property name DropDownFont in DtpFrom is invalid.
Line 118: The property name DateSeparator in DtpFrom is invalid.
Line 119: The property name Format in DtpFrom is invalid.
Line 120: The property name BackColorSelected in DtpFrom is invalid.
Line 121: The property name BevelColorFace in DtpFrom is invalid.
Line 122: The property name DividerStyle in DtpFrom is invalid.
Line 123: The property name ForeColorSelected in DtpFrom is invalid.
Line 124: The property name BevelType in DtpFrom is invalid.
Line 125: The property name SpinButton in DtpFrom is invalid.
Line 126: The property name Mask in DtpFrom is invalid.
Line 134: The property name _Version in DtpTo is invalid.
Line 135: The property name _ExtentX in DtpTo is invalid.
Line 136: The property name _ExtentY in DtpTo is invalid.
Line 137: The property name _StockProps in DtpTo is invalid.
Line 147: The property name DropDownFont in DtpTo is invalid.
Line 148: The property name DateSeparator in DtpTo is invalid.
Line 149: The property name Format in DtpTo is invalid.
Line 150: The property name BackColorSelected in DtpTo is invalid.
Line 151: The property name BevelColorFace in DtpTo is invalid.
Line 152: The property name DividerStyle in DtpTo is invalid.
Line 153: The property name ForeColorSelected in DtpTo is invalid.
Line 154: The property name BevelType in DtpTo is invalid.
Line 155: The property name SpinButton in DtpTo is invalid.
Line 156: The property name Mask in DtpTo is invalid.
Line 164: The property name _ExtentX in TxtCode is invalid.
Line 165: The property name _ExtentY in TxtCode is invalid.
Line 167: The property name MaxLength in TxtCode is invalid.
Line 177: The property name IntegralPoint in TxtCode is invalid.
Line 186: The property name _ExtentX in BtnProduct is invalid.
Line 187: The property name _ExtentY in BtnProduct is invalid.
Line 188: The property name TX in BtnProduct is invalid.
Line 189: The property name ENAB in BtnProduct is invalid.
Line 199: The property name FOCUSR in BtnProduct is invalid.
Line 200: The property name MPTR in BtnProduct is invalid.
Line 201: The property name MICON in BtnProduct is invalid.
Line 202: The property name BC in BtnProduct is invalid.
Line 203: The property name FC in BtnProduct is invalid.
Line 211: The property name _ExtentX in TxtProductName is invalid.
Line 212: The property name _ExtentY in TxtProductName is invalid.
Line 224: The property name Masked in TxtProductName is invalid.
Line 233: The property name _ExtentX in TxtProductID is invalid.
Line 234: The property name _ExtentY in TxtProductID is invalid.
Line 236: The property name MaxLength in TxtProductID is invalid.
Line 246: The property name Masked in TxtProductID is invalid.
Line 247: The property name IntegralPoint in TxtProductID is invalid.
Line 248: The property name Mandatory in TxtProductID is invalid.
Line 259: The property name _ExtentX in BtnStore is invalid.
Line 260: The property name _ExtentY in BtnStore is invalid.
Line 261: The property name TX in BtnStore is invalid.
Line 262: The property name ENAB in BtnStore is invalid.
Line 272: The property name FOCUSR in BtnStore is invalid.
Line 273: The property name MPTR in BtnStore is invalid.
Line 274: The property name MICON in BtnStore is invalid.
Line 275: The property name BC in BtnStore is invalid.
Line 276: The property name FC in BtnStore is invalid.
Line 284: The property name _ExtentX in TxtStoreID is invalid.
Line 285: The property name _ExtentY in TxtStoreID is invalid.
Line 287: The property name MaxLength in TxtStoreID is invalid.
Line 297: The property name Masked in TxtStoreID is invalid.
Line 298: The property name IntegralPoint in TxtStoreID is invalid.
Line 307: The property name _ExtentX in TxtStoreName is invalid.
Line 308: The property name _ExtentY in TxtStoreName is invalid.
