Line 114: Class JeweledBut.JeweledButton of control BtnClose was not a loaded control class.
Line 140: Class JeweledBut.JeweledButton of control BtnPreview was not a loaded control class.
Line 166: Class JeweledBut.JeweledButton of control BtnPrint was not a loaded control class.
Line 192: Class SITextBox.Txt of control TxtProductID was not a loaded control class.
Line 216: Class SSCalendarWidgets_A.SSDateCombo of control DtpFrom was not a loaded control class.
Line 246: Class SSCalendarWidgets_A.SSDateCombo of control DtpTo was not a loaded control class.
Line 276: Class SITextBox.Txt of control TxtCode was not a loaded control class.
Line 297: Class JeweledBut.JeweledButton of control BtnProduct was not a loaded control class.
Line 323: Class SITextBox.Txt of control TxtProductName was not a loaded control class.
Line 342: Class JeweledBut.JeweledButton of control BtnOrganizaton was not a loaded control class.
Line 370: Class SITextBox.Txt of control TxtOrganizationID was not a loaded control class.
Line 391: Class SITextBox.Txt of control TxtOrganizatonName was not a loaded control class.
Line 412: Class JeweledBut.JeweledButton of control BtnStore was not a loaded control class.
Line 440: Class SITextBox.Txt of control TxtStoreName was not a loaded control class.
Line 461: Class JeweledBut.JeweledButton of control BtnGroup was not a loaded control class.
Line 489: Class SITextBox.Txt of control TxtGroupID was not a loaded control class.
Line 510: Class SITextBox.Txt of control TxtGroupName was not a loaded control class.
Line 531: Class JeweledBut.JeweledButton of control BtnSubGroup was not a loaded control class.
Line 559: Class SITextBox.Txt of control TxtSubGroupID was not a loaded control class.
Line 580: Class SITextBox.Txt of control TxtSubGroupName was not a loaded control class.
Line 601: Class JeweledBut.JeweledButton of control BtnCompany was not a loaded control class.
Line 629: Class SITextBox.Txt of control TxtCompanyID was not a loaded control class.
Line 650: Class SITextBox.Txt of control TxtCompanyName was not a loaded control class.
Line 671: Class JeweledBut.JeweledButton of control BtnUser was not a loaded control class.
Line 699: Class SITextBox.Txt of control TxtUserNo was not a loaded control class.
Line 720: Class SITextBox.Txt of control TxtUserName was not a loaded control class.
Line 741: Class SITextBox.Txt of control TxtStoreID was not a loaded control class.
Line 762: Class JeweledBut.JeweledButton of control BtnCustomer was not a loaded control class.
Line 790: Class SITextBox.Txt of control TxtPartyID was not a loaded control class.
Line 811: Class JeweledBut.JeweledButton of control BtnEmpName was not a loaded control class.
Line 839: Class SITextBox.Txt of control TxtEmpID was not a loaded control class.
Line 860: Class SITextBox.Txt of control TxtPartyName was not a loaded control class.
Line 881: Class SITextBox.Txt of control TxtEmpName was not a loaded control class.
Line 902: Class JeweledBut.JeweledButton of control BtnSector was not a loaded control class.
Line 930: Class SITextBox.Txt of control TxtSectorID was not a loaded control class.
Line 951: Class SITextBox.Txt of control TxtSectorName was not a loaded control class.
Line 972: Class JeweledBut.JeweledButton of control BtnZone was not a loaded control class.
Line 1000: Class SITextBox.Txt of control TxtZoneID was not a loaded control class.
Line 1021: Class SITextBox.Txt of control TxtZoneName was not a loaded control class.
Line 1042: Class JeweledBut.JeweledButton of control BtnBrand was not a loaded control class.
Line 1070: Class SITextBox.Txt of control TxtBrandID was not a loaded control class.
Line 1091: Class SITextBox.Txt of control TxtBrandName was not a loaded control class.
Line 1112: Class JeweledBut.JeweledButton of control BtnMember was not a loaded control class.
Line 1141: Class SITextBox.Txt of control TxtMemberName was not a loaded control class.
Line 1163: Class SITextBox.Txt of control TxtMemberID was not a loaded control class.
Line 1185: Class JeweledBut.JeweledButton of control BtnDepartment was not a loaded control class.
Line 1213: Class SITextBox.Txt of control TxtDepartmentID was not a loaded control class.
Line 1234: Class SITextBox.Txt of control TxtDepartmentName was not a loaded control class.
Line 1255: Class JeweledBut.JeweledButton of control BtnVender was not a loaded control class.
Line 1283: Class SITextBox.Txt of control TxtVenderName was not a loaded control class.
Line 1304: Class SITextBox.Txt of control TxtVenderID was not a loaded control class.
Line 121: The property name _ExtentX in BtnClose is invalid.
Line 122: The property name _ExtentY in BtnClose is invalid.
Line 123: The property name TX in BtnClose is invalid.
Line 124: The property name ENAB in BtnClose is invalid.
Line 134: The property name FOCUSR in BtnClose is invalid.
Line 135: The property name MPTR in BtnClose is invalid.
Line 136: The property name MICON in BtnClose is invalid.
Line 137: The property name BC in BtnClose is invalid.
Line 138: The property name FC in BtnClose is invalid.
Line 147: The property name _ExtentX in BtnPreview is invalid.
Line 148: The property name _ExtentY in BtnPreview is invalid.
Line 149: The property name TX in BtnPreview is invalid.
Line 150: The property name ENAB in BtnPreview is invalid.
Line 160: The property name FOCUSR in BtnPreview is invalid.
Line 161: The property name MPTR in BtnPreview is invalid.
Line 162: The property name MICON in BtnPreview is invalid.
Line 163: The property name BC in BtnPreview is invalid.
Line 164: The property name FC in BtnPreview is invalid.
Line 173: The property name _ExtentX in BtnPrint is invalid.
Line 174: The property name _ExtentY in BtnPrint is invalid.
Line 175: The property name TX in BtnPrint is invalid.
Line 176: The property name ENAB in BtnPrint is invalid.
Line 186: The property name FOCUSR in BtnPrint is invalid.
Line 187: The property name MPTR in BtnPrint is invalid.
Line 188: The property name MICON in BtnPrint is invalid.
Line 189: The property name BC in BtnPrint is invalid.
Line 190: The property name FC in BtnPrint is invalid.
Line 199: The property name _ExtentX in TxtProductID is invalid.
Line 200: The property name _ExtentY in TxtProductID is invalid.
Line 202: The property name MaxLength in TxtProductID is invalid.
Line 212: The property name Masked in TxtProductID is invalid.
Line 213: The property name IntegralPoint in TxtProductID is invalid.
Line 214: The property name Mandatory in TxtProductID is invalid.
Line 222: The property name _Version in DtpFrom is invalid.
Line 223: The property name _ExtentX in DtpFrom is invalid.
Line 224: The property name _ExtentY in DtpFrom is invalid.
Line 225: The property name _StockProps in DtpFrom is invalid.
Line 235: The property name DropDownFont in DtpFrom is invalid.
Line 236: The property name DateSeparator in DtpFrom is invalid.
Line 237: The property name Format in DtpFrom is invalid.
Line 238: The property name BackColorSelected in DtpFrom is invalid.
Line 239: The property name BevelColorFace in DtpFrom is invalid.
Line 240: The property name DividerStyle in DtpFrom is invalid.
Line 241: The property name ForeColorSelected in DtpFrom is invalid.
Line 242: The property name BevelType in DtpFrom is invalid.
Line 243: The property name SpinButton in DtpFrom is invalid.
Line 244: The property name Mask in DtpFrom is invalid.
Line 252: The property name _Version in DtpTo is invalid.
Line 253: The property name _ExtentX in DtpTo is invalid.
Line 254: The property name _ExtentY in DtpTo is invalid.
Line 255: The property name _StockProps in DtpTo is invalid.
Line 265: The property name DropDownFont in DtpTo is invalid.
Line 266: The property name DateSeparator in DtpTo is invalid.
Line 267: The property name Format in DtpTo is invalid.
Line 268: The property name BackColorSelected in DtpTo is invalid.
Line 269: The property name BevelColorFace in DtpTo is invalid.
Line 270: The property name DividerStyle in DtpTo is invalid.
Line 271: The property name ForeColorSelected in DtpTo is invalid.
Line 272: The property name BevelType in DtpTo is invalid.
Line 273: The property name SpinButton in DtpTo is invalid.
Line 274: The property name Mask in DtpTo is invalid.
Line 282: The property name _ExtentX in TxtCode is invalid.
Line 283: The property name _ExtentY in TxtCode is invalid.
Line 285: The property name MaxLength in TxtCode is invalid.
Line 295: The property name IntegralPoint in TxtCode is invalid.
Line 304: The property name _ExtentX in BtnProduct is invalid.
Line 305: The property name _ExtentY in BtnProduct is invalid.
Line 306: The property name TX in BtnProduct is invalid.
Line 307: The property name ENAB in BtnProduct is invalid.
Line 317: The property name FOCUSR in BtnProduct is invalid.
Line 318: The property name MPTR in BtnProduct is invalid.
Line 319: The property name MICON in BtnProduct is invalid.
Line 320: The property name BC in BtnProduct is invalid.
Line 321: The property name FC in BtnProduct is invalid.
Line 329: The property name _ExtentX in TxtProductName is invalid.
Line 330: The property name _ExtentY in TxtProductName is invalid.
Line 351: The property name _ExtentX in BtnOrganizaton is invalid.
Line 352: The property name _ExtentY in BtnOrganizaton is invalid.
Line 353: The property name TX in BtnOrganizaton is invalid.
Line 354: The property name ENAB in BtnOrganizaton is invalid.
Line 364: The property name FOCUSR in BtnOrganizaton is invalid.
Line 365: The property name MPTR in BtnOrganizaton is invalid.
Line 366: The property name MICON in BtnOrganizaton is invalid.
Line 367: The property name BC in BtnOrganizaton is invalid.
Line 368: The property name FC in BtnOrganizaton is invalid.
Line 376: The property name _ExtentX in TxtOrganizationID is invalid.
Line 377: The property name _ExtentY in TxtOrganizationID is invalid.
Line 379: The property name MaxLength in TxtOrganizationID is invalid.
Line 389: The property name IntegralPoint in TxtOrganizationID is invalid.
Line 398: The property name _ExtentX in TxtOrganizatonName is invalid.
Line 399: The property name _ExtentY in TxtOrganizatonName is invalid.
Line 421: The property name _ExtentX in BtnStore is invalid.
Line 422: The property name _ExtentY in BtnStore is invalid.
Line 423: The property name TX in BtnStore is invalid.
Line 424: The property name ENAB in BtnStore is invalid.
Line 434: The property name FOCUSR in BtnStore is invalid.
Line 435: The property name MPTR in BtnStore is invalid.
Line 436: The property name MICON in BtnStore is invalid.
Line 437: The property name BC in BtnStore is invalid.
Line 438: The property name FC in BtnStore is invalid.
Line 447: The property name _ExtentX in TxtStoreName is invalid.
Line 448: The property name _ExtentY in TxtStoreName is invalid.
Line 470: The property name _ExtentX in BtnGroup is invalid.
Line 471: The property name _ExtentY in BtnGroup is invalid.
Line 472: The property name TX in BtnGroup is invalid.
Line 473: The property name ENAB in BtnGroup is invalid.
Line 483: The property name FOCUSR in BtnGroup is invalid.
Line 484: The property name MPTR in BtnGroup is invalid.
Line 485: The property name MICON in BtnGroup is invalid.
Line 486: The property name BC in BtnGroup is invalid.
Line 487: The property name FC in BtnGroup is invalid.
Line 495: The property name _ExtentX in TxtGroupID is invalid.
Line 496: The property name _ExtentY in TxtGroupID is invalid.
Line 498: The property name MaxLength in TxtGroupID is invalid.
Line 508: The property name IntegralPoint in TxtGroupID is invalid.
Line 517: The property name _ExtentX in TxtGroupName is invalid.
Line 518: The property name _ExtentY in TxtGroupName is invalid.
Line 540: The property name _ExtentX in BtnSubGroup is invalid.
Line 541: The property name _ExtentY in BtnSubGroup is invalid.
Line 542: The property name TX in BtnSubGroup is invalid.
Line 543: The property name ENAB in BtnSubGroup is invalid.
Line 553: The property name FOCUSR in BtnSubGroup is invalid.
Line 554: The property name MPTR in BtnSubGroup is invalid.
Line 555: The property name MICON in BtnSubGroup is invalid.
Line 556: The property name BC in BtnSubGroup is invalid.
Line 557: The property name FC in BtnSubGroup is invalid.
Line 565: The property name _ExtentX in TxtSubGroupID is invalid.
Line 566: The property name _ExtentY in TxtSubGroupID is invalid.
Line 568: The property name MaxLength in TxtSubGroupID is invalid.
Line 578: The property name IntegralPoint in TxtSubGroupID is invalid.
Line 587: The property name _ExtentX in TxtSubGroupName is invalid.
Line 588: The property name _ExtentY in TxtSubGroupName is invalid.
Line 610: The property name _ExtentX in BtnCompany is invalid.
Line 611: The property name _ExtentY in BtnCompany is invalid.
Line 612: The property name TX in BtnCompany is invalid.
Line 613: The property name ENAB in BtnCompany is invalid.
Line 623: The property name FOCUSR in BtnCompany is invalid.
Line 624: The property name MPTR in BtnCompany is invalid.
Line 625: The property name MICON in BtnCompany is invalid.
Line 626: The property name BC in BtnCompany is invalid.
Line 627: The property name FC in BtnCompany is invalid.
Line 635: The property name _ExtentX in TxtCompanyID is invalid.
Line 636: The property name _ExtentY in TxtCompanyID is invalid.
Line 638: The property name MaxLength in TxtCompanyID is invalid.
Line 648: The property name IntegralPoint in TxtCompanyID is invalid.
Line 657: The property name _ExtentX in TxtCompanyName is invalid.
Line 658: The property name _ExtentY in TxtCompanyName is invalid.
Line 680: The property name _ExtentX in BtnUser is invalid.
Line 681: The property name _ExtentY in BtnUser is invalid.
Line 682: The property name TX in BtnUser is invalid.
Line 683: The property name ENAB in BtnUser is invalid.
Line 693: The property name FOCUSR in BtnUser is invalid.
Line 694: The property name MPTR in BtnUser is invalid.
Line 695: The property name MICON in BtnUser is invalid.
Line 696: The property name BC in BtnUser is invalid.
Line 697: The property name FC in BtnUser is invalid.
Line 705: The property name _ExtentX in TxtUserNo is invalid.
Line 706: The property name _ExtentY in TxtUserNo is invalid.
Line 708: The property name MaxLength in TxtUserNo is invalid.
Line 718: The property name IntegralPoint in TxtUserNo is invalid.
Line 727: The property name _ExtentX in TxtUserName is invalid.
Line 728: The property name _ExtentY in TxtUserName is invalid.
Line 747: The property name _ExtentX in TxtStoreID is invalid.
Line 748: The property name _ExtentY in TxtStoreID is invalid.
Line 750: The property name MaxLength in TxtStoreID is invalid.
Line 760: The property name IntegralPoint in TxtStoreID is invalid.
Line 771: The property name _ExtentX in BtnCustomer is invalid.
Line 772: The property name _ExtentY in BtnCustomer is invalid.
Line 773: The property name TX in BtnCustomer is invalid.
Line 774: The property name ENAB in BtnCustomer is invalid.
Line 784: The property name FOCUSR in BtnCustomer is invalid.
Line 785: The property name MPTR in BtnCustomer is invalid.
Line 786: The property name MICON in BtnCustomer is invalid.
Line 787: The property name BC in BtnCustomer is invalid.
Line 788: The property name FC in BtnCustomer is invalid.
Line 796: The property name _ExtentX in TxtPartyID is invalid.
Line 797: The property name _ExtentY in TxtPartyID is invalid.
Line 799: The property name MaxLength in TxtPartyID is invalid.
Line 809: The property name IntegralPoint in TxtPartyID is invalid.
Line 820: The property name _ExtentX in BtnEmpName is invalid.
Line 821: The property name _ExtentY in BtnEmpName is invalid.
Line 822: The property name TX in BtnEmpName is invalid.
Line 823: The property name ENAB in BtnEmpName is invalid.
Line 833: The property name FOCUSR in BtnEmpName is invalid.
Line 834: The property name MPTR in BtnEmpName is invalid.
Line 835: The property name MICON in BtnEmpName is invalid.
Line 836: The property name BC in BtnEmpName is invalid.
Line 837: The property name FC in BtnEmpName is invalid.
Line 845: The property name _ExtentX in TxtEmpID is invalid.
Line 846: The property name _ExtentY in TxtEmpID is invalid.
Line 848: The property name MaxLength in TxtEmpID is invalid.
Line 858: The property name IntegralPoint in TxtEmpID is invalid.
Line 867: The property name _ExtentX in TxtPartyName is invalid.
Line 868: The property name _ExtentY in TxtPartyName is invalid.
Line 888: The property name _ExtentX in TxtEmpName is invalid.
Line 889: The property name _ExtentY in TxtEmpName is invalid.
Line 911: The property name _ExtentX in BtnSector is invalid.
Line 912: The property name _ExtentY in BtnSector is invalid.
Line 913: The property name TX in BtnSector is invalid.
Line 914: The property name ENAB in BtnSector is invalid.
Line 924: The property name FOCUSR in BtnSector is invalid.
Line 925: The property name MPTR in BtnSector is invalid.
Line 926: The property name MICON in BtnSector is invalid.
Line 927: The property name BC in BtnSector is invalid.
Line 928: The property name FC in BtnSector is invalid.
Line 936: The property name _ExtentX in TxtSectorID is invalid.
Line 937: The property name _ExtentY in TxtSectorID is invalid.
Line 939: The property name MaxLength in TxtSectorID is invalid.
Line 949: The property name IntegralPoint in TxtSectorID is invalid.
Line 958: The property name _ExtentX in TxtSectorName is invalid.
Line 959: The property name _ExtentY in TxtSectorName is invalid.
Line 981: The property name _ExtentX in BtnZone is invalid.
Line 982: The property name _ExtentY in BtnZone is invalid.
Line 983: The property name TX in BtnZone is invalid.
Line 984: The property name ENAB in BtnZone is invalid.
Line 994: The property name FOCUSR in BtnZone is invalid.
Line 995: The property name MPTR in BtnZone is invalid.
Line 996: The property name MICON in BtnZone is invalid.
Line 997: The property name BC in BtnZone is invalid.
Line 998: The property name FC in BtnZone is invalid.
Line 1006: The property name _ExtentX in TxtZoneID is invalid.
Line 1007: The property name _ExtentY in TxtZoneID is invalid.
Line 1009: The property name MaxLength in TxtZoneID is invalid.
Line 1019: The property name IntegralPoint in TxtZoneID is invalid.
Line 1028: The property name _ExtentX in TxtZoneName is invalid.
Line 1029: The property name _ExtentY in TxtZoneName is invalid.
Line 1051: The property name _ExtentX in BtnBrand is invalid.
Line 1052: The property name _ExtentY in BtnBrand is invalid.
Line 1053: The property name TX in BtnBrand is invalid.
Line 1054: The property name ENAB in BtnBrand is invalid.
Line 1064: The property name FOCUSR in BtnBrand is invalid.
Line 1065: The property name MPTR in BtnBrand is invalid.
Line 1066: The property name MICON in BtnBrand is invalid.
Line 1067: The property name BC in BtnBrand is invalid.
Line 1068: The property name FC in BtnBrand is invalid.
Line 1076: The property name _ExtentX in TxtBrandID is invalid.
Line 1077: The property name _ExtentY in TxtBrandID is invalid.
Line 1079: The property name MaxLength in TxtBrandID is invalid.
Line 1089: The property name IntegralPoint in TxtBrandID is invalid.
Line 1098: The property name _ExtentX in TxtBrandName is invalid.
Line 1099: The property name _ExtentY in TxtBrandName is invalid.
Line 1122: The property name _ExtentX in BtnMember is invalid.
Line 1123: The property name _ExtentY in BtnMember is invalid.
Line 1124: The property name TX in BtnMember is invalid.
Line 1125: The property name ENAB in BtnMember is invalid.
Line 1135: The property name FOCUSR in BtnMember is invalid.
Line 1136: The property name MPTR in BtnMember is invalid.
Line 1137: The property name MICON in BtnMember is invalid.
Line 1138: The property name BC in BtnMember is invalid.
Line 1139: The property name FC in BtnMember is invalid.
Line 1149: The property name _ExtentX in TxtMemberName is invalid.
Line 1150: The property name _ExtentY in TxtMemberName is invalid.
Line 1170: The property name _ExtentX in TxtMemberID is invalid.
Line 1171: The property name _ExtentY in TxtMemberID is invalid.
Line 1173: The property name MaxLength in TxtMemberID is invalid.
Line 1183: The property name IntegralPoint in TxtMemberID is invalid.
Line 1194: The property name _ExtentX in BtnDepartment is invalid.
Line 1195: The property name _ExtentY in BtnDepartment is invalid.
Line 1196: The property name TX in BtnDepartment is invalid.
Line 1197: The property name ENAB in BtnDepartment is invalid.
Line 1207: The property name FOCUSR in BtnDepartment is invalid.
Line 1208: The property name MPTR in BtnDepartment is invalid.
Line 1209: The property name MICON in BtnDepartment is invalid.
Line 1210: The property name BC in BtnDepartment is invalid.
Line 1211: The property name FC in BtnDepartment is invalid.
Line 1219: The property name _ExtentX in TxtDepartmentID is invalid.
Line 1220: The property name _ExtentY in TxtDepartmentID is invalid.
Line 1222: The property name MaxLength in TxtDepartmentID is invalid.
Line 1232: The property name IntegralPoint in TxtDepartmentID is invalid.
Line 1241: The property name _ExtentX in TxtDepartmentName is invalid.
Line 1242: The property name _ExtentY in TxtDepartmentName is invalid.
Line 1264: The property name _ExtentX in BtnVender is invalid.
Line 1265: The property name _ExtentY in BtnVender is invalid.
Line 1266: The property name TX in BtnVender is invalid.
Line 1267: The property name ENAB in BtnVender is invalid.
Line 1277: The property name FOCUSR in BtnVender is invalid.
Line 1278: The property name MPTR in BtnVender is invalid.
Line 1279: The property name MICON in BtnVender is invalid.
Line 1280: The property name BC in BtnVender is invalid.
Line 1281: The property name FC in BtnVender is invalid.
Line 1290: The property name _ExtentX in TxtVenderName is invalid.
Line 1291: The property name _ExtentY in TxtVenderName is invalid.
Line 1310: The property name _ExtentX in TxtVenderID is invalid.
Line 1311: The property name _ExtentY in TxtVenderID is invalid.
Line 1313: The property name MaxLength in TxtVenderID is invalid.
Line 1323: The property name Masked in TxtVenderID is invalid.
Line 1324: The property name IntegralPoint in TxtVenderID is invalid.
