Line 48: Class JeweledBut.JeweledButton of control BtnClose was not a loaded control class.
Line 74: Class JeweledBut.JeweledButton of control BtnPreview was not a loaded control class.
Line 100: Class JeweledBut.JeweledButton of control BtnPrint was not a loaded control class.
Line 126: Class SITextBox.Txt of control TxtProductID was not a loaded control class.
Line 150: Class SITextBox.Txt of control TxtCode was not a loaded control class.
Line 172: Class JeweledBut.JeweledButton of control BtnProduct was not a loaded control class.
Line 198: Class SITextBox.Txt of control TxtProductName was not a loaded control class.
Line 217: Class JeweledBut.JeweledButton of control BtnGroup was not a loaded control class.
Line 245: Class SITextBox.Txt of control TxtOrganizationID was not a loaded control class.
Line 267: Class SITextBox.Txt of control TxtOrganizatonName was not a loaded control class.
Line 288: Class JeweledBut.JeweledButton of control BtnCustomer was not a loaded control class.
Line 316: Class SITextBox.Txt of control TxtPartyID was not a loaded control class.
Line 338: Class SITextBox.Txt of control TxtPartyName was not a loaded control class.
Line 359: Class JeweledBut.JeweledButton of control BtnStore was not a loaded control class.
Line 387: Class SITextBox.Txt of control TxtStoreID was not a loaded control class.
Line 409: Class SITextBox.Txt of control TxtStoreName was not a loaded control class.
Line 430: Class SSCalendarWidgets_A.SSDateCombo of control DtpFrom was not a loaded control class.
Line 460: Class SSCalendarWidgets_A.SSDateCombo of control DtpTo was not a loaded control class.
Line 490: Class SITextBox.Txt of control TxtSerial was not a loaded control class.
Line 55: The property name _ExtentX in BtnClose is invalid.
Line 56: The property name _ExtentY in BtnClose is invalid.
Line 57: The property name TX in BtnClose is invalid.
Line 58: The property name ENAB in BtnClose is invalid.
Line 68: The property name FOCUSR in BtnClose is invalid.
Line 69: The property name MPTR in BtnClose is invalid.
Line 70: The property name MICON in BtnClose is invalid.
Line 71: The property name BC in BtnClose is invalid.
Line 72: The property name FC in BtnClose is invalid.
Line 81: The property name _ExtentX in BtnPreview is invalid.
Line 82: The property name _ExtentY in BtnPreview is invalid.
Line 83: The property name TX in BtnPreview is invalid.
Line 84: The property name ENAB in BtnPreview is invalid.
Line 94: The property name FOCUSR in BtnPreview is invalid.
Line 95: The property name MPTR in BtnPreview is invalid.
Line 96: The property name MICON in BtnPreview is invalid.
Line 97: The property name BC in BtnPreview is invalid.
Line 98: The property name FC in BtnPreview is invalid.
Line 107: The property name _ExtentX in BtnPrint is invalid.
Line 108: The property name _ExtentY in BtnPrint is invalid.
Line 109: The property name TX in BtnPrint is invalid.
Line 110: The property name ENAB in BtnPrint is invalid.
Line 120: The property name FOCUSR in BtnPrint is invalid.
Line 121: The property name MPTR in BtnPrint is invalid.
Line 122: The property name MICON in BtnPrint is invalid.
Line 123: The property name BC in BtnPrint is invalid.
Line 124: The property name FC in BtnPrint is invalid.
Line 133: The property name _ExtentX in TxtProductID is invalid.
Line 134: The property name _ExtentY in TxtProductID is invalid.
Line 136: The property name MaxLength in TxtProductID is invalid.
Line 146: The property name Masked in TxtProductID is invalid.
Line 147: The property name IntegralPoint in TxtProductID is invalid.
Line 148: The property name Mandatory in TxtProductID is invalid.
Line 156: The property name _ExtentX in TxtCode is invalid.
Line 157: The property name _ExtentY in TxtCode is invalid.
Line 159: The property name MaxLength in TxtCode is invalid.
Line 169: The property name Masked in TxtCode is invalid.
Line 170: The property name IntegralPoint in TxtCode is invalid.
Line 179: The property name _ExtentX in BtnProduct is invalid.
Line 180: The property name _ExtentY in BtnProduct is invalid.
Line 181: The property name TX in BtnProduct is invalid.
Line 182: The property name ENAB in BtnProduct is invalid.
Line 192: The property name FOCUSR in BtnProduct is invalid.
Line 193: The property name MPTR in BtnProduct is invalid.
Line 194: The property name MICON in BtnProduct is invalid.
Line 195: The property name BC in BtnProduct is invalid.
Line 196: The property name FC in BtnProduct is invalid.
Line 204: The property name _ExtentX in TxtProductName is invalid.
Line 205: The property name _ExtentY in TxtProductName is invalid.
Line 226: The property name _ExtentX in BtnGroup is invalid.
Line 227: The property name _ExtentY in BtnGroup is invalid.
Line 228: The property name TX in BtnGroup is invalid.
Line 229: The property name ENAB in BtnGroup is invalid.
Line 239: The property name FOCUSR in BtnGroup is invalid.
Line 240: The property name MPTR in BtnGroup is invalid.
Line 241: The property name MICON in BtnGroup is invalid.
Line 242: The property name BC in BtnGroup is invalid.
Line 243: The property name FC in BtnGroup is invalid.
Line 251: The property name _ExtentX in TxtOrganizationID is invalid.
Line 252: The property name _ExtentY in TxtOrganizationID is invalid.
Line 254: The property name MaxLength in TxtOrganizationID is invalid.
Line 264: The property name Masked in TxtOrganizationID is invalid.
Line 265: The property name IntegralPoint in TxtOrganizationID is invalid.
Line 274: The property name _ExtentX in TxtOrganizatonName is invalid.
Line 275: The property name _ExtentY in TxtOrganizatonName is invalid.
Line 297: The property name _ExtentX in BtnCustomer is invalid.
Line 298: The property name _ExtentY in BtnCustomer is invalid.
Line 299: The property name TX in BtnCustomer is invalid.
Line 300: The property name ENAB in BtnCustomer is invalid.
Line 310: The property name FOCUSR in BtnCustomer is invalid.
Line 311: The property name MPTR in BtnCustomer is invalid.
Line 312: The property name MICON in BtnCustomer is invalid.
Line 313: The property name BC in BtnCustomer is invalid.
Line 314: The property name FC in BtnCustomer is invalid.
Line 322: The property name _ExtentX in TxtPartyID is invalid.
Line 323: The property name _ExtentY in TxtPartyID is invalid.
Line 325: The property name MaxLength in TxtPartyID is invalid.
Line 335: The property name Masked in TxtPartyID is invalid.
Line 336: The property name IntegralPoint in TxtPartyID is invalid.
Line 345: The property name _ExtentX in TxtPartyName is invalid.
Line 346: The property name _ExtentY in TxtPartyName is invalid.
Line 368: The property name _ExtentX in BtnStore is invalid.
Line 369: The property name _ExtentY in BtnStore is invalid.
Line 370: The property name TX in BtnStore is invalid.
Line 371: The property name ENAB in BtnStore is invalid.
Line 381: The property name FOCUSR in BtnStore is invalid.
Line 382: The property name MPTR in BtnStore is invalid.
Line 383: The property name MICON in BtnStore is invalid.
Line 384: The property name BC in BtnStore is invalid.
Line 385: The property name FC in BtnStore is invalid.
Line 393: The property name _ExtentX in TxtStoreID is invalid.
Line 394: The property name _ExtentY in TxtStoreID is invalid.
Line 396: The property name MaxLength in TxtStoreID is invalid.
Line 406: The property name Masked in TxtStoreID is invalid.
Line 407: The property name IntegralPoint in TxtStoreID is invalid.
Line 416: The property name _ExtentX in TxtStoreName is invalid.
Line 417: The property name _ExtentY in TxtStoreName is invalid.
Line 436: The property name _Version in DtpFrom is invalid.
Line 437: The property name _ExtentX in DtpFrom is invalid.
Line 438: The property name _ExtentY in DtpFrom is invalid.
Line 439: The property name _StockProps in DtpFrom is invalid.
Line 449: The property name DropDownFont in DtpFrom is invalid.
Line 450: The property name DateSeparator in DtpFrom is invalid.
Line 451: The property name Format in DtpFrom is invalid.
Line 452: The property name BackColorSelected in DtpFrom is invalid.
Line 453: The property name BevelColorFace in DtpFrom is invalid.
Line 454: The property name DividerStyle in DtpFrom is invalid.
Line 455: The property name ForeColorSelected in DtpFrom is invalid.
Line 456: The property name BevelType in DtpFrom is invalid.
Line 457: The property name SpinButton in DtpFrom is invalid.
Line 458: The property name Mask in DtpFrom is invalid.
Line 466: The property name _Version in DtpTo is invalid.
Line 467: The property name _ExtentX in DtpTo is invalid.
Line 468: The property name _ExtentY in DtpTo is invalid.
Line 469: The property name _StockProps in DtpTo is invalid.
Line 479: The property name DropDownFont in DtpTo is invalid.
Line 480: The property name DateSeparator in DtpTo is invalid.
Line 481: The property name Format in DtpTo is invalid.
Line 482: The property name BackColorSelected in DtpTo is invalid.
Line 483: The property name BevelColorFace in DtpTo is invalid.
Line 484: The property name DividerStyle in DtpTo is invalid.
Line 485: The property name ForeColorSelected in DtpTo is invalid.
Line 486: The property name BevelType in DtpTo is invalid.
Line 487: The property name SpinButton in DtpTo is invalid.
Line 488: The property name Mask in DtpTo is invalid.
Line 496: The property name _ExtentX in TxtSerial is invalid.
Line 497: The property name _ExtentY in TxtSerial is invalid.
Line 499: The property name MaxLength in TxtSerial is invalid.
Line 509: The property name Masked in TxtSerial is invalid.
Line 510: The property name IntegralPoint in TxtSerial is invalid.
