Line 21: Class MSComCtl2.DTPicker of control DTPTimeFrom was not a loaded control class.
Line 197: Class JeweledBut.JeweledButton of control BtnClose was not a loaded control class.
Line 223: Class JeweledBut.JeweledButton of control BtnPreview was not a loaded control class.
Line 249: Class JeweledBut.JeweledButton of control BtnPrint was not a loaded control class.
Line 275: Class SITextBox.Txt of control TxtProductID was not a loaded control class.
Line 299: Class SITextBox.Txt of control TxtCode was not a loaded control class.
Line 320: Class JeweledBut.JeweledButton of control BtnProduct was not a loaded control class.
Line 346: Class SITextBox.Txt of control TxtProductName was not a loaded control class.
Line 365: Class JeweledBut.JeweledButton of control BtnOrganizaton was not a loaded control class.
Line 393: Class SITextBox.Txt of control TxtOrganizationID was not a loaded control class.
Line 414: Class SITextBox.Txt of control TxtOrganizatonName was not a loaded control class.
Line 435: Class JeweledBut.JeweledButton of control BtnStore was not a loaded control class.
Line 463: Class SITextBox.Txt of control TxtStoreName was not a loaded control class.
Line 484: Class SSCalendarWidgets_A.SSDateCombo of control DtpFrom was not a loaded control class.
Line 514: Class SSCalendarWidgets_A.SSDateCombo of control DtpTo was not a loaded control class.
Line 544: Class JeweledBut.JeweledButton of control BtnGroup was not a loaded control class.
Line 572: Class SITextBox.Txt of control TxtGroupID was not a loaded control class.
Line 593: Class SITextBox.Txt of control TxtGroupName was not a loaded control class.
Line 614: Class JeweledBut.JeweledButton of control BtnSubGroup was not a loaded control class.
Line 642: Class SITextBox.Txt of control TxtSubGroupID was not a loaded control class.
Line 663: Class SITextBox.Txt of control TxtSubGroupName was not a loaded control class.
Line 684: Class JeweledBut.JeweledButton of control BtnCompany was not a loaded control class.
Line 712: Class SITextBox.Txt of control TxtCompanyID was not a loaded control class.
Line 733: Class SITextBox.Txt of control TxtCompanyName was not a loaded control class.
Line 754: Class JeweledBut.JeweledButton of control BtnUser was not a loaded control class.
Line 782: Class SITextBox.Txt of control TxtUserNo was not a loaded control class.
Line 803: Class SITextBox.Txt of control TxtUserName was not a loaded control class.
Line 824: Class SITextBox.Txt of control TxtStoreID was not a loaded control class.
Line 845: Class JeweledBut.JeweledButton of control BtnCustomer was not a loaded control class.
Line 873: Class SITextBox.Txt of control TxtPartyID was not a loaded control class.
Line 894: Class JeweledBut.JeweledButton of control BtnEmpName was not a loaded control class.
Line 922: Class SITextBox.Txt of control TxtEmpID was not a loaded control class.
Line 943: Class SITextBox.Txt of control TxtPartyName was not a loaded control class.
Line 964: Class SITextBox.Txt of control TxtEmpName was not a loaded control class.
Line 985: Class JeweledBut.JeweledButton of control BtnSector was not a loaded control class.
Line 1013: Class SITextBox.Txt of control TxtSectorID was not a loaded control class.
Line 1034: Class SITextBox.Txt of control TxtSectorName was not a loaded control class.
Line 1055: Class JeweledBut.JeweledButton of control BtnZone was not a loaded control class.
Line 1083: Class SITextBox.Txt of control TxtZoneID was not a loaded control class.
Line 1104: Class SITextBox.Txt of control TxtZoneName was not a loaded control class.
Line 1125: Class JeweledBut.JeweledButton of control BtnMember was not a loaded control class.
Line 1153: Class SITextBox.Txt of control TxtMemberName was not a loaded control class.
Line 1174: Class SITextBox.Txt of control TxtMemberID was not a loaded control class.
Line 1195: Class JeweledBut.JeweledButton of control BtnBrand was not a loaded control class.
Line 1223: Class SITextBox.Txt of control TxtBrandID was not a loaded control class.
Line 1244: Class SITextBox.Txt of control TxtBrandName was not a loaded control class.
Line 1265: Class JeweledBut.JeweledButton of control BtnDepartment was not a loaded control class.
Line 1293: Class SITextBox.Txt of control TxtDepartmentID was not a loaded control class.
Line 1314: Class SITextBox.Txt of control TxtDepartmentName was not a loaded control class.
Line 1335: Class JeweledBut.JeweledButton of control BtnVender was not a loaded control class.
Line 1363: Class SITextBox.Txt of control TxtVenderName was not a loaded control class.
Line 1384: Class SITextBox.Txt of control TxtVenderID was not a loaded control class.
Line 1406: Class JeweledBut.JeweledButton of control BtnCustomerType was not a loaded control class.
Line 1434: Class SITextBox.Txt of control TxtCustomerTypeID was not a loaded control class.
Line 1456: Class SITextBox.Txt of control TxtCustomerType was not a loaded control class.
Line 1477: Class JeweledBut.JeweledButton of control BtnSubDepartment was not a loaded control class.
Line 1505: Class SITextBox.Txt of control TxtSubDepartmentID was not a loaded control class.
Line 1526: Class SITextBox.Txt of control TxtSubDepartmentName was not a loaded control class.
Line 1547: Class JeweledBut.JeweledButton of control TxtSeason was not a loaded control class.
Line 1575: Class SITextBox.Txt of control TxtSeasonID was not a loaded control class.
Line 1596: Class SITextBox.Txt of control TxtSeasonName was not a loaded control class.
Line 1617: Class SITextBox.Txt of control TxtItemCode was not a loaded control class.
Line 1638: Class JeweledBut.JeweledButton of control BtnItemCode was not a loaded control class.
Line 1664: Class SITextBox.Txt of control TxtItemCodeName was not a loaded control class.
Line 1683: Class JeweledBut.JeweledButton of control BtnItemDesc was not a loaded control class.
Line 1711: Class SITextBox.Txt of control TxtItemDescID was not a loaded control class.
Line 1732: Class SITextBox.Txt of control TxtItemDescName was not a loaded control class.
Line 1753: Class JeweledBut.JeweledButton of control BtnDescription was not a loaded control class.
Line 1781: Class SITextBox.Txt of control TxtDescriptionID was not a loaded control class.
Line 1802: Class SITextBox.Txt of control TxtDescriptionName was not a loaded control class.
Line 1823: Class JeweledBut.JeweledButton of control BtnSession was not a loaded control class.
Line 1849: Class SITextBox.Txt of control TxtSessionID was not a loaded control class.
Line 1868: Class SITextBox.Txt of control TxtSessionName was not a loaded control class.
Line 1888: Class SITextBox.Txt of control TxtBillIDTo was not a loaded control class.
Line 1910: Class SITextBox.Txt of control TxtManualBillIDTo was not a loaded control class.
Line 1932: Class SITextBox.Txt of control TxtManualBillIDFrom was not a loaded control class.
Line 1954: Class SITextBox.Txt of control TxtBillIDFrom was not a loaded control class.
Line 1976: Class MSComCtl2.DTPicker of control DTPTimeTo was not a loaded control class.
Line 27: The property name _ExtentX in DTPTimeFrom is invalid.
Line 28: The property name _ExtentY in DTPTimeFrom is invalid.
Line 29: The property name _Version in DTPTimeFrom is invalid.
Line 30: The property name CustomFormat in DTPTimeFrom is invalid.
Line 31: The property name Format in DTPTimeFrom is invalid.
Line 32: The property name UpDown in DTPTimeFrom is invalid.
Line 33: The property name CurrentDate in DTPTimeFrom is invalid.
Line 204: The property name _ExtentX in BtnClose is invalid.
Line 205: The property name _ExtentY in BtnClose is invalid.
Line 206: The property name TX in BtnClose is invalid.
Line 207: The property name ENAB in BtnClose is invalid.
Line 217: The property name FOCUSR in BtnClose is invalid.
Line 218: The property name MPTR in BtnClose is invalid.
Line 219: The property name MICON in BtnClose is invalid.
Line 220: The property name BC in BtnClose is invalid.
Line 221: The property name FC in BtnClose is invalid.
Line 230: The property name _ExtentX in BtnPreview is invalid.
Line 231: The property name _ExtentY in BtnPreview is invalid.
Line 232: The property name TX in BtnPreview is invalid.
Line 233: The property name ENAB in BtnPreview is invalid.
Line 243: The property name FOCUSR in BtnPreview is invalid.
Line 244: The property name MPTR in BtnPreview is invalid.
Line 245: The property name MICON in BtnPreview is invalid.
Line 246: The property name BC in BtnPreview is invalid.
Line 247: The property name FC in BtnPreview is invalid.
Line 256: The property name _ExtentX in BtnPrint is invalid.
Line 257: The property name _ExtentY in BtnPrint is invalid.
Line 258: The property name TX in BtnPrint is invalid.
Line 259: The property name ENAB in BtnPrint is invalid.
Line 269: The property name FOCUSR in BtnPrint is invalid.
Line 270: The property name MPTR in BtnPrint is invalid.
Line 271: The property name MICON in BtnPrint is invalid.
Line 272: The property name BC in BtnPrint is invalid.
Line 273: The property name FC in BtnPrint is invalid.
Line 282: The property name _ExtentX in TxtProductID is invalid.
Line 283: The property name _ExtentY in TxtProductID is invalid.
Line 285: The property name MaxLength in TxtProductID is invalid.
Line 295: The property name Masked in TxtProductID is invalid.
Line 296: The property name IntegralPoint in TxtProductID is invalid.
Line 297: The property name Mandatory in TxtProductID is invalid.
Line 305: The property name _ExtentX in TxtCode is invalid.
Line 306: The property name _ExtentY in TxtCode is invalid.
Line 308: The property name MaxLength in TxtCode is invalid.
Line 318: The property name IntegralPoint in TxtCode is invalid.
Line 327: The property name _ExtentX in BtnProduct is invalid.
Line 328: The property name _ExtentY in BtnProduct is invalid.
Line 329: The property name TX in BtnProduct is invalid.
Line 330: The property name ENAB in BtnProduct is invalid.
Line 340: The property name FOCUSR in BtnProduct is invalid.
Line 341: The property name MPTR in BtnProduct is invalid.
Line 342: The property name MICON in BtnProduct is invalid.
Line 343: The property name BC in BtnProduct is invalid.
Line 344: The property name FC in BtnProduct is invalid.
Line 352: The property name _ExtentX in TxtProductName is invalid.
Line 353: The property name _ExtentY in TxtProductName is invalid.
Line 374: The property name _ExtentX in BtnOrganizaton is invalid.
Line 375: The property name _ExtentY in BtnOrganizaton is invalid.
Line 376: The property name TX in BtnOrganizaton is invalid.
Line 377: The property name ENAB in BtnOrganizaton is invalid.
Line 387: The property name FOCUSR in BtnOrganizaton is invalid.
Line 388: The property name MPTR in BtnOrganizaton is invalid.
Line 389: The property name MICON in BtnOrganizaton is invalid.
Line 390: The property name BC in BtnOrganizaton is invalid.
Line 391: The property name FC in BtnOrganizaton is invalid.
Line 399: The property name _ExtentX in TxtOrganizationID is invalid.
Line 400: The property name _ExtentY in TxtOrganizationID is invalid.
Line 402: The property name MaxLength in TxtOrganizationID is invalid.
Line 412: The property name IntegralPoint in TxtOrganizationID is invalid.
Line 421: The property name _ExtentX in TxtOrganizatonName is invalid.
Line 422: The property name _ExtentY in TxtOrganizatonName is invalid.
Line 444: The property name _ExtentX in BtnStore is invalid.
Line 445: The property name _ExtentY in BtnStore is invalid.
Line 446: The property name TX in BtnStore is invalid.
Line 447: The property name ENAB in BtnStore is invalid.
Line 457: The property name FOCUSR in BtnStore is invalid.
Line 458: The property name MPTR in BtnStore is invalid.
Line 459: The property name MICON in BtnStore is invalid.
Line 460: The property name BC in BtnStore is invalid.
Line 461: The property name FC in BtnStore is invalid.
Line 470: The property name _ExtentX in TxtStoreName is invalid.
Line 471: The property name _ExtentY in TxtStoreName is invalid.
Line 490: The property name _Version in DtpFrom is invalid.
Line 491: The property name _ExtentX in DtpFrom is invalid.
Line 492: The property name _ExtentY in DtpFrom is invalid.
Line 493: The property name _StockProps in DtpFrom is invalid.
Line 503: The property name DropDownFont in DtpFrom is invalid.
Line 504: The property name DateSeparator in DtpFrom is invalid.
Line 505: The property name Format in DtpFrom is invalid.
Line 506: The property name BackColorSelected in DtpFrom is invalid.
Line 507: The property name BevelColorFace in DtpFrom is invalid.
Line 508: The property name DividerStyle in DtpFrom is invalid.
Line 509: The property name ForeColorSelected in DtpFrom is invalid.
Line 510: The property name BevelType in DtpFrom is invalid.
Line 511: The property name SpinButton in DtpFrom is invalid.
Line 512: The property name Mask in DtpFrom is invalid.
Line 520: The property name _Version in DtpTo is invalid.
Line 521: The property name _ExtentX in DtpTo is invalid.
Line 522: The property name _ExtentY in DtpTo is invalid.
Line 523: The property name _StockProps in DtpTo is invalid.
Line 533: The property name DropDownFont in DtpTo is invalid.
Line 534: The property name DateSeparator in DtpTo is invalid.
Line 535: The property name Format in DtpTo is invalid.
Line 536: The property name BackColorSelected in DtpTo is invalid.
Line 537: The property name BevelColorFace in DtpTo is invalid.
Line 538: The property name DividerStyle in DtpTo is invalid.
Line 539: The property name ForeColorSelected in DtpTo is invalid.
Line 540: The property name BevelType in DtpTo is invalid.
Line 541: The property name SpinButton in DtpTo is invalid.
Line 542: The property name Mask in DtpTo is invalid.
Line 553: The property name _ExtentX in BtnGroup is invalid.
Line 554: The property name _ExtentY in BtnGroup is invalid.
Line 555: The property name TX in BtnGroup is invalid.
Line 556: The property name ENAB in BtnGroup is invalid.
Line 566: The property name FOCUSR in BtnGroup is invalid.
Line 567: The property name MPTR in BtnGroup is invalid.
Line 568: The property name MICON in BtnGroup is invalid.
Line 569: The property name BC in BtnGroup is invalid.
Line 570: The property name FC in BtnGroup is invalid.
Line 578: The property name _ExtentX in TxtGroupID is invalid.
Line 579: The property name _ExtentY in TxtGroupID is invalid.
Line 581: The property name MaxLength in TxtGroupID is invalid.
Line 591: The property name IntegralPoint in TxtGroupID is invalid.
Line 600: The property name _ExtentX in TxtGroupName is invalid.
Line 601: The property name _ExtentY in TxtGroupName is invalid.
Line 623: The property name _ExtentX in BtnSubGroup is invalid.
Line 624: The property name _ExtentY in BtnSubGroup is invalid.
Line 625: The property name TX in BtnSubGroup is invalid.
Line 626: The property name ENAB in BtnSubGroup is invalid.
Line 636: The property name FOCUSR in BtnSubGroup is invalid.
Line 637: The property name MPTR in BtnSubGroup is invalid.
Line 638: The property name MICON in BtnSubGroup is invalid.
Line 639: The property name BC in BtnSubGroup is invalid.
Line 640: The property name FC in BtnSubGroup is invalid.
Line 648: The property name _ExtentX in TxtSubGroupID is invalid.
Line 649: The property name _ExtentY in TxtSubGroupID is invalid.
Line 651: The property name MaxLength in TxtSubGroupID is invalid.
Line 661: The property name IntegralPoint in TxtSubGroupID is invalid.
Line 670: The property name _ExtentX in TxtSubGroupName is invalid.
Line 671: The property name _ExtentY in TxtSubGroupName is invalid.
Line 693: The property name _ExtentX in BtnCompany is invalid.
Line 694: The property name _ExtentY in BtnCompany is invalid.
Line 695: The property name TX in BtnCompany is invalid.
Line 696: The property name ENAB in BtnCompany is invalid.
Line 706: The property name FOCUSR in BtnCompany is invalid.
Line 707: The property name MPTR in BtnCompany is invalid.
Line 708: The property name MICON in BtnCompany is invalid.
Line 709: The property name BC in BtnCompany is invalid.
Line 710: The property name FC in BtnCompany is invalid.
Line 718: The property name _ExtentX in TxtCompanyID is invalid.
Line 719: The property name _ExtentY in TxtCompanyID is invalid.
Line 721: The property name MaxLength in TxtCompanyID is invalid.
Line 731: The property name IntegralPoint in TxtCompanyID is invalid.
Line 740: The property name _ExtentX in TxtCompanyName is invalid.
Line 741: The property name _ExtentY in TxtCompanyName is invalid.
Line 763: The property name _ExtentX in BtnUser is invalid.
Line 764: The property name _ExtentY in BtnUser is invalid.
Line 765: The property name TX in BtnUser is invalid.
Line 766: The property name ENAB in BtnUser is invalid.
Line 776: The property name FOCUSR in BtnUser is invalid.
Line 777: The property name MPTR in BtnUser is invalid.
Line 778: The property name MICON in BtnUser is invalid.
Line 779: The property name BC in BtnUser is invalid.
Line 780: The property name FC in BtnUser is invalid.
Line 788: The property name _ExtentX in TxtUserNo is invalid.
Line 789: The property name _ExtentY in TxtUserNo is invalid.
Line 791: The property name MaxLength in TxtUserNo is invalid.
Line 801: The property name IntegralPoint in TxtUserNo is invalid.
Line 810: The property name _ExtentX in TxtUserName is invalid.
Line 811: The property name _ExtentY in TxtUserName is invalid.
Line 830: The property name _ExtentX in TxtStoreID is invalid.
Line 831: The property name _ExtentY in TxtStoreID is invalid.
Line 833: The property name MaxLength in TxtStoreID is invalid.
Line 843: The property name IntegralPoint in TxtStoreID is invalid.
Line 854: The property name _ExtentX in BtnCustomer is invalid.
Line 855: The property name _ExtentY in BtnCustomer is invalid.
Line 856: The property name TX in BtnCustomer is invalid.
Line 857: The property name ENAB in BtnCustomer is invalid.
Line 867: The property name FOCUSR in BtnCustomer is invalid.
Line 868: The property name MPTR in BtnCustomer is invalid.
Line 869: The property name MICON in BtnCustomer is invalid.
Line 870: The property name BC in BtnCustomer is invalid.
Line 871: The property name FC in BtnCustomer is invalid.
Line 879: The property name _ExtentX in TxtPartyID is invalid.
Line 880: The property name _ExtentY in TxtPartyID is invalid.
Line 882: The property name MaxLength in TxtPartyID is invalid.
Line 892: The property name IntegralPoint in TxtPartyID is invalid.
Line 903: The property name _ExtentX in BtnEmpName is invalid.
Line 904: The property name _ExtentY in BtnEmpName is invalid.
Line 905: The property name TX in BtnEmpName is invalid.
Line 906: The property name ENAB in BtnEmpName is invalid.
Line 916: The property name FOCUSR in BtnEmpName is invalid.
Line 917: The property name MPTR in BtnEmpName is invalid.
Line 918: The property name MICON in BtnEmpName is invalid.
Line 919: The property name BC in BtnEmpName is invalid.
Line 920: The property name FC in BtnEmpName is invalid.
Line 928: The property name _ExtentX in TxtEmpID is invalid.
Line 929: The property name _ExtentY in TxtEmpID is invalid.
Line 931: The property name MaxLength in TxtEmpID is invalid.
Line 941: The property name IntegralPoint in TxtEmpID is invalid.
Line 950: The property name _ExtentX in TxtPartyName is invalid.
Line 951: The property name _ExtentY in TxtPartyName is invalid.
Line 971: The property name _ExtentX in TxtEmpName is invalid.
Line 972: The property name _ExtentY in TxtEmpName is invalid.
Line 994: The property name _ExtentX in BtnSector is invalid.
Line 995: The property name _ExtentY in BtnSector is invalid.
Line 996: The property name TX in BtnSector is invalid.
Line 997: The property name ENAB in BtnSector is invalid.
Line 1007: The property name FOCUSR in BtnSector is invalid.
Line 1008: The property name MPTR in BtnSector is invalid.
Line 1009: The property name MICON in BtnSector is invalid.
Line 1010: The property name BC in BtnSector is invalid.
Line 1011: The property name FC in BtnSector is invalid.
Line 1019: The property name _ExtentX in TxtSectorID is invalid.
Line 1020: The property name _ExtentY in TxtSectorID is invalid.
Line 1022: The property name MaxLength in TxtSectorID is invalid.
Line 1032: The property name IntegralPoint in TxtSectorID is invalid.
Line 1041: The property name _ExtentX in TxtSectorName is invalid.
Line 1042: The property name _ExtentY in TxtSectorName is invalid.
Line 1064: The property name _ExtentX in BtnZone is invalid.
Line 1065: The property name _ExtentY in BtnZone is invalid.
Line 1066: The property name TX in BtnZone is invalid.
Line 1067: The property name ENAB in BtnZone is invalid.
Line 1077: The property name FOCUSR in BtnZone is invalid.
Line 1078: The property name MPTR in BtnZone is invalid.
Line 1079: The property name MICON in BtnZone is invalid.
Line 1080: The property name BC in BtnZone is invalid.
Line 1081: The property name FC in BtnZone is invalid.
Line 1089: The property name _ExtentX in TxtZoneID is invalid.
Line 1090: The property name _ExtentY in TxtZoneID is invalid.
Line 1092: The property name MaxLength in TxtZoneID is invalid.
Line 1102: The property name IntegralPoint in TxtZoneID is invalid.
Line 1111: The property name _ExtentX in TxtZoneName is invalid.
Line 1112: The property name _ExtentY in TxtZoneName is invalid.
Line 1134: The property name _ExtentX in BtnMember is invalid.
Line 1135: The property name _ExtentY in BtnMember is invalid.
Line 1136: The property name TX in BtnMember is invalid.
Line 1137: The property name ENAB in BtnMember is invalid.
Line 1147: The property name FOCUSR in BtnMember is invalid.
Line 1148: The property name MPTR in BtnMember is invalid.
Line 1149: The property name MICON in BtnMember is invalid.
Line 1150: The property name BC in BtnMember is invalid.
Line 1151: The property name FC in BtnMember is invalid.
Line 1160: The property name _ExtentX in TxtMemberName is invalid.
Line 1161: The property name _ExtentY in TxtMemberName is invalid.
Line 1180: The property name _ExtentX in TxtMemberID is invalid.
Line 1181: The property name _ExtentY in TxtMemberID is invalid.
Line 1183: The property name MaxLength in TxtMemberID is invalid.
Line 1193: The property name IntegralPoint in TxtMemberID is invalid.
Line 1204: The property name _ExtentX in BtnBrand is invalid.
Line 1205: The property name _ExtentY in BtnBrand is invalid.
Line 1206: The property name TX in BtnBrand is invalid.
Line 1207: The property name ENAB in BtnBrand is invalid.
Line 1217: The property name FOCUSR in BtnBrand is invalid.
Line 1218: The property name MPTR in BtnBrand is invalid.
Line 1219: The property name MICON in BtnBrand is invalid.
Line 1220: The property name BC in BtnBrand is invalid.
Line 1221: The property name FC in BtnBrand is invalid.
Line 1229: The property name _ExtentX in TxtBrandID is invalid.
Line 1230: The property name _ExtentY in TxtBrandID is invalid.
Line 1232: The property name MaxLength in TxtBrandID is invalid.
Line 1242: The property name IntegralPoint in TxtBrandID is invalid.
Line 1251: The property name _ExtentX in TxtBrandName is invalid.
Line 1252: The property name _ExtentY in TxtBrandName is invalid.
Line 1274: The property name _ExtentX in BtnDepartment is invalid.
Line 1275: The property name _ExtentY in BtnDepartment is invalid.
Line 1276: The property name TX in BtnDepartment is invalid.
Line 1277: The property name ENAB in BtnDepartment is invalid.
Line 1287: The property name FOCUSR in BtnDepartment is invalid.
Line 1288: The property name MPTR in BtnDepartment is invalid.
Line 1289: The property name MICON in BtnDepartment is invalid.
Line 1290: The property name BC in BtnDepartment is invalid.
Line 1291: The property name FC in BtnDepartment is invalid.
Line 1299: The property name _ExtentX in TxtDepartmentID is invalid.
Line 1300: The property name _ExtentY in TxtDepartmentID is invalid.
Line 1302: The property name MaxLength in TxtDepartmentID is invalid.
Line 1312: The property name IntegralPoint in TxtDepartmentID is invalid.
Line 1321: The property name _ExtentX in TxtDepartmentName is invalid.
Line 1322: The property name _ExtentY in TxtDepartmentName is invalid.
Line 1344: The property name _ExtentX in BtnVender is invalid.
Line 1345: The property name _ExtentY in BtnVender is invalid.
Line 1346: The property name TX in BtnVender is invalid.
Line 1347: The property name ENAB in BtnVender is invalid.
Line 1357: The property name FOCUSR in BtnVender is invalid.
Line 1358: The property name MPTR in BtnVender is invalid.
Line 1359: The property name MICON in BtnVender is invalid.
Line 1360: The property name BC in BtnVender is invalid.
Line 1361: The property name FC in BtnVender is invalid.
Line 1370: The property name _ExtentX in TxtVenderName is invalid.
Line 1371: The property name _ExtentY in TxtVenderName is invalid.
Line 1390: The property name _ExtentX in TxtVenderID is invalid.
Line 1391: The property name _ExtentY in TxtVenderID is invalid.
Line 1393: The property name MaxLength in TxtVenderID is invalid.
Line 1403: The property name Masked in TxtVenderID is invalid.
Line 1404: The property name IntegralPoint in TxtVenderID is invalid.
Line 1415: The property name _ExtentX in BtnCustomerType is invalid.
Line 1416: The property name _ExtentY in BtnCustomerType is invalid.
Line 1417: The property name TX in BtnCustomerType is invalid.
Line 1418: The property name ENAB in BtnCustomerType is invalid.
Line 1428: The property name FOCUSR in BtnCustomerType is invalid.
Line 1429: The property name MPTR in BtnCustomerType is invalid.
Line 1430: The property name MICON in BtnCustomerType is invalid.
Line 1431: The property name BC in BtnCustomerType is invalid.
Line 1432: The property name FC in BtnCustomerType is invalid.
Line 1440: The property name _ExtentX in TxtCustomerTypeID is invalid.
Line 1441: The property name _ExtentY in TxtCustomerTypeID is invalid.
Line 1443: The property name MaxLength in TxtCustomerTypeID is invalid.
Line 1453: The property name Masked in TxtCustomerTypeID is invalid.
Line 1454: The property name IntegralPoint in TxtCustomerTypeID is invalid.
Line 1463: The property name _ExtentX in TxtCustomerType is invalid.
Line 1464: The property name _ExtentY in TxtCustomerType is invalid.
Line 1486: The property name _ExtentX in BtnSubDepartment is invalid.
Line 1487: The property name _ExtentY in BtnSubDepartment is invalid.
Line 1488: The property name TX in BtnSubDepartment is invalid.
Line 1489: The property name ENAB in BtnSubDepartment is invalid.
Line 1499: The property name FOCUSR in BtnSubDepartment is invalid.
Line 1500: The property name MPTR in BtnSubDepartment is invalid.
Line 1501: The property name MICON in BtnSubDepartment is invalid.
Line 1502: The property name BC in BtnSubDepartment is invalid.
Line 1503: The property name FC in BtnSubDepartment is invalid.
Line 1511: The property name _ExtentX in TxtSubDepartmentID is invalid.
Line 1512: The property name _ExtentY in TxtSubDepartmentID is invalid.
Line 1514: The property name MaxLength in TxtSubDepartmentID is invalid.
Line 1524: The property name IntegralPoint in TxtSubDepartmentID is invalid.
Line 1533: The property name _ExtentX in TxtSubDepartmentName is invalid.
Line 1534: The property name _ExtentY in TxtSubDepartmentName is invalid.
Line 1556: The property name _ExtentX in TxtSeason is invalid.
Line 1557: The property name _ExtentY in TxtSeason is invalid.
Line 1558: The property name TX in TxtSeason is invalid.
Line 1559: The property name ENAB in TxtSeason is invalid.
Line 1569: The property name FOCUSR in TxtSeason is invalid.
Line 1570: The property name MPTR in TxtSeason is invalid.
Line 1571: The property name MICON in TxtSeason is invalid.
Line 1572: The property name BC in TxtSeason is invalid.
Line 1573: The property name FC in TxtSeason is invalid.
Line 1581: The property name _ExtentX in TxtSeasonID is invalid.
Line 1582: The property name _ExtentY in TxtSeasonID is invalid.
Line 1584: The property name MaxLength in TxtSeasonID is invalid.
Line 1594: The property name IntegralPoint in TxtSeasonID is invalid.
Line 1603: The property name _ExtentX in TxtSeasonName is invalid.
Line 1604: The property name _ExtentY in TxtSeasonName is invalid.
Line 1623: The property name _ExtentX in TxtItemCode is invalid.
Line 1624: The property name _ExtentY in TxtItemCode is invalid.
Line 1626: The property name MaxLength in TxtItemCode is invalid.
Line 1636: The property name IntegralPoint in TxtItemCode is invalid.
Line 1645: The property name _ExtentX in BtnItemCode is invalid.
Line 1646: The property name _ExtentY in BtnItemCode is invalid.
Line 1647: The property name TX in BtnItemCode is invalid.
Line 1648: The property name ENAB in BtnItemCode is invalid.
Line 1658: The property name FOCUSR in BtnItemCode is invalid.
Line 1659: The property name MPTR in BtnItemCode is invalid.
Line 1660: The property name MICON in BtnItemCode is invalid.
Line 1661: The property name BC in BtnItemCode is invalid.
Line 1662: The property name FC in BtnItemCode is invalid.
Line 1670: The property name _ExtentX in TxtItemCodeName is invalid.
Line 1671: The property name _ExtentY in TxtItemCodeName is invalid.
Line 1692: The property name _ExtentX in BtnItemDesc is invalid.
Line 1693: The property name _ExtentY in BtnItemDesc is invalid.
Line 1694: The property name TX in BtnItemDesc is invalid.
Line 1695: The property name ENAB in BtnItemDesc is invalid.
Line 1705: The property name FOCUSR in BtnItemDesc is invalid.
Line 1706: The property name MPTR in BtnItemDesc is invalid.
Line 1707: The property name MICON in BtnItemDesc is invalid.
Line 1708: The property name BC in BtnItemDesc is invalid.
Line 1709: The property name FC in BtnItemDesc is invalid.
Line 1717: The property name _ExtentX in TxtItemDescID is invalid.
Line 1718: The property name _ExtentY in TxtItemDescID is invalid.
Line 1720: The property name MaxLength in TxtItemDescID is invalid.
Line 1730: The property name IntegralPoint in TxtItemDescID is invalid.
Line 1739: The property name _ExtentX in TxtItemDescName is invalid.
Line 1740: The property name _ExtentY in TxtItemDescName is invalid.
Line 1762: The property name _ExtentX in BtnDescription is invalid.
Line 1763: The property name _ExtentY in BtnDescription is invalid.
Line 1764: The property name TX in BtnDescription is invalid.
Line 1765: The property name ENAB in BtnDescription is invalid.
Line 1775: The property name FOCUSR in BtnDescription is invalid.
Line 1776: The property name MPTR in BtnDescription is invalid.
Line 1777: The property name MICON in BtnDescription is invalid.
Line 1778: The property name BC in BtnDescription is invalid.
Line 1779: The property name FC in BtnDescription is invalid.
Line 1787: The property name _ExtentX in TxtDescriptionID is invalid.
Line 1788: The property name _ExtentY in TxtDescriptionID is invalid.
Line 1790: The property name MaxLength in TxtDescriptionID is invalid.
Line 1800: The property name IntegralPoint in TxtDescriptionID is invalid.
Line 1809: The property name _ExtentX in TxtDescriptionName is invalid.
Line 1810: The property name _ExtentY in TxtDescriptionName is invalid.
Line 1830: The property name _ExtentX in BtnSession is invalid.
Line 1831: The property name _ExtentY in BtnSession is invalid.
Line 1832: The property name TX in BtnSession is invalid.
Line 1833: The property name ENAB in BtnSession is invalid.
Line 1843: The property name FOCUSR in BtnSession is invalid.
Line 1844: The property name MPTR in BtnSession is invalid.
Line 1845: The property name MICON in BtnSession is invalid.
Line 1846: The property name BC in BtnSession is invalid.
Line 1847: The property name FC in BtnSession is invalid.
Line 1855: The property name _ExtentX in TxtSessionID is invalid.
Line 1856: The property name _ExtentY in TxtSessionID is invalid.
Line 1874: The property name _ExtentX in TxtSessionName is invalid.
Line 1875: The property name _ExtentY in TxtSessionName is invalid.
Line 1894: The property name _ExtentX in TxtBillIDTo is invalid.
Line 1895: The property name _ExtentY in TxtBillIDTo is invalid.
Line 1897: The property name MaxLength in TxtBillIDTo is invalid.
Line 1907: The property name Masked in TxtBillIDTo is invalid.
Line 1908: The property name IntegralPoint in TxtBillIDTo is invalid.
Line 1916: The property name _ExtentX in TxtManualBillIDTo is invalid.
Line 1917: The property name _ExtentY in TxtManualBillIDTo is invalid.
Line 1919: The property name MaxLength in TxtManualBillIDTo is invalid.
Line 1929: The property name Masked in TxtManualBillIDTo is invalid.
Line 1930: The property name IntegralPoint in TxtManualBillIDTo is invalid.
Line 1938: The property name _ExtentX in TxtManualBillIDFrom is invalid.
Line 1939: The property name _ExtentY in TxtManualBillIDFrom is invalid.
Line 1941: The property name MaxLength in TxtManualBillIDFrom is invalid.
Line 1951: The property name Masked in TxtManualBillIDFrom is invalid.
Line 1952: The property name IntegralPoint in TxtManualBillIDFrom is invalid.
Line 1960: The property name _ExtentX in TxtBillIDFrom is invalid.
Line 1961: The property name _ExtentY in TxtBillIDFrom is invalid.
Line 1963: The property name MaxLength in TxtBillIDFrom is invalid.
Line 1973: The property name Masked in TxtBillIDFrom is invalid.
Line 1974: The property name IntegralPoint in TxtBillIDFrom is invalid.
Line 1982: The property name _ExtentX in DTPTimeTo is invalid.
Line 1983: The property name _ExtentY in DTPTimeTo is invalid.
Line 1984: The property name _Version in DTPTimeTo is invalid.
Line 1985: The property name CustomFormat in DTPTimeTo is invalid.
Line 1986: The property name Format in DTPTimeTo is invalid.
Line 1987: The property name UpDown in DTPTimeTo is invalid.
Line 1988: The property name CurrentDate in DTPTimeTo is invalid.
